[7.098s] Invoking command in '/home/brsd/microros_ws/src/fsm': PYTHONPATH=/home/brsd/microros_ws/build/fsm/prefix_override:/usr/lib/python3/dist-packages/colcon_core/task/python/colcon_distutils_commands:/home/brsd/microros_ws/install/fsm/lib/python3.8/site-packages:${PYTHONPATH} /usr/bin/python3 -W ignore:setup.py install is deprecated setup.py egg_info --egg-base ../../build/fsm build --build-base /home/brsd/microros_ws/build/fsm/build install --record /home/brsd/microros_ws/build/fsm/install.log --install-scripts $base/lib/fsm --single-version-externally-managed install_data
[10.125s] running egg_info
[10.130s] writing ../../build/fsm/fsm.egg-info/PKG-INFO
[10.131s] writing dependency_links to ../../build/fsm/fsm.egg-info/dependency_links.txt
[10.131s] writing entry points to ../../build/fsm/fsm.egg-info/entry_points.txt
[10.134s] writing requirements to ../../build/fsm/fsm.egg-info/requires.txt
[10.135s] writing top-level names to ../../build/fsm/fsm.egg-info/top_level.txt
[10.517s] reading manifest file '../../build/fsm/fsm.egg-info/SOURCES.txt'
[10.523s] writing manifest file '../../build/fsm/fsm.egg-info/SOURCES.txt'
[10.528s] running build
[10.529s] running build_py
[10.537s] copying fsm/brsd_fsm_node_expo.py -> /home/brsd/microros_ws/build/fsm/build/lib/fsm
[10.538s] running install
[10.538s] running install_lib
[10.545s] copying /home/brsd/microros_ws/build/fsm/build/lib/fsm/brsd_fsm_node_expo.py -> /home/brsd/microros_ws/install/fsm/lib/python3.8/site-packages/fsm
[10.548s] byte-compiling /home/brsd/microros_ws/install/fsm/lib/python3.8/site-packages/fsm/brsd_fsm_node_expo.py to brsd_fsm_node_expo.cpython-38.pyc
[10.565s] running install_data
[10.565s] running install_egg_info
[10.575s] removing '/home/brsd/microros_ws/install/fsm/lib/python3.8/site-packages/fsm-0.0.0-py3.8.egg-info' (and everything under it)
[10.576s] Copying ../../build/fsm/fsm.egg-info to /home/brsd/microros_ws/install/fsm/lib/python3.8/site-packages/fsm-0.0.0-py3.8.egg-info
[10.581s] running install_scripts
[10.730s] Installing brsd_fsm_node script to /home/brsd/microros_ws/install/fsm/lib/fsm
[10.731s] Installing brsd_fsm_node_correction script to /home/brsd/microros_ws/install/fsm/lib/fsm
[10.732s] Installing brsd_fsm_node_expo script to /home/brsd/microros_ws/install/fsm/lib/fsm
[10.732s] Installing brsd_fsm_node_metric script to /home/brsd/microros_ws/install/fsm/lib/fsm
[10.733s] Installing brsd_fsm_node_path script to /home/brsd/microros_ws/install/fsm/lib/fsm
[10.733s] writing list of installed files to '/home/brsd/microros_ws/build/fsm/install.log'
[13.669s] Invoked command in '/home/brsd/microros_ws/src/fsm' returned '0': PYTHONPATH=/home/brsd/microros_ws/build/fsm/prefix_override:/usr/lib/python3/dist-packages/colcon_core/task/python/colcon_distutils_commands:/home/brsd/microros_ws/install/fsm/lib/python3.8/site-packages:${PYTHONPATH} /usr/bin/python3 -W ignore:setup.py install is deprecated setup.py egg_info --egg-base ../../build/fsm build --build-base /home/brsd/microros_ws/build/fsm/build install --record /home/brsd/microros_ws/build/fsm/install.log --install-scripts $base/lib/fsm --single-version-externally-managed install_data
