[10.284s] Invoking command in '/home/brsd/microros_ws/src/person_detection': PYTHONPATH=/home/brsd/microros_ws/build/person_detection/prefix_override:/usr/lib/python3/dist-packages/colcon_core/task/python/colcon_distutils_commands:/home/brsd/microros_ws/install/person_detection/lib/python3.8/site-packages:${PYTHONPATH} /usr/bin/python3 -W ignore:setup.py install is deprecated setup.py egg_info --egg-base ../../build/person_detection build --build-base /home/brsd/microros_ws/build/person_detection/build install --record /home/brsd/microros_ws/build/person_detection/install.log --install-scripts $base/lib/person_detection --single-version-externally-managed install_data
[12.559s] running egg_info
[12.570s] writing ../../build/person_detection/person_detection.egg-info/PKG-INFO
[12.573s] writing dependency_links to ../../build/person_detection/person_detection.egg-info/dependency_links.txt
[12.575s] writing entry points to ../../build/person_detection/person_detection.egg-info/entry_points.txt
[12.576s] writing requirements to ../../build/person_detection/person_detection.egg-info/requires.txt
[12.577s] writing top-level names to ../../build/person_detection/person_detection.egg-info/top_level.txt
[13.244s] reading manifest file '../../build/person_detection/person_detection.egg-info/SOURCES.txt'
[13.286s] writing manifest file '../../build/person_detection/person_detection.egg-info/SOURCES.txt'
[13.287s] running build
[13.287s] running build_py
[13.293s] running install
[13.304s] running install_lib
[13.304s] running install_data
[13.305s] running install_egg_info
[13.305s] removing '/home/brsd/microros_ws/install/person_detection/lib/python3.8/site-packages/person_detection-0.0.0-py3.8.egg-info' (and everything under it)
[13.306s] Copying ../../build/person_detection/person_detection.egg-info to /home/brsd/microros_ws/install/person_detection/lib/python3.8/site-packages/person_detection-0.0.0-py3.8.egg-info
[13.306s] running install_scripts
[13.619s] Installing color_detector script to /home/brsd/microros_ws/install/person_detection/lib/person_detection
[13.621s] writing list of installed files to '/home/brsd/microros_ws/build/person_detection/install.log'
[13.997s] Invoked command in '/home/brsd/microros_ws/src/person_detection' returned '0': PYTHONPATH=/home/brsd/microros_ws/build/person_detection/prefix_override:/usr/lib/python3/dist-packages/colcon_core/task/python/colcon_distutils_commands:/home/brsd/microros_ws/install/person_detection/lib/python3.8/site-packages:${PYTHONPATH} /usr/bin/python3 -W ignore:setup.py install is deprecated setup.py egg_info --egg-base ../../build/person_detection build --build-base /home/brsd/microros_ws/build/person_detection/build install --record /home/brsd/microros_ws/build/person_detection/install.log --install-scripts $base/lib/person_detection --single-version-externally-managed install_data
