[10.878s] Invoking command in '/home/brsd/microros_ws/src/person_detection': PYTHONPATH=/home/brsd/microros_ws/build/person_detection/prefix_override:/usr/lib/python3/dist-packages/colcon_core/task/python/colcon_distutils_commands:/home/brsd/microros_ws/install/person_detection/lib/python3.8/site-packages:${PYTHONPATH} /usr/bin/python3 -W ignore:setup.py install is deprecated setup.py egg_info --egg-base ../../build/person_detection build --build-base /home/brsd/microros_ws/build/person_detection/build install --record /home/brsd/microros_ws/build/person_detection/install.log --install-scripts $base/lib/person_detection --single-version-externally-managed install_data
[13.667s] running egg_info
[13.678s] writing ../../build/person_detection/person_detection.egg-info/PKG-INFO
[13.688s] writing dependency_links to ../../build/person_detection/person_detection.egg-info/dependency_links.txt
[13.689s] writing entry points to ../../build/person_detection/person_detection.egg-info/entry_points.txt
[13.690s] writing requirements to ../../build/person_detection/person_detection.egg-info/requires.txt
[13.692s] writing top-level names to ../../build/person_detection/person_detection.egg-info/top_level.txt
[14.140s] reading manifest file '../../build/person_detection/person_detection.egg-info/SOURCES.txt'
[14.151s] writing manifest file '../../build/person_detection/person_detection.egg-info/SOURCES.txt'
[14.180s] running build
[14.184s] running build_py
[14.184s] running install
[14.185s] running install_lib
[14.186s] running install_data
[14.186s] running install_egg_info
[14.216s] removing '/home/brsd/microros_ws/install/person_detection/lib/python3.8/site-packages/person_detection-0.0.0-py3.8.egg-info' (and everything under it)
[14.218s] Copying ../../build/person_detection/person_detection.egg-info to /home/brsd/microros_ws/install/person_detection/lib/python3.8/site-packages/person_detection-0.0.0-py3.8.egg-info
[14.230s] running install_scripts
[14.422s] Installing color_detector script to /home/brsd/microros_ws/install/person_detection/lib/person_detection
[14.427s] writing list of installed files to '/home/brsd/microros_ws/build/person_detection/install.log'
[14.626s] Invoked command in '/home/brsd/microros_ws/src/person_detection' returned '0': PYTHONPATH=/home/brsd/microros_ws/build/person_detection/prefix_override:/usr/lib/python3/dist-packages/colcon_core/task/python/colcon_distutils_commands:/home/brsd/microros_ws/install/person_detection/lib/python3.8/site-packages:${PYTHONPATH} /usr/bin/python3 -W ignore:setup.py install is deprecated setup.py egg_info --egg-base ../../build/person_detection build --build-base /home/brsd/microros_ws/build/person_detection/build install --record /home/brsd/microros_ws/build/person_detection/install.log --install-scripts $base/lib/person_detection --single-version-externally-managed install_data
