[8.684s] Invoking command in '/home/brsd/microros_ws/src/person_detection': PYTHONPATH=/home/brsd/microros_ws/build/person_detection/prefix_override:/usr/lib/python3/dist-packages/colcon_core/task/python/colcon_distutils_commands:/home/brsd/microros_ws/install/person_detection/lib/python3.8/site-packages:${PYTHONPATH} /usr/bin/python3 -W ignore:setup.py install is deprecated setup.py egg_info --egg-base ../../build/person_detection build --build-base /home/brsd/microros_ws/build/person_detection/build install --record /home/brsd/microros_ws/build/person_detection/install.log --install-scripts $base/lib/person_detection --single-version-externally-managed install_data
[11.292s] running egg_info
[11.299s] writing ../../build/person_detection/person_detection.egg-info/PKG-INFO
[11.301s] writing dependency_links to ../../build/person_detection/person_detection.egg-info/dependency_links.txt
[11.301s] writing entry points to ../../build/person_detection/person_detection.egg-info/entry_points.txt
[11.302s] writing requirements to ../../build/person_detection/person_detection.egg-info/requires.txt
[11.303s] writing top-level names to ../../build/person_detection/person_detection.egg-info/top_level.txt
[11.548s] reading manifest file '../../build/person_detection/person_detection.egg-info/SOURCES.txt'
[11.558s] writing manifest file '../../build/person_detection/person_detection.egg-info/SOURCES.txt'
[11.558s] running build
[11.558s] running build_py
[11.559s] running install
[11.569s] running install_lib
[11.590s] running install_data
[11.593s] running install_egg_info
[11.618s] removing '/home/brsd/microros_ws/install/person_detection/lib/python3.8/site-packages/person_detection-0.0.0-py3.8.egg-info' (and everything under it)
[11.619s] Copying ../../build/person_detection/person_detection.egg-info to /home/brsd/microros_ws/install/person_detection/lib/python3.8/site-packages/person_detection-0.0.0-py3.8.egg-info
[11.625s] running install_scripts
[11.740s] Installing color_detector script to /home/brsd/microros_ws/install/person_detection/lib/person_detection
[11.743s] writing list of installed files to '/home/brsd/microros_ws/build/person_detection/install.log'
[11.938s] Invoked command in '/home/brsd/microros_ws/src/person_detection' returned '0': PYTHONPATH=/home/brsd/microros_ws/build/person_detection/prefix_override:/usr/lib/python3/dist-packages/colcon_core/task/python/colcon_distutils_commands:/home/brsd/microros_ws/install/person_detection/lib/python3.8/site-packages:${PYTHONPATH} /usr/bin/python3 -W ignore:setup.py install is deprecated setup.py egg_info --egg-base ../../build/person_detection build --build-base /home/brsd/microros_ws/build/person_detection/build install --record /home/brsd/microros_ws/build/person_detection/install.log --install-scripts $base/lib/person_detection --single-version-externally-managed install_data
