[7.835s] Invoking command in '/home/brsd/microros_ws/src/person_detection': PYTHONPATH=/home/brsd/microros_ws/build/person_detection/prefix_override:/usr/lib/python3/dist-packages/colcon_core/task/python/colcon_distutils_commands:/home/brsd/microros_ws/install/person_detection/lib/python3.8/site-packages:${PYTHONPATH} /usr/bin/python3 -W ignore:setup.py install is deprecated setup.py egg_info --egg-base ../../build/person_detection build --build-base /home/brsd/microros_ws/build/person_detection/build install --record /home/brsd/microros_ws/build/person_detection/install.log --install-scripts $base/lib/person_detection --single-version-externally-managed install_data
[9.520s] running egg_info
[9.528s] writing ../../build/person_detection/person_detection.egg-info/PKG-INFO
[9.534s] writing dependency_links to ../../build/person_detection/person_detection.egg-info/dependency_links.txt
[9.535s] writing entry points to ../../build/person_detection/person_detection.egg-info/entry_points.txt
[9.535s] writing requirements to ../../build/person_detection/person_detection.egg-info/requires.txt
[9.536s] writing top-level names to ../../build/person_detection/person_detection.egg-info/top_level.txt
[9.751s] reading manifest file '../../build/person_detection/person_detection.egg-info/SOURCES.txt'
[9.757s] writing manifest file '../../build/person_detection/person_detection.egg-info/SOURCES.txt'
[9.759s] running build
[9.761s] running build_py
[9.765s] running install
[9.771s] running install_lib
[9.782s] running install_data
[9.785s] running install_egg_info
[9.797s] removing '/home/brsd/microros_ws/install/person_detection/lib/python3.8/site-packages/person_detection-0.0.0-py3.8.egg-info' (and everything under it)
[9.812s] Copying ../../build/person_detection/person_detection.egg-info to /home/brsd/microros_ws/install/person_detection/lib/python3.8/site-packages/person_detection-0.0.0-py3.8.egg-info
[9.823s] running install_scripts
[9.930s] Installing color_detector script to /home/brsd/microros_ws/install/person_detection/lib/person_detection
[9.933s] writing list of installed files to '/home/brsd/microros_ws/build/person_detection/install.log'
[10.083s] Invoked command in '/home/brsd/microros_ws/src/person_detection' returned '0': PYTHONPATH=/home/brsd/microros_ws/build/person_detection/prefix_override:/usr/lib/python3/dist-packages/colcon_core/task/python/colcon_distutils_commands:/home/brsd/microros_ws/install/person_detection/lib/python3.8/site-packages:${PYTHONPATH} /usr/bin/python3 -W ignore:setup.py install is deprecated setup.py egg_info --egg-base ../../build/person_detection build --build-base /home/brsd/microros_ws/build/person_detection/build install --record /home/brsd/microros_ws/build/person_detection/install.log --install-scripts $base/lib/person_detection --single-version-externally-managed install_data
