[10.937s] Invoking command in '/home/brsd/microros_ws/src/joystick_input': PYTHONPATH=/home/brsd/microros_ws/build/joystick_input/prefix_override:/usr/lib/python3/dist-packages/colcon_core/task/python/colcon_distutils_commands:/home/brsd/microros_ws/install/joystick_input/lib/python3.8/site-packages:${PYTHONPATH} /usr/bin/python3 -W ignore:setup.py install is deprecated setup.py egg_info --egg-base ../../build/joystick_input build --build-base /home/brsd/microros_ws/build/joystick_input/build install --record /home/brsd/microros_ws/build/joystick_input/install.log --install-scripts $base/lib/joystick_input --single-version-externally-managed install_data
[12.908s] running egg_info
[12.913s] writing ../../build/joystick_input/joystick_input.egg-info/PKG-INFO
[12.919s] writing dependency_links to ../../build/joystick_input/joystick_input.egg-info/dependency_links.txt
[12.921s] writing entry points to ../../build/joystick_input/joystick_input.egg-info/entry_points.txt
[12.924s] writing requirements to ../../build/joystick_input/joystick_input.egg-info/requires.txt
[12.927s] writing top-level names to ../../build/joystick_input/joystick_input.egg-info/top_level.txt
[13.203s] reading manifest file '../../build/joystick_input/joystick_input.egg-info/SOURCES.txt'
[13.210s] writing manifest file '../../build/joystick_input/joystick_input.egg-info/SOURCES.txt'
[13.216s] running build
[13.216s] running build_py
[13.219s] running install
[13.229s] running install_lib
[13.252s] running install_data
[13.252s] running install_egg_info
[13.274s] removing '/home/brsd/microros_ws/install/joystick_input/lib/python3.8/site-packages/joystick_input-0.0.0-py3.8.egg-info' (and everything under it)
[13.276s] Copying ../../build/joystick_input/joystick_input.egg-info to /home/brsd/microros_ws/install/joystick_input/lib/python3.8/site-packages/joystick_input-0.0.0-py3.8.egg-info
[13.284s] running install_scripts
[13.467s] Installing joystick_node script to /home/brsd/microros_ws/install/joystick_input/lib/joystick_input
[13.471s] writing list of installed files to '/home/brsd/microros_ws/build/joystick_input/install.log'
[13.699s] Invoked command in '/home/brsd/microros_ws/src/joystick_input' returned '0': PYTHONPATH=/home/brsd/microros_ws/build/joystick_input/prefix_override:/usr/lib/python3/dist-packages/colcon_core/task/python/colcon_distutils_commands:/home/brsd/microros_ws/install/joystick_input/lib/python3.8/site-packages:${PYTHONPATH} /usr/bin/python3 -W ignore:setup.py install is deprecated setup.py egg_info --egg-base ../../build/joystick_input build --build-base /home/brsd/microros_ws/build/joystick_input/build install --record /home/brsd/microros_ws/build/joystick_input/install.log --install-scripts $base/lib/joystick_input --single-version-externally-managed install_data
