[12.799s] Invoking command in '/home/brsd/microros_ws/src/joystick_input': PYTHONPATH=/home/brsd/microros_ws/build/joystick_input/prefix_override:/usr/lib/python3/dist-packages/colcon_core/task/python/colcon_distutils_commands:/home/brsd/microros_ws/install/joystick_input/lib/python3.8/site-packages:${PYTHONPATH} /usr/bin/python3 -W ignore:setup.py install is deprecated setup.py egg_info --egg-base ../../build/joystick_input build --build-base /home/brsd/microros_ws/build/joystick_input/build install --record /home/brsd/microros_ws/build/joystick_input/install.log --install-scripts $base/lib/joystick_input --single-version-externally-managed install_data
[14.977s] running egg_info
[14.990s] writing ../../build/joystick_input/joystick_input.egg-info/PKG-INFO
[15.011s] writing dependency_links to ../../build/joystick_input/joystick_input.egg-info/dependency_links.txt
[15.020s] writing entry points to ../../build/joystick_input/joystick_input.egg-info/entry_points.txt
[15.021s] writing requirements to ../../build/joystick_input/joystick_input.egg-info/requires.txt
[15.021s] writing top-level names to ../../build/joystick_input/joystick_input.egg-info/top_level.txt
[15.232s] reading manifest file '../../build/joystick_input/joystick_input.egg-info/SOURCES.txt'
[15.240s] writing manifest file '../../build/joystick_input/joystick_input.egg-info/SOURCES.txt'
[15.241s] running build
[15.241s] running build_py
[15.245s] running install
[15.254s] running install_lib
[15.262s] running install_data
[15.262s] running install_egg_info
[15.271s] removing '/home/brsd/microros_ws/install/joystick_input/lib/python3.8/site-packages/joystick_input-0.0.0-py3.8.egg-info' (and everything under it)
[15.279s] Copying ../../build/joystick_input/joystick_input.egg-info to /home/brsd/microros_ws/install/joystick_input/lib/python3.8/site-packages/joystick_input-0.0.0-py3.8.egg-info
[15.286s] running install_scripts
[15.399s] Installing joystick_node script to /home/brsd/microros_ws/install/joystick_input/lib/joystick_input
[15.400s] writing list of installed files to '/home/brsd/microros_ws/build/joystick_input/install.log'
[15.529s] Invoked command in '/home/brsd/microros_ws/src/joystick_input' returned '0': PYTHONPATH=/home/brsd/microros_ws/build/joystick_input/prefix_override:/usr/lib/python3/dist-packages/colcon_core/task/python/colcon_distutils_commands:/home/brsd/microros_ws/install/joystick_input/lib/python3.8/site-packages:${PYTHONPATH} /usr/bin/python3 -W ignore:setup.py install is deprecated setup.py egg_info --egg-base ../../build/joystick_input build --build-base /home/brsd/microros_ws/build/joystick_input/build install --record /home/brsd/microros_ws/build/joystick_input/install.log --install-scripts $base/lib/joystick_input --single-version-externally-managed install_data
