[6.024s] Invoking command in '/home/brsd/microros_ws/src/pathfinding': PYTHONPATH=/home/brsd/microros_ws/build/pathfinding/prefix_override:/usr/lib/python3/dist-packages/colcon_core/task/python/colcon_distutils_commands:/home/brsd/microros_ws/install/pathfinding/lib/python3.8/site-packages:${PYTHONPATH} /usr/bin/python3 -W ignore:setup.py install is deprecated setup.py egg_info --egg-base ../../build/pathfinding build --build-base /home/brsd/microros_ws/build/pathfinding/build install --record /home/brsd/microros_ws/build/pathfinding/install.log --install-scripts $base/lib/pathfinding --single-version-externally-managed install_data
[7.644s] running egg_info
[7.647s] writing ../../build/pathfinding/pathfinding.egg-info/PKG-INFO
[7.649s] writing dependency_links to ../../build/pathfinding/pathfinding.egg-info/dependency_links.txt
[7.653s] writing entry points to ../../build/pathfinding/pathfinding.egg-info/entry_points.txt
[7.654s] writing requirements to ../../build/pathfinding/pathfinding.egg-info/requires.txt
[7.656s] writing top-level names to ../../build/pathfinding/pathfinding.egg-info/top_level.txt
[7.863s] reading manifest file '../../build/pathfinding/pathfinding.egg-info/SOURCES.txt'
[7.868s] writing manifest file '../../build/pathfinding/pathfinding.egg-info/SOURCES.txt'
[7.870s] running build
[7.871s] running build_py
[7.872s] running install
[7.876s] running install_lib
[7.886s] running install_data
[7.887s] running install_egg_info
[7.895s] removing '/home/brsd/microros_ws/install/pathfinding/lib/python3.8/site-packages/pathfinding-0.0.0-py3.8.egg-info' (and everything under it)
[7.900s] Copying ../../build/pathfinding/pathfinding.egg-info to /home/brsd/microros_ws/install/pathfinding/lib/python3.8/site-packages/pathfinding-0.0.0-py3.8.egg-info
[7.902s] running install_scripts
[7.985s] Installing image_display_node script to /home/brsd/microros_ws/install/pathfinding/lib/pathfinding
[7.987s] Installing pathfinding_node script to /home/brsd/microros_ws/install/pathfinding/lib/pathfinding
[7.989s] writing list of installed files to '/home/brsd/microros_ws/build/pathfinding/install.log'
[8.105s] Invoked command in '/home/brsd/microros_ws/src/pathfinding' returned '0': PYTHONPATH=/home/brsd/microros_ws/build/pathfinding/prefix_override:/usr/lib/python3/dist-packages/colcon_core/task/python/colcon_distutils_commands:/home/brsd/microros_ws/install/pathfinding/lib/python3.8/site-packages:${PYTHONPATH} /usr/bin/python3 -W ignore:setup.py install is deprecated setup.py egg_info --egg-base ../../build/pathfinding build --build-base /home/brsd/microros_ws/build/pathfinding/build install --record /home/brsd/microros_ws/build/pathfinding/install.log --install-scripts $base/lib/pathfinding --single-version-externally-managed install_data
