[0.219s] Invoking command in '/home/brsd/microros_ws/build/multisense_lib': CMAKE_PREFIX_PATH=${CMAKE_PREFIX_PATH}:/home/brsd/microros_ws/install/person_detection:/home/brsd/microros_ws/install/pathfinding:/home/brsd/microros_ws/install/object_detection_pkg:/home/brsd/microros_ws/install/joystick_input:/home/brsd/microros_ws/install/jetson_comm:/home/brsd/microros_ws/install/fsm:/opt/ros/foxy /usr/bin/cmake --build /home/brsd/microros_ws/build/multisense_lib -- -j4 -l4
[1.059s] [ 19%] Built target MultiSense
[1.328s] [ 23%] Built target AprilTagTestUtility
[1.430s] [ 27%] Built target ChangeResolution
[1.443s] [ 31%] Built target ChangeFps
[1.466s] [ 36%] Built target ChangeIpUtility
[1.661s] [ 40%] Built target ChangeTransmitDelay
[1.715s] [ 44%] Built target ColorImageUtility
[1.721s] [ 48%] Built target DeviceInfoUtility
[1.733s] [ 53%] Built target DepthImageUtility
[1.888s] [ 57%] Built target FlashUtility
[1.914s] [ 61%] Built target ExternalCalUtility
[1.935s] [ 65%] Built target ImageCalUtility
[1.955s] [ 70%] Built target FeatureDetectorUtility
[2.083s] [ 76%] Built target LidarCalUtility
[2.086s] [ 78%] Built target ImuConfigUtility
[2.114s] [ 82%] Built target ImuTestUtility
[2.143s] [ 87%] Built target PointCloudUtility
[2.300s] [ 91%] Built target RectifiedFocalLengthUtility
[2.329s] [ 95%] Built target SaveImageUtility
[2.334s] [100%] Built target VersionInfoUtility
[2.391s] Invoked command in '/home/brsd/microros_ws/build/multisense_lib' returned '0': CMAKE_PREFIX_PATH=${CMAKE_PREFIX_PATH}:/home/brsd/microros_ws/install/person_detection:/home/brsd/microros_ws/install/pathfinding:/home/brsd/microros_ws/install/object_detection_pkg:/home/brsd/microros_ws/install/joystick_input:/home/brsd/microros_ws/install/jetson_comm:/home/brsd/microros_ws/install/fsm:/opt/ros/foxy /usr/bin/cmake --build /home/brsd/microros_ws/build/multisense_lib -- -j4 -l4
[2.921s] Invoking command in '/home/brsd/microros_ws/build/multisense_lib': CMAKE_PREFIX_PATH=${CMAKE_PREFIX_PATH}:/home/brsd/microros_ws/install/person_detection:/home/brsd/microros_ws/install/pathfinding:/home/brsd/microros_ws/install/object_detection_pkg:/home/brsd/microros_ws/install/joystick_input:/home/brsd/microros_ws/install/jetson_comm:/home/brsd/microros_ws/install/fsm:/opt/ros/foxy /usr/bin/cmake --install /home/brsd/microros_ws/build/multisense_lib
[3.019s] -- Install configuration: "Release"
[3.021s] -- Up-to-date: /home/brsd/microros_ws/install/multisense_lib/share/multisense_lib/environment/library_path.sh
[3.022s] -- Up-to-date: /home/brsd/microros_ws/install/multisense_lib/share/multisense_lib/environment/library_path.dsv
[3.022s] -- Up-to-date: /home/brsd/microros_ws/install/multisense_lib/share/ament_index/resource_index/package_run_dependencies/multisense_lib
[3.023s] -- Up-to-date: /home/brsd/microros_ws/install/multisense_lib/share/ament_index/resource_index/parent_prefix_path/multisense_lib
[3.024s] -- Up-to-date: /home/brsd/microros_ws/install/multisense_lib/share/multisense_lib/environment/ament_prefix_path.sh
[3.024s] -- Up-to-date: /home/brsd/microros_ws/install/multisense_lib/share/multisense_lib/environment/ament_prefix_path.dsv
[3.025s] -- Up-to-date: /home/brsd/microros_ws/install/multisense_lib/share/multisense_lib/environment/path.sh
[3.025s] -- Up-to-date: /home/brsd/microros_ws/install/multisense_lib/share/multisense_lib/environment/path.dsv
[3.028s] -- Up-to-date: /home/brsd/microros_ws/install/multisense_lib/share/multisense_lib/local_setup.bash
[3.029s] -- Up-to-date: /home/brsd/microros_ws/install/multisense_lib/share/multisense_lib/local_setup.sh
[3.030s] -- Up-to-date: /home/brsd/microros_ws/install/multisense_lib/share/multisense_lib/local_setup.zsh
[3.035s] -- Up-to-date: /home/brsd/microros_ws/install/multisense_lib/share/multisense_lib/local_setup.dsv
[3.035s] -- Installing: /home/brsd/microros_ws/install/multisense_lib/share/multisense_lib/package.dsv
[3.036s] -- Up-to-date: /home/brsd/microros_ws/install/multisense_lib/share/ament_index/resource_index/packages/multisense_lib
[3.036s] -- Up-to-date: /home/brsd/microros_ws/install/multisense_lib/share/multisense_lib/cmake/ament_cmake_export_include_directories-extras.cmake
[3.037s] -- Up-to-date: /home/brsd/microros_ws/install/multisense_lib/share/multisense_lib/cmake/ament_cmake_export_libraries-extras.cmake
[3.037s] -- Up-to-date: /home/brsd/microros_ws/install/multisense_lib/share/multisense_lib/cmake/multisense_libConfig.cmake
[3.038s] -- Up-to-date: /home/brsd/microros_ws/install/multisense_lib/share/multisense_lib/cmake/multisense_libConfig-version.cmake
[3.046s] -- Up-to-date: /home/brsd/microros_ws/install/multisense_lib/share/multisense_lib/package.xml
[3.047s] -- Up-to-date: /home/brsd/microros_ws/install/multisense_lib/lib/pkgconfig/LibMultiSense.pc
[3.047s] -- Up-to-date: /home/brsd/microros_ws/install/multisense_lib/lib/libMultiSense.so.6.1.0
[3.054s] -- Up-to-date: /home/brsd/microros_ws/install/multisense_lib/lib/libMultiSense.so
[3.056s] -- Up-to-date: /home/brsd/microros_ws/install/multisense_lib/include/MultiSense/MultiSenseChannel.hh
[3.056s] -- Up-to-date: /home/brsd/microros_ws/install/multisense_lib/include/MultiSense/MultiSenseTypes.hh
[3.057s] -- Up-to-date: /home/brsd/microros_ws/install/multisense_lib/lib/cmake/MultiSense/MultiSenseTargets.cmake
[3.057s] -- Up-to-date: /home/brsd/microros_ws/install/multisense_lib/lib/cmake/MultiSense/MultiSenseTargets-release.cmake
[3.062s] -- Up-to-date: /home/brsd/microros_ws/install/multisense_lib/lib/cmake/MultiSense/MultiSenseConfig.cmake
[3.063s] -- Up-to-date: /home/brsd/microros_ws/install/multisense_lib/lib/cmake/MultiSense/MultiSenseConfigVersion.cmake
[3.063s] -- Up-to-date: /home/brsd/microros_ws/install/multisense_lib/include/MultiSense/MultiSenseChannel.hh
[3.064s] -- Up-to-date: /home/brsd/microros_ws/install/multisense_lib/include/MultiSense/MultiSenseTypes.hh
[3.064s] -- Up-to-date: /home/brsd/microros_ws/install/multisense_lib/bin/AprilTagTestUtility
[3.065s] -- Up-to-date: /home/brsd/microros_ws/install/multisense_lib/bin/ChangeFps
[3.070s] -- Up-to-date: /home/brsd/microros_ws/install/multisense_lib/bin/ChangeIpUtility
[3.071s] -- Up-to-date: /home/brsd/microros_ws/install/multisense_lib/bin/ChangeResolution
[3.083s] -- Up-to-date: /home/brsd/microros_ws/install/multisense_lib/bin/ChangeTransmitDelay
[3.091s] -- Up-to-date: /home/brsd/microros_ws/install/multisense_lib/bin/ColorImageUtility
[3.091s] -- Up-to-date: /home/brsd/microros_ws/install/multisense_lib/bin/DeviceInfoUtility
[3.097s] -- Up-to-date: /home/brsd/microros_ws/install/multisense_lib/bin/DepthImageUtility
[3.099s] -- Up-to-date: /home/brsd/microros_ws/install/multisense_lib/bin/ExternalCalUtility
[3.105s] -- Up-to-date: /home/brsd/microros_ws/install/multisense_lib/bin/FeatureDetectorUtility
[3.109s] -- Up-to-date: /home/brsd/microros_ws/install/multisense_lib/bin/MultiSenseUpdater
[3.113s] -- Up-to-date: /home/brsd/microros_ws/install/multisense_lib/bin/FlashUtility
[3.120s] -- Up-to-date: /home/brsd/microros_ws/install/multisense_lib/bin/ImageCalUtility
[3.125s] -- Up-to-date: /home/brsd/microros_ws/install/multisense_lib/bin/ImuConfigUtility
[3.129s] -- Up-to-date: /home/brsd/microros_ws/install/multisense_lib/bin/ImuTestUtility
[3.134s] -- Up-to-date: /home/brsd/microros_ws/install/multisense_lib/bin/LidarCalUtility
[3.139s] -- Up-to-date: /home/brsd/microros_ws/install/multisense_lib/bin/PointCloudUtility
[3.143s] -- Up-to-date: /home/brsd/microros_ws/install/multisense_lib/bin/RectifiedFocalLengthUtility
[3.148s] -- Up-to-date: /home/brsd/microros_ws/install/multisense_lib/bin/SaveImageUtility
[3.152s] -- Up-to-date: /home/brsd/microros_ws/install/multisense_lib/bin/VersionInfoUtility
[3.168s] Invoked command in '/home/brsd/microros_ws/build/multisense_lib' returned '0': CMAKE_PREFIX_PATH=${CMAKE_PREFIX_PATH}:/home/brsd/microros_ws/install/person_detection:/home/brsd/microros_ws/install/pathfinding:/home/brsd/microros_ws/install/object_detection_pkg:/home/brsd/microros_ws/install/joystick_input:/home/brsd/microros_ws/install/jetson_comm:/home/brsd/microros_ws/install/fsm:/opt/ros/foxy /usr/bin/cmake --install /home/brsd/microros_ws/build/multisense_lib
