[8.798s] Invoking command in '/home/brsd/microros_ws/src/pathfinding': PYTHONPATH=/home/brsd/microros_ws/build/pathfinding/prefix_override:/usr/lib/python3/dist-packages/colcon_core/task/python/colcon_distutils_commands:/home/brsd/microros_ws/install/pathfinding/lib/python3.8/site-packages:${PYTHONPATH} /usr/bin/python3 -W ignore:setup.py install is deprecated setup.py egg_info --egg-base ../../build/pathfinding build --build-base /home/brsd/microros_ws/build/pathfinding/build install --record /home/brsd/microros_ws/build/pathfinding/install.log --install-scripts $base/lib/pathfinding --single-version-externally-managed install_data
[12.525s] running egg_info
[12.537s] writing ../../build/pathfinding/pathfinding.egg-info/PKG-INFO
[12.538s] writing dependency_links to ../../build/pathfinding/pathfinding.egg-info/dependency_links.txt
[12.544s] writing entry points to ../../build/pathfinding/pathfinding.egg-info/entry_points.txt
[12.549s] writing requirements to ../../build/pathfinding/pathfinding.egg-info/requires.txt
[12.555s] writing top-level names to ../../build/pathfinding/pathfinding.egg-info/top_level.txt
[13.297s] reading manifest file '../../build/pathfinding/pathfinding.egg-info/SOURCES.txt'
[13.299s] writing manifest file '../../build/pathfinding/pathfinding.egg-info/SOURCES.txt'
[13.304s] running build
[13.308s] running build_py
[13.318s] running install
[13.330s] running install_lib
[13.361s] running install_data
[13.373s] running install_egg_info
[13.402s] removing '/home/brsd/microros_ws/install/pathfinding/lib/python3.8/site-packages/pathfinding-0.0.0-py3.8.egg-info' (and everything under it)
[13.412s] Copying ../../build/pathfinding/pathfinding.egg-info to /home/brsd/microros_ws/install/pathfinding/lib/python3.8/site-packages/pathfinding-0.0.0-py3.8.egg-info
[13.413s] running install_scripts
[13.701s] Installing image_display_node script to /home/brsd/microros_ws/install/pathfinding/lib/pathfinding
[13.704s] Installing pathfinding_node script to /home/brsd/microros_ws/install/pathfinding/lib/pathfinding
[13.711s] writing list of installed files to '/home/brsd/microros_ws/build/pathfinding/install.log'
[14.194s] Invoked command in '/home/brsd/microros_ws/src/pathfinding' returned '0': PYTHONPATH=/home/brsd/microros_ws/build/pathfinding/prefix_override:/usr/lib/python3/dist-packages/colcon_core/task/python/colcon_distutils_commands:/home/brsd/microros_ws/install/pathfinding/lib/python3.8/site-packages:${PYTHONPATH} /usr/bin/python3 -W ignore:setup.py install is deprecated setup.py egg_info --egg-base ../../build/pathfinding build --build-base /home/brsd/microros_ws/build/pathfinding/build install --record /home/brsd/microros_ws/build/pathfinding/install.log --install-scripts $base/lib/pathfinding --single-version-externally-managed install_data
