[12.292s] Invoking command in '/home/brsd/microros_ws/src/joystick_input': PYTHONPATH=/home/brsd/microros_ws/build/joystick_input/prefix_override:/usr/lib/python3/dist-packages/colcon_core/task/python/colcon_distutils_commands:/home/brsd/microros_ws/install/joystick_input/lib/python3.8/site-packages:${PYTHONPATH} /usr/bin/python3 -W ignore:setup.py install is deprecated setup.py egg_info --egg-base ../../build/joystick_input build --build-base /home/brsd/microros_ws/build/joystick_input/build install --record /home/brsd/microros_ws/build/joystick_input/install.log --install-scripts $base/lib/joystick_input --single-version-externally-managed install_data
[15.364s] running egg_info
[15.369s] writing ../../build/joystick_input/joystick_input.egg-info/PKG-INFO
[15.373s] writing dependency_links to ../../build/joystick_input/joystick_input.egg-info/dependency_links.txt
[15.377s] writing entry points to ../../build/joystick_input/joystick_input.egg-info/entry_points.txt
[15.380s] writing requirements to ../../build/joystick_input/joystick_input.egg-info/requires.txt
[15.383s] writing top-level names to ../../build/joystick_input/joystick_input.egg-info/top_level.txt
[15.636s] reading manifest file '../../build/joystick_input/joystick_input.egg-info/SOURCES.txt'
[15.642s] writing manifest file '../../build/joystick_input/joystick_input.egg-info/SOURCES.txt'
[15.643s] running build
[15.644s] running build_py
[15.646s] running install
[15.651s] running install_lib
[15.660s] running install_data
[15.661s] running install_egg_info
[15.673s] removing '/home/brsd/microros_ws/install/joystick_input/lib/python3.8/site-packages/joystick_input-0.0.0-py3.8.egg-info' (and everything under it)
[15.677s] Copying ../../build/joystick_input/joystick_input.egg-info to /home/brsd/microros_ws/install/joystick_input/lib/python3.8/site-packages/joystick_input-0.0.0-py3.8.egg-info
[15.690s] running install_scripts
[15.818s] Installing joystick_node script to /home/brsd/microros_ws/install/joystick_input/lib/joystick_input
[15.820s] writing list of installed files to '/home/brsd/microros_ws/build/joystick_input/install.log'
[16.182s] Invoked command in '/home/brsd/microros_ws/src/joystick_input' returned '0': PYTHONPATH=/home/brsd/microros_ws/build/joystick_input/prefix_override:/usr/lib/python3/dist-packages/colcon_core/task/python/colcon_distutils_commands:/home/brsd/microros_ws/install/joystick_input/lib/python3.8/site-packages:${PYTHONPATH} /usr/bin/python3 -W ignore:setup.py install is deprecated setup.py egg_info --egg-base ../../build/joystick_input build --build-base /home/brsd/microros_ws/build/joystick_input/build install --record /home/brsd/microros_ws/build/joystick_input/install.log --install-scripts $base/lib/joystick_input --single-version-externally-managed install_data
