[0.194s] Invoking command in '/home/brsd/microros_ws/build/micro_ros_msgs': CMAKE_PREFIX_PATH=${CMAKE_PREFIX_PATH}:/home/brsd/microros_ws/install/person_detection:/home/brsd/microros_ws/install/pathfinding:/home/brsd/microros_ws/install/object_detection_pkg:/home/brsd/microros_ws/install/joystick_input:/home/brsd/microros_ws/install/jetson_comm:/home/brsd/microros_ws/install/fsm:/opt/ros/foxy /usr/bin/cmake --build /home/brsd/microros_ws/build/micro_ros_msgs -- -j4 -l4
[1.054s] [  2%] Built target micro_ros_msgs__cpp
[1.243s] [ 12%] Built target micro_ros_msgs__rosidl_generator_c
[1.529s] [ 23%] Built target micro_ros_msgs__rosidl_typesupport_fastrtps_cpp
[1.724s] [ 36%] Built target micro_ros_msgs__rosidl_typesupport_introspection_cpp
[1.741s] [ 44%] Built target micro_ros_msgs__rosidl_typesupport_cpp
[1.742s] [ 55%] Built target micro_ros_msgs__rosidl_typesupport_c
[1.924s] [ 65%] Built target micro_ros_msgs__rosidl_typesupport_introspection_c
[2.003s] [ 76%] Built target micro_ros_msgs__rosidl_typesupport_fastrtps_c
[2.276s] [ 76%] Built target micro_ros_msgs
[2.512s] [ 78%] Built target micro_ros_msgs__py
[2.730s] [ 87%] Built target micro_ros_msgs__python
[2.995s] [ 91%] Built target micro_ros_msgs__rosidl_typesupport_fastrtps_c__pyext
[3.003s] [ 95%] Built target micro_ros_msgs__rosidl_typesupport_introspection_c__pyext
[3.040s] [100%] Built target micro_ros_msgs__rosidl_typesupport_c__pyext
[3.151s] Invoked command in '/home/brsd/microros_ws/build/micro_ros_msgs' returned '0': CMAKE_PREFIX_PATH=${CMAKE_PREFIX_PATH}:/home/brsd/microros_ws/install/person_detection:/home/brsd/microros_ws/install/pathfinding:/home/brsd/microros_ws/install/object_detection_pkg:/home/brsd/microros_ws/install/joystick_input:/home/brsd/microros_ws/install/jetson_comm:/home/brsd/microros_ws/install/fsm:/opt/ros/foxy /usr/bin/cmake --build /home/brsd/microros_ws/build/micro_ros_msgs -- -j4 -l4
[3.889s] Invoking command in '/home/brsd/microros_ws/build/micro_ros_msgs': CMAKE_PREFIX_PATH=${CMAKE_PREFIX_PATH}:/home/brsd/microros_ws/install/person_detection:/home/brsd/microros_ws/install/pathfinding:/home/brsd/microros_ws/install/object_detection_pkg:/home/brsd/microros_ws/install/joystick_input:/home/brsd/microros_ws/install/jetson_comm:/home/brsd/microros_ws/install/fsm:/opt/ros/foxy /usr/bin/cmake --install /home/brsd/microros_ws/build/micro_ros_msgs
[3.931s] -- Install configuration: ""
[3.934s] -- Up-to-date: /home/brsd/microros_ws/install/micro_ros_msgs/share/ament_index/resource_index/rosidl_interfaces/micro_ros_msgs
[3.937s] -- Up-to-date: /home/brsd/microros_ws/install/micro_ros_msgs/include/micro_ros_msgs
[3.941s] -- Up-to-date: /home/brsd/microros_ws/install/micro_ros_msgs/include/micro_ros_msgs/msg
[3.943s] -- Up-to-date: /home/brsd/microros_ws/install/micro_ros_msgs/include/micro_ros_msgs/msg/entity.h
[3.943s] -- Up-to-date: /home/brsd/microros_ws/install/micro_ros_msgs/include/micro_ros_msgs/msg/node.h
[3.946s] -- Up-to-date: /home/brsd/microros_ws/install/micro_ros_msgs/include/micro_ros_msgs/msg/graph.h
[3.947s] -- Up-to-date: /home/brsd/microros_ws/install/micro_ros_msgs/include/micro_ros_msgs/msg/detail
[3.948s] -- Up-to-date: /home/brsd/microros_ws/install/micro_ros_msgs/include/micro_ros_msgs/msg/detail/graph__type_support.h
[3.949s] -- Up-to-date: /home/brsd/microros_ws/install/micro_ros_msgs/include/micro_ros_msgs/msg/detail/node__type_support.h
[3.950s] -- Up-to-date: /home/brsd/microros_ws/install/micro_ros_msgs/include/micro_ros_msgs/msg/detail/entity__struct.h
[3.950s] -- Up-to-date: /home/brsd/microros_ws/install/micro_ros_msgs/include/micro_ros_msgs/msg/detail/node__functions.h
[3.951s] -- Up-to-date: /home/brsd/microros_ws/install/micro_ros_msgs/include/micro_ros_msgs/msg/detail/entity__functions.h
[3.951s] -- Up-to-date: /home/brsd/microros_ws/install/micro_ros_msgs/include/micro_ros_msgs/msg/detail/node__struct.h
[3.954s] -- Up-to-date: /home/brsd/microros_ws/install/micro_ros_msgs/include/micro_ros_msgs/msg/detail/graph__functions.c
[3.955s] -- Up-to-date: /home/brsd/microros_ws/install/micro_ros_msgs/include/micro_ros_msgs/msg/detail/node__functions.c
[3.955s] -- Up-to-date: /home/brsd/microros_ws/install/micro_ros_msgs/include/micro_ros_msgs/msg/detail/graph__struct.h
[3.956s] -- Up-to-date: /home/brsd/microros_ws/install/micro_ros_msgs/include/micro_ros_msgs/msg/detail/entity__type_support.h
[3.956s] -- Up-to-date: /home/brsd/microros_ws/install/micro_ros_msgs/include/micro_ros_msgs/msg/detail/graph__functions.h
[3.960s] -- Up-to-date: /home/brsd/microros_ws/install/micro_ros_msgs/include/micro_ros_msgs/msg/detail/entity__functions.c
[3.961s] -- Up-to-date: /home/brsd/microros_ws/install/micro_ros_msgs/include/micro_ros_msgs/msg/rosidl_generator_c__visibility_control.h
[3.963s] -- Up-to-date: /home/brsd/microros_ws/install/micro_ros_msgs/share/micro_ros_msgs/environment/library_path.sh
[3.964s] -- Up-to-date: /home/brsd/microros_ws/install/micro_ros_msgs/share/micro_ros_msgs/environment/library_path.dsv
[3.966s] -- Up-to-date: /home/brsd/microros_ws/install/micro_ros_msgs/lib/libmicro_ros_msgs__rosidl_generator_c.so
[3.966s] -- Up-to-date: /home/brsd/microros_ws/install/micro_ros_msgs/include/micro_ros_msgs
[3.967s] -- Up-to-date: /home/brsd/microros_ws/install/micro_ros_msgs/include/micro_ros_msgs/msg
[3.967s] -- Up-to-date: /home/brsd/microros_ws/install/micro_ros_msgs/include/micro_ros_msgs/msg/rosidl_typesupport_fastrtps_c__visibility_control.h
[3.968s] -- Up-to-date: /home/brsd/microros_ws/install/micro_ros_msgs/include/micro_ros_msgs/msg/detail
[3.968s] -- Up-to-date: /home/brsd/microros_ws/install/micro_ros_msgs/include/micro_ros_msgs/msg/detail/graph__rosidl_typesupport_fastrtps_c.h
[3.969s] -- Up-to-date: /home/brsd/microros_ws/install/micro_ros_msgs/include/micro_ros_msgs/msg/detail/node__rosidl_typesupport_fastrtps_c.h
[3.977s] -- Up-to-date: /home/brsd/microros_ws/install/micro_ros_msgs/include/micro_ros_msgs/msg/detail/entity__rosidl_typesupport_fastrtps_c.h
[3.977s] -- Up-to-date: /home/brsd/microros_ws/install/micro_ros_msgs/lib/libmicro_ros_msgs__rosidl_typesupport_fastrtps_c.so
[3.978s] -- Up-to-date: /home/brsd/microros_ws/install/micro_ros_msgs/include/micro_ros_msgs
[3.978s] -- Up-to-date: /home/brsd/microros_ws/install/micro_ros_msgs/include/micro_ros_msgs/msg
[3.979s] -- Up-to-date: /home/brsd/microros_ws/install/micro_ros_msgs/include/micro_ros_msgs/msg/rosidl_typesupport_fastrtps_cpp__visibility_control.h
[3.979s] -- Up-to-date: /home/brsd/microros_ws/install/micro_ros_msgs/include/micro_ros_msgs/msg/detail
[3.980s] -- Up-to-date: /home/brsd/microros_ws/install/micro_ros_msgs/include/micro_ros_msgs/msg/detail/node__rosidl_typesupport_fastrtps_cpp.hpp
[3.980s] -- Up-to-date: /home/brsd/microros_ws/install/micro_ros_msgs/include/micro_ros_msgs/msg/detail/graph__rosidl_typesupport_fastrtps_cpp.hpp
[3.980s] -- Up-to-date: /home/brsd/microros_ws/install/micro_ros_msgs/include/micro_ros_msgs/msg/detail/entity__rosidl_typesupport_fastrtps_cpp.hpp
[3.981s] -- Up-to-date: /home/brsd/microros_ws/install/micro_ros_msgs/include/micro_ros_msgs/msg/detail/dds_fastrtps
[3.981s] -- Up-to-date: /home/brsd/microros_ws/install/micro_ros_msgs/lib/libmicro_ros_msgs__rosidl_typesupport_fastrtps_cpp.so
[3.981s] -- Up-to-date: /home/brsd/microros_ws/install/micro_ros_msgs/include/micro_ros_msgs
[3.982s] -- Up-to-date: /home/brsd/microros_ws/install/micro_ros_msgs/include/micro_ros_msgs/msg
[3.982s] -- Up-to-date: /home/brsd/microros_ws/install/micro_ros_msgs/include/micro_ros_msgs/msg/detail
[3.983s] -- Up-to-date: /home/brsd/microros_ws/install/micro_ros_msgs/include/micro_ros_msgs/msg/detail/node__rosidl_typesupport_introspection_c.h
[3.983s] -- Up-to-date: /home/brsd/microros_ws/install/micro_ros_msgs/include/micro_ros_msgs/msg/detail/node__type_support.c
[3.983s] -- Up-to-date: /home/brsd/microros_ws/install/micro_ros_msgs/include/micro_ros_msgs/msg/detail/graph__type_support.c
[3.989s] -- Up-to-date: /home/brsd/microros_ws/install/micro_ros_msgs/include/micro_ros_msgs/msg/detail/entity__type_support.c
[3.994s] -- Up-to-date: /home/brsd/microros_ws/install/micro_ros_msgs/include/micro_ros_msgs/msg/detail/graph__rosidl_typesupport_introspection_c.h
[3.995s] -- Up-to-date: /home/brsd/microros_ws/install/micro_ros_msgs/include/micro_ros_msgs/msg/detail/entity__rosidl_typesupport_introspection_c.h
[3.995s] -- Up-to-date: /home/brsd/microros_ws/install/micro_ros_msgs/include/micro_ros_msgs/msg/rosidl_typesupport_introspection_c__visibility_control.h
[3.997s] -- Up-to-date: /home/brsd/microros_ws/install/micro_ros_msgs/lib/libmicro_ros_msgs__rosidl_typesupport_introspection_c.so
[3.998s] -- Up-to-date: /home/brsd/microros_ws/install/micro_ros_msgs/lib/libmicro_ros_msgs__rosidl_typesupport_c.so
[3.998s] -- Up-to-date: /home/brsd/microros_ws/install/micro_ros_msgs/include/micro_ros_msgs
[3.998s] -- Up-to-date: /home/brsd/microros_ws/install/micro_ros_msgs/include/micro_ros_msgs/msg
[3.999s] -- Up-to-date: /home/brsd/microros_ws/install/micro_ros_msgs/include/micro_ros_msgs/msg/entity.hpp
[3.999s] -- Up-to-date: /home/brsd/microros_ws/install/micro_ros_msgs/include/micro_ros_msgs/msg/node.hpp
[4.000s] -- Up-to-date: /home/brsd/microros_ws/install/micro_ros_msgs/include/micro_ros_msgs/msg/rosidl_generator_cpp__visibility_control.hpp
[4.000s] -- Up-to-date: /home/brsd/microros_ws/install/micro_ros_msgs/include/micro_ros_msgs/msg/graph.hpp
[4.001s] -- Up-to-date: /home/brsd/microros_ws/install/micro_ros_msgs/include/micro_ros_msgs/msg/detail
[4.001s] -- Up-to-date: /home/brsd/microros_ws/install/micro_ros_msgs/include/micro_ros_msgs/msg/detail/graph__type_support.hpp
[4.001s] -- Up-to-date: /home/brsd/microros_ws/install/micro_ros_msgs/include/micro_ros_msgs/msg/detail/entity__traits.hpp
[4.002s] -- Up-to-date: /home/brsd/microros_ws/install/micro_ros_msgs/include/micro_ros_msgs/msg/detail/entity__struct.hpp
[4.002s] -- Up-to-date: /home/brsd/microros_ws/install/micro_ros_msgs/include/micro_ros_msgs/msg/detail/entity__type_support.hpp
[4.003s] -- Up-to-date: /home/brsd/microros_ws/install/micro_ros_msgs/include/micro_ros_msgs/msg/detail/node__struct.hpp
[4.003s] -- Up-to-date: /home/brsd/microros_ws/install/micro_ros_msgs/include/micro_ros_msgs/msg/detail/graph__struct.hpp
[4.003s] -- Up-to-date: /home/brsd/microros_ws/install/micro_ros_msgs/include/micro_ros_msgs/msg/detail/node__type_support.hpp
[4.004s] -- Up-to-date: /home/brsd/microros_ws/install/micro_ros_msgs/include/micro_ros_msgs/msg/detail/node__builder.hpp
[4.004s] -- Up-to-date: /home/brsd/microros_ws/install/micro_ros_msgs/include/micro_ros_msgs/msg/detail/node__traits.hpp
[4.005s] -- Up-to-date: /home/brsd/microros_ws/install/micro_ros_msgs/include/micro_ros_msgs/msg/detail/graph__builder.hpp
[4.005s] -- Up-to-date: /home/brsd/microros_ws/install/micro_ros_msgs/include/micro_ros_msgs/msg/detail/graph__traits.hpp
[4.006s] -- Up-to-date: /home/brsd/microros_ws/install/micro_ros_msgs/include/micro_ros_msgs/msg/detail/entity__builder.hpp
[4.006s] -- Up-to-date: /home/brsd/microros_ws/install/micro_ros_msgs/include/micro_ros_msgs
[4.006s] -- Up-to-date: /home/brsd/microros_ws/install/micro_ros_msgs/include/micro_ros_msgs/msg
[4.007s] -- Up-to-date: /home/brsd/microros_ws/install/micro_ros_msgs/include/micro_ros_msgs/msg/detail
[4.010s] -- Up-to-date: /home/brsd/microros_ws/install/micro_ros_msgs/include/micro_ros_msgs/msg/detail/node__type_support.cpp
[4.017s] -- Up-to-date: /home/brsd/microros_ws/install/micro_ros_msgs/include/micro_ros_msgs/msg/detail/node__rosidl_typesupport_introspection_cpp.hpp
[4.022s] -- Up-to-date: /home/brsd/microros_ws/install/micro_ros_msgs/include/micro_ros_msgs/msg/detail/graph__type_support.cpp
[4.022s] -- Up-to-date: /home/brsd/microros_ws/install/micro_ros_msgs/include/micro_ros_msgs/msg/detail/graph__rosidl_typesupport_introspection_cpp.hpp
[4.023s] -- Up-to-date: /home/brsd/microros_ws/install/micro_ros_msgs/include/micro_ros_msgs/msg/detail/entity__type_support.cpp
[4.024s] -- Up-to-date: /home/brsd/microros_ws/install/micro_ros_msgs/include/micro_ros_msgs/msg/detail/entity__rosidl_typesupport_introspection_cpp.hpp
[4.024s] -- Up-to-date: /home/brsd/microros_ws/install/micro_ros_msgs/lib/libmicro_ros_msgs__rosidl_typesupport_introspection_cpp.so
[4.025s] -- Up-to-date: /home/brsd/microros_ws/install/micro_ros_msgs/lib/libmicro_ros_msgs__rosidl_typesupport_cpp.so
[4.025s] -- Up-to-date: /home/brsd/microros_ws/install/micro_ros_msgs/share/micro_ros_msgs/environment/pythonpath.sh
[4.026s] -- Up-to-date: /home/brsd/microros_ws/install/micro_ros_msgs/share/micro_ros_msgs/environment/pythonpath.dsv
[4.026s] -- Up-to-date: /home/brsd/microros_ws/install/micro_ros_msgs/lib/python3.8/site-packages/micro_ros_msgs/__init__.py
[4.258s] -- Up-to-date: /home/brsd/microros_ws/install/micro_ros_msgs/lib/python3.8/site-packages/micro_ros_msgs/msg
[4.258s] -- Up-to-date: /home/brsd/microros_ws/install/micro_ros_msgs/lib/python3.8/site-packages/micro_ros_msgs/msg/_graph_s.c
[4.259s] -- Up-to-date: /home/brsd/microros_ws/install/micro_ros_msgs/lib/python3.8/site-packages/micro_ros_msgs/msg/__init__.py
[4.260s] -- Up-to-date: /home/brsd/microros_ws/install/micro_ros_msgs/lib/python3.8/site-packages/micro_ros_msgs/msg/_node.py
[4.260s] -- Up-to-date: /home/brsd/microros_ws/install/micro_ros_msgs/lib/python3.8/site-packages/micro_ros_msgs/msg/_graph.py
[4.260s] -- Up-to-date: /home/brsd/microros_ws/install/micro_ros_msgs/lib/python3.8/site-packages/micro_ros_msgs/msg/_entity_s.c
[4.261s] -- Up-to-date: /home/brsd/microros_ws/install/micro_ros_msgs/lib/python3.8/site-packages/micro_ros_msgs/msg/_entity.py
[4.262s] -- Up-to-date: /home/brsd/microros_ws/install/micro_ros_msgs/lib/python3.8/site-packages/micro_ros_msgs/msg/_node_s.c
[4.262s] -- Up-to-date: /home/brsd/microros_ws/install/micro_ros_msgs/lib/python3.8/site-packages/micro_ros_msgs/micro_ros_msgs_s__rosidl_typesupport_fastrtps_c.cpython-38-aarch64-linux-gnu.so
[4.263s] -- Up-to-date: /home/brsd/microros_ws/install/micro_ros_msgs/lib/python3.8/site-packages/micro_ros_msgs/micro_ros_msgs_s__rosidl_typesupport_introspection_c.cpython-38-aarch64-linux-gnu.so
[4.268s] -- Up-to-date: /home/brsd/microros_ws/install/micro_ros_msgs/lib/python3.8/site-packages/micro_ros_msgs/micro_ros_msgs_s__rosidl_typesupport_c.cpython-38-aarch64-linux-gnu.so
[4.272s] -- Up-to-date: /home/brsd/microros_ws/install/micro_ros_msgs/lib/libmicro_ros_msgs__python.so
[4.276s] -- Up-to-date: /home/brsd/microros_ws/install/micro_ros_msgs/share/micro_ros_msgs/msg/Graph.idl
[4.282s] -- Up-to-date: /home/brsd/microros_ws/install/micro_ros_msgs/share/micro_ros_msgs/msg/Node.idl
[4.288s] -- Up-to-date: /home/brsd/microros_ws/install/micro_ros_msgs/share/micro_ros_msgs/msg/Entity.idl
[4.289s] -- Up-to-date: /home/brsd/microros_ws/install/micro_ros_msgs/share/micro_ros_msgs/msg/Graph.msg
[4.289s] -- Up-to-date: /home/brsd/microros_ws/install/micro_ros_msgs/share/micro_ros_msgs/msg/Node.msg
[4.295s] -- Up-to-date: /home/brsd/microros_ws/install/micro_ros_msgs/share/micro_ros_msgs/msg/Entity.msg
[4.296s] -- Up-to-date: /home/brsd/microros_ws/install/micro_ros_msgs/share/ament_index/resource_index/package_run_dependencies/micro_ros_msgs
[4.298s] -- Up-to-date: /home/brsd/microros_ws/install/micro_ros_msgs/share/ament_index/resource_index/parent_prefix_path/micro_ros_msgs
[4.299s] -- Up-to-date: /home/brsd/microros_ws/install/micro_ros_msgs/share/micro_ros_msgs/environment/ament_prefix_path.sh
[4.300s] -- Up-to-date: /home/brsd/microros_ws/install/micro_ros_msgs/share/micro_ros_msgs/environment/ament_prefix_path.dsv
[4.301s] -- Up-to-date: /home/brsd/microros_ws/install/micro_ros_msgs/share/micro_ros_msgs/environment/path.sh
[4.301s] -- Up-to-date: /home/brsd/microros_ws/install/micro_ros_msgs/share/micro_ros_msgs/environment/path.dsv
[4.302s] -- Up-to-date: /home/brsd/microros_ws/install/micro_ros_msgs/share/micro_ros_msgs/local_setup.bash
[4.313s] -- Up-to-date: /home/brsd/microros_ws/install/micro_ros_msgs/share/micro_ros_msgs/local_setup.sh
[4.313s] -- Up-to-date: /home/brsd/microros_ws/install/micro_ros_msgs/share/micro_ros_msgs/local_setup.zsh
[4.314s] -- Up-to-date: /home/brsd/microros_ws/install/micro_ros_msgs/share/micro_ros_msgs/local_setup.dsv
[4.315s] -- Installing: /home/brsd/microros_ws/install/micro_ros_msgs/share/micro_ros_msgs/package.dsv
[4.318s] -- Up-to-date: /home/brsd/microros_ws/install/micro_ros_msgs/share/ament_index/resource_index/packages/micro_ros_msgs
[4.322s] -- Up-to-date: /home/brsd/microros_ws/install/micro_ros_msgs/share/micro_ros_msgs/cmake/micro_ros_msgs__rosidl_generator_cExport.cmake
[4.327s] -- Up-to-date: /home/brsd/microros_ws/install/micro_ros_msgs/share/micro_ros_msgs/cmake/micro_ros_msgs__rosidl_generator_cExport-noconfig.cmake
[4.330s] -- Up-to-date: /home/brsd/microros_ws/install/micro_ros_msgs/share/micro_ros_msgs/cmake/micro_ros_msgs__rosidl_typesupport_introspection_cExport.cmake
[4.331s] -- Up-to-date: /home/brsd/microros_ws/install/micro_ros_msgs/share/micro_ros_msgs/cmake/micro_ros_msgs__rosidl_typesupport_introspection_cExport-noconfig.cmake
[4.334s] -- Up-to-date: /home/brsd/microros_ws/install/micro_ros_msgs/share/micro_ros_msgs/cmake/micro_ros_msgs__rosidl_typesupport_cExport.cmake
[4.335s] -- Up-to-date: /home/brsd/microros_ws/install/micro_ros_msgs/share/micro_ros_msgs/cmake/micro_ros_msgs__rosidl_typesupport_cExport-noconfig.cmake
[4.338s] -- Up-to-date: /home/brsd/microros_ws/install/micro_ros_msgs/share/micro_ros_msgs/cmake/micro_ros_msgs__rosidl_generator_cppExport.cmake
[4.341s] -- Up-to-date: /home/brsd/microros_ws/install/micro_ros_msgs/share/micro_ros_msgs/cmake/micro_ros_msgs__rosidl_typesupport_introspection_cppExport.cmake
[4.343s] -- Up-to-date: /home/brsd/microros_ws/install/micro_ros_msgs/share/micro_ros_msgs/cmake/micro_ros_msgs__rosidl_typesupport_introspection_cppExport-noconfig.cmake
[4.346s] -- Up-to-date: /home/brsd/microros_ws/install/micro_ros_msgs/share/micro_ros_msgs/cmake/micro_ros_msgs__rosidl_typesupport_cppExport.cmake
[4.347s] -- Up-to-date: /home/brsd/microros_ws/install/micro_ros_msgs/share/micro_ros_msgs/cmake/micro_ros_msgs__rosidl_typesupport_cppExport-noconfig.cmake
[4.350s] -- Up-to-date: /home/brsd/microros_ws/install/micro_ros_msgs/share/micro_ros_msgs/cmake/rosidl_cmake-extras.cmake
[4.352s] -- Up-to-date: /home/brsd/microros_ws/install/micro_ros_msgs/share/micro_ros_msgs/cmake/ament_cmake_export_dependencies-extras.cmake
[4.354s] -- Up-to-date: /home/brsd/microros_ws/install/micro_ros_msgs/share/micro_ros_msgs/cmake/ament_cmake_export_libraries-extras.cmake
[4.355s] -- Up-to-date: /home/brsd/microros_ws/install/micro_ros_msgs/share/micro_ros_msgs/cmake/ament_cmake_export_targets-extras.cmake
[4.357s] -- Up-to-date: /home/brsd/microros_ws/install/micro_ros_msgs/share/micro_ros_msgs/cmake/ament_cmake_export_include_directories-extras.cmake
[4.358s] -- Up-to-date: /home/brsd/microros_ws/install/micro_ros_msgs/share/micro_ros_msgs/cmake/rosidl_cmake_export_typesupport_libraries-extras.cmake
[4.361s] -- Up-to-date: /home/brsd/microros_ws/install/micro_ros_msgs/share/micro_ros_msgs/cmake/rosidl_cmake_export_typesupport_targets-extras.cmake
[4.362s] -- Up-to-date: /home/brsd/microros_ws/install/micro_ros_msgs/share/micro_ros_msgs/cmake/micro_ros_msgsConfig.cmake
[4.363s] -- Up-to-date: /home/brsd/microros_ws/install/micro_ros_msgs/share/micro_ros_msgs/cmake/micro_ros_msgsConfig-version.cmake
[4.364s] -- Up-to-date: /home/brsd/microros_ws/install/micro_ros_msgs/share/micro_ros_msgs/package.xml
[5.329s] Invoked command in '/home/brsd/microros_ws/build/micro_ros_msgs' returned '0': CMAKE_PREFIX_PATH=${CMAKE_PREFIX_PATH}:/home/brsd/microros_ws/install/person_detection:/home/brsd/microros_ws/install/pathfinding:/home/brsd/microros_ws/install/object_detection_pkg:/home/brsd/microros_ws/install/joystick_input:/home/brsd/microros_ws/install/jetson_comm:/home/brsd/microros_ws/install/fsm:/opt/ros/foxy /usr/bin/cmake --install /home/brsd/microros_ws/build/micro_ros_msgs
