[10.238s] Invoking command in '/home/brsd/microros_ws/src/jetson_comm': PYTHONPATH=/home/brsd/microros_ws/build/jetson_comm/prefix_override:/usr/lib/python3/dist-packages/colcon_core/task/python/colcon_distutils_commands:/home/brsd/microros_ws/install/jetson_comm/lib/python3.8/site-packages:${PYTHONPATH} /usr/bin/python3 -W ignore:setup.py install is deprecated setup.py egg_info --egg-base ../../build/jetson_comm build --build-base /home/brsd/microros_ws/build/jetson_comm/build install --record /home/brsd/microros_ws/build/jetson_comm/install.log --install-scripts $base/lib/jetson_comm --single-version-externally-managed install_data
[14.190s] running egg_info
[14.197s] writing ../../build/jetson_comm/jetson_comm.egg-info/PKG-INFO
[14.200s] writing dependency_links to ../../build/jetson_comm/jetson_comm.egg-info/dependency_links.txt
[14.202s] writing entry points to ../../build/jetson_comm/jetson_comm.egg-info/entry_points.txt
[14.206s] writing requirements to ../../build/jetson_comm/jetson_comm.egg-info/requires.txt
[14.207s] writing top-level names to ../../build/jetson_comm/jetson_comm.egg-info/top_level.txt
[14.619s] reading manifest file '../../build/jetson_comm/jetson_comm.egg-info/SOURCES.txt'
[14.625s] writing manifest file '../../build/jetson_comm/jetson_comm.egg-info/SOURCES.txt'
[14.629s] running build
[14.638s] running build_py
[14.641s] running install
[14.652s] running install_lib
[14.663s] running install_data
[14.663s] running install_egg_info
[14.681s] removing '/home/brsd/microros_ws/install/jetson_comm/lib/python3.8/site-packages/jetson_comm-0.0.0-py3.8.egg-info' (and everything under it)
[14.686s] Copying ../../build/jetson_comm/jetson_comm.egg-info to /home/brsd/microros_ws/install/jetson_comm/lib/python3.8/site-packages/jetson_comm-0.0.0-py3.8.egg-info
[14.695s] running install_scripts
[14.875s] Installing jetson_node script to /home/brsd/microros_ws/install/jetson_comm/lib/jetson_comm
[14.884s] writing list of installed files to '/home/brsd/microros_ws/build/jetson_comm/install.log'
[15.121s] Invoked command in '/home/brsd/microros_ws/src/jetson_comm' returned '0': PYTHONPATH=/home/brsd/microros_ws/build/jetson_comm/prefix_override:/usr/lib/python3/dist-packages/colcon_core/task/python/colcon_distutils_commands:/home/brsd/microros_ws/install/jetson_comm/lib/python3.8/site-packages:${PYTHONPATH} /usr/bin/python3 -W ignore:setup.py install is deprecated setup.py egg_info --egg-base ../../build/jetson_comm build --build-base /home/brsd/microros_ws/build/jetson_comm/build install --record /home/brsd/microros_ws/build/jetson_comm/install.log --install-scripts $base/lib/jetson_comm --single-version-externally-managed install_data
