[5.367s] Invoking command in '/home/brsd/microros_ws/src/joystick_input': PYTHONPATH=/home/brsd/microros_ws/build/joystick_input/prefix_override:/usr/lib/python3/dist-packages/colcon_core/task/python/colcon_distutils_commands:/home/brsd/microros_ws/install/joystick_input/lib/python3.8/site-packages:${PYTHONPATH} /usr/bin/python3 -W ignore:setup.py install is deprecated setup.py egg_info --egg-base ../../build/joystick_input build --build-base /home/brsd/microros_ws/build/joystick_input/build install --record /home/brsd/microros_ws/build/joystick_input/install.log --install-scripts $base/lib/joystick_input --single-version-externally-managed install_data
[8.268s] running egg_info
[8.271s] writing ../../build/joystick_input/joystick_input.egg-info/PKG-INFO
[8.281s] writing dependency_links to ../../build/joystick_input/joystick_input.egg-info/dependency_links.txt
[8.283s] writing entry points to ../../build/joystick_input/joystick_input.egg-info/entry_points.txt
[8.286s] writing requirements to ../../build/joystick_input/joystick_input.egg-info/requires.txt
[8.289s] writing top-level names to ../../build/joystick_input/joystick_input.egg-info/top_level.txt
[8.878s] reading manifest file '../../build/joystick_input/joystick_input.egg-info/SOURCES.txt'
[8.899s] writing manifest file '../../build/joystick_input/joystick_input.egg-info/SOURCES.txt'
[8.908s] running build
[8.908s] running build_py
[8.920s] running install
[8.922s] running install_lib
[8.962s] running install_data
[8.963s] running install_egg_info
[8.971s] removing '/home/brsd/microros_ws/install/joystick_input/lib/python3.8/site-packages/joystick_input-0.0.0-py3.8.egg-info' (and everything under it)
[8.976s] Copying ../../build/joystick_input/joystick_input.egg-info to /home/brsd/microros_ws/install/joystick_input/lib/python3.8/site-packages/joystick_input-0.0.0-py3.8.egg-info
[8.995s] running install_scripts
[9.277s] Installing joystick_node script to /home/brsd/microros_ws/install/joystick_input/lib/joystick_input
[9.292s] writing list of installed files to '/home/brsd/microros_ws/build/joystick_input/install.log'
[12.233s] Invoked command in '/home/brsd/microros_ws/src/joystick_input' returned '0': PYTHONPATH=/home/brsd/microros_ws/build/joystick_input/prefix_override:/usr/lib/python3/dist-packages/colcon_core/task/python/colcon_distutils_commands:/home/brsd/microros_ws/install/joystick_input/lib/python3.8/site-packages:${PYTHONPATH} /usr/bin/python3 -W ignore:setup.py install is deprecated setup.py egg_info --egg-base ../../build/joystick_input build --build-base /home/brsd/microros_ws/build/joystick_input/build install --record /home/brsd/microros_ws/build/joystick_input/install.log --install-scripts $base/lib/joystick_input --single-version-externally-managed install_data
