[8.775s] Invoking command in '/home/brsd/microros_ws/src/pathfinding': PYTHONPATH=/home/brsd/microros_ws/build/pathfinding/prefix_override:/usr/lib/python3/dist-packages/colcon_core/task/python/colcon_distutils_commands:/home/brsd/microros_ws/install/pathfinding/lib/python3.8/site-packages:${PYTHONPATH} /usr/bin/python3 -W ignore:setup.py install is deprecated setup.py egg_info --egg-base ../../build/pathfinding build --build-base /home/brsd/microros_ws/build/pathfinding/build install --record /home/brsd/microros_ws/build/pathfinding/install.log --install-scripts $base/lib/pathfinding --single-version-externally-managed install_data
[11.212s] running egg_info
[11.218s] writing ../../build/pathfinding/pathfinding.egg-info/PKG-INFO
[11.223s] writing dependency_links to ../../build/pathfinding/pathfinding.egg-info/dependency_links.txt
[11.225s] writing entry points to ../../build/pathfinding/pathfinding.egg-info/entry_points.txt
[11.227s] writing requirements to ../../build/pathfinding/pathfinding.egg-info/requires.txt
[11.229s] writing top-level names to ../../build/pathfinding/pathfinding.egg-info/top_level.txt
[11.452s] reading manifest file '../../build/pathfinding/pathfinding.egg-info/SOURCES.txt'
[11.465s] writing manifest file '../../build/pathfinding/pathfinding.egg-info/SOURCES.txt'
[11.466s] running build
[11.467s] running build_py
[11.472s] running install
[11.480s] running install_lib
[11.494s] running install_data
[11.496s] running install_egg_info
[11.507s] removing '/home/brsd/microros_ws/install/pathfinding/lib/python3.8/site-packages/pathfinding-0.0.0-py3.8.egg-info' (and everything under it)
[11.512s] Copying ../../build/pathfinding/pathfinding.egg-info to /home/brsd/microros_ws/install/pathfinding/lib/python3.8/site-packages/pathfinding-0.0.0-py3.8.egg-info
[11.518s] running install_scripts
[11.631s] Installing image_display_node script to /home/brsd/microros_ws/install/pathfinding/lib/pathfinding
[11.635s] Installing pathfinding_node script to /home/brsd/microros_ws/install/pathfinding/lib/pathfinding
[11.641s] writing list of installed files to '/home/brsd/microros_ws/build/pathfinding/install.log'
[11.896s] Invoked command in '/home/brsd/microros_ws/src/pathfinding' returned '0': PYTHONPATH=/home/brsd/microros_ws/build/pathfinding/prefix_override:/usr/lib/python3/dist-packages/colcon_core/task/python/colcon_distutils_commands:/home/brsd/microros_ws/install/pathfinding/lib/python3.8/site-packages:${PYTHONPATH} /usr/bin/python3 -W ignore:setup.py install is deprecated setup.py egg_info --egg-base ../../build/pathfinding build --build-base /home/brsd/microros_ws/build/pathfinding/build install --record /home/brsd/microros_ws/build/pathfinding/install.log --install-scripts $base/lib/pathfinding --single-version-externally-managed install_data
