[9.355s] Invoking command in '/home/brsd/microros_ws/src/joystick_input': PYTHONPATH=/home/brsd/microros_ws/build/joystick_input/prefix_override:/usr/lib/python3/dist-packages/colcon_core/task/python/colcon_distutils_commands:/home/brsd/microros_ws/install/joystick_input/lib/python3.8/site-packages:${PYTHONPATH} /usr/bin/python3 -W ignore:setup.py install is deprecated setup.py egg_info --egg-base ../../build/joystick_input build --build-base /home/brsd/microros_ws/build/joystick_input/build install --record /home/brsd/microros_ws/build/joystick_input/install.log --install-scripts $base/lib/joystick_input --single-version-externally-managed install_data
[12.159s] running egg_info
[12.167s] writing ../../build/joystick_input/joystick_input.egg-info/PKG-INFO
[12.173s] writing dependency_links to ../../build/joystick_input/joystick_input.egg-info/dependency_links.txt
[12.177s] writing entry points to ../../build/joystick_input/joystick_input.egg-info/entry_points.txt
[12.180s] writing requirements to ../../build/joystick_input/joystick_input.egg-info/requires.txt
[12.184s] writing top-level names to ../../build/joystick_input/joystick_input.egg-info/top_level.txt
[12.455s] reading manifest file '../../build/joystick_input/joystick_input.egg-info/SOURCES.txt'
[12.463s] writing manifest file '../../build/joystick_input/joystick_input.egg-info/SOURCES.txt'
[12.465s] running build
[12.466s] running build_py
[12.472s] running install
[12.479s] running install_lib
[12.488s] running install_data
[12.488s] running install_egg_info
[12.505s] removing '/home/brsd/microros_ws/install/joystick_input/lib/python3.8/site-packages/joystick_input-0.0.0-py3.8.egg-info' (and everything under it)
[12.510s] Copying ../../build/joystick_input/joystick_input.egg-info to /home/brsd/microros_ws/install/joystick_input/lib/python3.8/site-packages/joystick_input-0.0.0-py3.8.egg-info
[12.513s] running install_scripts
[12.696s] Installing joystick_node script to /home/brsd/microros_ws/install/joystick_input/lib/joystick_input
[12.709s] writing list of installed files to '/home/brsd/microros_ws/build/joystick_input/install.log'
[13.324s] Invoked command in '/home/brsd/microros_ws/src/joystick_input' returned '0': PYTHONPATH=/home/brsd/microros_ws/build/joystick_input/prefix_override:/usr/lib/python3/dist-packages/colcon_core/task/python/colcon_distutils_commands:/home/brsd/microros_ws/install/joystick_input/lib/python3.8/site-packages:${PYTHONPATH} /usr/bin/python3 -W ignore:setup.py install is deprecated setup.py egg_info --egg-base ../../build/joystick_input build --build-base /home/brsd/microros_ws/build/joystick_input/build install --record /home/brsd/microros_ws/build/joystick_input/install.log --install-scripts $base/lib/joystick_input --single-version-externally-managed install_data
