[6.472s] Invoking command in '/home/brsd/microros_ws/src/jetson_comm': PYTHONPATH=/home/brsd/microros_ws/build/jetson_comm/prefix_override:/usr/lib/python3/dist-packages/colcon_core/task/python/colcon_distutils_commands:/home/brsd/microros_ws/install/jetson_comm/lib/python3.8/site-packages:${PYTHONPATH} /usr/bin/python3 -W ignore:setup.py install is deprecated setup.py egg_info --egg-base ../../build/jetson_comm build --build-base /home/brsd/microros_ws/build/jetson_comm/build install --record /home/brsd/microros_ws/build/jetson_comm/install.log --install-scripts $base/lib/jetson_comm --single-version-externally-managed install_data
[8.992s] running egg_info
[8.997s] writing ../../build/jetson_comm/jetson_comm.egg-info/PKG-INFO
[8.999s] writing dependency_links to ../../build/jetson_comm/jetson_comm.egg-info/dependency_links.txt
[9.002s] writing entry points to ../../build/jetson_comm/jetson_comm.egg-info/entry_points.txt
[9.002s] writing requirements to ../../build/jetson_comm/jetson_comm.egg-info/requires.txt
[9.003s] writing top-level names to ../../build/jetson_comm/jetson_comm.egg-info/top_level.txt
[9.237s] reading manifest file '../../build/jetson_comm/jetson_comm.egg-info/SOURCES.txt'
[9.252s] writing manifest file '../../build/jetson_comm/jetson_comm.egg-info/SOURCES.txt'
[9.252s] running build
[9.253s] running build_py
[9.260s] running install
[9.264s] running install_lib
[9.269s] running install_data
[9.270s] running install_egg_info
[9.293s] removing '/home/brsd/microros_ws/install/jetson_comm/lib/python3.8/site-packages/jetson_comm-0.0.0-py3.8.egg-info' (and everything under it)
[9.294s] Copying ../../build/jetson_comm/jetson_comm.egg-info to /home/brsd/microros_ws/install/jetson_comm/lib/python3.8/site-packages/jetson_comm-0.0.0-py3.8.egg-info
[9.295s] running install_scripts
[9.376s] Installing jetson_node script to /home/brsd/microros_ws/install/jetson_comm/lib/jetson_comm
[9.381s] writing list of installed files to '/home/brsd/microros_ws/build/jetson_comm/install.log'
[9.511s] Invoked command in '/home/brsd/microros_ws/src/jetson_comm' returned '0': PYTHONPATH=/home/brsd/microros_ws/build/jetson_comm/prefix_override:/usr/lib/python3/dist-packages/colcon_core/task/python/colcon_distutils_commands:/home/brsd/microros_ws/install/jetson_comm/lib/python3.8/site-packages:${PYTHONPATH} /usr/bin/python3 -W ignore:setup.py install is deprecated setup.py egg_info --egg-base ../../build/jetson_comm build --build-base /home/brsd/microros_ws/build/jetson_comm/build install --record /home/brsd/microros_ws/build/jetson_comm/install.log --install-scripts $base/lib/jetson_comm --single-version-externally-managed install_data
