[9.239s] Invoking command in '/home/brsd/microros_ws/src/pathfinding': PYTHONPATH=/home/brsd/microros_ws/build/pathfinding/prefix_override:/usr/lib/python3/dist-packages/colcon_core/task/python/colcon_distutils_commands:/home/brsd/microros_ws/install/pathfinding/lib/python3.8/site-packages:${PYTHONPATH} /usr/bin/python3 -W ignore:setup.py install is deprecated setup.py egg_info --egg-base ../../build/pathfinding build --build-base /home/brsd/microros_ws/build/pathfinding/build install --record /home/brsd/microros_ws/build/pathfinding/install.log --install-scripts $base/lib/pathfinding --single-version-externally-managed install_data
[12.300s] running egg_info
[12.302s] writing ../../build/pathfinding/pathfinding.egg-info/PKG-INFO
[12.303s] writing dependency_links to ../../build/pathfinding/pathfinding.egg-info/dependency_links.txt
[12.304s] writing entry points to ../../build/pathfinding/pathfinding.egg-info/entry_points.txt
[12.309s] writing requirements to ../../build/pathfinding/pathfinding.egg-info/requires.txt
[12.309s] writing top-level names to ../../build/pathfinding/pathfinding.egg-info/top_level.txt
[12.796s] reading manifest file '../../build/pathfinding/pathfinding.egg-info/SOURCES.txt'
[12.802s] writing manifest file '../../build/pathfinding/pathfinding.egg-info/SOURCES.txt'
[12.825s] running build
[12.825s] running build_py
[12.830s] copying pathfinding/pathfindinghardcode.py -> /home/brsd/microros_ws/build/pathfinding/build/lib/pathfinding
[12.831s] running install
[12.833s] running install_lib
[12.854s] copying /home/brsd/microros_ws/build/pathfinding/build/lib/pathfinding/pathfindinghardcode.py -> /home/brsd/microros_ws/install/pathfinding/lib/python3.8/site-packages/pathfinding
[12.863s] byte-compiling /home/brsd/microros_ws/install/pathfinding/lib/python3.8/site-packages/pathfinding/pathfindinghardcode.py to pathfindinghardcode.cpython-38.pyc
[12.883s] running install_data
[12.883s] running install_egg_info
[12.903s] removing '/home/brsd/microros_ws/install/pathfinding/lib/python3.8/site-packages/pathfinding-0.0.0-py3.8.egg-info' (and everything under it)
[12.908s] Copying ../../build/pathfinding/pathfinding.egg-info to /home/brsd/microros_ws/install/pathfinding/lib/python3.8/site-packages/pathfinding-0.0.0-py3.8.egg-info
[12.935s] running install_scripts
[13.249s] Installing image_display_node script to /home/brsd/microros_ws/install/pathfinding/lib/pathfinding
[13.256s] Installing pathfinding_node script to /home/brsd/microros_ws/install/pathfinding/lib/pathfinding
[13.264s] writing list of installed files to '/home/brsd/microros_ws/build/pathfinding/install.log'
[13.547s] Invoked command in '/home/brsd/microros_ws/src/pathfinding' returned '0': PYTHONPATH=/home/brsd/microros_ws/build/pathfinding/prefix_override:/usr/lib/python3/dist-packages/colcon_core/task/python/colcon_distutils_commands:/home/brsd/microros_ws/install/pathfinding/lib/python3.8/site-packages:${PYTHONPATH} /usr/bin/python3 -W ignore:setup.py install is deprecated setup.py egg_info --egg-base ../../build/pathfinding build --build-base /home/brsd/microros_ws/build/pathfinding/build install --record /home/brsd/microros_ws/build/pathfinding/install.log --install-scripts $base/lib/pathfinding --single-version-externally-managed install_data
