[9.448s] Invoking command in '/home/brsd/microros_ws/src/jetson_comm': PYTHONPATH=/home/brsd/microros_ws/build/jetson_comm/prefix_override:/usr/lib/python3/dist-packages/colcon_core/task/python/colcon_distutils_commands:/home/brsd/microros_ws/install/jetson_comm/lib/python3.8/site-packages:${PYTHONPATH} /usr/bin/python3 -W ignore:setup.py install is deprecated setup.py egg_info --egg-base ../../build/jetson_comm build --build-base /home/brsd/microros_ws/build/jetson_comm/build install --record /home/brsd/microros_ws/build/jetson_comm/install.log --install-scripts $base/lib/jetson_comm --single-version-externally-managed install_data
[12.679s] running egg_info
[12.690s] writing ../../build/jetson_comm/jetson_comm.egg-info/PKG-INFO
[12.693s] writing dependency_links to ../../build/jetson_comm/jetson_comm.egg-info/dependency_links.txt
[12.695s] writing entry points to ../../build/jetson_comm/jetson_comm.egg-info/entry_points.txt
[12.697s] writing requirements to ../../build/jetson_comm/jetson_comm.egg-info/requires.txt
[12.699s] writing top-level names to ../../build/jetson_comm/jetson_comm.egg-info/top_level.txt
[13.046s] reading manifest file '../../build/jetson_comm/jetson_comm.egg-info/SOURCES.txt'
[13.052s] writing manifest file '../../build/jetson_comm/jetson_comm.egg-info/SOURCES.txt'
[13.061s] running build
[13.062s] running build_py
[13.066s] copying jetson_comm/jetson_node.py -> /home/brsd/microros_ws/build/jetson_comm/build/lib/jetson_comm
[13.066s] running install
[13.074s] running install_lib
[13.081s] copying /home/brsd/microros_ws/build/jetson_comm/build/lib/jetson_comm/jetson_node.py -> /home/brsd/microros_ws/install/jetson_comm/lib/python3.8/site-packages/jetson_comm
[13.085s] byte-compiling /home/brsd/microros_ws/install/jetson_comm/lib/python3.8/site-packages/jetson_comm/jetson_node.py to jetson_node.cpython-38.pyc
[13.100s] running install_data
[13.100s] running install_egg_info
[13.115s] removing '/home/brsd/microros_ws/install/jetson_comm/lib/python3.8/site-packages/jetson_comm-0.0.0-py3.8.egg-info' (and everything under it)
[13.121s] Copying ../../build/jetson_comm/jetson_comm.egg-info to /home/brsd/microros_ws/install/jetson_comm/lib/python3.8/site-packages/jetson_comm-0.0.0-py3.8.egg-info
[13.127s] running install_scripts
[13.287s] Installing jetson_node script to /home/brsd/microros_ws/install/jetson_comm/lib/jetson_comm
[13.305s] writing list of installed files to '/home/brsd/microros_ws/build/jetson_comm/install.log'
[13.663s] Invoked command in '/home/brsd/microros_ws/src/jetson_comm' returned '0': PYTHONPATH=/home/brsd/microros_ws/build/jetson_comm/prefix_override:/usr/lib/python3/dist-packages/colcon_core/task/python/colcon_distutils_commands:/home/brsd/microros_ws/install/jetson_comm/lib/python3.8/site-packages:${PYTHONPATH} /usr/bin/python3 -W ignore:setup.py install is deprecated setup.py egg_info --egg-base ../../build/jetson_comm build --build-base /home/brsd/microros_ws/build/jetson_comm/build install --record /home/brsd/microros_ws/build/jetson_comm/install.log --install-scripts $base/lib/jetson_comm --single-version-externally-managed install_data
