[6.113s] Invoking command in '/home/brsd/microros_ws/src/fsm': PYTHONPATH=/home/brsd/microros_ws/build/fsm/prefix_override:/usr/lib/python3/dist-packages/colcon_core/task/python/colcon_distutils_commands:/home/brsd/microros_ws/install/fsm/lib/python3.8/site-packages:${PYTHONPATH} /usr/bin/python3 -W ignore:setup.py install is deprecated setup.py egg_info --egg-base ../../build/fsm build --build-base /home/brsd/microros_ws/build/fsm/build install --record /home/brsd/microros_ws/build/fsm/install.log --install-scripts $base/lib/fsm --single-version-externally-managed install_data
[8.398s] running egg_info
[8.402s] writing ../../build/fsm/fsm.egg-info/PKG-INFO
[8.403s] writing dependency_links to ../../build/fsm/fsm.egg-info/dependency_links.txt
[8.408s] writing entry points to ../../build/fsm/fsm.egg-info/entry_points.txt
[8.413s] writing requirements to ../../build/fsm/fsm.egg-info/requires.txt
[8.413s] writing top-level names to ../../build/fsm/fsm.egg-info/top_level.txt
[8.871s] reading manifest file '../../build/fsm/fsm.egg-info/SOURCES.txt'
[8.890s] writing manifest file '../../build/fsm/fsm.egg-info/SOURCES.txt'
[8.930s] running build
[8.933s] running build_py
[8.934s] copying fsm/brsd_fsm_node_path.py -> /home/brsd/microros_ws/build/fsm/build/lib/fsm
[8.934s] running install
[8.940s] running install_lib
[8.968s] copying /home/brsd/microros_ws/build/fsm/build/lib/fsm/brsd_fsm_node_path.py -> /home/brsd/microros_ws/install/fsm/lib/python3.8/site-packages/fsm
[8.988s] byte-compiling /home/brsd/microros_ws/install/fsm/lib/python3.8/site-packages/fsm/brsd_fsm_node_path.py to brsd_fsm_node_path.cpython-38.pyc
[9.067s] running install_data
[9.078s] running install_egg_info
[9.105s] removing '/home/brsd/microros_ws/install/fsm/lib/python3.8/site-packages/fsm-0.0.0-py3.8.egg-info' (and everything under it)
[9.118s] Copying ../../build/fsm/fsm.egg-info to /home/brsd/microros_ws/install/fsm/lib/python3.8/site-packages/fsm-0.0.0-py3.8.egg-info
[9.154s] running install_scripts
[9.478s] Installing brsd_fsm_node script to /home/brsd/microros_ws/install/fsm/lib/fsm
[9.481s] Installing brsd_fsm_node_correction script to /home/brsd/microros_ws/install/fsm/lib/fsm
[9.484s] Installing brsd_fsm_node_path script to /home/brsd/microros_ws/install/fsm/lib/fsm
[9.497s] writing list of installed files to '/home/brsd/microros_ws/build/fsm/install.log'
[10.062s] Invoked command in '/home/brsd/microros_ws/src/fsm' returned '0': PYTHONPATH=/home/brsd/microros_ws/build/fsm/prefix_override:/usr/lib/python3/dist-packages/colcon_core/task/python/colcon_distutils_commands:/home/brsd/microros_ws/install/fsm/lib/python3.8/site-packages:${PYTHONPATH} /usr/bin/python3 -W ignore:setup.py install is deprecated setup.py egg_info --egg-base ../../build/fsm build --build-base /home/brsd/microros_ws/build/fsm/build install --record /home/brsd/microros_ws/build/fsm/install.log --install-scripts $base/lib/fsm --single-version-externally-managed install_data
