[6.837s] Invoking command in '/home/brsd/microros_ws/src/fsm': PYTHONPATH=/home/brsd/microros_ws/build/fsm/prefix_override:/usr/lib/python3/dist-packages/colcon_core/task/python/colcon_distutils_commands:/home/brsd/microros_ws/install/fsm/lib/python3.8/site-packages:${PYTHONPATH} /usr/bin/python3 -W ignore:setup.py install is deprecated setup.py egg_info --egg-base ../../build/fsm build --build-base /home/brsd/microros_ws/build/fsm/build install --record /home/brsd/microros_ws/build/fsm/install.log --install-scripts $base/lib/fsm --single-version-externally-managed install_data
[9.601s] running egg_info
[9.614s] writing ../../build/fsm/fsm.egg-info/PKG-INFO
[9.616s] writing dependency_links to ../../build/fsm/fsm.egg-info/dependency_links.txt
[9.619s] writing entry points to ../../build/fsm/fsm.egg-info/entry_points.txt
[9.620s] writing requirements to ../../build/fsm/fsm.egg-info/requires.txt
[9.620s] writing top-level names to ../../build/fsm/fsm.egg-info/top_level.txt
[9.948s] reading manifest file '../../build/fsm/fsm.egg-info/SOURCES.txt'
[9.955s] writing manifest file '../../build/fsm/fsm.egg-info/SOURCES.txt'
[9.955s] running build
[9.956s] running build_py
[9.961s] running install
[9.967s] running install_lib
[9.982s] running install_data
[9.986s] running install_egg_info
[9.995s] removing '/home/brsd/microros_ws/install/fsm/lib/python3.8/site-packages/fsm-0.0.0-py3.8.egg-info' (and everything under it)
[9.997s] Copying ../../build/fsm/fsm.egg-info to /home/brsd/microros_ws/install/fsm/lib/python3.8/site-packages/fsm-0.0.0-py3.8.egg-info
[10.014s] running install_scripts
[10.190s] Installing brsd_fsm_node script to /home/brsd/microros_ws/install/fsm/lib/fsm
[10.197s] Installing brsd_fsm_node_correction = fsm.brsd_fsm_node_correction:mainbrsd_fsm_node_correction_bump script to /home/brsd/microros_ws/install/fsm/lib/fsm
[10.205s] writing list of installed files to '/home/brsd/microros_ws/build/fsm/install.log'
[10.480s] Invoked command in '/home/brsd/microros_ws/src/fsm' returned '0': PYTHONPATH=/home/brsd/microros_ws/build/fsm/prefix_override:/usr/lib/python3/dist-packages/colcon_core/task/python/colcon_distutils_commands:/home/brsd/microros_ws/install/fsm/lib/python3.8/site-packages:${PYTHONPATH} /usr/bin/python3 -W ignore:setup.py install is deprecated setup.py egg_info --egg-base ../../build/fsm build --build-base /home/brsd/microros_ws/build/fsm/build install --record /home/brsd/microros_ws/build/fsm/install.log --install-scripts $base/lib/fsm --single-version-externally-managed install_data
