[6.366s] Invoking command in '/home/brsd/microros_ws/src/fsm': PYTHONPATH=/home/brsd/microros_ws/build/fsm/prefix_override:/usr/lib/python3/dist-packages/colcon_core/task/python/colcon_distutils_commands:/home/brsd/microros_ws/install/fsm/lib/python3.8/site-packages:${PYTHONPATH} /usr/bin/python3 -W ignore:setup.py install is deprecated setup.py egg_info --egg-base ../../build/fsm build --build-base /home/brsd/microros_ws/build/fsm/build install --record /home/brsd/microros_ws/build/fsm/install.log --install-scripts $base/lib/fsm --single-version-externally-managed install_data
[9.135s] running egg_info
[9.142s] writing ../../build/fsm/fsm.egg-info/PKG-INFO
[9.144s] writing dependency_links to ../../build/fsm/fsm.egg-info/dependency_links.txt
[9.145s] writing entry points to ../../build/fsm/fsm.egg-info/entry_points.txt
[9.147s] writing requirements to ../../build/fsm/fsm.egg-info/requires.txt
[9.150s] writing top-level names to ../../build/fsm/fsm.egg-info/top_level.txt
[9.654s] reading manifest file '../../build/fsm/fsm.egg-info/SOURCES.txt'
[9.662s] writing manifest file '../../build/fsm/fsm.egg-info/SOURCES.txt'
[9.664s] running build
[9.664s] running build_py
[9.667s] running install
[9.668s] running install_lib
[9.697s] running install_data
[9.698s] running install_egg_info
[9.713s] removing '/home/brsd/microros_ws/install/fsm/lib/python3.8/site-packages/fsm-0.0.0-py3.8.egg-info' (and everything under it)
[9.714s] Copying ../../build/fsm/fsm.egg-info to /home/brsd/microros_ws/install/fsm/lib/python3.8/site-packages/fsm-0.0.0-py3.8.egg-info
[9.727s] running install_scripts
[9.960s] Installing brsd_fsm_node script to /home/brsd/microros_ws/install/fsm/lib/fsm
[9.965s] Installing brsd_fsm_node_correction script to /home/brsd/microros_ws/install/fsm/lib/fsm
[9.968s] Installing brsd_fsm_node_metric script to /home/brsd/microros_ws/install/fsm/lib/fsm
[9.978s] Installing brsd_fsm_node_path script to /home/brsd/microros_ws/install/fsm/lib/fsm
[9.985s] writing list of installed files to '/home/brsd/microros_ws/build/fsm/install.log'
[10.933s] Invoked command in '/home/brsd/microros_ws/src/fsm' returned '0': PYTHONPATH=/home/brsd/microros_ws/build/fsm/prefix_override:/usr/lib/python3/dist-packages/colcon_core/task/python/colcon_distutils_commands:/home/brsd/microros_ws/install/fsm/lib/python3.8/site-packages:${PYTHONPATH} /usr/bin/python3 -W ignore:setup.py install is deprecated setup.py egg_info --egg-base ../../build/fsm build --build-base /home/brsd/microros_ws/build/fsm/build install --record /home/brsd/microros_ws/build/fsm/install.log --install-scripts $base/lib/fsm --single-version-externally-managed install_data
