[6.923s] Invoking command in '/home/brsd/microros_ws/src/pathfinding': PYTHONPATH=/home/brsd/microros_ws/build/pathfinding/prefix_override:/usr/lib/python3/dist-packages/colcon_core/task/python/colcon_distutils_commands:/home/brsd/microros_ws/install/pathfinding/lib/python3.8/site-packages:${PYTHONPATH} /usr/bin/python3 -W ignore:setup.py install is deprecated setup.py egg_info --egg-base ../../build/pathfinding build --build-base /home/brsd/microros_ws/build/pathfinding/build install --record /home/brsd/microros_ws/build/pathfinding/install.log --install-scripts $base/lib/pathfinding --single-version-externally-managed install_data
[10.059s] running egg_info
[10.076s] writing ../../build/pathfinding/pathfinding.egg-info/PKG-INFO
[10.076s] writing dependency_links to ../../build/pathfinding/pathfinding.egg-info/dependency_links.txt
[10.077s] writing entry points to ../../build/pathfinding/pathfinding.egg-info/entry_points.txt
[10.077s] writing requirements to ../../build/pathfinding/pathfinding.egg-info/requires.txt
[10.088s] writing top-level names to ../../build/pathfinding/pathfinding.egg-info/top_level.txt
[10.504s] reading manifest file '../../build/pathfinding/pathfinding.egg-info/SOURCES.txt'
[10.526s] writing manifest file '../../build/pathfinding/pathfinding.egg-info/SOURCES.txt'
[10.527s] running build
[10.532s] running build_py
[10.535s] running install
[10.541s] running install_lib
[10.572s] running install_data
[10.572s] running install_egg_info
[10.592s] removing '/home/brsd/microros_ws/install/pathfinding/lib/python3.8/site-packages/pathfinding-0.0.0-py3.8.egg-info' (and everything under it)
[10.599s] Copying ../../build/pathfinding/pathfinding.egg-info to /home/brsd/microros_ws/install/pathfinding/lib/python3.8/site-packages/pathfinding-0.0.0-py3.8.egg-info
[10.601s] running install_scripts
[10.693s] Installing image_display_node script to /home/brsd/microros_ws/install/pathfinding/lib/pathfinding
[10.698s] Installing pathfinding_node script to /home/brsd/microros_ws/install/pathfinding/lib/pathfinding
[10.700s] writing list of installed files to '/home/brsd/microros_ws/build/pathfinding/install.log'
[10.927s] Invoked command in '/home/brsd/microros_ws/src/pathfinding' returned '0': PYTHONPATH=/home/brsd/microros_ws/build/pathfinding/prefix_override:/usr/lib/python3/dist-packages/colcon_core/task/python/colcon_distutils_commands:/home/brsd/microros_ws/install/pathfinding/lib/python3.8/site-packages:${PYTHONPATH} /usr/bin/python3 -W ignore:setup.py install is deprecated setup.py egg_info --egg-base ../../build/pathfinding build --build-base /home/brsd/microros_ws/build/pathfinding/build install --record /home/brsd/microros_ws/build/pathfinding/install.log --install-scripts $base/lib/pathfinding --single-version-externally-managed install_data
