[10.476s] Invoking command in '/home/brsd/microros_ws/src/joystick_input': PYTHONPATH=/home/brsd/microros_ws/build/joystick_input/prefix_override:/usr/lib/python3/dist-packages/colcon_core/task/python/colcon_distutils_commands:/home/brsd/microros_ws/install/joystick_input/lib/python3.8/site-packages:${PYTHONPATH} /usr/bin/python3 -W ignore:setup.py install is deprecated setup.py egg_info --egg-base ../../build/joystick_input build --build-base /home/brsd/microros_ws/build/joystick_input/build install --record /home/brsd/microros_ws/build/joystick_input/install.log --install-scripts $base/lib/joystick_input --single-version-externally-managed install_data
[13.389s] running egg_info
[13.397s] writing ../../build/joystick_input/joystick_input.egg-info/PKG-INFO
[13.401s] writing dependency_links to ../../build/joystick_input/joystick_input.egg-info/dependency_links.txt
[13.405s] writing entry points to ../../build/joystick_input/joystick_input.egg-info/entry_points.txt
[13.410s] writing requirements to ../../build/joystick_input/joystick_input.egg-info/requires.txt
[13.413s] writing top-level names to ../../build/joystick_input/joystick_input.egg-info/top_level.txt
[13.717s] reading manifest file '../../build/joystick_input/joystick_input.egg-info/SOURCES.txt'
[13.765s] writing manifest file '../../build/joystick_input/joystick_input.egg-info/SOURCES.txt'
[13.767s] running build
[13.768s] running build_py
[13.769s] running install
[13.773s] running install_lib
[13.802s] running install_data
[13.804s] running install_egg_info
[13.820s] removing '/home/brsd/microros_ws/install/joystick_input/lib/python3.8/site-packages/joystick_input-0.0.0-py3.8.egg-info' (and everything under it)
[13.829s] Copying ../../build/joystick_input/joystick_input.egg-info to /home/brsd/microros_ws/install/joystick_input/lib/python3.8/site-packages/joystick_input-0.0.0-py3.8.egg-info
[13.835s] running install_scripts
[14.045s] Installing joystick_node script to /home/brsd/microros_ws/install/joystick_input/lib/joystick_input
[14.048s] writing list of installed files to '/home/brsd/microros_ws/build/joystick_input/install.log'
[14.409s] Invoked command in '/home/brsd/microros_ws/src/joystick_input' returned '0': PYTHONPATH=/home/brsd/microros_ws/build/joystick_input/prefix_override:/usr/lib/python3/dist-packages/colcon_core/task/python/colcon_distutils_commands:/home/brsd/microros_ws/install/joystick_input/lib/python3.8/site-packages:${PYTHONPATH} /usr/bin/python3 -W ignore:setup.py install is deprecated setup.py egg_info --egg-base ../../build/joystick_input build --build-base /home/brsd/microros_ws/build/joystick_input/build install --record /home/brsd/microros_ws/build/joystick_input/install.log --install-scripts $base/lib/joystick_input --single-version-externally-managed install_data
