[7.110s] Invoking command in '/home/brsd/microros_ws/src/pathfinding': PYTHONPATH=/home/brsd/microros_ws/build/pathfinding/prefix_override:/usr/lib/python3/dist-packages/colcon_core/task/python/colcon_distutils_commands:/home/brsd/microros_ws/install/pathfinding/lib/python3.8/site-packages:${PYTHONPATH} /usr/bin/python3 -W ignore:setup.py install is deprecated setup.py egg_info --egg-base ../../build/pathfinding build --build-base /home/brsd/microros_ws/build/pathfinding/build install --record /home/brsd/microros_ws/build/pathfinding/install.log --install-scripts $base/lib/pathfinding --single-version-externally-managed install_data
[10.417s] running egg_info
[10.432s] writing ../../build/pathfinding/pathfinding.egg-info/PKG-INFO
[10.435s] writing dependency_links to ../../build/pathfinding/pathfinding.egg-info/dependency_links.txt
[10.440s] writing entry points to ../../build/pathfinding/pathfinding.egg-info/entry_points.txt
[10.442s] writing requirements to ../../build/pathfinding/pathfinding.egg-info/requires.txt
[10.445s] writing top-level names to ../../build/pathfinding/pathfinding.egg-info/top_level.txt
[10.939s] reading manifest file '../../build/pathfinding/pathfinding.egg-info/SOURCES.txt'
[10.957s] writing manifest file '../../build/pathfinding/pathfinding.egg-info/SOURCES.txt'
[10.959s] running build
[10.960s] running build_py
[10.967s] copying pathfinding/pathfinding_final.py -> /home/brsd/microros_ws/build/pathfinding/build/lib/pathfinding
[10.967s] running install
[10.969s] running install_lib
[10.983s] copying /home/brsd/microros_ws/build/pathfinding/build/lib/pathfinding/pathfinding_final.py -> /home/brsd/microros_ws/install/pathfinding/lib/python3.8/site-packages/pathfinding
[10.999s] byte-compiling /home/brsd/microros_ws/install/pathfinding/lib/python3.8/site-packages/pathfinding/pathfinding_final.py to pathfinding_final.cpython-38.pyc
[11.045s] running install_data
[11.048s] running install_egg_info
[11.072s] removing '/home/brsd/microros_ws/install/pathfinding/lib/python3.8/site-packages/pathfinding-0.0.0-py3.8.egg-info' (and everything under it)
[11.092s] Copying ../../build/pathfinding/pathfinding.egg-info to /home/brsd/microros_ws/install/pathfinding/lib/python3.8/site-packages/pathfinding-0.0.0-py3.8.egg-info
[11.111s] running install_scripts
[11.276s] Installing image_display_node script to /home/brsd/microros_ws/install/pathfinding/lib/pathfinding
[11.281s] Installing pathfinding_node script to /home/brsd/microros_ws/install/pathfinding/lib/pathfinding
[11.286s] writing list of installed files to '/home/brsd/microros_ws/build/pathfinding/install.log'
[11.485s] Invoked command in '/home/brsd/microros_ws/src/pathfinding' returned '0': PYTHONPATH=/home/brsd/microros_ws/build/pathfinding/prefix_override:/usr/lib/python3/dist-packages/colcon_core/task/python/colcon_distutils_commands:/home/brsd/microros_ws/install/pathfinding/lib/python3.8/site-packages:${PYTHONPATH} /usr/bin/python3 -W ignore:setup.py install is deprecated setup.py egg_info --egg-base ../../build/pathfinding build --build-base /home/brsd/microros_ws/build/pathfinding/build install --record /home/brsd/microros_ws/build/pathfinding/install.log --install-scripts $base/lib/pathfinding --single-version-externally-managed install_data
