[3.226s] Invoking command in '/home/brsd/microros_ws/build/micro_ros_setup': CMAKE_PREFIX_PATH=${CMAKE_PREFIX_PATH}:/home/brsd/microros_ws/install/person_detection:/home/brsd/microros_ws/install/pathfinding:/home/brsd/microros_ws/install/object_detection_pkg:/home/brsd/microros_ws/install/joystick_input:/home/brsd/microros_ws/install/jetson_comm:/home/brsd/microros_ws/install/fsm:/opt/ros/foxy /usr/bin/cmake --build /home/brsd/microros_ws/build/micro_ros_setup -- -j4 -l4
[6.275s] Invoked command in '/home/brsd/microros_ws/build/micro_ros_setup' returned '0': CMAKE_PREFIX_PATH=${CMAKE_PREFIX_PATH}:/home/brsd/microros_ws/install/person_detection:/home/brsd/microros_ws/install/pathfinding:/home/brsd/microros_ws/install/object_detection_pkg:/home/brsd/microros_ws/install/joystick_input:/home/brsd/microros_ws/install/jetson_comm:/home/brsd/microros_ws/install/fsm:/opt/ros/foxy /usr/bin/cmake --build /home/brsd/microros_ws/build/micro_ros_setup -- -j4 -l4
[6.652s] Invoking command in '/home/brsd/microros_ws/build/micro_ros_setup': CMAKE_PREFIX_PATH=${CMAKE_PREFIX_PATH}:/home/brsd/microros_ws/install/person_detection:/home/brsd/microros_ws/install/pathfinding:/home/brsd/microros_ws/install/object_detection_pkg:/home/brsd/microros_ws/install/joystick_input:/home/brsd/microros_ws/install/jetson_comm:/home/brsd/microros_ws/install/fsm:/opt/ros/foxy /usr/bin/cmake --install /home/brsd/microros_ws/build/micro_ros_setup
[6.784s] -- Install configuration: ""
[6.785s] -- Up-to-date: /home/brsd/microros_ws/install/micro_ros_setup/share/ament_index/resource_index/package_run_dependencies/micro_ros_setup
[6.785s] -- Up-to-date: /home/brsd/microros_ws/install/micro_ros_setup/share/ament_index/resource_index/parent_prefix_path/micro_ros_setup
[6.786s] -- Up-to-date: /home/brsd/microros_ws/install/micro_ros_setup/share/micro_ros_setup/environment/ament_prefix_path.sh
[6.786s] -- Up-to-date: /home/brsd/microros_ws/install/micro_ros_setup/share/micro_ros_setup/environment/ament_prefix_path.dsv
[6.787s] -- Up-to-date: /home/brsd/microros_ws/install/micro_ros_setup/share/micro_ros_setup/environment/path.sh
[6.788s] -- Up-to-date: /home/brsd/microros_ws/install/micro_ros_setup/share/micro_ros_setup/environment/path.dsv
[6.788s] -- Up-to-date: /home/brsd/microros_ws/install/micro_ros_setup/share/micro_ros_setup/local_setup.bash
[6.789s] -- Up-to-date: /home/brsd/microros_ws/install/micro_ros_setup/share/micro_ros_setup/local_setup.sh
[6.789s] -- Up-to-date: /home/brsd/microros_ws/install/micro_ros_setup/share/micro_ros_setup/local_setup.zsh
[6.790s] -- Up-to-date: /home/brsd/microros_ws/install/micro_ros_setup/share/micro_ros_setup/local_setup.dsv
[6.795s] -- Installing: /home/brsd/microros_ws/install/micro_ros_setup/share/micro_ros_setup/package.dsv
[6.803s] -- Up-to-date: /home/brsd/microros_ws/install/micro_ros_setup/share/ament_index/resource_index/packages/micro_ros_setup
[6.804s] -- Up-to-date: /home/brsd/microros_ws/install/micro_ros_setup/share/micro_ros_setup/cmake/micro_ros_setupConfig.cmake
[6.804s] -- Up-to-date: /home/brsd/microros_ws/install/micro_ros_setup/share/micro_ros_setup/cmake/micro_ros_setupConfig-version.cmake
[6.805s] -- Up-to-date: /home/brsd/microros_ws/install/micro_ros_setup/share/micro_ros_setup/package.xml
[6.807s] -- Up-to-date: /home/brsd/microros_ws/install/micro_ros_setup/./config
[6.808s] -- Up-to-date: /home/brsd/microros_ws/install/micro_ros_setup/./config/client_ros2_packages.txt
[6.814s] -- Up-to-date: /home/brsd/microros_ws/install/micro_ros_setup/./config/raspbian
[6.815s] -- Up-to-date: /home/brsd/microros_ws/install/micro_ros_setup/./config/raspbian/generic
[6.817s] -- Up-to-date: /home/brsd/microros_ws/install/micro_ros_setup/./config/raspbian/generic/build.sh
[6.818s] -- Up-to-date: /home/brsd/microros_ws/install/micro_ros_setup/./config/raspbian/generic/configure.sh
[6.819s] -- Up-to-date: /home/brsd/microros_ws/install/micro_ros_setup/./config/raspbian/generic/client_uros_packages.repos
[6.819s] -- Up-to-date: /home/brsd/microros_ws/install/micro_ros_setup/./config/raspbian/generic/create.sh
[6.823s] -- Up-to-date: /home/brsd/microros_ws/install/micro_ros_setup/./config/raspbian/generic/flash.sh
[6.824s] -- Up-to-date: /home/brsd/microros_ws/install/micro_ros_setup/./config/raspbian/generic/client-colcon.meta
[6.832s] -- Up-to-date: /home/brsd/microros_ws/install/micro_ros_setup/./config/raspbian/generic/supported_platforms
[6.835s] -- Up-to-date: /home/brsd/microros_ws/install/micro_ros_setup/./config/raspbian/dev_uros_packages.repos
[6.837s] -- Up-to-date: /home/brsd/microros_ws/install/micro_ros_setup/./config/raspbian/dev_ros2_packages.txt
[6.838s] -- Up-to-date: /home/brsd/microros_ws/install/micro_ros_setup/./config/client_uros_packages.repos
[6.839s] -- Up-to-date: /home/brsd/microros_ws/install/micro_ros_setup/./config/zephyr
[6.841s] -- Up-to-date: /home/brsd/microros_ws/install/micro_ros_setup/./config/zephyr/list_apps.sh
[6.846s] -- Up-to-date: /home/brsd/microros_ws/install/micro_ros_setup/./config/zephyr/generic
[6.847s] -- Up-to-date: /home/brsd/microros_ws/install/micro_ros_setup/./config/zephyr/generic/build.sh
[6.851s] -- Up-to-date: /home/brsd/microros_ws/install/micro_ros_setup/./config/zephyr/generic/configure.sh
[6.853s] -- Up-to-date: /home/brsd/microros_ws/install/micro_ros_setup/./config/zephyr/generic/client_uros_packages.repos
[6.854s] -- Up-to-date: /home/brsd/microros_ws/install/micro_ros_setup/./config/zephyr/generic/package.xml
[6.855s] -- Up-to-date: /home/brsd/microros_ws/install/micro_ros_setup/./config/zephyr/generic/create.sh
[6.855s] -- Up-to-date: /home/brsd/microros_ws/install/micro_ros_setup/./config/zephyr/generic/flash.sh
[6.860s] -- Up-to-date: /home/brsd/microros_ws/install/micro_ros_setup/./config/zephyr/generic/board.repos
[6.860s] -- Up-to-date: /home/brsd/microros_ws/install/micro_ros_setup/./config/zephyr/generic/client-colcon.meta
[6.861s] -- Up-to-date: /home/brsd/microros_ws/install/micro_ros_setup/./config/zephyr/generic/reset.sh
[6.861s] -- Up-to-date: /home/brsd/microros_ws/install/micro_ros_setup/./config/zephyr/generic/supported_platforms
[6.862s] -- Up-to-date: /home/brsd/microros_ws/install/micro_ros_setup/./config/zephyr/dev_uros_packages.repos
[6.862s] -- Up-to-date: /home/brsd/microros_ws/install/micro_ros_setup/./config/zephyr/dev_ros2_packages.txt
[6.874s] -- Up-to-date: /home/brsd/microros_ws/install/micro_ros_setup/./config/renesas_ra
[6.876s] -- Up-to-date: /home/brsd/microros_ws/install/micro_ros_setup/./config/renesas_ra/list_apps.sh
[6.877s] -- Up-to-date: /home/brsd/microros_ws/install/micro_ros_setup/./config/renesas_ra/ra6m5
[6.877s] -- Up-to-date: /home/brsd/microros_ws/install/micro_ros_setup/./config/renesas_ra/ra6m5/build.sh
[6.878s] -- Up-to-date: /home/brsd/microros_ws/install/micro_ros_setup/./config/renesas_ra/ra6m5/configure.sh
[6.891s] -- Up-to-date: /home/brsd/microros_ws/install/micro_ros_setup/./config/renesas_ra/ra6m5/client_uros_packages.repos
[6.892s] -- Up-to-date: /home/brsd/microros_ws/install/micro_ros_setup/./config/renesas_ra/ra6m5/create.sh
[6.892s] -- Up-to-date: /home/brsd/microros_ws/install/micro_ros_setup/./config/renesas_ra/ra6m5/flash.sh
[6.893s] -- Up-to-date: /home/brsd/microros_ws/install/micro_ros_setup/./config/renesas_ra/ra6m5/board.repos
[6.893s] -- Up-to-date: /home/brsd/microros_ws/install/micro_ros_setup/./config/renesas_ra/ra6m5/client-colcon.meta
[6.894s] -- Up-to-date: /home/brsd/microros_ws/install/micro_ros_setup/./config/renesas_ra/dev_uros_packages.repos
[6.895s] -- Up-to-date: /home/brsd/microros_ws/install/micro_ros_setup/./config/renesas_ra/dev_ros2_packages.txt
[6.895s] -- Up-to-date: /home/brsd/microros_ws/install/micro_ros_setup/./config/freertos
[6.906s] -- Up-to-date: /home/brsd/microros_ws/install/micro_ros_setup/./config/freertos/list_apps.sh
[6.907s] -- Up-to-date: /home/brsd/microros_ws/install/micro_ros_setup/./config/freertos/dev_uros_packages.repos
[6.908s] -- Up-to-date: /home/brsd/microros_ws/install/micro_ros_setup/./config/freertos/nucleo_f746zg
[6.908s] -- Up-to-date: /home/brsd/microros_ws/install/micro_ros_setup/./config/freertos/nucleo_f746zg/build.sh
[6.911s] -- Up-to-date: /home/brsd/microros_ws/install/micro_ros_setup/./config/freertos/nucleo_f746zg/configure.sh
[6.913s] -- Up-to-date: /home/brsd/microros_ws/install/micro_ros_setup/./config/freertos/nucleo_f746zg/client_uros_packages.repos
[6.914s] -- Up-to-date: /home/brsd/microros_ws/install/micro_ros_setup/./config/freertos/nucleo_f746zg/package.xml
[6.923s] -- Up-to-date: /home/brsd/microros_ws/install/micro_ros_setup/./config/freertos/nucleo_f746zg/create.sh
[6.923s] -- Up-to-date: /home/brsd/microros_ws/install/micro_ros_setup/./config/freertos/nucleo_f746zg/flash.sh
[6.924s] -- Up-to-date: /home/brsd/microros_ws/install/micro_ros_setup/./config/freertos/nucleo_f746zg/board.repos
[6.924s] -- Up-to-date: /home/brsd/microros_ws/install/micro_ros_setup/./config/freertos/nucleo_f746zg/client-colcon.meta
[6.925s] -- Up-to-date: /home/brsd/microros_ws/install/micro_ros_setup/./config/freertos/nucleo_f746zg/reset.sh
[6.930s] -- Up-to-date: /home/brsd/microros_ws/install/micro_ros_setup/./config/freertos/crazyflie21
[6.930s] -- Up-to-date: /home/brsd/microros_ws/install/micro_ros_setup/./config/freertos/crazyflie21/build.sh
[6.931s] -- Up-to-date: /home/brsd/microros_ws/install/micro_ros_setup/./config/freertos/crazyflie21/configure.sh
[6.937s] -- Up-to-date: /home/brsd/microros_ws/install/micro_ros_setup/./config/freertos/crazyflie21/client_uros_packages.repos
[6.937s] -- Up-to-date: /home/brsd/microros_ws/install/micro_ros_setup/./config/freertos/crazyflie21/package.xml
[6.939s] -- Up-to-date: /home/brsd/microros_ws/install/micro_ros_setup/./config/freertos/crazyflie21/create.sh
[6.940s] -- Up-to-date: /home/brsd/microros_ws/install/micro_ros_setup/./config/freertos/crazyflie21/flash.sh
[6.940s] -- Up-to-date: /home/brsd/microros_ws/install/micro_ros_setup/./config/freertos/crazyflie21/board.repos
[6.957s] -- Up-to-date: /home/brsd/microros_ws/install/micro_ros_setup/./config/freertos/crazyflie21/client-colcon.meta
[6.957s] -- Up-to-date: /home/brsd/microros_ws/install/micro_ros_setup/./config/freertos/nucleo_f446re
[6.958s] -- Up-to-date: /home/brsd/microros_ws/install/micro_ros_setup/./config/freertos/nucleo_f446re/build.sh
[6.959s] -- Up-to-date: /home/brsd/microros_ws/install/micro_ros_setup/./config/freertos/nucleo_f446re/configure.sh
[6.959s] -- Up-to-date: /home/brsd/microros_ws/install/micro_ros_setup/./config/freertos/nucleo_f446re/client_uros_packages.repos
[6.961s] -- Up-to-date: /home/brsd/microros_ws/install/micro_ros_setup/./config/freertos/nucleo_f446re/package.xml
[6.962s] -- Up-to-date: /home/brsd/microros_ws/install/micro_ros_setup/./config/freertos/nucleo_f446re/create.sh
[6.963s] -- Up-to-date: /home/brsd/microros_ws/install/micro_ros_setup/./config/freertos/nucleo_f446re/flash.sh
[6.963s] -- Up-to-date: /home/brsd/microros_ws/install/micro_ros_setup/./config/freertos/nucleo_f446re/board.repos
[6.964s] -- Up-to-date: /home/brsd/microros_ws/install/micro_ros_setup/./config/freertos/nucleo_f446re/client-colcon.meta
[6.964s] -- Up-to-date: /home/brsd/microros_ws/install/micro_ros_setup/./config/freertos/nucleo_f446re/reset.sh
[6.965s] -- Up-to-date: /home/brsd/microros_ws/install/micro_ros_setup/./config/freertos/esp32
[6.966s] -- Up-to-date: /home/brsd/microros_ws/install/micro_ros_setup/./config/freertos/esp32/README.md
[6.966s] -- Up-to-date: /home/brsd/microros_ws/install/micro_ros_setup/./config/freertos/esp32/build.sh
[6.967s] -- Up-to-date: /home/brsd/microros_ws/install/micro_ros_setup/./config/freertos/esp32/configure.sh
[6.967s] -- Up-to-date: /home/brsd/microros_ws/install/micro_ros_setup/./config/freertos/esp32/client_uros_packages.repos
[6.968s] -- Up-to-date: /home/brsd/microros_ws/install/micro_ros_setup/./config/freertos/esp32/package.xml
[6.968s] -- Up-to-date: /home/brsd/microros_ws/install/micro_ros_setup/./config/freertos/esp32/create.sh
[6.996s] -- Up-to-date: /home/brsd/microros_ws/install/micro_ros_setup/./config/freertos/esp32/flash.sh
[6.997s] -- Up-to-date: /home/brsd/microros_ws/install/micro_ros_setup/./config/freertos/esp32/board.repos
[6.998s] -- Up-to-date: /home/brsd/microros_ws/install/micro_ros_setup/./config/freertos/esp32/client-colcon.meta
[6.999s] -- Up-to-date: /home/brsd/microros_ws/install/micro_ros_setup/./config/freertos/nucleo_f767zi
[6.999s] -- Up-to-date: /home/brsd/microros_ws/install/micro_ros_setup/./config/freertos/nucleo_f767zi/build.sh
[7.000s] -- Up-to-date: /home/brsd/microros_ws/install/micro_ros_setup/./config/freertos/nucleo_f767zi/configure.sh
[7.000s] -- Up-to-date: /home/brsd/microros_ws/install/micro_ros_setup/./config/freertos/nucleo_f767zi/client_uros_packages.repos
[7.001s] -- Up-to-date: /home/brsd/microros_ws/install/micro_ros_setup/./config/freertos/nucleo_f767zi/package.xml
[7.001s] -- Up-to-date: /home/brsd/microros_ws/install/micro_ros_setup/./config/freertos/nucleo_f767zi/create.sh
[7.002s] -- Up-to-date: /home/brsd/microros_ws/install/micro_ros_setup/./config/freertos/nucleo_f767zi/flash.sh
[7.002s] -- Up-to-date: /home/brsd/microros_ws/install/micro_ros_setup/./config/freertos/nucleo_f767zi/board.repos
[7.003s] -- Up-to-date: /home/brsd/microros_ws/install/micro_ros_setup/./config/freertos/nucleo_f767zi/client-colcon.meta
[7.003s] -- Up-to-date: /home/brsd/microros_ws/install/micro_ros_setup/./config/freertos/nucleo_f767zi/reset.sh
[7.004s] -- Up-to-date: /home/brsd/microros_ws/install/micro_ros_setup/./config/freertos/olimex-stm32-e407
[7.004s] -- Up-to-date: /home/brsd/microros_ws/install/micro_ros_setup/./config/freertos/olimex-stm32-e407/build.sh
[7.004s] -- Up-to-date: /home/brsd/microros_ws/install/micro_ros_setup/./config/freertos/olimex-stm32-e407/configure.sh
[7.005s] -- Up-to-date: /home/brsd/microros_ws/install/micro_ros_setup/./config/freertos/olimex-stm32-e407/client_uros_packages.repos
[7.005s] -- Up-to-date: /home/brsd/microros_ws/install/micro_ros_setup/./config/freertos/olimex-stm32-e407/package.xml
[7.015s] -- Up-to-date: /home/brsd/microros_ws/install/micro_ros_setup/./config/freertos/olimex-stm32-e407/create.sh
[7.016s] -- Up-to-date: /home/brsd/microros_ws/install/micro_ros_setup/./config/freertos/olimex-stm32-e407/flash.sh
[7.016s] -- Up-to-date: /home/brsd/microros_ws/install/micro_ros_setup/./config/freertos/olimex-stm32-e407/board.repos
[7.017s] -- Up-to-date: /home/brsd/microros_ws/install/micro_ros_setup/./config/freertos/olimex-stm32-e407/client-colcon.meta
[7.017s] -- Up-to-date: /home/brsd/microros_ws/install/micro_ros_setup/./config/freertos/olimex-stm32-e407/reset.sh
[7.018s] -- Up-to-date: /home/brsd/microros_ws/install/micro_ros_setup/./config/freertos/nucleo_f446ze
[7.018s] -- Up-to-date: /home/brsd/microros_ws/install/micro_ros_setup/./config/freertos/nucleo_f446ze/build.sh
[7.019s] -- Up-to-date: /home/brsd/microros_ws/install/micro_ros_setup/./config/freertos/nucleo_f446ze/configure.sh
[7.019s] -- Up-to-date: /home/brsd/microros_ws/install/micro_ros_setup/./config/freertos/nucleo_f446ze/client_uros_packages.repos
[7.040s] -- Up-to-date: /home/brsd/microros_ws/install/micro_ros_setup/./config/freertos/nucleo_f446ze/package.xml
[7.041s] -- Up-to-date: /home/brsd/microros_ws/install/micro_ros_setup/./config/freertos/nucleo_f446ze/create.sh
[7.041s] -- Up-to-date: /home/brsd/microros_ws/install/micro_ros_setup/./config/freertos/nucleo_f446ze/flash.sh
[7.042s] -- Up-to-date: /home/brsd/microros_ws/install/micro_ros_setup/./config/freertos/nucleo_f446ze/board.repos
[7.042s] -- Up-to-date: /home/brsd/microros_ws/install/micro_ros_setup/./config/freertos/nucleo_f446ze/client-colcon.meta
[7.043s] -- Up-to-date: /home/brsd/microros_ws/install/micro_ros_setup/./config/freertos/nucleo_f446ze/reset.sh
[7.043s] -- Up-to-date: /home/brsd/microros_ws/install/micro_ros_setup/./config/freertos/dev_ros2_packages.txt
[7.044s] -- Up-to-date: /home/brsd/microros_ws/install/micro_ros_setup/./config/agent_ros2_packages.txt
[7.044s] -- Up-to-date: /home/brsd/microros_ws/install/micro_ros_setup/./config/utils.sh
[7.045s] -- Up-to-date: /home/brsd/microros_ws/install/micro_ros_setup/./config/nuttx
[7.046s] -- Up-to-date: /home/brsd/microros_ws/install/micro_ros_setup/./config/nuttx/generic
[7.046s] -- Up-to-date: /home/brsd/microros_ws/install/micro_ros_setup/./config/nuttx/generic/build.sh
[7.053s] -- Up-to-date: /home/brsd/microros_ws/install/micro_ros_setup/./config/nuttx/generic/configure.sh
[7.053s] -- Up-to-date: /home/brsd/microros_ws/install/micro_ros_setup/./config/nuttx/generic/client_uros_packages.repos
[7.054s] -- Up-to-date: /home/brsd/microros_ws/install/micro_ros_setup/./config/nuttx/generic/package.xml
[7.054s] -- Up-to-date: /home/brsd/microros_ws/install/micro_ros_setup/./config/nuttx/generic/create.sh
[7.055s] -- Up-to-date: /home/brsd/microros_ws/install/micro_ros_setup/./config/nuttx/generic/flash.sh
[7.055s] -- Up-to-date: /home/brsd/microros_ws/install/micro_ros_setup/./config/nuttx/generic/uros_packages.repos
[7.056s] -- Up-to-date: /home/brsd/microros_ws/install/micro_ros_setup/./config/nuttx/generic/client-colcon.meta
[7.056s] -- Up-to-date: /home/brsd/microros_ws/install/micro_ros_setup/./config/nuttx/generic/reset.sh
[7.059s] -- Up-to-date: /home/brsd/microros_ws/install/micro_ros_setup/./config/nuttx/generic/supported_platforms
[7.059s] -- Up-to-date: /home/brsd/microros_ws/install/micro_ros_setup/./config/nuttx/dev_uros_packages.repos
[7.060s] -- Up-to-date: /home/brsd/microros_ws/install/micro_ros_setup/./config/nuttx/dev_ros2_packages.txt
[7.060s] -- Up-to-date: /home/brsd/microros_ws/install/micro_ros_setup/./config/generate_lib
[7.061s] -- Up-to-date: /home/brsd/microros_ws/install/micro_ros_setup/./config/generate_lib/generic
[7.062s] -- Up-to-date: /home/brsd/microros_ws/install/micro_ros_setup/./config/generate_lib/generic/build.sh
[7.062s] -- Up-to-date: /home/brsd/microros_ws/install/micro_ros_setup/./config/generate_lib/generic/client_uros_packages.repos
[7.070s] -- Up-to-date: /home/brsd/microros_ws/install/micro_ros_setup/./config/generate_lib/generic/package.xml
[7.071s] -- Up-to-date: /home/brsd/microros_ws/install/micro_ros_setup/./config/generate_lib/generic/create.sh
[7.072s] -- Up-to-date: /home/brsd/microros_ws/install/micro_ros_setup/./config/generate_lib/generic/flash.sh
[7.072s] -- Up-to-date: /home/brsd/microros_ws/install/micro_ros_setup/./config/generate_lib/generic/demo_toolchain.cmake
[7.072s] -- Up-to-date: /home/brsd/microros_ws/install/micro_ros_setup/./config/generate_lib/generic/client-colcon.meta
[7.073s] -- Up-to-date: /home/brsd/microros_ws/install/micro_ros_setup/./config/generate_lib/dev_uros_packages.repos
[7.075s] -- Up-to-date: /home/brsd/microros_ws/install/micro_ros_setup/./config/generate_lib/dev_ros2_packages.txt
[7.075s] -- Up-to-date: /home/brsd/microros_ws/install/micro_ros_setup/./config/agent_uros_packages.repos
[7.076s] -- Up-to-date: /home/brsd/microros_ws/install/micro_ros_setup/./config/host
[7.076s] -- Up-to-date: /home/brsd/microros_ws/install/micro_ros_setup/./config/host/client_ros2_packages.txt
[7.077s] -- Up-to-date: /home/brsd/microros_ws/install/micro_ros_setup/./config/host/generic
[7.077s] -- Up-to-date: /home/brsd/microros_ws/install/micro_ros_setup/./config/host/generic/build.sh
[7.078s] -- Up-to-date: /home/brsd/microros_ws/install/micro_ros_setup/./config/host/generic/package.xml
[7.079s] -- Up-to-date: /home/brsd/microros_ws/install/micro_ros_setup/./config/host/generic/create.sh
[7.086s] -- Up-to-date: /home/brsd/microros_ws/install/micro_ros_setup/./config/host/generic/flash.sh
[7.089s] -- Up-to-date: /home/brsd/microros_ws/install/micro_ros_setup/./config/host/generic/client-host-colcon.meta
[7.089s] -- Up-to-date: /home/brsd/microros_ws/install/micro_ros_setup/./config/host/generic/reset.sh
[7.090s] -- Up-to-date: /home/brsd/microros_ws/install/micro_ros_setup/./config/host/generic/client_host_packages.repos
[7.091s] -- Up-to-date: /home/brsd/microros_ws/install/micro_ros_setup/./config/host/dev_uros_packages.repos
[7.092s] -- Up-to-date: /home/brsd/microros_ws/install/micro_ros_setup/./config/host/dev_ros2_packages.txt
[7.093s] -- Up-to-date: /home/brsd/microros_ws/install/micro_ros_setup/lib/micro_ros_setup/create_ws.sh
[7.093s] -- Up-to-date: /home/brsd/microros_ws/install/micro_ros_setup/lib/micro_ros_setup/create_agent_ws.sh
[7.096s] -- Up-to-date: /home/brsd/microros_ws/install/micro_ros_setup/lib/micro_ros_setup/create_firmware_ws.sh
[7.098s] -- Up-to-date: /home/brsd/microros_ws/install/micro_ros_setup/lib/micro_ros_setup/configure_firmware.sh
[7.099s] -- Up-to-date: /home/brsd/microros_ws/install/micro_ros_setup/lib/micro_ros_setup/flash_firmware.sh
[7.099s] -- Up-to-date: /home/brsd/microros_ws/install/micro_ros_setup/lib/micro_ros_setup/reset_firmware.sh
[7.100s] -- Up-to-date: /home/brsd/microros_ws/install/micro_ros_setup/lib/micro_ros_setup/build_firmware.sh
[7.100s] -- Up-to-date: /home/brsd/microros_ws/install/micro_ros_setup/lib/micro_ros_setup/build_agent.sh
[7.101s] -- Up-to-date: /home/brsd/microros_ws/install/micro_ros_setup/lib/micro_ros_setup/yaml_filter.py
[7.101s] -- Up-to-date: /home/brsd/microros_ws/install/micro_ros_setup/lib/micro_ros_setup/clean_env.sh
[7.122s] Invoked command in '/home/brsd/microros_ws/build/micro_ros_setup' returned '0': CMAKE_PREFIX_PATH=${CMAKE_PREFIX_PATH}:/home/brsd/microros_ws/install/person_detection:/home/brsd/microros_ws/install/pathfinding:/home/brsd/microros_ws/install/object_detection_pkg:/home/brsd/microros_ws/install/joystick_input:/home/brsd/microros_ws/install/jetson_comm:/home/brsd/microros_ws/install/fsm:/opt/ros/foxy /usr/bin/cmake --install /home/brsd/microros_ws/build/micro_ros_setup
