[7.513s] Invoking command in '/home/brsd/microros_ws/src/pathfinding': PYTHONPATH=/home/brsd/microros_ws/build/pathfinding/prefix_override:/usr/lib/python3/dist-packages/colcon_core/task/python/colcon_distutils_commands:/home/brsd/microros_ws/install/pathfinding/lib/python3.8/site-packages:${PYTHONPATH} /usr/bin/python3 -W ignore:setup.py install is deprecated setup.py egg_info --egg-base ../../build/pathfinding build --build-base /home/brsd/microros_ws/build/pathfinding/build install --record /home/brsd/microros_ws/build/pathfinding/install.log --install-scripts $base/lib/pathfinding --single-version-externally-managed install_data
[10.127s] running egg_info
[10.131s] writing ../../build/pathfinding/pathfinding.egg-info/PKG-INFO
[10.136s] writing dependency_links to ../../build/pathfinding/pathfinding.egg-info/dependency_links.txt
[10.139s] writing entry points to ../../build/pathfinding/pathfinding.egg-info/entry_points.txt
[10.141s] writing requirements to ../../build/pathfinding/pathfinding.egg-info/requires.txt
[10.143s] writing top-level names to ../../build/pathfinding/pathfinding.egg-info/top_level.txt
[10.410s] reading manifest file '../../build/pathfinding/pathfinding.egg-info/SOURCES.txt'
[10.426s] writing manifest file '../../build/pathfinding/pathfinding.egg-info/SOURCES.txt'
[10.428s] running build
[10.433s] running build_py
[10.434s] copying pathfinding/pathfinding.py -> /home/brsd/microros_ws/build/pathfinding/build/lib/pathfinding
[10.434s] running install
[10.443s] running install_lib
[10.457s] copying /home/brsd/microros_ws/build/pathfinding/build/lib/pathfinding/pathfinding.py -> /home/brsd/microros_ws/install/pathfinding/lib/python3.8/site-packages/pathfinding
[10.461s] byte-compiling /home/brsd/microros_ws/install/pathfinding/lib/python3.8/site-packages/pathfinding/pathfinding.py to pathfinding.cpython-38.pyc
[10.495s] running install_data
[10.498s] running install_egg_info
[10.513s] removing '/home/brsd/microros_ws/install/pathfinding/lib/python3.8/site-packages/pathfinding-0.0.0-py3.8.egg-info' (and everything under it)
[10.519s] Copying ../../build/pathfinding/pathfinding.egg-info to /home/brsd/microros_ws/install/pathfinding/lib/python3.8/site-packages/pathfinding-0.0.0-py3.8.egg-info
[10.527s] running install_scripts
[10.746s] Installing image_display_node script to /home/brsd/microros_ws/install/pathfinding/lib/pathfinding
[10.749s] Installing pathfinding_node script to /home/brsd/microros_ws/install/pathfinding/lib/pathfinding
[10.751s] writing list of installed files to '/home/brsd/microros_ws/build/pathfinding/install.log'
[10.985s] Invoked command in '/home/brsd/microros_ws/src/pathfinding' returned '0': PYTHONPATH=/home/brsd/microros_ws/build/pathfinding/prefix_override:/usr/lib/python3/dist-packages/colcon_core/task/python/colcon_distutils_commands:/home/brsd/microros_ws/install/pathfinding/lib/python3.8/site-packages:${PYTHONPATH} /usr/bin/python3 -W ignore:setup.py install is deprecated setup.py egg_info --egg-base ../../build/pathfinding build --build-base /home/brsd/microros_ws/build/pathfinding/build install --record /home/brsd/microros_ws/build/pathfinding/install.log --install-scripts $base/lib/pathfinding --single-version-externally-managed install_data
