[5.714s] Invoking command in '/home/brsd/microros_ws/src/fsm': PYTHONPATH=/home/brsd/microros_ws/build/fsm/prefix_override:/usr/lib/python3/dist-packages/colcon_core/task/python/colcon_distutils_commands:/home/brsd/microros_ws/install/fsm/lib/python3.8/site-packages:${PYTHONPATH} /usr/bin/python3 -W ignore:setup.py install is deprecated setup.py egg_info --egg-base ../../build/fsm build --build-base /home/brsd/microros_ws/build/fsm/build install --record /home/brsd/microros_ws/build/fsm/install.log --install-scripts $base/lib/fsm --single-version-externally-managed install_data
[7.476s] running egg_info
[7.480s] writing ../../build/fsm/fsm.egg-info/PKG-INFO
[7.484s] writing dependency_links to ../../build/fsm/fsm.egg-info/dependency_links.txt
[7.484s] writing entry points to ../../build/fsm/fsm.egg-info/entry_points.txt
[7.485s] writing requirements to ../../build/fsm/fsm.egg-info/requires.txt
[7.485s] writing top-level names to ../../build/fsm/fsm.egg-info/top_level.txt
[7.704s] reading manifest file '../../build/fsm/fsm.egg-info/SOURCES.txt'
[7.710s] writing manifest file '../../build/fsm/fsm.egg-info/SOURCES.txt'
[7.712s] running build
[7.713s] running build_py
[7.713s] running install
[7.719s] running install_lib
[7.727s] running install_data
[7.727s] running install_egg_info
[7.735s] removing '/home/brsd/microros_ws/install/fsm/lib/python3.8/site-packages/fsm-0.0.0-py3.8.egg-info' (and everything under it)
[7.743s] Copying ../../build/fsm/fsm.egg-info to /home/brsd/microros_ws/install/fsm/lib/python3.8/site-packages/fsm-0.0.0-py3.8.egg-info
[7.747s] running install_scripts
[7.860s] Installing brsd_fsm_node script to /home/brsd/microros_ws/install/fsm/lib/fsm
[7.865s] writing list of installed files to '/home/brsd/microros_ws/build/fsm/install.log'
[8.698s] Invoked command in '/home/brsd/microros_ws/src/fsm' returned '0': PYTHONPATH=/home/brsd/microros_ws/build/fsm/prefix_override:/usr/lib/python3/dist-packages/colcon_core/task/python/colcon_distutils_commands:/home/brsd/microros_ws/install/fsm/lib/python3.8/site-packages:${PYTHONPATH} /usr/bin/python3 -W ignore:setup.py install is deprecated setup.py egg_info --egg-base ../../build/fsm build --build-base /home/brsd/microros_ws/build/fsm/build install --record /home/brsd/microros_ws/build/fsm/install.log --install-scripts $base/lib/fsm --single-version-externally-managed install_data
