[10.802s] Invoking command in '/home/brsd/microros_ws/src/jetson_comm': PYTHONPATH=/home/brsd/microros_ws/build/jetson_comm/prefix_override:/usr/lib/python3/dist-packages/colcon_core/task/python/colcon_distutils_commands:/home/brsd/microros_ws/install/jetson_comm/lib/python3.8/site-packages:${PYTHONPATH} /usr/bin/python3 -W ignore:setup.py install is deprecated setup.py egg_info --egg-base ../../build/jetson_comm build --build-base /home/brsd/microros_ws/build/jetson_comm/build install --record /home/brsd/microros_ws/build/jetson_comm/install.log --install-scripts $base/lib/jetson_comm --single-version-externally-managed install_data
[13.369s] running egg_info
[13.404s] writing ../../build/jetson_comm/jetson_comm.egg-info/PKG-INFO
[13.405s] writing dependency_links to ../../build/jetson_comm/jetson_comm.egg-info/dependency_links.txt
[13.405s] writing entry points to ../../build/jetson_comm/jetson_comm.egg-info/entry_points.txt
[13.415s] writing requirements to ../../build/jetson_comm/jetson_comm.egg-info/requires.txt
[13.417s] writing top-level names to ../../build/jetson_comm/jetson_comm.egg-info/top_level.txt
[13.747s] reading manifest file '../../build/jetson_comm/jetson_comm.egg-info/SOURCES.txt'
[13.767s] writing manifest file '../../build/jetson_comm/jetson_comm.egg-info/SOURCES.txt'
[13.770s] running build
[13.771s] running build_py
[13.802s] running install
[13.803s] running install_lib
[13.803s] running install_data
[13.804s] running install_egg_info
[13.811s] removing '/home/brsd/microros_ws/install/jetson_comm/lib/python3.8/site-packages/jetson_comm-0.0.0-py3.8.egg-info' (and everything under it)
[13.819s] Copying ../../build/jetson_comm/jetson_comm.egg-info to /home/brsd/microros_ws/install/jetson_comm/lib/python3.8/site-packages/jetson_comm-0.0.0-py3.8.egg-info
[13.832s] running install_scripts
[14.033s] Installing jetson_node script to /home/brsd/microros_ws/install/jetson_comm/lib/jetson_comm
[14.050s] writing list of installed files to '/home/brsd/microros_ws/build/jetson_comm/install.log'
[14.360s] Invoked command in '/home/brsd/microros_ws/src/jetson_comm' returned '0': PYTHONPATH=/home/brsd/microros_ws/build/jetson_comm/prefix_override:/usr/lib/python3/dist-packages/colcon_core/task/python/colcon_distutils_commands:/home/brsd/microros_ws/install/jetson_comm/lib/python3.8/site-packages:${PYTHONPATH} /usr/bin/python3 -W ignore:setup.py install is deprecated setup.py egg_info --egg-base ../../build/jetson_comm build --build-base /home/brsd/microros_ws/build/jetson_comm/build install --record /home/brsd/microros_ws/build/jetson_comm/install.log --install-scripts $base/lib/jetson_comm --single-version-externally-managed install_data
