[9.381s] Invoking command in '/home/brsd/microros_ws/src/object_detection_pkg': PYTHONPATH=/home/brsd/microros_ws/build/object_detection_pkg/prefix_override:/usr/lib/python3/dist-packages/colcon_core/task/python/colcon_distutils_commands:/home/brsd/microros_ws/install/object_detection_pkg/lib/python3.8/site-packages:${PYTHONPATH} /usr/bin/python3 -W ignore:setup.py install is deprecated setup.py egg_info --egg-base ../../build/object_detection_pkg build --build-base /home/brsd/microros_ws/build/object_detection_pkg/build install --record /home/brsd/microros_ws/build/object_detection_pkg/install.log --install-scripts $base/lib/object_detection_pkg --single-version-externally-managed install_data
[12.622s] running egg_info
[12.649s] writing ../../build/object_detection_pkg/object_detection_pkg.egg-info/PKG-INFO
[12.652s] writing dependency_links to ../../build/object_detection_pkg/object_detection_pkg.egg-info/dependency_links.txt
[12.653s] writing entry points to ../../build/object_detection_pkg/object_detection_pkg.egg-info/entry_points.txt
[12.653s] writing requirements to ../../build/object_detection_pkg/object_detection_pkg.egg-info/requires.txt
[12.658s] writing top-level names to ../../build/object_detection_pkg/object_detection_pkg.egg-info/top_level.txt
[13.076s] reading manifest file '../../build/object_detection_pkg/object_detection_pkg.egg-info/SOURCES.txt'
[13.083s] writing manifest file '../../build/object_detection_pkg/object_detection_pkg.egg-info/SOURCES.txt'
[13.086s] running build
[13.086s] running build_py
[13.090s] running install
[13.099s] running install_lib
[13.114s] running install_data
[13.117s] running install_egg_info
[13.139s] removing '/home/brsd/microros_ws/install/object_detection_pkg/lib/python3.8/site-packages/object_detection_pkg-0.0.0-py3.8.egg-info' (and everything under it)
[13.139s] Copying ../../build/object_detection_pkg/object_detection_pkg.egg-info to /home/brsd/microros_ws/install/object_detection_pkg/lib/python3.8/site-packages/object_detection_pkg-0.0.0-py3.8.egg-info
[13.191s] running install_scripts
[13.361s] writing list of installed files to '/home/brsd/microros_ws/build/object_detection_pkg/install.log'
[13.648s] Invoked command in '/home/brsd/microros_ws/src/object_detection_pkg' returned '0': PYTHONPATH=/home/brsd/microros_ws/build/object_detection_pkg/prefix_override:/usr/lib/python3/dist-packages/colcon_core/task/python/colcon_distutils_commands:/home/brsd/microros_ws/install/object_detection_pkg/lib/python3.8/site-packages:${PYTHONPATH} /usr/bin/python3 -W ignore:setup.py install is deprecated setup.py egg_info --egg-base ../../build/object_detection_pkg build --build-base /home/brsd/microros_ws/build/object_detection_pkg/build install --record /home/brsd/microros_ws/build/object_detection_pkg/install.log --install-scripts $base/lib/object_detection_pkg --single-version-externally-managed install_data
