[7.512s] Invoking command in '/home/brsd/microros_ws/src/fsm': PYTHONPATH=/home/brsd/microros_ws/build/fsm/prefix_override:/usr/lib/python3/dist-packages/colcon_core/task/python/colcon_distutils_commands:/home/brsd/microros_ws/install/fsm/lib/python3.8/site-packages:${PYTHONPATH} /usr/bin/python3 -W ignore:setup.py install is deprecated setup.py egg_info --egg-base ../../build/fsm build --build-base /home/brsd/microros_ws/build/fsm/build install --record /home/brsd/microros_ws/build/fsm/install.log --install-scripts $base/lib/fsm --single-version-externally-managed install_data
[10.930s] running egg_info
[10.941s] writing ../../build/fsm/fsm.egg-info/PKG-INFO
[10.942s] writing dependency_links to ../../build/fsm/fsm.egg-info/dependency_links.txt
[10.953s] writing entry points to ../../build/fsm/fsm.egg-info/entry_points.txt
[10.960s] writing requirements to ../../build/fsm/fsm.egg-info/requires.txt
[10.969s] writing top-level names to ../../build/fsm/fsm.egg-info/top_level.txt
[11.796s] reading manifest file '../../build/fsm/fsm.egg-info/SOURCES.txt'
[11.813s] writing manifest file '../../build/fsm/fsm.egg-info/SOURCES.txt'
[11.816s] running build
[11.817s] running build_py
[11.825s] copying fsm/brsd_fsm_node_expo.py -> /home/brsd/microros_ws/build/fsm/build/lib/fsm
[11.828s] running install
[11.846s] running install_lib
[11.876s] copying /home/brsd/microros_ws/build/fsm/build/lib/fsm/brsd_fsm_node_expo.py -> /home/brsd/microros_ws/install/fsm/lib/python3.8/site-packages/fsm
[11.889s] byte-compiling /home/brsd/microros_ws/install/fsm/lib/python3.8/site-packages/fsm/brsd_fsm_node_expo.py to brsd_fsm_node_expo.cpython-38.pyc
[11.933s] running install_data
[11.934s] running install_egg_info
[11.961s] removing '/home/brsd/microros_ws/install/fsm/lib/python3.8/site-packages/fsm-0.0.0-py3.8.egg-info' (and everything under it)
[11.972s] Copying ../../build/fsm/fsm.egg-info to /home/brsd/microros_ws/install/fsm/lib/python3.8/site-packages/fsm-0.0.0-py3.8.egg-info
[11.995s] running install_scripts
[12.284s] Installing brsd_fsm_node script to /home/brsd/microros_ws/install/fsm/lib/fsm
[12.290s] Installing brsd_fsm_node_correction script to /home/brsd/microros_ws/install/fsm/lib/fsm
[12.294s] Installing brsd_fsm_node_expo script to /home/brsd/microros_ws/install/fsm/lib/fsm
[12.303s] Installing brsd_fsm_node_metric script to /home/brsd/microros_ws/install/fsm/lib/fsm
[12.307s] Installing brsd_fsm_node_path script to /home/brsd/microros_ws/install/fsm/lib/fsm
[12.328s] writing list of installed files to '/home/brsd/microros_ws/build/fsm/install.log'
[14.871s] Invoked command in '/home/brsd/microros_ws/src/fsm' returned '0': PYTHONPATH=/home/brsd/microros_ws/build/fsm/prefix_override:/usr/lib/python3/dist-packages/colcon_core/task/python/colcon_distutils_commands:/home/brsd/microros_ws/install/fsm/lib/python3.8/site-packages:${PYTHONPATH} /usr/bin/python3 -W ignore:setup.py install is deprecated setup.py egg_info --egg-base ../../build/fsm build --build-base /home/brsd/microros_ws/build/fsm/build install --record /home/brsd/microros_ws/build/fsm/install.log --install-scripts $base/lib/fsm --single-version-externally-managed install_data
