[7.294s] Invoking command in '/home/brsd/microros_ws/src/fsm': PYTHONPATH=/home/brsd/microros_ws/build/fsm/prefix_override:/usr/lib/python3/dist-packages/colcon_core/task/python/colcon_distutils_commands:/home/brsd/microros_ws/install/fsm/lib/python3.8/site-packages:${PYTHONPATH} /usr/bin/python3 -W ignore:setup.py install is deprecated setup.py egg_info --egg-base ../../build/fsm build --build-base /home/brsd/microros_ws/build/fsm/build install --record /home/brsd/microros_ws/build/fsm/install.log --install-scripts $base/lib/fsm --single-version-externally-managed install_data
[11.023s] running egg_info
[11.035s] writing ../../build/fsm/fsm.egg-info/PKG-INFO
[11.036s] writing dependency_links to ../../build/fsm/fsm.egg-info/dependency_links.txt
[11.037s] writing entry points to ../../build/fsm/fsm.egg-info/entry_points.txt
[11.038s] writing requirements to ../../build/fsm/fsm.egg-info/requires.txt
[11.039s] writing top-level names to ../../build/fsm/fsm.egg-info/top_level.txt
[11.620s] reading manifest file '../../build/fsm/fsm.egg-info/SOURCES.txt'
[11.625s] writing manifest file '../../build/fsm/fsm.egg-info/SOURCES.txt'
[11.638s] running build
[11.641s] running build_py
[11.646s] copying fsm/brsd_fsm_node_path.py -> /home/brsd/microros_ws/build/fsm/build/lib/fsm
[11.648s] running install
[11.658s] running install_lib
[11.674s] copying /home/brsd/microros_ws/build/fsm/build/lib/fsm/brsd_fsm_node_path.py -> /home/brsd/microros_ws/install/fsm/lib/python3.8/site-packages/fsm
[11.683s] byte-compiling /home/brsd/microros_ws/install/fsm/lib/python3.8/site-packages/fsm/brsd_fsm_node_path.py to brsd_fsm_node_path.cpython-38.pyc
[11.725s] running install_data
[11.736s] running install_egg_info
[11.758s] removing '/home/brsd/microros_ws/install/fsm/lib/python3.8/site-packages/fsm-0.0.0-py3.8.egg-info' (and everything under it)
[11.773s] Copying ../../build/fsm/fsm.egg-info to /home/brsd/microros_ws/install/fsm/lib/python3.8/site-packages/fsm-0.0.0-py3.8.egg-info
[11.782s] running install_scripts
[12.026s] Installing brsd_fsm_node script to /home/brsd/microros_ws/install/fsm/lib/fsm
[12.035s] Installing brsd_fsm_node_correction script to /home/brsd/microros_ws/install/fsm/lib/fsm
[12.037s] Installing brsd_fsm_node_metric script to /home/brsd/microros_ws/install/fsm/lib/fsm
[12.045s] Installing brsd_fsm_node_path script to /home/brsd/microros_ws/install/fsm/lib/fsm
[12.051s] writing list of installed files to '/home/brsd/microros_ws/build/fsm/install.log'
[13.501s] Invoked command in '/home/brsd/microros_ws/src/fsm' returned '0': PYTHONPATH=/home/brsd/microros_ws/build/fsm/prefix_override:/usr/lib/python3/dist-packages/colcon_core/task/python/colcon_distutils_commands:/home/brsd/microros_ws/install/fsm/lib/python3.8/site-packages:${PYTHONPATH} /usr/bin/python3 -W ignore:setup.py install is deprecated setup.py egg_info --egg-base ../../build/fsm build --build-base /home/brsd/microros_ws/build/fsm/build install --record /home/brsd/microros_ws/build/fsm/install.log --install-scripts $base/lib/fsm --single-version-externally-managed install_data
