[0.250s] Invoking command in '/home/brsd/microros_ws/build/multisense_msgs': CMAKE_PREFIX_PATH=${CMAKE_PREFIX_PATH}:/home/brsd/microros_ws/install/person_detection:/home/brsd/microros_ws/install/pathfinding:/home/brsd/microros_ws/install/object_detection_pkg:/home/brsd/microros_ws/install/joystick_input:/home/brsd/microros_ws/install/jetson_comm:/home/brsd/microros_ws/install/fsm:/opt/ros/foxy /usr/bin/cmake --build /home/brsd/microros_ws/build/multisense_msgs -- -j4 -l4
[0.972s] [  0%] Built target multisense_msgs__cpp
[1.204s] [ 12%] Built target multisense_msgs__rosidl_generator_c
[1.334s] [ 24%] Built target multisense_msgs__rosidl_typesupport_introspection_cpp
[1.371s] [ 35%] Built target multisense_msgs__rosidl_typesupport_fastrtps_cpp
[1.526s] [ 47%] Built target multisense_msgs__rosidl_typesupport_cpp
[1.659s] [ 59%] Built target multisense_msgs__rosidl_typesupport_c
[1.730s] [ 71%] Built target multisense_msgs__rosidl_typesupport_introspection_c
[1.829s] [ 83%] Built target multisense_msgs__rosidl_typesupport_fastrtps_c
[2.131s] [ 83%] Built target multisense_msgs
[2.404s] [ 84%] Built target multisense_msgs__py
[2.644s] [ 95%] Built target multisense_msgs__python
[2.963s] [ 97%] Built target multisense_msgs__rosidl_typesupport_introspection_c__pyext
[3.002s] [ 99%] Built target multisense_msgs__rosidl_typesupport_fastrtps_c__pyext
[3.030s] [100%] Built target multisense_msgs__rosidl_typesupport_c__pyext
[3.098s] Invoked command in '/home/brsd/microros_ws/build/multisense_msgs' returned '0': CMAKE_PREFIX_PATH=${CMAKE_PREFIX_PATH}:/home/brsd/microros_ws/install/person_detection:/home/brsd/microros_ws/install/pathfinding:/home/brsd/microros_ws/install/object_detection_pkg:/home/brsd/microros_ws/install/joystick_input:/home/brsd/microros_ws/install/jetson_comm:/home/brsd/microros_ws/install/fsm:/opt/ros/foxy /usr/bin/cmake --build /home/brsd/microros_ws/build/multisense_msgs -- -j4 -l4
[5.313s] Invoking command in '/home/brsd/microros_ws/build/multisense_msgs': CMAKE_PREFIX_PATH=${CMAKE_PREFIX_PATH}:/home/brsd/microros_ws/install/person_detection:/home/brsd/microros_ws/install/pathfinding:/home/brsd/microros_ws/install/object_detection_pkg:/home/brsd/microros_ws/install/joystick_input:/home/brsd/microros_ws/install/jetson_comm:/home/brsd/microros_ws/install/fsm:/opt/ros/foxy /usr/bin/cmake --install /home/brsd/microros_ws/build/multisense_msgs
[5.374s] -- Install configuration: "Release"
[5.375s] -- Up-to-date: /home/brsd/microros_ws/install/multisense_msgs/share/ament_index/resource_index/rosidl_interfaces/multisense_msgs
[5.376s] -- Up-to-date: /home/brsd/microros_ws/install/multisense_msgs/include/multisense_msgs
[5.377s] -- Up-to-date: /home/brsd/microros_ws/install/multisense_msgs/include/multisense_msgs/msg
[5.377s] -- Up-to-date: /home/brsd/microros_ws/install/multisense_msgs/include/multisense_msgs/msg/raw_cam_config.h
[5.379s] -- Up-to-date: /home/brsd/microros_ws/install/multisense_msgs/include/multisense_msgs/msg/raw_cam_cal.h
[5.379s] -- Up-to-date: /home/brsd/microros_ws/install/multisense_msgs/include/multisense_msgs/msg/stamped_pps.h
[5.380s] -- Up-to-date: /home/brsd/microros_ws/install/multisense_msgs/include/multisense_msgs/msg/raw_cam_data.h
[5.382s] -- Up-to-date: /home/brsd/microros_ws/install/multisense_msgs/include/multisense_msgs/msg/ptp_status.h
[5.383s] -- Up-to-date: /home/brsd/microros_ws/install/multisense_msgs/include/multisense_msgs/msg/raw_lidar_data.h
[5.384s] -- Up-to-date: /home/brsd/microros_ws/install/multisense_msgs/include/multisense_msgs/msg/raw_lidar_cal.h
[5.384s] -- Up-to-date: /home/brsd/microros_ws/install/multisense_msgs/include/multisense_msgs/msg/device_info.h
[5.386s] -- Up-to-date: /home/brsd/microros_ws/install/multisense_msgs/include/multisense_msgs/msg/detail
[5.386s] -- Up-to-date: /home/brsd/microros_ws/install/multisense_msgs/include/multisense_msgs/msg/detail/device_status__functions.c
[5.390s] -- Up-to-date: /home/brsd/microros_ws/install/multisense_msgs/include/multisense_msgs/msg/detail/device_info__functions.c
[5.391s] -- Up-to-date: /home/brsd/microros_ws/install/multisense_msgs/include/multisense_msgs/msg/detail/raw_cam_cal__functions.h
[5.391s] -- Up-to-date: /home/brsd/microros_ws/install/multisense_msgs/include/multisense_msgs/msg/detail/device_status__type_support.h
[5.392s] -- Up-to-date: /home/brsd/microros_ws/install/multisense_msgs/include/multisense_msgs/msg/detail/raw_cam_config__functions.c
[5.393s] -- Up-to-date: /home/brsd/microros_ws/install/multisense_msgs/include/multisense_msgs/msg/detail/raw_lidar_cal__struct.h
[5.393s] -- Up-to-date: /home/brsd/microros_ws/install/multisense_msgs/include/multisense_msgs/msg/detail/device_status__struct.h
[5.394s] -- Up-to-date: /home/brsd/microros_ws/install/multisense_msgs/include/multisense_msgs/msg/detail/raw_imu_data__functions.c
[5.395s] -- Up-to-date: /home/brsd/microros_ws/install/multisense_msgs/include/multisense_msgs/msg/detail/raw_cam_data__struct.h
[5.395s] -- Up-to-date: /home/brsd/microros_ws/install/multisense_msgs/include/multisense_msgs/msg/detail/raw_cam_config__struct.h
[5.396s] -- Up-to-date: /home/brsd/microros_ws/install/multisense_msgs/include/multisense_msgs/msg/detail/device_info__type_support.h
[5.397s] -- Up-to-date: /home/brsd/microros_ws/install/multisense_msgs/include/multisense_msgs/msg/detail/histogram__functions.h
[5.398s] -- Up-to-date: /home/brsd/microros_ws/install/multisense_msgs/include/multisense_msgs/msg/detail/histogram__struct.h
[5.399s] -- Up-to-date: /home/brsd/microros_ws/install/multisense_msgs/include/multisense_msgs/msg/detail/stamped_pps__functions.h
[5.400s] -- Up-to-date: /home/brsd/microros_ws/install/multisense_msgs/include/multisense_msgs/msg/detail/raw_cam_data__type_support.h
[5.400s] -- Up-to-date: /home/brsd/microros_ws/install/multisense_msgs/include/multisense_msgs/msg/detail/stamped_pps__functions.c
[5.401s] -- Up-to-date: /home/brsd/microros_ws/install/multisense_msgs/include/multisense_msgs/msg/detail/raw_cam_config__functions.h
[5.401s] -- Up-to-date: /home/brsd/microros_ws/install/multisense_msgs/include/multisense_msgs/msg/detail/raw_lidar_data__struct.h
[5.401s] -- Up-to-date: /home/brsd/microros_ws/install/multisense_msgs/include/multisense_msgs/msg/detail/ptp_status__functions.c
[5.402s] -- Up-to-date: /home/brsd/microros_ws/install/multisense_msgs/include/multisense_msgs/msg/detail/raw_cam_cal__functions.c
[5.403s] -- Up-to-date: /home/brsd/microros_ws/install/multisense_msgs/include/multisense_msgs/msg/detail/raw_lidar_data__functions.c
[5.403s] -- Up-to-date: /home/brsd/microros_ws/install/multisense_msgs/include/multisense_msgs/msg/detail/raw_lidar_data__type_support.h
[5.404s] -- Up-to-date: /home/brsd/microros_ws/install/multisense_msgs/include/multisense_msgs/msg/detail/raw_cam_config__type_support.h
[5.404s] -- Up-to-date: /home/brsd/microros_ws/install/multisense_msgs/include/multisense_msgs/msg/detail/histogram__type_support.h
[5.405s] -- Up-to-date: /home/brsd/microros_ws/install/multisense_msgs/include/multisense_msgs/msg/detail/device_info__functions.h
[5.405s] -- Up-to-date: /home/brsd/microros_ws/install/multisense_msgs/include/multisense_msgs/msg/detail/raw_imu_data__functions.h
[5.406s] -- Up-to-date: /home/brsd/microros_ws/install/multisense_msgs/include/multisense_msgs/msg/detail/histogram__functions.c
[5.407s] -- Up-to-date: /home/brsd/microros_ws/install/multisense_msgs/include/multisense_msgs/msg/detail/raw_imu_data__type_support.h
[5.408s] -- Up-to-date: /home/brsd/microros_ws/install/multisense_msgs/include/multisense_msgs/msg/detail/ptp_status__functions.h
[5.409s] -- Up-to-date: /home/brsd/microros_ws/install/multisense_msgs/include/multisense_msgs/msg/detail/raw_lidar_cal__type_support.h
[5.412s] -- Up-to-date: /home/brsd/microros_ws/install/multisense_msgs/include/multisense_msgs/msg/detail/raw_lidar_data__functions.h
[5.414s] -- Up-to-date: /home/brsd/microros_ws/install/multisense_msgs/include/multisense_msgs/msg/detail/raw_lidar_cal__functions.c
[5.415s] -- Up-to-date: /home/brsd/microros_ws/install/multisense_msgs/include/multisense_msgs/msg/detail/raw_cam_cal__struct.h
[5.416s] -- Up-to-date: /home/brsd/microros_ws/install/multisense_msgs/include/multisense_msgs/msg/detail/stamped_pps__struct.h
[5.417s] -- Up-to-date: /home/brsd/microros_ws/install/multisense_msgs/include/multisense_msgs/msg/detail/raw_cam_cal__type_support.h
[5.417s] -- Up-to-date: /home/brsd/microros_ws/install/multisense_msgs/include/multisense_msgs/msg/detail/device_status__functions.h
[5.418s] -- Up-to-date: /home/brsd/microros_ws/install/multisense_msgs/include/multisense_msgs/msg/detail/raw_cam_data__functions.c
[5.419s] -- Up-to-date: /home/brsd/microros_ws/install/multisense_msgs/include/multisense_msgs/msg/detail/stamped_pps__type_support.h
[5.419s] -- Up-to-date: /home/brsd/microros_ws/install/multisense_msgs/include/multisense_msgs/msg/detail/raw_imu_data__struct.h
[5.419s] -- Up-to-date: /home/brsd/microros_ws/install/multisense_msgs/include/multisense_msgs/msg/detail/raw_cam_data__functions.h
[5.420s] -- Up-to-date: /home/brsd/microros_ws/install/multisense_msgs/include/multisense_msgs/msg/detail/ptp_status__struct.h
[5.420s] -- Up-to-date: /home/brsd/microros_ws/install/multisense_msgs/include/multisense_msgs/msg/detail/device_info__struct.h
[5.421s] -- Up-to-date: /home/brsd/microros_ws/install/multisense_msgs/include/multisense_msgs/msg/detail/ptp_status__type_support.h
[5.421s] -- Up-to-date: /home/brsd/microros_ws/install/multisense_msgs/include/multisense_msgs/msg/detail/raw_lidar_cal__functions.h
[5.422s] -- Up-to-date: /home/brsd/microros_ws/install/multisense_msgs/include/multisense_msgs/msg/histogram.h
[5.424s] -- Up-to-date: /home/brsd/microros_ws/install/multisense_msgs/include/multisense_msgs/msg/device_status.h
[5.425s] -- Up-to-date: /home/brsd/microros_ws/install/multisense_msgs/include/multisense_msgs/msg/rosidl_generator_c__visibility_control.h
[5.426s] -- Up-to-date: /home/brsd/microros_ws/install/multisense_msgs/include/multisense_msgs/msg/raw_imu_data.h
[5.427s] -- Up-to-date: /home/brsd/microros_ws/install/multisense_msgs/share/multisense_msgs/environment/library_path.sh
[5.429s] -- Up-to-date: /home/brsd/microros_ws/install/multisense_msgs/share/multisense_msgs/environment/library_path.dsv
[5.430s] -- Up-to-date: /home/brsd/microros_ws/install/multisense_msgs/lib/libmultisense_msgs__rosidl_generator_c.so
[5.430s] -- Up-to-date: /home/brsd/microros_ws/install/multisense_msgs/include/multisense_msgs
[5.431s] -- Up-to-date: /home/brsd/microros_ws/install/multisense_msgs/include/multisense_msgs/msg
[5.431s] -- Up-to-date: /home/brsd/microros_ws/install/multisense_msgs/include/multisense_msgs/msg/rosidl_typesupport_fastrtps_c__visibility_control.h
[5.432s] -- Up-to-date: /home/brsd/microros_ws/install/multisense_msgs/include/multisense_msgs/msg/detail
[5.432s] -- Up-to-date: /home/brsd/microros_ws/install/multisense_msgs/include/multisense_msgs/msg/detail/raw_cam_data__rosidl_typesupport_fastrtps_c.h
[5.433s] -- Up-to-date: /home/brsd/microros_ws/install/multisense_msgs/include/multisense_msgs/msg/detail/ptp_status__rosidl_typesupport_fastrtps_c.h
[5.433s] -- Up-to-date: /home/brsd/microros_ws/install/multisense_msgs/include/multisense_msgs/msg/detail/stamped_pps__rosidl_typesupport_fastrtps_c.h
[5.434s] -- Up-to-date: /home/brsd/microros_ws/install/multisense_msgs/include/multisense_msgs/msg/detail/raw_lidar_cal__rosidl_typesupport_fastrtps_c.h
[5.434s] -- Up-to-date: /home/brsd/microros_ws/install/multisense_msgs/include/multisense_msgs/msg/detail/device_status__rosidl_typesupport_fastrtps_c.h
[5.435s] -- Up-to-date: /home/brsd/microros_ws/install/multisense_msgs/include/multisense_msgs/msg/detail/raw_cam_cal__rosidl_typesupport_fastrtps_c.h
[5.435s] -- Up-to-date: /home/brsd/microros_ws/install/multisense_msgs/include/multisense_msgs/msg/detail/raw_lidar_data__rosidl_typesupport_fastrtps_c.h
[5.437s] -- Up-to-date: /home/brsd/microros_ws/install/multisense_msgs/include/multisense_msgs/msg/detail/raw_imu_data__rosidl_typesupport_fastrtps_c.h
[5.438s] -- Up-to-date: /home/brsd/microros_ws/install/multisense_msgs/include/multisense_msgs/msg/detail/raw_cam_config__rosidl_typesupport_fastrtps_c.h
[5.439s] -- Up-to-date: /home/brsd/microros_ws/install/multisense_msgs/include/multisense_msgs/msg/detail/device_info__rosidl_typesupport_fastrtps_c.h
[5.440s] -- Up-to-date: /home/brsd/microros_ws/install/multisense_msgs/include/multisense_msgs/msg/detail/histogram__rosidl_typesupport_fastrtps_c.h
[5.441s] -- Up-to-date: /home/brsd/microros_ws/install/multisense_msgs/lib/libmultisense_msgs__rosidl_typesupport_fastrtps_c.so
[5.442s] -- Up-to-date: /home/brsd/microros_ws/install/multisense_msgs/include/multisense_msgs
[5.442s] -- Up-to-date: /home/brsd/microros_ws/install/multisense_msgs/include/multisense_msgs/msg
[5.443s] -- Up-to-date: /home/brsd/microros_ws/install/multisense_msgs/include/multisense_msgs/msg/rosidl_typesupport_fastrtps_cpp__visibility_control.h
[5.443s] -- Up-to-date: /home/brsd/microros_ws/install/multisense_msgs/include/multisense_msgs/msg/detail
[5.444s] -- Up-to-date: /home/brsd/microros_ws/install/multisense_msgs/include/multisense_msgs/msg/detail/raw_imu_data__rosidl_typesupport_fastrtps_cpp.hpp
[5.445s] -- Up-to-date: /home/brsd/microros_ws/install/multisense_msgs/include/multisense_msgs/msg/detail/raw_lidar_cal__rosidl_typesupport_fastrtps_cpp.hpp
[5.445s] -- Up-to-date: /home/brsd/microros_ws/install/multisense_msgs/include/multisense_msgs/msg/detail/ptp_status__rosidl_typesupport_fastrtps_cpp.hpp
[5.446s] -- Up-to-date: /home/brsd/microros_ws/install/multisense_msgs/include/multisense_msgs/msg/detail/raw_cam_config__rosidl_typesupport_fastrtps_cpp.hpp
[5.447s] -- Up-to-date: /home/brsd/microros_ws/install/multisense_msgs/include/multisense_msgs/msg/detail/raw_cam_data__rosidl_typesupport_fastrtps_cpp.hpp
[5.447s] -- Up-to-date: /home/brsd/microros_ws/install/multisense_msgs/include/multisense_msgs/msg/detail/histogram__rosidl_typesupport_fastrtps_cpp.hpp
[5.448s] -- Up-to-date: /home/brsd/microros_ws/install/multisense_msgs/include/multisense_msgs/msg/detail/stamped_pps__rosidl_typesupport_fastrtps_cpp.hpp
[5.449s] -- Up-to-date: /home/brsd/microros_ws/install/multisense_msgs/include/multisense_msgs/msg/detail/raw_lidar_data__rosidl_typesupport_fastrtps_cpp.hpp
[5.451s] -- Up-to-date: /home/brsd/microros_ws/install/multisense_msgs/include/multisense_msgs/msg/detail/device_status__rosidl_typesupport_fastrtps_cpp.hpp
[5.451s] -- Up-to-date: /home/brsd/microros_ws/install/multisense_msgs/include/multisense_msgs/msg/detail/device_info__rosidl_typesupport_fastrtps_cpp.hpp
[5.452s] -- Up-to-date: /home/brsd/microros_ws/install/multisense_msgs/include/multisense_msgs/msg/detail/raw_cam_cal__rosidl_typesupport_fastrtps_cpp.hpp
[5.453s] -- Up-to-date: /home/brsd/microros_ws/install/multisense_msgs/include/multisense_msgs/msg/detail/dds_fastrtps
[5.454s] -- Up-to-date: /home/brsd/microros_ws/install/multisense_msgs/lib/libmultisense_msgs__rosidl_typesupport_fastrtps_cpp.so
[5.455s] -- Up-to-date: /home/brsd/microros_ws/install/multisense_msgs/include/multisense_msgs
[5.456s] -- Up-to-date: /home/brsd/microros_ws/install/multisense_msgs/include/multisense_msgs/msg
[5.457s] -- Up-to-date: /home/brsd/microros_ws/install/multisense_msgs/include/multisense_msgs/msg/detail
[5.458s] -- Up-to-date: /home/brsd/microros_ws/install/multisense_msgs/include/multisense_msgs/msg/detail/ptp_status__rosidl_typesupport_introspection_c.h
[5.470s] -- Up-to-date: /home/brsd/microros_ws/install/multisense_msgs/include/multisense_msgs/msg/detail/raw_cam_config__rosidl_typesupport_introspection_c.h
[5.471s] -- Up-to-date: /home/brsd/microros_ws/install/multisense_msgs/include/multisense_msgs/msg/detail/device_info__rosidl_typesupport_introspection_c.h
[5.471s] -- Up-to-date: /home/brsd/microros_ws/install/multisense_msgs/include/multisense_msgs/msg/detail/raw_lidar_cal__type_support.c
[5.472s] -- Up-to-date: /home/brsd/microros_ws/install/multisense_msgs/include/multisense_msgs/msg/detail/raw_lidar_data__type_support.c
[5.472s] -- Up-to-date: /home/brsd/microros_ws/install/multisense_msgs/include/multisense_msgs/msg/detail/raw_cam_data__rosidl_typesupport_introspection_c.h
[5.473s] -- Up-to-date: /home/brsd/microros_ws/install/multisense_msgs/include/multisense_msgs/msg/detail/device_info__type_support.c
[5.473s] -- Up-to-date: /home/brsd/microros_ws/install/multisense_msgs/include/multisense_msgs/msg/detail/device_status__type_support.c
[5.474s] -- Up-to-date: /home/brsd/microros_ws/install/multisense_msgs/include/multisense_msgs/msg/detail/raw_imu_data__type_support.c
[5.474s] -- Up-to-date: /home/brsd/microros_ws/install/multisense_msgs/include/multisense_msgs/msg/detail/histogram__rosidl_typesupport_introspection_c.h
[5.474s] -- Up-to-date: /home/brsd/microros_ws/install/multisense_msgs/include/multisense_msgs/msg/detail/histogram__type_support.c
[5.475s] -- Up-to-date: /home/brsd/microros_ws/install/multisense_msgs/include/multisense_msgs/msg/detail/ptp_status__type_support.c
[5.475s] -- Up-to-date: /home/brsd/microros_ws/install/multisense_msgs/include/multisense_msgs/msg/detail/raw_lidar_cal__rosidl_typesupport_introspection_c.h
[5.476s] -- Up-to-date: /home/brsd/microros_ws/install/multisense_msgs/include/multisense_msgs/msg/detail/raw_imu_data__rosidl_typesupport_introspection_c.h
[5.476s] -- Up-to-date: /home/brsd/microros_ws/install/multisense_msgs/include/multisense_msgs/msg/detail/raw_cam_data__type_support.c
[5.477s] -- Up-to-date: /home/brsd/microros_ws/install/multisense_msgs/include/multisense_msgs/msg/detail/device_status__rosidl_typesupport_introspection_c.h
[5.477s] -- Up-to-date: /home/brsd/microros_ws/install/multisense_msgs/include/multisense_msgs/msg/detail/stamped_pps__rosidl_typesupport_introspection_c.h
[5.478s] -- Up-to-date: /home/brsd/microros_ws/install/multisense_msgs/include/multisense_msgs/msg/detail/raw_cam_cal__type_support.c
[5.478s] -- Up-to-date: /home/brsd/microros_ws/install/multisense_msgs/include/multisense_msgs/msg/detail/raw_lidar_data__rosidl_typesupport_introspection_c.h
[5.478s] -- Up-to-date: /home/brsd/microros_ws/install/multisense_msgs/include/multisense_msgs/msg/detail/stamped_pps__type_support.c
[5.479s] -- Up-to-date: /home/brsd/microros_ws/install/multisense_msgs/include/multisense_msgs/msg/detail/raw_cam_config__type_support.c
[5.479s] -- Up-to-date: /home/brsd/microros_ws/install/multisense_msgs/include/multisense_msgs/msg/detail/raw_cam_cal__rosidl_typesupport_introspection_c.h
[5.480s] -- Up-to-date: /home/brsd/microros_ws/install/multisense_msgs/include/multisense_msgs/msg/rosidl_typesupport_introspection_c__visibility_control.h
[5.480s] -- Up-to-date: /home/brsd/microros_ws/install/multisense_msgs/lib/libmultisense_msgs__rosidl_typesupport_introspection_c.so
[5.481s] -- Up-to-date: /home/brsd/microros_ws/install/multisense_msgs/lib/libmultisense_msgs__rosidl_typesupport_c.so
[5.481s] -- Up-to-date: /home/brsd/microros_ws/install/multisense_msgs/include/multisense_msgs
[5.490s] -- Up-to-date: /home/brsd/microros_ws/install/multisense_msgs/include/multisense_msgs/msg
[5.491s] -- Up-to-date: /home/brsd/microros_ws/install/multisense_msgs/include/multisense_msgs/msg/raw_cam_cal.hpp
[5.491s] -- Up-to-date: /home/brsd/microros_ws/install/multisense_msgs/include/multisense_msgs/msg/stamped_pps.hpp
[5.492s] -- Up-to-date: /home/brsd/microros_ws/install/multisense_msgs/include/multisense_msgs/msg/histogram.hpp
[5.492s] -- Up-to-date: /home/brsd/microros_ws/install/multisense_msgs/include/multisense_msgs/msg/raw_lidar_data.hpp
[5.493s] -- Up-to-date: /home/brsd/microros_ws/install/multisense_msgs/include/multisense_msgs/msg/raw_cam_config.hpp
[5.493s] -- Up-to-date: /home/brsd/microros_ws/install/multisense_msgs/include/multisense_msgs/msg/device_info.hpp
[5.494s] -- Up-to-date: /home/brsd/microros_ws/install/multisense_msgs/include/multisense_msgs/msg/raw_lidar_cal.hpp
[5.494s] -- Up-to-date: /home/brsd/microros_ws/install/multisense_msgs/include/multisense_msgs/msg/ptp_status.hpp
[5.495s] -- Up-to-date: /home/brsd/microros_ws/install/multisense_msgs/include/multisense_msgs/msg/raw_imu_data.hpp
[5.495s] -- Up-to-date: /home/brsd/microros_ws/install/multisense_msgs/include/multisense_msgs/msg/raw_cam_data.hpp
[5.496s] -- Up-to-date: /home/brsd/microros_ws/install/multisense_msgs/include/multisense_msgs/msg/device_status.hpp
[5.496s] -- Up-to-date: /home/brsd/microros_ws/install/multisense_msgs/include/multisense_msgs/msg/rosidl_generator_cpp__visibility_control.hpp
[5.497s] -- Up-to-date: /home/brsd/microros_ws/install/multisense_msgs/include/multisense_msgs/msg/detail
[5.497s] -- Up-to-date: /home/brsd/microros_ws/install/multisense_msgs/include/multisense_msgs/msg/detail/histogram__struct.hpp
[5.502s] -- Up-to-date: /home/brsd/microros_ws/install/multisense_msgs/include/multisense_msgs/msg/detail/ptp_status__builder.hpp
[5.502s] -- Up-to-date: /home/brsd/microros_ws/install/multisense_msgs/include/multisense_msgs/msg/detail/raw_cam_config__traits.hpp
[5.503s] -- Up-to-date: /home/brsd/microros_ws/install/multisense_msgs/include/multisense_msgs/msg/detail/stamped_pps__struct.hpp
[5.503s] -- Up-to-date: /home/brsd/microros_ws/install/multisense_msgs/include/multisense_msgs/msg/detail/raw_imu_data__traits.hpp
[5.504s] -- Up-to-date: /home/brsd/microros_ws/install/multisense_msgs/include/multisense_msgs/msg/detail/raw_imu_data__struct.hpp
[5.506s] -- Up-to-date: /home/brsd/microros_ws/install/multisense_msgs/include/multisense_msgs/msg/detail/device_info__builder.hpp
[5.506s] -- Up-to-date: /home/brsd/microros_ws/install/multisense_msgs/include/multisense_msgs/msg/detail/raw_cam_config__struct.hpp
[5.507s] -- Up-to-date: /home/brsd/microros_ws/install/multisense_msgs/include/multisense_msgs/msg/detail/raw_cam_config__type_support.hpp
[5.507s] -- Up-to-date: /home/brsd/microros_ws/install/multisense_msgs/include/multisense_msgs/msg/detail/raw_lidar_cal__struct.hpp
[5.508s] -- Up-to-date: /home/brsd/microros_ws/install/multisense_msgs/include/multisense_msgs/msg/detail/device_status__struct.hpp
[5.508s] -- Up-to-date: /home/brsd/microros_ws/install/multisense_msgs/include/multisense_msgs/msg/detail/raw_cam_data__struct.hpp
[5.509s] -- Up-to-date: /home/brsd/microros_ws/install/multisense_msgs/include/multisense_msgs/msg/detail/raw_cam_cal__type_support.hpp
[5.509s] -- Up-to-date: /home/brsd/microros_ws/install/multisense_msgs/include/multisense_msgs/msg/detail/ptp_status__type_support.hpp
[5.509s] -- Up-to-date: /home/brsd/microros_ws/install/multisense_msgs/include/multisense_msgs/msg/detail/stamped_pps__traits.hpp
[5.510s] -- Up-to-date: /home/brsd/microros_ws/install/multisense_msgs/include/multisense_msgs/msg/detail/device_status__builder.hpp
[5.510s] -- Up-to-date: /home/brsd/microros_ws/install/multisense_msgs/include/multisense_msgs/msg/detail/raw_lidar_data__builder.hpp
[5.511s] -- Up-to-date: /home/brsd/microros_ws/install/multisense_msgs/include/multisense_msgs/msg/detail/raw_lidar_cal__traits.hpp
[5.511s] -- Up-to-date: /home/brsd/microros_ws/install/multisense_msgs/include/multisense_msgs/msg/detail/raw_imu_data__builder.hpp
[5.511s] -- Up-to-date: /home/brsd/microros_ws/install/multisense_msgs/include/multisense_msgs/msg/detail/raw_lidar_data__type_support.hpp
[5.512s] -- Up-to-date: /home/brsd/microros_ws/install/multisense_msgs/include/multisense_msgs/msg/detail/histogram__builder.hpp
[5.512s] -- Up-to-date: /home/brsd/microros_ws/install/multisense_msgs/include/multisense_msgs/msg/detail/raw_cam_cal__struct.hpp
[5.513s] -- Up-to-date: /home/brsd/microros_ws/install/multisense_msgs/include/multisense_msgs/msg/detail/raw_lidar_cal__builder.hpp
[5.513s] -- Up-to-date: /home/brsd/microros_ws/install/multisense_msgs/include/multisense_msgs/msg/detail/raw_cam_config__builder.hpp
[5.513s] -- Up-to-date: /home/brsd/microros_ws/install/multisense_msgs/include/multisense_msgs/msg/detail/raw_cam_cal__builder.hpp
[5.523s] -- Up-to-date: /home/brsd/microros_ws/install/multisense_msgs/include/multisense_msgs/msg/detail/raw_cam_cal__traits.hpp
[5.523s] -- Up-to-date: /home/brsd/microros_ws/install/multisense_msgs/include/multisense_msgs/msg/detail/ptp_status__traits.hpp
[5.523s] -- Up-to-date: /home/brsd/microros_ws/install/multisense_msgs/include/multisense_msgs/msg/detail/device_info__struct.hpp
[5.524s] -- Up-to-date: /home/brsd/microros_ws/install/multisense_msgs/include/multisense_msgs/msg/detail/stamped_pps__type_support.hpp
[5.524s] -- Up-to-date: /home/brsd/microros_ws/install/multisense_msgs/include/multisense_msgs/msg/detail/raw_cam_data__type_support.hpp
[5.528s] -- Up-to-date: /home/brsd/microros_ws/install/multisense_msgs/include/multisense_msgs/msg/detail/raw_lidar_data__struct.hpp
[5.528s] -- Up-to-date: /home/brsd/microros_ws/install/multisense_msgs/include/multisense_msgs/msg/detail/ptp_status__struct.hpp
[5.529s] -- Up-to-date: /home/brsd/microros_ws/install/multisense_msgs/include/multisense_msgs/msg/detail/device_status__traits.hpp
[5.529s] -- Up-to-date: /home/brsd/microros_ws/install/multisense_msgs/include/multisense_msgs/msg/detail/device_info__traits.hpp
[5.529s] -- Up-to-date: /home/brsd/microros_ws/install/multisense_msgs/include/multisense_msgs/msg/detail/device_status__type_support.hpp
[5.530s] -- Up-to-date: /home/brsd/microros_ws/install/multisense_msgs/include/multisense_msgs/msg/detail/histogram__traits.hpp
[5.530s] -- Up-to-date: /home/brsd/microros_ws/install/multisense_msgs/include/multisense_msgs/msg/detail/device_info__type_support.hpp
[5.531s] -- Up-to-date: /home/brsd/microros_ws/install/multisense_msgs/include/multisense_msgs/msg/detail/raw_imu_data__type_support.hpp
[5.531s] -- Up-to-date: /home/brsd/microros_ws/install/multisense_msgs/include/multisense_msgs/msg/detail/raw_lidar_data__traits.hpp
[5.532s] -- Up-to-date: /home/brsd/microros_ws/install/multisense_msgs/include/multisense_msgs/msg/detail/stamped_pps__builder.hpp
[5.532s] -- Up-to-date: /home/brsd/microros_ws/install/multisense_msgs/include/multisense_msgs/msg/detail/raw_cam_data__builder.hpp
[5.532s] -- Up-to-date: /home/brsd/microros_ws/install/multisense_msgs/include/multisense_msgs/msg/detail/raw_cam_data__traits.hpp
[5.533s] -- Up-to-date: /home/brsd/microros_ws/install/multisense_msgs/include/multisense_msgs/msg/detail/raw_lidar_cal__type_support.hpp
[5.533s] -- Up-to-date: /home/brsd/microros_ws/install/multisense_msgs/include/multisense_msgs/msg/detail/histogram__type_support.hpp
[5.535s] -- Up-to-date: /home/brsd/microros_ws/install/multisense_msgs/include/multisense_msgs
[5.540s] -- Up-to-date: /home/brsd/microros_ws/install/multisense_msgs/include/multisense_msgs/msg
[5.543s] -- Up-to-date: /home/brsd/microros_ws/install/multisense_msgs/include/multisense_msgs/msg/detail
[5.546s] -- Up-to-date: /home/brsd/microros_ws/install/multisense_msgs/include/multisense_msgs/msg/detail/device_status__rosidl_typesupport_introspection_cpp.hpp
[5.547s] -- Up-to-date: /home/brsd/microros_ws/install/multisense_msgs/include/multisense_msgs/msg/detail/raw_cam_config__type_support.cpp
[5.549s] -- Up-to-date: /home/brsd/microros_ws/install/multisense_msgs/include/multisense_msgs/msg/detail/stamped_pps__type_support.cpp
[5.550s] -- Up-to-date: /home/brsd/microros_ws/install/multisense_msgs/include/multisense_msgs/msg/detail/raw_lidar_data__type_support.cpp
[5.551s] -- Up-to-date: /home/brsd/microros_ws/install/multisense_msgs/include/multisense_msgs/msg/detail/ptp_status__type_support.cpp
[5.553s] -- Up-to-date: /home/brsd/microros_ws/install/multisense_msgs/include/multisense_msgs/msg/detail/raw_cam_cal__type_support.cpp
[5.555s] -- Up-to-date: /home/brsd/microros_ws/install/multisense_msgs/include/multisense_msgs/msg/detail/raw_imu_data__rosidl_typesupport_introspection_cpp.hpp
[5.556s] -- Up-to-date: /home/brsd/microros_ws/install/multisense_msgs/include/multisense_msgs/msg/detail/raw_cam_data__type_support.cpp
[5.556s] -- Up-to-date: /home/brsd/microros_ws/install/multisense_msgs/include/multisense_msgs/msg/detail/raw_cam_cal__rosidl_typesupport_introspection_cpp.hpp
[5.557s] -- Up-to-date: /home/brsd/microros_ws/install/multisense_msgs/include/multisense_msgs/msg/detail/device_status__type_support.cpp
[5.560s] -- Up-to-date: /home/brsd/microros_ws/install/multisense_msgs/include/multisense_msgs/msg/detail/raw_lidar_cal__rosidl_typesupport_introspection_cpp.hpp
[5.561s] -- Up-to-date: /home/brsd/microros_ws/install/multisense_msgs/include/multisense_msgs/msg/detail/stamped_pps__rosidl_typesupport_introspection_cpp.hpp
[5.565s] -- Up-to-date: /home/brsd/microros_ws/install/multisense_msgs/include/multisense_msgs/msg/detail/ptp_status__rosidl_typesupport_introspection_cpp.hpp
[5.565s] -- Up-to-date: /home/brsd/microros_ws/install/multisense_msgs/include/multisense_msgs/msg/detail/raw_lidar_data__rosidl_typesupport_introspection_cpp.hpp
[5.568s] -- Up-to-date: /home/brsd/microros_ws/install/multisense_msgs/include/multisense_msgs/msg/detail/histogram__type_support.cpp
[5.573s] -- Up-to-date: /home/brsd/microros_ws/install/multisense_msgs/include/multisense_msgs/msg/detail/raw_lidar_cal__type_support.cpp
[5.574s] -- Up-to-date: /home/brsd/microros_ws/install/multisense_msgs/include/multisense_msgs/msg/detail/device_info__rosidl_typesupport_introspection_cpp.hpp
[5.574s] -- Up-to-date: /home/brsd/microros_ws/install/multisense_msgs/include/multisense_msgs/msg/detail/histogram__rosidl_typesupport_introspection_cpp.hpp
[5.575s] -- Up-to-date: /home/brsd/microros_ws/install/multisense_msgs/include/multisense_msgs/msg/detail/raw_imu_data__type_support.cpp
[5.575s] -- Up-to-date: /home/brsd/microros_ws/install/multisense_msgs/include/multisense_msgs/msg/detail/raw_cam_data__rosidl_typesupport_introspection_cpp.hpp
[5.576s] -- Up-to-date: /home/brsd/microros_ws/install/multisense_msgs/include/multisense_msgs/msg/detail/raw_cam_config__rosidl_typesupport_introspection_cpp.hpp
[5.576s] -- Up-to-date: /home/brsd/microros_ws/install/multisense_msgs/include/multisense_msgs/msg/detail/device_info__type_support.cpp
[5.576s] -- Up-to-date: /home/brsd/microros_ws/install/multisense_msgs/lib/libmultisense_msgs__rosidl_typesupport_introspection_cpp.so
[5.577s] -- Up-to-date: /home/brsd/microros_ws/install/multisense_msgs/lib/libmultisense_msgs__rosidl_typesupport_cpp.so
[5.577s] -- Up-to-date: /home/brsd/microros_ws/install/multisense_msgs/share/multisense_msgs/environment/pythonpath.sh
[5.578s] -- Up-to-date: /home/brsd/microros_ws/install/multisense_msgs/share/multisense_msgs/environment/pythonpath.dsv
[5.578s] -- Up-to-date: /home/brsd/microros_ws/install/multisense_msgs/lib/python3.8/site-packages/multisense_msgs/__init__.py
[5.681s] -- Up-to-date: /home/brsd/microros_ws/install/multisense_msgs/lib/python3.8/site-packages/multisense_msgs/msg
[5.681s] -- Up-to-date: /home/brsd/microros_ws/install/multisense_msgs/lib/python3.8/site-packages/multisense_msgs/msg/_stamped_pps_s.c
[5.682s] -- Up-to-date: /home/brsd/microros_ws/install/multisense_msgs/lib/python3.8/site-packages/multisense_msgs/msg/_ptp_status_s.c
[5.683s] -- Up-to-date: /home/brsd/microros_ws/install/multisense_msgs/lib/python3.8/site-packages/multisense_msgs/msg/_raw_cam_config_s.c
[5.683s] -- Up-to-date: /home/brsd/microros_ws/install/multisense_msgs/lib/python3.8/site-packages/multisense_msgs/msg/_raw_imu_data_s.c
[5.684s] -- Up-to-date: /home/brsd/microros_ws/install/multisense_msgs/lib/python3.8/site-packages/multisense_msgs/msg/__init__.py
[5.684s] -- Up-to-date: /home/brsd/microros_ws/install/multisense_msgs/lib/python3.8/site-packages/multisense_msgs/msg/_stamped_pps.py
[5.689s] -- Up-to-date: /home/brsd/microros_ws/install/multisense_msgs/lib/python3.8/site-packages/multisense_msgs/msg/_raw_imu_data.py
[5.689s] -- Up-to-date: /home/brsd/microros_ws/install/multisense_msgs/lib/python3.8/site-packages/multisense_msgs/msg/_device_info_s.c
[5.690s] -- Up-to-date: /home/brsd/microros_ws/install/multisense_msgs/lib/python3.8/site-packages/multisense_msgs/msg/_device_status_s.c
[5.691s] -- Up-to-date: /home/brsd/microros_ws/install/multisense_msgs/lib/python3.8/site-packages/multisense_msgs/msg/_raw_lidar_data_s.c
[5.691s] -- Up-to-date: /home/brsd/microros_ws/install/multisense_msgs/lib/python3.8/site-packages/multisense_msgs/msg/_raw_cam_cal_s.c
[5.692s] -- Up-to-date: /home/brsd/microros_ws/install/multisense_msgs/lib/python3.8/site-packages/multisense_msgs/msg/_raw_cam_config.py
[5.692s] -- Up-to-date: /home/brsd/microros_ws/install/multisense_msgs/lib/python3.8/site-packages/multisense_msgs/msg/_raw_cam_data.py
[5.693s] -- Up-to-date: /home/brsd/microros_ws/install/multisense_msgs/lib/python3.8/site-packages/multisense_msgs/msg/_device_info.py
[5.693s] -- Up-to-date: /home/brsd/microros_ws/install/multisense_msgs/lib/python3.8/site-packages/multisense_msgs/msg/_raw_lidar_cal_s.c
[5.694s] -- Up-to-date: /home/brsd/microros_ws/install/multisense_msgs/lib/python3.8/site-packages/multisense_msgs/msg/_ptp_status.py
[5.694s] -- Up-to-date: /home/brsd/microros_ws/install/multisense_msgs/lib/python3.8/site-packages/multisense_msgs/msg/_raw_cam_cal.py
[5.695s] -- Up-to-date: /home/brsd/microros_ws/install/multisense_msgs/lib/python3.8/site-packages/multisense_msgs/msg/_device_status.py
[5.695s] -- Up-to-date: /home/brsd/microros_ws/install/multisense_msgs/lib/python3.8/site-packages/multisense_msgs/msg/_histogram.py
[5.696s] -- Up-to-date: /home/brsd/microros_ws/install/multisense_msgs/lib/python3.8/site-packages/multisense_msgs/msg/_raw_lidar_data.py
[5.696s] -- Up-to-date: /home/brsd/microros_ws/install/multisense_msgs/lib/python3.8/site-packages/multisense_msgs/msg/_raw_lidar_cal.py
[5.697s] -- Up-to-date: /home/brsd/microros_ws/install/multisense_msgs/lib/python3.8/site-packages/multisense_msgs/msg/_raw_cam_data_s.c
[5.697s] -- Up-to-date: /home/brsd/microros_ws/install/multisense_msgs/lib/python3.8/site-packages/multisense_msgs/msg/_histogram_s.c
[5.707s] -- Up-to-date: /home/brsd/microros_ws/install/multisense_msgs/lib/python3.8/site-packages/multisense_msgs/multisense_msgs_s__rosidl_typesupport_fastrtps_c.cpython-38-aarch64-linux-gnu.so
[5.708s] -- Up-to-date: /home/brsd/microros_ws/install/multisense_msgs/lib/python3.8/site-packages/multisense_msgs/multisense_msgs_s__rosidl_typesupport_introspection_c.cpython-38-aarch64-linux-gnu.so
[5.709s] -- Up-to-date: /home/brsd/microros_ws/install/multisense_msgs/lib/python3.8/site-packages/multisense_msgs/multisense_msgs_s__rosidl_typesupport_c.cpython-38-aarch64-linux-gnu.so
[5.713s] -- Up-to-date: /home/brsd/microros_ws/install/multisense_msgs/lib/libmultisense_msgs__python.so
[5.715s] -- Up-to-date: /home/brsd/microros_ws/install/multisense_msgs/share/multisense_msgs/msg/DeviceInfo.idl
[5.717s] -- Up-to-date: /home/brsd/microros_ws/install/multisense_msgs/share/multisense_msgs/msg/RawCamConfig.idl
[5.718s] -- Up-to-date: /home/brsd/microros_ws/install/multisense_msgs/share/multisense_msgs/msg/RawImuData.idl
[5.719s] -- Up-to-date: /home/brsd/microros_ws/install/multisense_msgs/share/multisense_msgs/msg/RawLidarData.idl
[5.720s] -- Up-to-date: /home/brsd/microros_ws/install/multisense_msgs/share/multisense_msgs/msg/RawCamCal.idl
[5.721s] -- Up-to-date: /home/brsd/microros_ws/install/multisense_msgs/share/multisense_msgs/msg/RawCamData.idl
[5.722s] -- Up-to-date: /home/brsd/microros_ws/install/multisense_msgs/share/multisense_msgs/msg/RawLidarCal.idl
[5.724s] -- Up-to-date: /home/brsd/microros_ws/install/multisense_msgs/share/multisense_msgs/msg/Histogram.idl
[5.724s] -- Up-to-date: /home/brsd/microros_ws/install/multisense_msgs/share/multisense_msgs/msg/DeviceStatus.idl
[5.727s] -- Up-to-date: /home/brsd/microros_ws/install/multisense_msgs/share/multisense_msgs/msg/PtpStatus.idl
[5.727s] -- Up-to-date: /home/brsd/microros_ws/install/multisense_msgs/share/multisense_msgs/msg/StampedPps.idl
[5.728s] -- Up-to-date: /home/brsd/microros_ws/install/multisense_msgs/share/multisense_msgs/msg/DeviceInfo.msg
[5.730s] -- Up-to-date: /home/brsd/microros_ws/install/multisense_msgs/share/multisense_msgs/msg/RawCamConfig.msg
[5.735s] -- Up-to-date: /home/brsd/microros_ws/install/multisense_msgs/share/multisense_msgs/msg/RawImuData.msg
[5.736s] -- Up-to-date: /home/brsd/microros_ws/install/multisense_msgs/share/multisense_msgs/msg/RawLidarData.msg
[5.736s] -- Up-to-date: /home/brsd/microros_ws/install/multisense_msgs/share/multisense_msgs/msg/RawCamCal.msg
[5.737s] -- Up-to-date: /home/brsd/microros_ws/install/multisense_msgs/share/multisense_msgs/msg/RawCamData.msg
[5.737s] -- Up-to-date: /home/brsd/microros_ws/install/multisense_msgs/share/multisense_msgs/msg/RawLidarCal.msg
[5.741s] -- Up-to-date: /home/brsd/microros_ws/install/multisense_msgs/share/multisense_msgs/msg/Histogram.msg
[5.749s] -- Up-to-date: /home/brsd/microros_ws/install/multisense_msgs/share/multisense_msgs/msg/DeviceStatus.msg
[5.750s] -- Up-to-date: /home/brsd/microros_ws/install/multisense_msgs/share/multisense_msgs/msg/PtpStatus.msg
[5.750s] -- Up-to-date: /home/brsd/microros_ws/install/multisense_msgs/share/multisense_msgs/msg/StampedPps.msg
[5.751s] -- Up-to-date: /home/brsd/microros_ws/install/multisense_msgs/share/ament_index/resource_index/package_run_dependencies/multisense_msgs
[5.751s] -- Up-to-date: /home/brsd/microros_ws/install/multisense_msgs/share/ament_index/resource_index/parent_prefix_path/multisense_msgs
[5.751s] -- Up-to-date: /home/brsd/microros_ws/install/multisense_msgs/share/multisense_msgs/environment/ament_prefix_path.sh
[5.752s] -- Up-to-date: /home/brsd/microros_ws/install/multisense_msgs/share/multisense_msgs/environment/ament_prefix_path.dsv
[5.752s] -- Up-to-date: /home/brsd/microros_ws/install/multisense_msgs/share/multisense_msgs/environment/path.sh
[5.762s] -- Up-to-date: /home/brsd/microros_ws/install/multisense_msgs/share/multisense_msgs/environment/path.dsv
[5.763s] -- Up-to-date: /home/brsd/microros_ws/install/multisense_msgs/share/multisense_msgs/local_setup.bash
[5.764s] -- Up-to-date: /home/brsd/microros_ws/install/multisense_msgs/share/multisense_msgs/local_setup.sh
[5.764s] -- Up-to-date: /home/brsd/microros_ws/install/multisense_msgs/share/multisense_msgs/local_setup.zsh
[5.765s] -- Up-to-date: /home/brsd/microros_ws/install/multisense_msgs/share/multisense_msgs/local_setup.dsv
[5.766s] -- Installing: /home/brsd/microros_ws/install/multisense_msgs/share/multisense_msgs/package.dsv
[5.766s] -- Up-to-date: /home/brsd/microros_ws/install/multisense_msgs/share/ament_index/resource_index/packages/multisense_msgs
[5.767s] -- Up-to-date: /home/brsd/microros_ws/install/multisense_msgs/share/multisense_msgs/cmake/multisense_msgs__rosidl_generator_cExport.cmake
[5.767s] -- Up-to-date: /home/brsd/microros_ws/install/multisense_msgs/share/multisense_msgs/cmake/multisense_msgs__rosidl_generator_cExport-release.cmake
[5.774s] -- Up-to-date: /home/brsd/microros_ws/install/multisense_msgs/share/multisense_msgs/cmake/multisense_msgs__rosidl_typesupport_introspection_cExport.cmake
[5.775s] -- Up-to-date: /home/brsd/microros_ws/install/multisense_msgs/share/multisense_msgs/cmake/multisense_msgs__rosidl_typesupport_introspection_cExport-release.cmake
[5.775s] -- Up-to-date: /home/brsd/microros_ws/install/multisense_msgs/share/multisense_msgs/cmake/multisense_msgs__rosidl_typesupport_cExport.cmake
[5.776s] -- Up-to-date: /home/brsd/microros_ws/install/multisense_msgs/share/multisense_msgs/cmake/multisense_msgs__rosidl_typesupport_cExport-release.cmake
[5.779s] -- Up-to-date: /home/brsd/microros_ws/install/multisense_msgs/share/multisense_msgs/cmake/multisense_msgs__rosidl_generator_cppExport.cmake
[5.783s] -- Up-to-date: /home/brsd/microros_ws/install/multisense_msgs/share/multisense_msgs/cmake/multisense_msgs__rosidl_typesupport_introspection_cppExport.cmake
[5.784s] -- Up-to-date: /home/brsd/microros_ws/install/multisense_msgs/share/multisense_msgs/cmake/multisense_msgs__rosidl_typesupport_introspection_cppExport-release.cmake
[5.793s] -- Up-to-date: /home/brsd/microros_ws/install/multisense_msgs/share/multisense_msgs/cmake/multisense_msgs__rosidl_typesupport_cppExport.cmake
[5.794s] -- Up-to-date: /home/brsd/microros_ws/install/multisense_msgs/share/multisense_msgs/cmake/multisense_msgs__rosidl_typesupport_cppExport-release.cmake
[5.794s] -- Up-to-date: /home/brsd/microros_ws/install/multisense_msgs/share/multisense_msgs/cmake/rosidl_cmake-extras.cmake
[5.795s] -- Up-to-date: /home/brsd/microros_ws/install/multisense_msgs/share/multisense_msgs/cmake/ament_cmake_export_dependencies-extras.cmake
[5.796s] -- Up-to-date: /home/brsd/microros_ws/install/multisense_msgs/share/multisense_msgs/cmake/ament_cmake_export_libraries-extras.cmake
[5.796s] -- Up-to-date: /home/brsd/microros_ws/install/multisense_msgs/share/multisense_msgs/cmake/ament_cmake_export_targets-extras.cmake
[5.797s] -- Up-to-date: /home/brsd/microros_ws/install/multisense_msgs/share/multisense_msgs/cmake/ament_cmake_export_include_directories-extras.cmake
[5.798s] -- Up-to-date: /home/brsd/microros_ws/install/multisense_msgs/share/multisense_msgs/cmake/rosidl_cmake_export_typesupport_libraries-extras.cmake
[5.798s] -- Up-to-date: /home/brsd/microros_ws/install/multisense_msgs/share/multisense_msgs/cmake/rosidl_cmake_export_typesupport_targets-extras.cmake
[5.814s] -- Up-to-date: /home/brsd/microros_ws/install/multisense_msgs/share/multisense_msgs/cmake/multisense_msgsConfig.cmake
[5.815s] -- Up-to-date: /home/brsd/microros_ws/install/multisense_msgs/share/multisense_msgs/cmake/multisense_msgsConfig-version.cmake
[5.815s] -- Up-to-date: /home/brsd/microros_ws/install/multisense_msgs/share/multisense_msgs/package.xml
[5.816s] Invoked command in '/home/brsd/microros_ws/build/multisense_msgs' returned '0': CMAKE_PREFIX_PATH=${CMAKE_PREFIX_PATH}:/home/brsd/microros_ws/install/person_detection:/home/brsd/microros_ws/install/pathfinding:/home/brsd/microros_ws/install/object_detection_pkg:/home/brsd/microros_ws/install/joystick_input:/home/brsd/microros_ws/install/jetson_comm:/home/brsd/microros_ws/install/fsm:/opt/ros/foxy /usr/bin/cmake --install /home/brsd/microros_ws/build/multisense_msgs
