[2.508s] DEBUG:colcon:Command line arguments: ['/usr/bin/colcon', 'build']
[2.508s] DEBUG:colcon:Parsed command line arguments: Namespace(allow_overriding=[], ament_cmake_args=None, base_paths=['.'], build_base='build', catkin_cmake_args=None, catkin_skip_building_tests=False, cmake_args=None, cmake_clean_cache=False, cmake_clean_first=False, cmake_force_configure=False, cmake_target=None, cmake_target_skip_unavailable=False, continue_on_error=False, event_handlers=None, executor='parallel', ignore_user_meta=False, install_base='install', log_base=None, log_level=None, main=<bound method BuildVerb.main of <colcon_core.verb.build.BuildVerb object at 0x7f7cd1db80>>, merge_install=False, metas=['./colcon.meta'], packages_above=None, packages_above_and_dependencies=None, packages_above_depth=None, packages_end=None, packages_ignore=None, packages_ignore_regex=None, packages_select=None, packages_select_build_failed=False, packages_select_by_dep=None, packages_select_regex=None, packages_select_test_failures=False, packages_skip=None, packages_skip_build_finished=False, packages_skip_by_dep=None, packages_skip_regex=None, packages_skip_test_passed=False, packages_skip_up_to=None, packages_start=None, packages_up_to=None, packages_up_to_regex=None, parallel_workers=4, paths=None, symlink_install=False, test_result_base=None, verb_extension=<colcon_core.verb.build.BuildVerb object at 0x7f7cd1db80>, verb_name='build', verb_parser=<colcon_defaults.argument_parser.defaults.DefaultArgumentsDecorator object at 0x7f7cbfa820>)
[4.794s] Level 1:colcon.colcon_core.package_discovery:discover_packages(colcon_meta) check parameters
[4.795s] Level 1:colcon.colcon_core.package_discovery:discover_packages(recursive) check parameters
[4.796s] Level 1:colcon.colcon_core.package_discovery:discover_packages(ignore) check parameters
[4.797s] Level 1:colcon.colcon_core.package_discovery:discover_packages(path) check parameters
[4.801s] Level 1:colcon.colcon_core.package_discovery:discover_packages(colcon_meta) discover
[4.802s] Level 1:colcon.colcon_core.package_discovery:discover_packages(recursive) discover
[4.802s] INFO:colcon.colcon_core.package_discovery:Crawling recursively for packages in '/home/brsd/microros_ws'
[4.803s] Level 1:colcon.colcon_core.package_identification:_identify(.) by extensions ['ignore', 'ignore_ament_install']
[4.804s] Level 1:colcon.colcon_core.package_identification:_identify(.) by extension 'ignore'
[4.804s] Level 1:colcon.colcon_core.package_identification:_identify(.) by extension 'ignore_ament_install'
[4.805s] Level 1:colcon.colcon_core.package_identification:_identify(.) by extensions ['colcon_pkg']
[4.805s] Level 1:colcon.colcon_core.package_identification:_identify(.) by extension 'colcon_pkg'
[4.805s] Level 1:colcon.colcon_core.package_identification:_identify(.) by extensions ['colcon_meta']
[4.806s] Level 1:colcon.colcon_core.package_identification:_identify(.) by extension 'colcon_meta'
[4.806s] Level 1:colcon.colcon_core.package_identification:_identify(.) by extensions ['ros']
[4.806s] Level 1:colcon.colcon_core.package_identification:_identify(.) by extension 'ros'
[4.976s] Level 1:colcon.colcon_core.package_identification:_identify(.) by extensions ['cmake', 'python']
[4.977s] Level 1:colcon.colcon_core.package_identification:_identify(.) by extension 'cmake'
[4.977s] Level 1:colcon.colcon_core.package_identification:_identify(.) by extension 'python'
[4.977s] Level 1:colcon.colcon_core.package_identification:_identify(.) by extensions ['python_setup_py']
[4.978s] Level 1:colcon.colcon_core.package_identification:_identify(.) by extension 'python_setup_py'
[4.978s] Level 1:colcon.colcon_core.package_identification:_identify(build) by extensions ['ignore', 'ignore_ament_install']
[4.979s] Level 1:colcon.colcon_core.package_identification:_identify(build) by extension 'ignore'
[4.979s] Level 1:colcon.colcon_core.package_identification:_identify(build) ignored
[4.980s] Level 1:colcon.colcon_core.package_identification:_identify(install) by extensions ['ignore', 'ignore_ament_install']
[4.982s] Level 1:colcon.colcon_core.package_identification:_identify(install) by extension 'ignore'
[4.983s] Level 1:colcon.colcon_core.package_identification:_identify(install) ignored
[4.985s] Level 1:colcon.colcon_core.package_identification:_identify(log) by extensions ['ignore', 'ignore_ament_install']
[4.986s] Level 1:colcon.colcon_core.package_identification:_identify(log) by extension 'ignore'
[4.986s] Level 1:colcon.colcon_core.package_identification:_identify(log) ignored
[4.987s] Level 1:colcon.colcon_core.package_identification:_identify(src) by extensions ['ignore', 'ignore_ament_install']
[4.988s] Level 1:colcon.colcon_core.package_identification:_identify(src) by extension 'ignore'
[4.988s] Level 1:colcon.colcon_core.package_identification:_identify(src) by extension 'ignore_ament_install'
[4.988s] Level 1:colcon.colcon_core.package_identification:_identify(src) by extensions ['colcon_pkg']
[4.989s] Level 1:colcon.colcon_core.package_identification:_identify(src) by extension 'colcon_pkg'
[4.989s] Level 1:colcon.colcon_core.package_identification:_identify(src) by extensions ['colcon_meta']
[4.989s] Level 1:colcon.colcon_core.package_identification:_identify(src) by extension 'colcon_meta'
[4.989s] Level 1:colcon.colcon_core.package_identification:_identify(src) by extensions ['ros']
[4.990s] Level 1:colcon.colcon_core.package_identification:_identify(src) by extension 'ros'
[4.990s] Level 1:colcon.colcon_core.package_identification:_identify(src) by extensions ['cmake', 'python']
[4.990s] Level 1:colcon.colcon_core.package_identification:_identify(src) by extension 'cmake'
[4.991s] Level 1:colcon.colcon_core.package_identification:_identify(src) by extension 'python'
[4.991s] Level 1:colcon.colcon_core.package_identification:_identify(src) by extensions ['python_setup_py']
[4.991s] Level 1:colcon.colcon_core.package_identification:_identify(src) by extension 'python_setup_py'
[4.992s] Level 1:colcon.colcon_core.package_identification:_identify(src/build) by extensions ['ignore', 'ignore_ament_install']
[4.992s] Level 1:colcon.colcon_core.package_identification:_identify(src/build) by extension 'ignore'
[4.993s] Level 1:colcon.colcon_core.package_identification:_identify(src/build) ignored
[4.993s] Level 1:colcon.colcon_core.package_identification:_identify(src/fsm) by extensions ['ignore', 'ignore_ament_install']
[4.994s] Level 1:colcon.colcon_core.package_identification:_identify(src/fsm) by extension 'ignore'
[4.994s] Level 1:colcon.colcon_core.package_identification:_identify(src/fsm) by extension 'ignore_ament_install'
[4.994s] Level 1:colcon.colcon_core.package_identification:_identify(src/fsm) by extensions ['colcon_pkg']
[4.994s] Level 1:colcon.colcon_core.package_identification:_identify(src/fsm) by extension 'colcon_pkg'
[4.995s] Level 1:colcon.colcon_core.package_identification:_identify(src/fsm) by extensions ['colcon_meta']
[4.995s] Level 1:colcon.colcon_core.package_identification:_identify(src/fsm) by extension 'colcon_meta'
[4.996s] Level 1:colcon.colcon_core.package_identification:_identify(src/fsm) by extensions ['ros']
[4.996s] Level 1:colcon.colcon_core.package_identification:_identify(src/fsm) by extension 'ros'
[5.018s] DEBUG:colcon.colcon_core.package_identification:Package 'src/fsm' with type 'ros.ament_python' and name 'fsm'
[5.022s] Level 1:colcon.colcon_core.package_identification:_identify(src/install) by extensions ['ignore', 'ignore_ament_install']
[5.023s] Level 1:colcon.colcon_core.package_identification:_identify(src/install) by extension 'ignore'
[5.023s] Level 1:colcon.colcon_core.package_identification:_identify(src/install) ignored
[5.024s] Level 1:colcon.colcon_core.package_identification:_identify(src/jetson_comm) by extensions ['ignore', 'ignore_ament_install']
[5.024s] Level 1:colcon.colcon_core.package_identification:_identify(src/jetson_comm) by extension 'ignore'
[5.025s] Level 1:colcon.colcon_core.package_identification:_identify(src/jetson_comm) by extension 'ignore_ament_install'
[5.025s] Level 1:colcon.colcon_core.package_identification:_identify(src/jetson_comm) by extensions ['colcon_pkg']
[5.025s] Level 1:colcon.colcon_core.package_identification:_identify(src/jetson_comm) by extension 'colcon_pkg'
[5.026s] Level 1:colcon.colcon_core.package_identification:_identify(src/jetson_comm) by extensions ['colcon_meta']
[5.026s] Level 1:colcon.colcon_core.package_identification:_identify(src/jetson_comm) by extension 'colcon_meta'
[5.026s] Level 1:colcon.colcon_core.package_identification:_identify(src/jetson_comm) by extensions ['ros']
[5.026s] Level 1:colcon.colcon_core.package_identification:_identify(src/jetson_comm) by extension 'ros'
[5.030s] DEBUG:colcon.colcon_core.package_identification:Package 'src/jetson_comm' with type 'ros.ament_python' and name 'jetson_comm'
[5.034s] Level 1:colcon.colcon_core.package_identification:_identify(src/joystick_input) by extensions ['ignore', 'ignore_ament_install']
[5.034s] Level 1:colcon.colcon_core.package_identification:_identify(src/joystick_input) by extension 'ignore'
[5.035s] Level 1:colcon.colcon_core.package_identification:_identify(src/joystick_input) by extension 'ignore_ament_install'
[5.035s] Level 1:colcon.colcon_core.package_identification:_identify(src/joystick_input) by extensions ['colcon_pkg']
[5.036s] Level 1:colcon.colcon_core.package_identification:_identify(src/joystick_input) by extension 'colcon_pkg'
[5.036s] Level 1:colcon.colcon_core.package_identification:_identify(src/joystick_input) by extensions ['colcon_meta']
[5.037s] Level 1:colcon.colcon_core.package_identification:_identify(src/joystick_input) by extension 'colcon_meta'
[5.037s] Level 1:colcon.colcon_core.package_identification:_identify(src/joystick_input) by extensions ['ros']
[5.037s] Level 1:colcon.colcon_core.package_identification:_identify(src/joystick_input) by extension 'ros'
[5.075s] DEBUG:colcon.colcon_core.package_identification:Package 'src/joystick_input' with type 'ros.ament_python' and name 'joystick_input'
[5.076s] Level 1:colcon.colcon_core.package_identification:_identify(src/log) by extensions ['ignore', 'ignore_ament_install']
[5.077s] Level 1:colcon.colcon_core.package_identification:_identify(src/log) by extension 'ignore'
[5.077s] Level 1:colcon.colcon_core.package_identification:_identify(src/log) ignored
[5.078s] Level 1:colcon.colcon_core.package_identification:_identify(src/micro_ros_setup) by extensions ['ignore', 'ignore_ament_install']
[5.084s] Level 1:colcon.colcon_core.package_identification:_identify(src/micro_ros_setup) by extension 'ignore'
[5.084s] Level 1:colcon.colcon_core.package_identification:_identify(src/micro_ros_setup) by extension 'ignore_ament_install'
[5.085s] Level 1:colcon.colcon_core.package_identification:_identify(src/micro_ros_setup) by extensions ['colcon_pkg']
[5.085s] Level 1:colcon.colcon_core.package_identification:_identify(src/micro_ros_setup) by extension 'colcon_pkg'
[5.085s] Level 1:colcon.colcon_core.package_identification:_identify(src/micro_ros_setup) by extensions ['colcon_meta']
[5.085s] Level 1:colcon.colcon_core.package_identification:_identify(src/micro_ros_setup) by extension 'colcon_meta'
[5.086s] Level 1:colcon.colcon_core.package_identification:_identify(src/micro_ros_setup) by extensions ['ros']
[5.086s] Level 1:colcon.colcon_core.package_identification:_identify(src/micro_ros_setup) by extension 'ros'
[5.094s] DEBUG:colcon.colcon_core.package_identification:Package 'src/micro_ros_setup' with type 'ros.ament_cmake' and name 'micro_ros_setup'
[5.098s] Level 1:colcon.colcon_core.package_identification:_identify(src/multisense_ros2) by extensions ['ignore', 'ignore_ament_install']
[5.098s] Level 1:colcon.colcon_core.package_identification:_identify(src/multisense_ros2) by extension 'ignore'
[5.099s] Level 1:colcon.colcon_core.package_identification:_identify(src/multisense_ros2) by extension 'ignore_ament_install'
[5.099s] Level 1:colcon.colcon_core.package_identification:_identify(src/multisense_ros2) by extensions ['colcon_pkg']
[5.099s] Level 1:colcon.colcon_core.package_identification:_identify(src/multisense_ros2) by extension 'colcon_pkg'
[5.100s] Level 1:colcon.colcon_core.package_identification:_identify(src/multisense_ros2) by extensions ['colcon_meta']
[5.100s] Level 1:colcon.colcon_core.package_identification:_identify(src/multisense_ros2) by extension 'colcon_meta'
[5.101s] Level 1:colcon.colcon_core.package_identification:_identify(src/multisense_ros2) by extensions ['ros']
[5.101s] Level 1:colcon.colcon_core.package_identification:_identify(src/multisense_ros2) by extension 'ros'
[5.102s] Level 1:colcon.colcon_core.package_identification:_identify(src/multisense_ros2) by extensions ['cmake', 'python']
[5.102s] Level 1:colcon.colcon_core.package_identification:_identify(src/multisense_ros2) by extension 'cmake'
[5.103s] Level 1:colcon.colcon_core.package_identification:_identify(src/multisense_ros2) by extension 'python'
[5.103s] Level 1:colcon.colcon_core.package_identification:_identify(src/multisense_ros2) by extensions ['python_setup_py']
[5.103s] Level 1:colcon.colcon_core.package_identification:_identify(src/multisense_ros2) by extension 'python_setup_py'
[5.104s] Level 1:colcon.colcon_core.package_identification:_identify(src/multisense_ros2/multisense_lib) by extensions ['ignore', 'ignore_ament_install']
[5.105s] Level 1:colcon.colcon_core.package_identification:_identify(src/multisense_ros2/multisense_lib) by extension 'ignore'
[5.105s] Level 1:colcon.colcon_core.package_identification:_identify(src/multisense_ros2/multisense_lib) by extension 'ignore_ament_install'
[5.106s] Level 1:colcon.colcon_core.package_identification:_identify(src/multisense_ros2/multisense_lib) by extensions ['colcon_pkg']
[5.106s] Level 1:colcon.colcon_core.package_identification:_identify(src/multisense_ros2/multisense_lib) by extension 'colcon_pkg'
[5.106s] Level 1:colcon.colcon_core.package_identification:_identify(src/multisense_ros2/multisense_lib) by extensions ['colcon_meta']
[5.106s] Level 1:colcon.colcon_core.package_identification:_identify(src/multisense_ros2/multisense_lib) by extension 'colcon_meta'
[5.107s] Level 1:colcon.colcon_core.package_identification:_identify(src/multisense_ros2/multisense_lib) by extensions ['ros']
[5.107s] Level 1:colcon.colcon_core.package_identification:_identify(src/multisense_ros2/multisense_lib) by extension 'ros'
[5.110s] DEBUG:colcon.colcon_core.package_identification:Package 'src/multisense_ros2/multisense_lib' with type 'ros.ament_cmake' and name 'multisense_lib'
[5.111s] Level 1:colcon.colcon_core.package_identification:_identify(src/multisense_ros2/multisense_msgs) by extensions ['ignore', 'ignore_ament_install']
[5.111s] Level 1:colcon.colcon_core.package_identification:_identify(src/multisense_ros2/multisense_msgs) by extension 'ignore'
[5.112s] Level 1:colcon.colcon_core.package_identification:_identify(src/multisense_ros2/multisense_msgs) by extension 'ignore_ament_install'
[5.112s] Level 1:colcon.colcon_core.package_identification:_identify(src/multisense_ros2/multisense_msgs) by extensions ['colcon_pkg']
[5.112s] Level 1:colcon.colcon_core.package_identification:_identify(src/multisense_ros2/multisense_msgs) by extension 'colcon_pkg'
[5.113s] Level 1:colcon.colcon_core.package_identification:_identify(src/multisense_ros2/multisense_msgs) by extensions ['colcon_meta']
[5.113s] Level 1:colcon.colcon_core.package_identification:_identify(src/multisense_ros2/multisense_msgs) by extension 'colcon_meta'
[5.113s] Level 1:colcon.colcon_core.package_identification:_identify(src/multisense_ros2/multisense_msgs) by extensions ['ros']
[5.114s] Level 1:colcon.colcon_core.package_identification:_identify(src/multisense_ros2/multisense_msgs) by extension 'ros'
[5.118s] DEBUG:colcon.colcon_core.package_identification:Package 'src/multisense_ros2/multisense_msgs' with type 'ros.ament_cmake' and name 'multisense_msgs'
[5.118s] Level 1:colcon.colcon_core.package_identification:_identify(src/multisense_ros2/multisense_ros) by extensions ['ignore', 'ignore_ament_install']
[5.119s] Level 1:colcon.colcon_core.package_identification:_identify(src/multisense_ros2/multisense_ros) by extension 'ignore'
[5.120s] Level 1:colcon.colcon_core.package_identification:_identify(src/multisense_ros2/multisense_ros) by extension 'ignore_ament_install'
[5.121s] Level 1:colcon.colcon_core.package_identification:_identify(src/multisense_ros2/multisense_ros) by extensions ['colcon_pkg']
[5.121s] Level 1:colcon.colcon_core.package_identification:_identify(src/multisense_ros2/multisense_ros) by extension 'colcon_pkg'
[5.122s] Level 1:colcon.colcon_core.package_identification:_identify(src/multisense_ros2/multisense_ros) by extensions ['colcon_meta']
[5.122s] Level 1:colcon.colcon_core.package_identification:_identify(src/multisense_ros2/multisense_ros) by extension 'colcon_meta'
[5.122s] Level 1:colcon.colcon_core.package_identification:_identify(src/multisense_ros2/multisense_ros) by extensions ['ros']
[5.123s] Level 1:colcon.colcon_core.package_identification:_identify(src/multisense_ros2/multisense_ros) by extension 'ros'
[5.129s] DEBUG:colcon.colcon_core.package_identification:Package 'src/multisense_ros2/multisense_ros' with type 'ros.ament_cmake' and name 'multisense_ros'
[5.130s] Level 1:colcon.colcon_core.package_identification:_identify(src/object_detection_pkg) by extensions ['ignore', 'ignore_ament_install']
[5.131s] Level 1:colcon.colcon_core.package_identification:_identify(src/object_detection_pkg) by extension 'ignore'
[5.131s] Level 1:colcon.colcon_core.package_identification:_identify(src/object_detection_pkg) by extension 'ignore_ament_install'
[5.132s] Level 1:colcon.colcon_core.package_identification:_identify(src/object_detection_pkg) by extensions ['colcon_pkg']
[5.132s] Level 1:colcon.colcon_core.package_identification:_identify(src/object_detection_pkg) by extension 'colcon_pkg'
[5.133s] Level 1:colcon.colcon_core.package_identification:_identify(src/object_detection_pkg) by extensions ['colcon_meta']
[5.133s] Level 1:colcon.colcon_core.package_identification:_identify(src/object_detection_pkg) by extension 'colcon_meta'
[5.134s] Level 1:colcon.colcon_core.package_identification:_identify(src/object_detection_pkg) by extensions ['ros']
[5.134s] Level 1:colcon.colcon_core.package_identification:_identify(src/object_detection_pkg) by extension 'ros'
[5.138s] DEBUG:colcon.colcon_core.package_identification:Package 'src/object_detection_pkg' with type 'ros.ament_python' and name 'object_detection_pkg'
[5.139s] Level 1:colcon.colcon_core.package_identification:_identify(src/pathfinding) by extensions ['ignore', 'ignore_ament_install']
[5.140s] Level 1:colcon.colcon_core.package_identification:_identify(src/pathfinding) by extension 'ignore'
[5.165s] Level 1:colcon.colcon_core.package_identification:_identify(src/pathfinding) by extension 'ignore_ament_install'
[5.166s] Level 1:colcon.colcon_core.package_identification:_identify(src/pathfinding) by extensions ['colcon_pkg']
[5.167s] Level 1:colcon.colcon_core.package_identification:_identify(src/pathfinding) by extension 'colcon_pkg'
[5.167s] Level 1:colcon.colcon_core.package_identification:_identify(src/pathfinding) by extensions ['colcon_meta']
[5.167s] Level 1:colcon.colcon_core.package_identification:_identify(src/pathfinding) by extension 'colcon_meta'
[5.168s] Level 1:colcon.colcon_core.package_identification:_identify(src/pathfinding) by extensions ['ros']
[5.168s] Level 1:colcon.colcon_core.package_identification:_identify(src/pathfinding) by extension 'ros'
[5.175s] DEBUG:colcon.colcon_core.package_identification:Package 'src/pathfinding' with type 'ros.ament_python' and name 'pathfinding'
[5.176s] Level 1:colcon.colcon_core.package_identification:_identify(src/person_detection) by extensions ['ignore', 'ignore_ament_install']
[5.176s] Level 1:colcon.colcon_core.package_identification:_identify(src/person_detection) by extension 'ignore'
[5.177s] Level 1:colcon.colcon_core.package_identification:_identify(src/person_detection) by extension 'ignore_ament_install'
[5.177s] Level 1:colcon.colcon_core.package_identification:_identify(src/person_detection) by extensions ['colcon_pkg']
[5.178s] Level 1:colcon.colcon_core.package_identification:_identify(src/person_detection) by extension 'colcon_pkg'
[5.178s] Level 1:colcon.colcon_core.package_identification:_identify(src/person_detection) by extensions ['colcon_meta']
[5.178s] Level 1:colcon.colcon_core.package_identification:_identify(src/person_detection) by extension 'colcon_meta'
[5.179s] Level 1:colcon.colcon_core.package_identification:_identify(src/person_detection) by extensions ['ros']
[5.180s] Level 1:colcon.colcon_core.package_identification:_identify(src/person_detection) by extension 'ros'
[5.184s] DEBUG:colcon.colcon_core.package_identification:Package 'src/person_detection' with type 'ros.ament_python' and name 'person_detection'
[5.184s] Level 1:colcon.colcon_core.package_identification:_identify(src/uros) by extensions ['ignore', 'ignore_ament_install']
[5.185s] Level 1:colcon.colcon_core.package_identification:_identify(src/uros) by extension 'ignore'
[5.186s] Level 1:colcon.colcon_core.package_identification:_identify(src/uros) by extension 'ignore_ament_install'
[5.186s] Level 1:colcon.colcon_core.package_identification:_identify(src/uros) by extensions ['colcon_pkg']
[5.187s] Level 1:colcon.colcon_core.package_identification:_identify(src/uros) by extension 'colcon_pkg'
[5.187s] Level 1:colcon.colcon_core.package_identification:_identify(src/uros) by extensions ['colcon_meta']
[5.188s] Level 1:colcon.colcon_core.package_identification:_identify(src/uros) by extension 'colcon_meta'
[5.188s] Level 1:colcon.colcon_core.package_identification:_identify(src/uros) by extensions ['ros']
[5.189s] Level 1:colcon.colcon_core.package_identification:_identify(src/uros) by extension 'ros'
[5.190s] Level 1:colcon.colcon_core.package_identification:_identify(src/uros) by extensions ['cmake', 'python']
[5.191s] Level 1:colcon.colcon_core.package_identification:_identify(src/uros) by extension 'cmake'
[5.191s] Level 1:colcon.colcon_core.package_identification:_identify(src/uros) by extension 'python'
[5.191s] Level 1:colcon.colcon_core.package_identification:_identify(src/uros) by extensions ['python_setup_py']
[5.192s] Level 1:colcon.colcon_core.package_identification:_identify(src/uros) by extension 'python_setup_py'
[5.193s] Level 1:colcon.colcon_core.package_identification:_identify(src/uros/drive_base) by extensions ['ignore', 'ignore_ament_install']
[5.194s] Level 1:colcon.colcon_core.package_identification:_identify(src/uros/drive_base) by extension 'ignore'
[5.195s] Level 1:colcon.colcon_core.package_identification:_identify(src/uros/drive_base) by extension 'ignore_ament_install'
[5.195s] Level 1:colcon.colcon_core.package_identification:_identify(src/uros/drive_base) by extensions ['colcon_pkg']
[5.195s] Level 1:colcon.colcon_core.package_identification:_identify(src/uros/drive_base) by extension 'colcon_pkg'
[5.196s] Level 1:colcon.colcon_core.package_identification:_identify(src/uros/drive_base) by extensions ['colcon_meta']
[5.196s] Level 1:colcon.colcon_core.package_identification:_identify(src/uros/drive_base) by extension 'colcon_meta'
[5.196s] Level 1:colcon.colcon_core.package_identification:_identify(src/uros/drive_base) by extensions ['ros']
[5.197s] Level 1:colcon.colcon_core.package_identification:_identify(src/uros/drive_base) by extension 'ros'
[5.198s] Level 1:colcon.colcon_core.package_identification:_identify(src/uros/drive_base) by extensions ['cmake', 'python']
[5.198s] Level 1:colcon.colcon_core.package_identification:_identify(src/uros/drive_base) by extension 'cmake'
[5.198s] Level 1:colcon.colcon_core.package_identification:_identify(src/uros/drive_base) by extension 'python'
[5.199s] Level 1:colcon.colcon_core.package_identification:_identify(src/uros/drive_base) by extensions ['python_setup_py']
[5.199s] Level 1:colcon.colcon_core.package_identification:_identify(src/uros/drive_base) by extension 'python_setup_py'
[5.200s] Level 1:colcon.colcon_core.package_identification:_identify(src/uros/drive_base/drive_base_msgs) by extensions ['ignore', 'ignore_ament_install']
[5.200s] Level 1:colcon.colcon_core.package_identification:_identify(src/uros/drive_base/drive_base_msgs) by extension 'ignore'
[5.201s] Level 1:colcon.colcon_core.package_identification:_identify(src/uros/drive_base/drive_base_msgs) by extension 'ignore_ament_install'
[5.201s] Level 1:colcon.colcon_core.package_identification:_identify(src/uros/drive_base/drive_base_msgs) by extensions ['colcon_pkg']
[5.202s] Level 1:colcon.colcon_core.package_identification:_identify(src/uros/drive_base/drive_base_msgs) by extension 'colcon_pkg'
[5.203s] Level 1:colcon.colcon_core.package_identification:_identify(src/uros/drive_base/drive_base_msgs) by extensions ['colcon_meta']
[5.203s] Level 1:colcon.colcon_core.package_identification:_identify(src/uros/drive_base/drive_base_msgs) by extension 'colcon_meta'
[5.203s] Level 1:colcon.colcon_core.package_identification:_identify(src/uros/drive_base/drive_base_msgs) by extensions ['ros']
[5.204s] Level 1:colcon.colcon_core.package_identification:_identify(src/uros/drive_base/drive_base_msgs) by extension 'ros'
[5.208s] DEBUG:colcon.colcon_core.package_identification:Package 'src/uros/drive_base/drive_base_msgs' with type 'ros.ament_cmake' and name 'drive_base_msgs'
[5.209s] Level 1:colcon.colcon_core.package_identification:_identify(src/uros/micro-ROS-Agent) by extensions ['ignore', 'ignore_ament_install']
[5.210s] Level 1:colcon.colcon_core.package_identification:_identify(src/uros/micro-ROS-Agent) by extension 'ignore'
[5.210s] Level 1:colcon.colcon_core.package_identification:_identify(src/uros/micro-ROS-Agent) by extension 'ignore_ament_install'
[5.211s] Level 1:colcon.colcon_core.package_identification:_identify(src/uros/micro-ROS-Agent) by extensions ['colcon_pkg']
[5.211s] Level 1:colcon.colcon_core.package_identification:_identify(src/uros/micro-ROS-Agent) by extension 'colcon_pkg'
[5.212s] Level 1:colcon.colcon_core.package_identification:_identify(src/uros/micro-ROS-Agent) by extensions ['colcon_meta']
[5.212s] Level 1:colcon.colcon_core.package_identification:_identify(src/uros/micro-ROS-Agent) by extension 'colcon_meta'
[5.212s] Level 1:colcon.colcon_core.package_identification:_identify(src/uros/micro-ROS-Agent) by extensions ['ros']
[5.213s] Level 1:colcon.colcon_core.package_identification:_identify(src/uros/micro-ROS-Agent) by extension 'ros'
[5.214s] Level 1:colcon.colcon_core.package_identification:_identify(src/uros/micro-ROS-Agent) by extensions ['cmake', 'python']
[5.214s] Level 1:colcon.colcon_core.package_identification:_identify(src/uros/micro-ROS-Agent) by extension 'cmake'
[5.214s] Level 1:colcon.colcon_core.package_identification:_identify(src/uros/micro-ROS-Agent) by extension 'python'
[5.214s] Level 1:colcon.colcon_core.package_identification:_identify(src/uros/micro-ROS-Agent) by extensions ['python_setup_py']
[5.215s] Level 1:colcon.colcon_core.package_identification:_identify(src/uros/micro-ROS-Agent) by extension 'python_setup_py'
[5.216s] Level 1:colcon.colcon_core.package_identification:_identify(src/uros/micro-ROS-Agent/micro_ros_agent) by extensions ['ignore', 'ignore_ament_install']
[5.216s] Level 1:colcon.colcon_core.package_identification:_identify(src/uros/micro-ROS-Agent/micro_ros_agent) by extension 'ignore'
[5.217s] Level 1:colcon.colcon_core.package_identification:_identify(src/uros/micro-ROS-Agent/micro_ros_agent) by extension 'ignore_ament_install'
[5.218s] Level 1:colcon.colcon_core.package_identification:_identify(src/uros/micro-ROS-Agent/micro_ros_agent) by extensions ['colcon_pkg']
[5.218s] Level 1:colcon.colcon_core.package_identification:_identify(src/uros/micro-ROS-Agent/micro_ros_agent) by extension 'colcon_pkg'
[5.218s] Level 1:colcon.colcon_core.package_identification:_identify(src/uros/micro-ROS-Agent/micro_ros_agent) by extensions ['colcon_meta']
[5.218s] Level 1:colcon.colcon_core.package_identification:_identify(src/uros/micro-ROS-Agent/micro_ros_agent) by extension 'colcon_meta'
[5.219s] Level 1:colcon.colcon_core.package_identification:_identify(src/uros/micro-ROS-Agent/micro_ros_agent) by extensions ['ros']
[5.219s] Level 1:colcon.colcon_core.package_identification:_identify(src/uros/micro-ROS-Agent/micro_ros_agent) by extension 'ros'
[5.226s] DEBUG:colcon.colcon_core.package_identification:Package 'src/uros/micro-ROS-Agent/micro_ros_agent' with type 'ros.ament_cmake' and name 'micro_ros_agent'
[5.227s] Level 1:colcon.colcon_core.package_identification:_identify(src/uros/micro-ROS-Agent/snap) by extensions ['ignore', 'ignore_ament_install']
[5.229s] Level 1:colcon.colcon_core.package_identification:_identify(src/uros/micro-ROS-Agent/snap) by extension 'ignore'
[5.229s] Level 1:colcon.colcon_core.package_identification:_identify(src/uros/micro-ROS-Agent/snap) by extension 'ignore_ament_install'
[5.230s] Level 1:colcon.colcon_core.package_identification:_identify(src/uros/micro-ROS-Agent/snap) by extensions ['colcon_pkg']
[5.230s] Level 1:colcon.colcon_core.package_identification:_identify(src/uros/micro-ROS-Agent/snap) by extension 'colcon_pkg'
[5.230s] Level 1:colcon.colcon_core.package_identification:_identify(src/uros/micro-ROS-Agent/snap) by extensions ['colcon_meta']
[5.231s] Level 1:colcon.colcon_core.package_identification:_identify(src/uros/micro-ROS-Agent/snap) by extension 'colcon_meta'
[5.231s] Level 1:colcon.colcon_core.package_identification:_identify(src/uros/micro-ROS-Agent/snap) by extensions ['ros']
[5.232s] Level 1:colcon.colcon_core.package_identification:_identify(src/uros/micro-ROS-Agent/snap) by extension 'ros'
[5.232s] Level 1:colcon.colcon_core.package_identification:_identify(src/uros/micro-ROS-Agent/snap) by extensions ['cmake', 'python']
[5.233s] Level 1:colcon.colcon_core.package_identification:_identify(src/uros/micro-ROS-Agent/snap) by extension 'cmake'
[5.233s] Level 1:colcon.colcon_core.package_identification:_identify(src/uros/micro-ROS-Agent/snap) by extension 'python'
[5.234s] Level 1:colcon.colcon_core.package_identification:_identify(src/uros/micro-ROS-Agent/snap) by extensions ['python_setup_py']
[5.234s] Level 1:colcon.colcon_core.package_identification:_identify(src/uros/micro-ROS-Agent/snap) by extension 'python_setup_py'
[5.235s] Level 1:colcon.colcon_core.package_identification:_identify(src/uros/micro-ROS-Agent/snap/hooks) by extensions ['ignore', 'ignore_ament_install']
[5.235s] Level 1:colcon.colcon_core.package_identification:_identify(src/uros/micro-ROS-Agent/snap/hooks) by extension 'ignore'
[5.236s] Level 1:colcon.colcon_core.package_identification:_identify(src/uros/micro-ROS-Agent/snap/hooks) by extension 'ignore_ament_install'
[5.239s] Level 1:colcon.colcon_core.package_identification:_identify(src/uros/micro-ROS-Agent/snap/hooks) by extensions ['colcon_pkg']
[5.240s] Level 1:colcon.colcon_core.package_identification:_identify(src/uros/micro-ROS-Agent/snap/hooks) by extension 'colcon_pkg'
[5.243s] Level 1:colcon.colcon_core.package_identification:_identify(src/uros/micro-ROS-Agent/snap/hooks) by extensions ['colcon_meta']
[5.247s] Level 1:colcon.colcon_core.package_identification:_identify(src/uros/micro-ROS-Agent/snap/hooks) by extension 'colcon_meta'
[5.268s] Level 1:colcon.colcon_core.package_identification:_identify(src/uros/micro-ROS-Agent/snap/hooks) by extensions ['ros']
[5.269s] Level 1:colcon.colcon_core.package_identification:_identify(src/uros/micro-ROS-Agent/snap/hooks) by extension 'ros'
[5.269s] Level 1:colcon.colcon_core.package_identification:_identify(src/uros/micro-ROS-Agent/snap/hooks) by extensions ['cmake', 'python']
[5.270s] Level 1:colcon.colcon_core.package_identification:_identify(src/uros/micro-ROS-Agent/snap/hooks) by extension 'cmake'
[5.270s] Level 1:colcon.colcon_core.package_identification:_identify(src/uros/micro-ROS-Agent/snap/hooks) by extension 'python'
[5.271s] Level 1:colcon.colcon_core.package_identification:_identify(src/uros/micro-ROS-Agent/snap/hooks) by extensions ['python_setup_py']
[5.271s] Level 1:colcon.colcon_core.package_identification:_identify(src/uros/micro-ROS-Agent/snap/hooks) by extension 'python_setup_py'
[5.272s] Level 1:colcon.colcon_core.package_identification:_identify(src/uros/micro-ROS-Agent/snap/local) by extensions ['ignore', 'ignore_ament_install']
[5.273s] Level 1:colcon.colcon_core.package_identification:_identify(src/uros/micro-ROS-Agent/snap/local) by extension 'ignore'
[5.273s] Level 1:colcon.colcon_core.package_identification:_identify(src/uros/micro-ROS-Agent/snap/local) by extension 'ignore_ament_install'
[5.274s] Level 1:colcon.colcon_core.package_identification:_identify(src/uros/micro-ROS-Agent/snap/local) by extensions ['colcon_pkg']
[5.274s] Level 1:colcon.colcon_core.package_identification:_identify(src/uros/micro-ROS-Agent/snap/local) by extension 'colcon_pkg'
[5.274s] Level 1:colcon.colcon_core.package_identification:_identify(src/uros/micro-ROS-Agent/snap/local) by extensions ['colcon_meta']
[5.274s] Level 1:colcon.colcon_core.package_identification:_identify(src/uros/micro-ROS-Agent/snap/local) by extension 'colcon_meta'
[5.275s] Level 1:colcon.colcon_core.package_identification:_identify(src/uros/micro-ROS-Agent/snap/local) by extensions ['ros']
[5.275s] Level 1:colcon.colcon_core.package_identification:_identify(src/uros/micro-ROS-Agent/snap/local) by extension 'ros'
[5.275s] Level 1:colcon.colcon_core.package_identification:_identify(src/uros/micro-ROS-Agent/snap/local) by extensions ['cmake', 'python']
[5.276s] Level 1:colcon.colcon_core.package_identification:_identify(src/uros/micro-ROS-Agent/snap/local) by extension 'cmake'
[5.276s] Level 1:colcon.colcon_core.package_identification:_identify(src/uros/micro-ROS-Agent/snap/local) by extension 'python'
[5.276s] Level 1:colcon.colcon_core.package_identification:_identify(src/uros/micro-ROS-Agent/snap/local) by extensions ['python_setup_py']
[5.277s] Level 1:colcon.colcon_core.package_identification:_identify(src/uros/micro-ROS-Agent/snap/local) by extension 'python_setup_py'
[5.277s] Level 1:colcon.colcon_core.package_identification:_identify(src/uros/micro_ros_msgs) by extensions ['ignore', 'ignore_ament_install']
[5.278s] Level 1:colcon.colcon_core.package_identification:_identify(src/uros/micro_ros_msgs) by extension 'ignore'
[5.278s] Level 1:colcon.colcon_core.package_identification:_identify(src/uros/micro_ros_msgs) by extension 'ignore_ament_install'
[5.279s] Level 1:colcon.colcon_core.package_identification:_identify(src/uros/micro_ros_msgs) by extensions ['colcon_pkg']
[5.279s] Level 1:colcon.colcon_core.package_identification:_identify(src/uros/micro_ros_msgs) by extension 'colcon_pkg'
[5.279s] Level 1:colcon.colcon_core.package_identification:_identify(src/uros/micro_ros_msgs) by extensions ['colcon_meta']
[5.279s] Level 1:colcon.colcon_core.package_identification:_identify(src/uros/micro_ros_msgs) by extension 'colcon_meta'
[5.280s] Level 1:colcon.colcon_core.package_identification:_identify(src/uros/micro_ros_msgs) by extensions ['ros']
[5.281s] Level 1:colcon.colcon_core.package_identification:_identify(src/uros/micro_ros_msgs) by extension 'ros'
[5.284s] DEBUG:colcon.colcon_core.package_identification:Package 'src/uros/micro_ros_msgs' with type 'ros.ament_cmake' and name 'micro_ros_msgs'
[5.285s] Level 1:colcon.colcon_core.package_identification:_identify(src/xacro) by extensions ['ignore', 'ignore_ament_install']
[5.286s] Level 1:colcon.colcon_core.package_identification:_identify(src/xacro) by extension 'ignore'
[5.286s] Level 1:colcon.colcon_core.package_identification:_identify(src/xacro) by extension 'ignore_ament_install'
[5.286s] Level 1:colcon.colcon_core.package_identification:_identify(src/xacro) by extensions ['colcon_pkg']
[5.286s] Level 1:colcon.colcon_core.package_identification:_identify(src/xacro) by extension 'colcon_pkg'
[5.290s] Level 1:colcon.colcon_core.package_identification:_identify(src/xacro) by extensions ['colcon_meta']
[5.290s] Level 1:colcon.colcon_core.package_identification:_identify(src/xacro) by extension 'colcon_meta'
[5.291s] Level 1:colcon.colcon_core.package_identification:_identify(src/xacro) by extensions ['ros']
[5.291s] Level 1:colcon.colcon_core.package_identification:_identify(src/xacro) by extension 'ros'
[5.296s] DEBUG:colcon.colcon_core.package_identification:Package 'src/xacro' with type 'ros.ament_cmake' and name 'xacro'
[5.297s] Level 1:colcon.colcon_core.package_discovery:discover_packages(recursive) using defaults
[5.297s] Level 1:colcon.colcon_core.package_discovery:discover_packages(ignore) discover
[5.297s] Level 1:colcon.colcon_core.package_discovery:discover_packages(ignore) using defaults
[5.297s] Level 1:colcon.colcon_core.package_discovery:discover_packages(path) discover
[5.297s] Level 1:colcon.colcon_core.package_discovery:discover_packages(path) using defaults
[5.412s] INFO:colcon.colcon_metadata.metadata.colcon_pkg:Updating descriptor of package 'src/xacro' from colcon.pkg: {'hooks': ['share/xacro/environment/completion.bash']}
[5.438s] Level 1:colcon.colcon_core.package_discovery:discover_packages(prefix_path) check parameters
[5.438s] Level 1:colcon.colcon_core.package_discovery:discover_packages(prefix_path) discover
[5.478s] DEBUG:colcon.colcon_installed_package_information.package_discovery:Found 14 installed packages in /home/brsd/microros_ws/install
[5.486s] DEBUG:colcon.colcon_installed_package_information.package_discovery:Found 263 installed packages in /opt/ros/foxy
[5.561s] Level 1:colcon.colcon_core.package_discovery:discover_packages(prefix_path) using defaults
[6.252s] Level 5:colcon.colcon_core.verb:set package 'drive_base_msgs' build argument 'cmake_args' from command line to 'None'
[6.254s] Level 5:colcon.colcon_core.verb:set package 'drive_base_msgs' build argument 'cmake_target' from command line to 'None'
[6.255s] Level 5:colcon.colcon_core.verb:set package 'drive_base_msgs' build argument 'cmake_target_skip_unavailable' from command line to 'False'
[6.255s] Level 5:colcon.colcon_core.verb:set package 'drive_base_msgs' build argument 'cmake_clean_cache' from command line to 'False'
[6.271s] Level 5:colcon.colcon_core.verb:set package 'drive_base_msgs' build argument 'cmake_clean_first' from command line to 'False'
[6.272s] Level 5:colcon.colcon_core.verb:set package 'drive_base_msgs' build argument 'cmake_force_configure' from command line to 'False'
[6.272s] Level 5:colcon.colcon_core.verb:set package 'drive_base_msgs' build argument 'ament_cmake_args' from command line to 'None'
[6.272s] Level 5:colcon.colcon_core.verb:set package 'drive_base_msgs' build argument 'catkin_cmake_args' from command line to 'None'
[6.272s] Level 5:colcon.colcon_core.verb:set package 'drive_base_msgs' build argument 'catkin_skip_building_tests' from command line to 'False'
[6.272s] DEBUG:colcon.colcon_core.verb:Building package 'drive_base_msgs' with the following arguments: {'ament_cmake_args': None, 'build_base': '/home/brsd/microros_ws/build/drive_base_msgs', 'catkin_cmake_args': None, 'catkin_skip_building_tests': False, 'cmake_args': None, 'cmake_clean_cache': False, 'cmake_clean_first': False, 'cmake_force_configure': False, 'cmake_target': None, 'cmake_target_skip_unavailable': False, 'install_base': '/home/brsd/microros_ws/install/drive_base_msgs', 'merge_install': False, 'path': '/home/brsd/microros_ws/src/uros/drive_base/drive_base_msgs', 'symlink_install': False, 'test_result_base': None}
[6.275s] Level 5:colcon.colcon_core.verb:set package 'fsm' build argument 'cmake_args' from command line to 'None'
[6.276s] Level 5:colcon.colcon_core.verb:set package 'fsm' build argument 'cmake_target' from command line to 'None'
[6.276s] Level 5:colcon.colcon_core.verb:set package 'fsm' build argument 'cmake_target_skip_unavailable' from command line to 'False'
[6.276s] Level 5:colcon.colcon_core.verb:set package 'fsm' build argument 'cmake_clean_cache' from command line to 'False'
[6.276s] Level 5:colcon.colcon_core.verb:set package 'fsm' build argument 'cmake_clean_first' from command line to 'False'
[6.276s] Level 5:colcon.colcon_core.verb:set package 'fsm' build argument 'cmake_force_configure' from command line to 'False'
[6.277s] Level 5:colcon.colcon_core.verb:set package 'fsm' build argument 'ament_cmake_args' from command line to 'None'
[6.277s] Level 5:colcon.colcon_core.verb:set package 'fsm' build argument 'catkin_cmake_args' from command line to 'None'
[6.277s] Level 5:colcon.colcon_core.verb:set package 'fsm' build argument 'catkin_skip_building_tests' from command line to 'False'
[6.277s] DEBUG:colcon.colcon_core.verb:Building package 'fsm' with the following arguments: {'ament_cmake_args': None, 'build_base': '/home/brsd/microros_ws/build/fsm', 'catkin_cmake_args': None, 'catkin_skip_building_tests': False, 'cmake_args': None, 'cmake_clean_cache': False, 'cmake_clean_first': False, 'cmake_force_configure': False, 'cmake_target': None, 'cmake_target_skip_unavailable': False, 'install_base': '/home/brsd/microros_ws/install/fsm', 'merge_install': False, 'path': '/home/brsd/microros_ws/src/fsm', 'symlink_install': False, 'test_result_base': None}
[6.283s] Level 5:colcon.colcon_core.verb:set package 'jetson_comm' build argument 'cmake_args' from command line to 'None'
[6.284s] Level 5:colcon.colcon_core.verb:set package 'jetson_comm' build argument 'cmake_target' from command line to 'None'
[6.285s] Level 5:colcon.colcon_core.verb:set package 'jetson_comm' build argument 'cmake_target_skip_unavailable' from command line to 'False'
[6.286s] Level 5:colcon.colcon_core.verb:set package 'jetson_comm' build argument 'cmake_clean_cache' from command line to 'False'
[6.286s] Level 5:colcon.colcon_core.verb:set package 'jetson_comm' build argument 'cmake_clean_first' from command line to 'False'
[6.287s] Level 5:colcon.colcon_core.verb:set package 'jetson_comm' build argument 'cmake_force_configure' from command line to 'False'
[6.287s] Level 5:colcon.colcon_core.verb:set package 'jetson_comm' build argument 'ament_cmake_args' from command line to 'None'
[6.288s] Level 5:colcon.colcon_core.verb:set package 'jetson_comm' build argument 'catkin_cmake_args' from command line to 'None'
[6.289s] Level 5:colcon.colcon_core.verb:set package 'jetson_comm' build argument 'catkin_skip_building_tests' from command line to 'False'
[6.293s] DEBUG:colcon.colcon_core.verb:Building package 'jetson_comm' with the following arguments: {'ament_cmake_args': None, 'build_base': '/home/brsd/microros_ws/build/jetson_comm', 'catkin_cmake_args': None, 'catkin_skip_building_tests': False, 'cmake_args': None, 'cmake_clean_cache': False, 'cmake_clean_first': False, 'cmake_force_configure': False, 'cmake_target': None, 'cmake_target_skip_unavailable': False, 'install_base': '/home/brsd/microros_ws/install/jetson_comm', 'merge_install': False, 'path': '/home/brsd/microros_ws/src/jetson_comm', 'symlink_install': False, 'test_result_base': None}
[6.297s] Level 5:colcon.colcon_core.verb:set package 'joystick_input' build argument 'cmake_args' from command line to 'None'
[6.298s] Level 5:colcon.colcon_core.verb:set package 'joystick_input' build argument 'cmake_target' from command line to 'None'
[6.298s] Level 5:colcon.colcon_core.verb:set package 'joystick_input' build argument 'cmake_target_skip_unavailable' from command line to 'False'
[6.298s] Level 5:colcon.colcon_core.verb:set package 'joystick_input' build argument 'cmake_clean_cache' from command line to 'False'
[6.299s] Level 5:colcon.colcon_core.verb:set package 'joystick_input' build argument 'cmake_clean_first' from command line to 'False'
[6.299s] Level 5:colcon.colcon_core.verb:set package 'joystick_input' build argument 'cmake_force_configure' from command line to 'False'
[6.299s] Level 5:colcon.colcon_core.verb:set package 'joystick_input' build argument 'ament_cmake_args' from command line to 'None'
[6.299s] Level 5:colcon.colcon_core.verb:set package 'joystick_input' build argument 'catkin_cmake_args' from command line to 'None'
[6.299s] Level 5:colcon.colcon_core.verb:set package 'joystick_input' build argument 'catkin_skip_building_tests' from command line to 'False'
[6.300s] DEBUG:colcon.colcon_core.verb:Building package 'joystick_input' with the following arguments: {'ament_cmake_args': None, 'build_base': '/home/brsd/microros_ws/build/joystick_input', 'catkin_cmake_args': None, 'catkin_skip_building_tests': False, 'cmake_args': None, 'cmake_clean_cache': False, 'cmake_clean_first': False, 'cmake_force_configure': False, 'cmake_target': None, 'cmake_target_skip_unavailable': False, 'install_base': '/home/brsd/microros_ws/install/joystick_input', 'merge_install': False, 'path': '/home/brsd/microros_ws/src/joystick_input', 'symlink_install': False, 'test_result_base': None}
[6.306s] Level 5:colcon.colcon_core.verb:set package 'micro_ros_msgs' build argument 'cmake_args' from command line to 'None'
[6.306s] Level 5:colcon.colcon_core.verb:set package 'micro_ros_msgs' build argument 'cmake_target' from command line to 'None'
[6.306s] Level 5:colcon.colcon_core.verb:set package 'micro_ros_msgs' build argument 'cmake_target_skip_unavailable' from command line to 'False'
[6.306s] Level 5:colcon.colcon_core.verb:set package 'micro_ros_msgs' build argument 'cmake_clean_cache' from command line to 'False'
[6.307s] Level 5:colcon.colcon_core.verb:set package 'micro_ros_msgs' build argument 'cmake_clean_first' from command line to 'False'
[6.307s] Level 5:colcon.colcon_core.verb:set package 'micro_ros_msgs' build argument 'cmake_force_configure' from command line to 'False'
[6.307s] Level 5:colcon.colcon_core.verb:set package 'micro_ros_msgs' build argument 'ament_cmake_args' from command line to 'None'
[6.307s] Level 5:colcon.colcon_core.verb:set package 'micro_ros_msgs' build argument 'catkin_cmake_args' from command line to 'None'
[6.307s] Level 5:colcon.colcon_core.verb:set package 'micro_ros_msgs' build argument 'catkin_skip_building_tests' from command line to 'False'
[6.308s] DEBUG:colcon.colcon_core.verb:Building package 'micro_ros_msgs' with the following arguments: {'ament_cmake_args': None, 'build_base': '/home/brsd/microros_ws/build/micro_ros_msgs', 'catkin_cmake_args': None, 'catkin_skip_building_tests': False, 'cmake_args': None, 'cmake_clean_cache': False, 'cmake_clean_first': False, 'cmake_force_configure': False, 'cmake_target': None, 'cmake_target_skip_unavailable': False, 'install_base': '/home/brsd/microros_ws/install/micro_ros_msgs', 'merge_install': False, 'path': '/home/brsd/microros_ws/src/uros/micro_ros_msgs', 'symlink_install': False, 'test_result_base': None}
[6.310s] Level 5:colcon.colcon_core.verb:set package 'micro_ros_setup' build argument 'cmake_args' from command line to 'None'
[6.310s] Level 5:colcon.colcon_core.verb:set package 'micro_ros_setup' build argument 'cmake_target' from command line to 'None'
[6.311s] Level 5:colcon.colcon_core.verb:set package 'micro_ros_setup' build argument 'cmake_target_skip_unavailable' from command line to 'False'
[6.311s] Level 5:colcon.colcon_core.verb:set package 'micro_ros_setup' build argument 'cmake_clean_cache' from command line to 'False'
[6.311s] Level 5:colcon.colcon_core.verb:set package 'micro_ros_setup' build argument 'cmake_clean_first' from command line to 'False'
[6.312s] Level 5:colcon.colcon_core.verb:set package 'micro_ros_setup' build argument 'cmake_force_configure' from command line to 'False'
[6.312s] Level 5:colcon.colcon_core.verb:set package 'micro_ros_setup' build argument 'ament_cmake_args' from command line to 'None'
[6.312s] Level 5:colcon.colcon_core.verb:set package 'micro_ros_setup' build argument 'catkin_cmake_args' from command line to 'None'
[6.312s] Level 5:colcon.colcon_core.verb:set package 'micro_ros_setup' build argument 'catkin_skip_building_tests' from command line to 'False'
[6.313s] DEBUG:colcon.colcon_core.verb:Building package 'micro_ros_setup' with the following arguments: {'ament_cmake_args': None, 'build_base': '/home/brsd/microros_ws/build/micro_ros_setup', 'catkin_cmake_args': None, 'catkin_skip_building_tests': False, 'cmake_args': None, 'cmake_clean_cache': False, 'cmake_clean_first': False, 'cmake_force_configure': False, 'cmake_target': None, 'cmake_target_skip_unavailable': False, 'install_base': '/home/brsd/microros_ws/install/micro_ros_setup', 'merge_install': False, 'path': '/home/brsd/microros_ws/src/micro_ros_setup', 'symlink_install': False, 'test_result_base': None}
[6.320s] Level 5:colcon.colcon_core.verb:set package 'multisense_lib' build argument 'cmake_args' from command line to 'None'
[6.320s] Level 5:colcon.colcon_core.verb:set package 'multisense_lib' build argument 'cmake_target' from command line to 'None'
[6.320s] Level 5:colcon.colcon_core.verb:set package 'multisense_lib' build argument 'cmake_target_skip_unavailable' from command line to 'False'
[6.320s] Level 5:colcon.colcon_core.verb:set package 'multisense_lib' build argument 'cmake_clean_cache' from command line to 'False'
[6.321s] Level 5:colcon.colcon_core.verb:set package 'multisense_lib' build argument 'cmake_clean_first' from command line to 'False'
[6.321s] Level 5:colcon.colcon_core.verb:set package 'multisense_lib' build argument 'cmake_force_configure' from command line to 'False'
[6.321s] Level 5:colcon.colcon_core.verb:set package 'multisense_lib' build argument 'ament_cmake_args' from command line to 'None'
[6.321s] Level 5:colcon.colcon_core.verb:set package 'multisense_lib' build argument 'catkin_cmake_args' from command line to 'None'
[6.321s] Level 5:colcon.colcon_core.verb:set package 'multisense_lib' build argument 'catkin_skip_building_tests' from command line to 'False'
[6.322s] DEBUG:colcon.colcon_core.verb:Building package 'multisense_lib' with the following arguments: {'ament_cmake_args': None, 'build_base': '/home/brsd/microros_ws/build/multisense_lib', 'catkin_cmake_args': None, 'catkin_skip_building_tests': False, 'cmake_args': None, 'cmake_clean_cache': False, 'cmake_clean_first': False, 'cmake_force_configure': False, 'cmake_target': None, 'cmake_target_skip_unavailable': False, 'install_base': '/home/brsd/microros_ws/install/multisense_lib', 'merge_install': False, 'path': '/home/brsd/microros_ws/src/multisense_ros2/multisense_lib', 'symlink_install': False, 'test_result_base': None}
[6.324s] Level 5:colcon.colcon_core.verb:set package 'multisense_msgs' build argument 'cmake_args' from command line to 'None'
[6.325s] Level 5:colcon.colcon_core.verb:set package 'multisense_msgs' build argument 'cmake_target' from command line to 'None'
[6.325s] Level 5:colcon.colcon_core.verb:set package 'multisense_msgs' build argument 'cmake_target_skip_unavailable' from command line to 'False'
[6.325s] Level 5:colcon.colcon_core.verb:set package 'multisense_msgs' build argument 'cmake_clean_cache' from command line to 'False'
[6.325s] Level 5:colcon.colcon_core.verb:set package 'multisense_msgs' build argument 'cmake_clean_first' from command line to 'False'
[6.325s] Level 5:colcon.colcon_core.verb:set package 'multisense_msgs' build argument 'cmake_force_configure' from command line to 'False'
[6.325s] Level 5:colcon.colcon_core.verb:set package 'multisense_msgs' build argument 'ament_cmake_args' from command line to 'None'
[6.326s] Level 5:colcon.colcon_core.verb:set package 'multisense_msgs' build argument 'catkin_cmake_args' from command line to 'None'
[6.326s] Level 5:colcon.colcon_core.verb:set package 'multisense_msgs' build argument 'catkin_skip_building_tests' from command line to 'False'
[6.326s] DEBUG:colcon.colcon_core.verb:Building package 'multisense_msgs' with the following arguments: {'ament_cmake_args': None, 'build_base': '/home/brsd/microros_ws/build/multisense_msgs', 'catkin_cmake_args': None, 'catkin_skip_building_tests': False, 'cmake_args': None, 'cmake_clean_cache': False, 'cmake_clean_first': False, 'cmake_force_configure': False, 'cmake_target': None, 'cmake_target_skip_unavailable': False, 'install_base': '/home/brsd/microros_ws/install/multisense_msgs', 'merge_install': False, 'path': '/home/brsd/microros_ws/src/multisense_ros2/multisense_msgs', 'symlink_install': False, 'test_result_base': None}
[6.328s] Level 5:colcon.colcon_core.verb:set package 'object_detection_pkg' build argument 'cmake_args' from command line to 'None'
[6.330s] Level 5:colcon.colcon_core.verb:set package 'object_detection_pkg' build argument 'cmake_target' from command line to 'None'
[6.331s] Level 5:colcon.colcon_core.verb:set package 'object_detection_pkg' build argument 'cmake_target_skip_unavailable' from command line to 'False'
[6.331s] Level 5:colcon.colcon_core.verb:set package 'object_detection_pkg' build argument 'cmake_clean_cache' from command line to 'False'
[6.332s] Level 5:colcon.colcon_core.verb:set package 'object_detection_pkg' build argument 'cmake_clean_first' from command line to 'False'
[6.332s] Level 5:colcon.colcon_core.verb:set package 'object_detection_pkg' build argument 'cmake_force_configure' from command line to 'False'
[6.332s] Level 5:colcon.colcon_core.verb:set package 'object_detection_pkg' build argument 'ament_cmake_args' from command line to 'None'
[6.332s] Level 5:colcon.colcon_core.verb:set package 'object_detection_pkg' build argument 'catkin_cmake_args' from command line to 'None'
[6.333s] Level 5:colcon.colcon_core.verb:set package 'object_detection_pkg' build argument 'catkin_skip_building_tests' from command line to 'False'
[6.333s] DEBUG:colcon.colcon_core.verb:Building package 'object_detection_pkg' with the following arguments: {'ament_cmake_args': None, 'build_base': '/home/brsd/microros_ws/build/object_detection_pkg', 'catkin_cmake_args': None, 'catkin_skip_building_tests': False, 'cmake_args': None, 'cmake_clean_cache': False, 'cmake_clean_first': False, 'cmake_force_configure': False, 'cmake_target': None, 'cmake_target_skip_unavailable': False, 'install_base': '/home/brsd/microros_ws/install/object_detection_pkg', 'merge_install': False, 'path': '/home/brsd/microros_ws/src/object_detection_pkg', 'symlink_install': False, 'test_result_base': None}
[6.339s] Level 5:colcon.colcon_core.verb:set package 'pathfinding' build argument 'cmake_args' from command line to 'None'
[6.339s] Level 5:colcon.colcon_core.verb:set package 'pathfinding' build argument 'cmake_target' from command line to 'None'
[6.339s] Level 5:colcon.colcon_core.verb:set package 'pathfinding' build argument 'cmake_target_skip_unavailable' from command line to 'False'
[6.340s] Level 5:colcon.colcon_core.verb:set package 'pathfinding' build argument 'cmake_clean_cache' from command line to 'False'
[6.340s] Level 5:colcon.colcon_core.verb:set package 'pathfinding' build argument 'cmake_clean_first' from command line to 'False'
[6.340s] Level 5:colcon.colcon_core.verb:set package 'pathfinding' build argument 'cmake_force_configure' from command line to 'False'
[6.340s] Level 5:colcon.colcon_core.verb:set package 'pathfinding' build argument 'ament_cmake_args' from command line to 'None'
[6.340s] Level 5:colcon.colcon_core.verb:set package 'pathfinding' build argument 'catkin_cmake_args' from command line to 'None'
[6.341s] Level 5:colcon.colcon_core.verb:set package 'pathfinding' build argument 'catkin_skip_building_tests' from command line to 'False'
[6.341s] DEBUG:colcon.colcon_core.verb:Building package 'pathfinding' with the following arguments: {'ament_cmake_args': None, 'build_base': '/home/brsd/microros_ws/build/pathfinding', 'catkin_cmake_args': None, 'catkin_skip_building_tests': False, 'cmake_args': None, 'cmake_clean_cache': False, 'cmake_clean_first': False, 'cmake_force_configure': False, 'cmake_target': None, 'cmake_target_skip_unavailable': False, 'install_base': '/home/brsd/microros_ws/install/pathfinding', 'merge_install': False, 'path': '/home/brsd/microros_ws/src/pathfinding', 'symlink_install': False, 'test_result_base': None}
[6.343s] Level 5:colcon.colcon_core.verb:set package 'person_detection' build argument 'cmake_args' from command line to 'None'
[6.344s] Level 5:colcon.colcon_core.verb:set package 'person_detection' build argument 'cmake_target' from command line to 'None'
[6.344s] Level 5:colcon.colcon_core.verb:set package 'person_detection' build argument 'cmake_target_skip_unavailable' from command line to 'False'
[6.344s] Level 5:colcon.colcon_core.verb:set package 'person_detection' build argument 'cmake_clean_cache' from command line to 'False'
[6.344s] Level 5:colcon.colcon_core.verb:set package 'person_detection' build argument 'cmake_clean_first' from command line to 'False'
[6.344s] Level 5:colcon.colcon_core.verb:set package 'person_detection' build argument 'cmake_force_configure' from command line to 'False'
[6.345s] Level 5:colcon.colcon_core.verb:set package 'person_detection' build argument 'ament_cmake_args' from command line to 'None'
[6.345s] Level 5:colcon.colcon_core.verb:set package 'person_detection' build argument 'catkin_cmake_args' from command line to 'None'
[6.345s] Level 5:colcon.colcon_core.verb:set package 'person_detection' build argument 'catkin_skip_building_tests' from command line to 'False'
[6.345s] DEBUG:colcon.colcon_core.verb:Building package 'person_detection' with the following arguments: {'ament_cmake_args': None, 'build_base': '/home/brsd/microros_ws/build/person_detection', 'catkin_cmake_args': None, 'catkin_skip_building_tests': False, 'cmake_args': None, 'cmake_clean_cache': False, 'cmake_clean_first': False, 'cmake_force_configure': False, 'cmake_target': None, 'cmake_target_skip_unavailable': False, 'install_base': '/home/brsd/microros_ws/install/person_detection', 'merge_install': False, 'path': '/home/brsd/microros_ws/src/person_detection', 'symlink_install': False, 'test_result_base': None}
[6.348s] Level 5:colcon.colcon_core.verb:set package 'xacro' build argument 'cmake_args' from command line to 'None'
[6.353s] Level 5:colcon.colcon_core.verb:set package 'xacro' build argument 'cmake_target' from command line to 'None'
[6.353s] Level 5:colcon.colcon_core.verb:set package 'xacro' build argument 'cmake_target_skip_unavailable' from command line to 'False'
[6.353s] Level 5:colcon.colcon_core.verb:set package 'xacro' build argument 'cmake_clean_cache' from command line to 'False'
[6.353s] Level 5:colcon.colcon_core.verb:set package 'xacro' build argument 'cmake_clean_first' from command line to 'False'
[6.354s] Level 5:colcon.colcon_core.verb:set package 'xacro' build argument 'cmake_force_configure' from command line to 'False'
[6.354s] Level 5:colcon.colcon_core.verb:set package 'xacro' build argument 'ament_cmake_args' from command line to 'None'
[6.354s] Level 5:colcon.colcon_core.verb:set package 'xacro' build argument 'catkin_cmake_args' from command line to 'None'
[6.354s] Level 5:colcon.colcon_core.verb:set package 'xacro' build argument 'catkin_skip_building_tests' from command line to 'False'
[6.354s] DEBUG:colcon.colcon_core.verb:Building package 'xacro' with the following arguments: {'ament_cmake_args': None, 'build_base': '/home/brsd/microros_ws/build/xacro', 'catkin_cmake_args': None, 'catkin_skip_building_tests': False, 'cmake_args': None, 'cmake_clean_cache': False, 'cmake_clean_first': False, 'cmake_force_configure': False, 'cmake_target': None, 'cmake_target_skip_unavailable': False, 'install_base': '/home/brsd/microros_ws/install/xacro', 'merge_install': False, 'path': '/home/brsd/microros_ws/src/xacro', 'symlink_install': False, 'test_result_base': None}
[6.357s] Level 5:colcon.colcon_core.verb:set package 'micro_ros_agent' build argument 'cmake_args' from command line to 'None'
[6.357s] Level 5:colcon.colcon_core.verb:set package 'micro_ros_agent' build argument 'cmake_target' from command line to 'None'
[6.357s] Level 5:colcon.colcon_core.verb:set package 'micro_ros_agent' build argument 'cmake_target_skip_unavailable' from command line to 'False'
[6.357s] Level 5:colcon.colcon_core.verb:set package 'micro_ros_agent' build argument 'cmake_clean_cache' from command line to 'False'
[6.357s] Level 5:colcon.colcon_core.verb:set package 'micro_ros_agent' build argument 'cmake_clean_first' from command line to 'False'
[6.357s] Level 5:colcon.colcon_core.verb:set package 'micro_ros_agent' build argument 'cmake_force_configure' from command line to 'False'
[6.358s] Level 5:colcon.colcon_core.verb:set package 'micro_ros_agent' build argument 'ament_cmake_args' from command line to 'None'
[6.358s] Level 5:colcon.colcon_core.verb:set package 'micro_ros_agent' build argument 'catkin_cmake_args' from command line to 'None'
[6.358s] Level 5:colcon.colcon_core.verb:set package 'micro_ros_agent' build argument 'catkin_skip_building_tests' from command line to 'False'
[6.358s] DEBUG:colcon.colcon_core.verb:Building package 'micro_ros_agent' with the following arguments: {'ament_cmake_args': None, 'build_base': '/home/brsd/microros_ws/build/micro_ros_agent', 'catkin_cmake_args': None, 'catkin_skip_building_tests': False, 'cmake_args': None, 'cmake_clean_cache': False, 'cmake_clean_first': False, 'cmake_force_configure': False, 'cmake_target': None, 'cmake_target_skip_unavailable': False, 'install_base': '/home/brsd/microros_ws/install/micro_ros_agent', 'merge_install': False, 'path': '/home/brsd/microros_ws/src/uros/micro-ROS-Agent/micro_ros_agent', 'symlink_install': False, 'test_result_base': None}
[6.361s] Level 5:colcon.colcon_core.verb:set package 'multisense_ros' build argument 'cmake_args' from command line to 'None'
[6.361s] Level 5:colcon.colcon_core.verb:set package 'multisense_ros' build argument 'cmake_target' from command line to 'None'
[6.361s] Level 5:colcon.colcon_core.verb:set package 'multisense_ros' build argument 'cmake_target_skip_unavailable' from command line to 'False'
[6.362s] Level 5:colcon.colcon_core.verb:set package 'multisense_ros' build argument 'cmake_clean_cache' from command line to 'False'
[6.362s] Level 5:colcon.colcon_core.verb:set package 'multisense_ros' build argument 'cmake_clean_first' from command line to 'False'
[6.362s] Level 5:colcon.colcon_core.verb:set package 'multisense_ros' build argument 'cmake_force_configure' from command line to 'False'
[6.362s] Level 5:colcon.colcon_core.verb:set package 'multisense_ros' build argument 'ament_cmake_args' from command line to 'None'
[6.362s] Level 5:colcon.colcon_core.verb:set package 'multisense_ros' build argument 'catkin_cmake_args' from command line to 'None'
[6.362s] Level 5:colcon.colcon_core.verb:set package 'multisense_ros' build argument 'catkin_skip_building_tests' from command line to 'False'
[6.363s] DEBUG:colcon.colcon_core.verb:Building package 'multisense_ros' with the following arguments: {'ament_cmake_args': None, 'build_base': '/home/brsd/microros_ws/build/multisense_ros', 'catkin_cmake_args': None, 'catkin_skip_building_tests': False, 'cmake_args': None, 'cmake_clean_cache': False, 'cmake_clean_first': False, 'cmake_force_configure': False, 'cmake_target': None, 'cmake_target_skip_unavailable': False, 'install_base': '/home/brsd/microros_ws/install/multisense_ros', 'merge_install': False, 'path': '/home/brsd/microros_ws/src/multisense_ros2/multisense_ros', 'symlink_install': False, 'test_result_base': None}
[6.364s] INFO:colcon.colcon_core.executor:Executing jobs using 'parallel' executor
[6.369s] DEBUG:colcon.colcon_parallel_executor.executor.parallel:run_until_complete
[6.370s] INFO:colcon.colcon_ros.task.ament_cmake.build:Building ROS package in '/home/brsd/microros_ws/src/uros/micro_ros_msgs' with build type 'ament_cmake'
[6.372s] INFO:colcon.colcon_cmake.task.cmake.build:Building CMake package in '/home/brsd/microros_ws/src/uros/micro_ros_msgs'
[6.386s] INFO:colcon.colcon_core.plugin_system:Skipping extension 'colcon_core.shell.bat': Not used on non-Windows systems
[6.388s] INFO:colcon.colcon_core.shell:Skip shell extension 'powershell' for command environment: Not usable outside of PowerShell
[6.391s] DEBUG:colcon.colcon_core.shell:Skip shell extension 'dsv' for command environment
[6.428s] INFO:colcon.colcon_ros.task.ament_cmake.build:Building ROS package in '/home/brsd/microros_ws/src/multisense_ros2/multisense_lib' with build type 'ament_cmake'
[6.430s] INFO:colcon.colcon_cmake.task.cmake.build:Building CMake package in '/home/brsd/microros_ws/src/multisense_ros2/multisense_lib'
[6.432s] INFO:colcon.colcon_core.shell:Skip shell extension 'powershell' for command environment: Not usable outside of PowerShell
[6.433s] DEBUG:colcon.colcon_core.shell:Skip shell extension 'dsv' for command environment
[6.516s] INFO:colcon.colcon_ros.task.ament_cmake.build:Building ROS package in '/home/brsd/microros_ws/src/multisense_ros2/multisense_msgs' with build type 'ament_cmake'
[6.520s] INFO:colcon.colcon_cmake.task.cmake.build:Building CMake package in '/home/brsd/microros_ws/src/multisense_ros2/multisense_msgs'
[6.522s] INFO:colcon.colcon_core.shell:Skip shell extension 'powershell' for command environment: Not usable outside of PowerShell
[6.525s] DEBUG:colcon.colcon_core.shell:Skip shell extension 'dsv' for command environment
[6.616s] INFO:colcon.colcon_ros.task.ament_cmake.build:Building ROS package in '/home/brsd/microros_ws/src/xacro' with build type 'ament_cmake'
[6.620s] INFO:colcon.colcon_cmake.task.cmake.build:Building CMake package in '/home/brsd/microros_ws/src/xacro'
[6.622s] INFO:colcon.colcon_core.shell:Skip shell extension 'powershell' for command environment: Not usable outside of PowerShell
[6.622s] DEBUG:colcon.colcon_core.shell:Skip shell extension 'dsv' for command environment
[6.728s] DEBUG:colcon.colcon_core.event_handler.log_command:Invoking command in '/home/brsd/microros_ws/build/micro_ros_msgs': CMAKE_PREFIX_PATH=${CMAKE_PREFIX_PATH}:/home/brsd/microros_ws/install/person_detection:/home/brsd/microros_ws/install/pathfinding:/home/brsd/microros_ws/install/object_detection_pkg:/home/brsd/microros_ws/install/joystick_input:/home/brsd/microros_ws/install/jetson_comm:/home/brsd/microros_ws/install/fsm:/opt/ros/foxy /usr/bin/cmake --build /home/brsd/microros_ws/build/micro_ros_msgs -- -j4 -l4
[6.798s] DEBUG:colcon.colcon_core.event_handler.log_command:Invoking command in '/home/brsd/microros_ws/build/multisense_lib': CMAKE_PREFIX_PATH=${CMAKE_PREFIX_PATH}:/home/brsd/microros_ws/install/person_detection:/home/brsd/microros_ws/install/pathfinding:/home/brsd/microros_ws/install/object_detection_pkg:/home/brsd/microros_ws/install/joystick_input:/home/brsd/microros_ws/install/jetson_comm:/home/brsd/microros_ws/install/fsm:/opt/ros/foxy /usr/bin/cmake --build /home/brsd/microros_ws/build/multisense_lib -- -j4 -l4
[6.830s] DEBUG:colcon.colcon_core.event_handler.log_command:Invoking command in '/home/brsd/microros_ws/build/multisense_msgs': CMAKE_PREFIX_PATH=${CMAKE_PREFIX_PATH}:/home/brsd/microros_ws/install/person_detection:/home/brsd/microros_ws/install/pathfinding:/home/brsd/microros_ws/install/object_detection_pkg:/home/brsd/microros_ws/install/joystick_input:/home/brsd/microros_ws/install/jetson_comm:/home/brsd/microros_ws/install/fsm:/opt/ros/foxy /usr/bin/cmake --build /home/brsd/microros_ws/build/multisense_msgs -- -j4 -l4
[6.955s] DEBUG:colcon.colcon_core.event_handler.log_command:Invoking command in '/home/brsd/microros_ws/build/xacro': CMAKE_PREFIX_PATH=${CMAKE_PREFIX_PATH}:/home/brsd/microros_ws/install/person_detection:/home/brsd/microros_ws/install/pathfinding:/home/brsd/microros_ws/install/object_detection_pkg:/home/brsd/microros_ws/install/joystick_input:/home/brsd/microros_ws/install/jetson_comm:/home/brsd/microros_ws/install/fsm:/opt/ros/foxy /usr/bin/cmake --build /home/brsd/microros_ws/build/xacro -- -j4 -l4
[7.391s] DEBUG:colcon.colcon_core.event_handler.log_command:Invoked command in '/home/brsd/microros_ws/build/xacro' returned '0': CMAKE_PREFIX_PATH=${CMAKE_PREFIX_PATH}:/home/brsd/microros_ws/install/person_detection:/home/brsd/microros_ws/install/pathfinding:/home/brsd/microros_ws/install/object_detection_pkg:/home/brsd/microros_ws/install/joystick_input:/home/brsd/microros_ws/install/jetson_comm:/home/brsd/microros_ws/install/fsm:/opt/ros/foxy /usr/bin/cmake --build /home/brsd/microros_ws/build/xacro -- -j4 -l4
[7.988s] DEBUG:colcon.colcon_core.event_handler.log_command:Invoking command in '/home/brsd/microros_ws/build/xacro': CMAKE_PREFIX_PATH=${CMAKE_PREFIX_PATH}:/home/brsd/microros_ws/install/person_detection:/home/brsd/microros_ws/install/pathfinding:/home/brsd/microros_ws/install/object_detection_pkg:/home/brsd/microros_ws/install/joystick_input:/home/brsd/microros_ws/install/jetson_comm:/home/brsd/microros_ws/install/fsm:/opt/ros/foxy /usr/bin/cmake --install /home/brsd/microros_ws/build/xacro
[8.586s] Level 1:colcon.colcon_core.environment:create_environment_scripts_only(xacro)
[8.635s] Level 1:colcon.colcon_core.environment:checking '/home/brsd/microros_ws/install/xacro' for CMake module files
[8.636s] DEBUG:colcon.colcon_core.event_handler.log_command:Invoked command in '/home/brsd/microros_ws/build/xacro' returned '0': CMAKE_PREFIX_PATH=${CMAKE_PREFIX_PATH}:/home/brsd/microros_ws/install/person_detection:/home/brsd/microros_ws/install/pathfinding:/home/brsd/microros_ws/install/object_detection_pkg:/home/brsd/microros_ws/install/joystick_input:/home/brsd/microros_ws/install/jetson_comm:/home/brsd/microros_ws/install/fsm:/opt/ros/foxy /usr/bin/cmake --install /home/brsd/microros_ws/build/xacro
[8.651s] Level 1:colcon.colcon_core.environment:checking '/home/brsd/microros_ws/install/xacro' for CMake config files
[8.654s] Level 1:colcon.colcon_core.shell:create_environment_hook('xacro', 'cmake_prefix_path')
[8.655s] INFO:colcon.colcon_core.shell:Creating environment hook '/home/brsd/microros_ws/install/xacro/share/xacro/hook/cmake_prefix_path.ps1'
[8.672s] INFO:colcon.colcon_core.shell:Creating environment descriptor '/home/brsd/microros_ws/install/xacro/share/xacro/hook/cmake_prefix_path.dsv'
[8.676s] INFO:colcon.colcon_core.shell:Creating environment hook '/home/brsd/microros_ws/install/xacro/share/xacro/hook/cmake_prefix_path.sh'
[8.701s] Level 1:colcon.colcon_core.environment:checking '/home/brsd/microros_ws/install/xacro/lib'
[8.702s] Level 1:colcon.colcon_core.environment:checking '/home/brsd/microros_ws/install/xacro/bin'
[8.703s] Level 1:colcon.colcon_core.shell:create_environment_hook('xacro', 'path')
[8.712s] INFO:colcon.colcon_core.shell:Creating environment hook '/home/brsd/microros_ws/install/xacro/share/xacro/hook/path.ps1'
[8.715s] INFO:colcon.colcon_core.shell:Creating environment descriptor '/home/brsd/microros_ws/install/xacro/share/xacro/hook/path.dsv'
[8.717s] INFO:colcon.colcon_core.shell:Creating environment hook '/home/brsd/microros_ws/install/xacro/share/xacro/hook/path.sh'
[8.723s] Level 1:colcon.colcon_core.environment:checking '/home/brsd/microros_ws/install/xacro/lib/pkgconfig/xacro.pc'
[8.724s] Level 1:colcon.colcon_core.environment:checking '/home/brsd/microros_ws/install/xacro/lib/python3.8/site-packages'
[8.724s] Level 1:colcon.colcon_core.shell:create_environment_hook('xacro', 'pythonpath')
[8.726s] INFO:colcon.colcon_core.shell:Creating environment hook '/home/brsd/microros_ws/install/xacro/share/xacro/hook/pythonpath.ps1'
[8.729s] INFO:colcon.colcon_core.shell:Creating environment descriptor '/home/brsd/microros_ws/install/xacro/share/xacro/hook/pythonpath.dsv'
[8.731s] INFO:colcon.colcon_core.shell:Creating environment hook '/home/brsd/microros_ws/install/xacro/share/xacro/hook/pythonpath.sh'
[8.741s] Level 1:colcon.colcon_core.environment:checking '/home/brsd/microros_ws/install/xacro/bin'
[8.741s] Level 1:colcon.colcon_core.shell:create_environment_hook('xacro', 'pythonscriptspath')
[8.743s] INFO:colcon.colcon_core.shell:Creating environment hook '/home/brsd/microros_ws/install/xacro/share/xacro/hook/pythonscriptspath.ps1'
[8.756s] INFO:colcon.colcon_core.shell:Creating environment descriptor '/home/brsd/microros_ws/install/xacro/share/xacro/hook/pythonscriptspath.dsv'
[8.761s] INFO:colcon.colcon_core.shell:Creating environment hook '/home/brsd/microros_ws/install/xacro/share/xacro/hook/pythonscriptspath.sh'
[8.773s] INFO:colcon.colcon_core.shell:Creating package script '/home/brsd/microros_ws/install/xacro/share/xacro/package.ps1'
[8.780s] INFO:colcon.colcon_core.shell:Creating package descriptor '/home/brsd/microros_ws/install/xacro/share/xacro/package.dsv'
[8.803s] INFO:colcon.colcon_core.shell:Creating package script '/home/brsd/microros_ws/install/xacro/share/xacro/package.sh'
[8.816s] INFO:colcon.colcon_core.shell:Creating package script '/home/brsd/microros_ws/install/xacro/share/xacro/package.bash'
[8.833s] INFO:colcon.colcon_core.shell:Creating package script '/home/brsd/microros_ws/install/xacro/share/xacro/package.zsh'
[8.841s] Level 1:colcon.colcon_core.environment:create_file_with_runtime_dependencies(/home/brsd/microros_ws/install/xacro/share/colcon-core/packages/xacro)
[9.224s] Level 1:colcon.colcon_core.environment:create_environment_scripts_only(xacro)
[9.226s] Level 1:colcon.colcon_core.environment:checking '/home/brsd/microros_ws/install/xacro' for CMake module files
[9.229s] Level 1:colcon.colcon_core.environment:checking '/home/brsd/microros_ws/install/xacro' for CMake config files
[9.248s] Level 1:colcon.colcon_core.shell:create_environment_hook('xacro', 'cmake_prefix_path')
[9.261s] INFO:colcon.colcon_core.shell:Creating environment hook '/home/brsd/microros_ws/install/xacro/share/xacro/hook/cmake_prefix_path.ps1'
[9.277s] INFO:colcon.colcon_core.shell:Creating environment descriptor '/home/brsd/microros_ws/install/xacro/share/xacro/hook/cmake_prefix_path.dsv'
[9.280s] INFO:colcon.colcon_core.shell:Creating environment hook '/home/brsd/microros_ws/install/xacro/share/xacro/hook/cmake_prefix_path.sh'
[9.319s] Level 1:colcon.colcon_core.environment:checking '/home/brsd/microros_ws/install/xacro/lib'
[9.320s] Level 1:colcon.colcon_core.environment:checking '/home/brsd/microros_ws/install/xacro/bin'
[9.322s] Level 1:colcon.colcon_core.shell:create_environment_hook('xacro', 'path')
[9.331s] INFO:colcon.colcon_core.shell:Creating environment hook '/home/brsd/microros_ws/install/xacro/share/xacro/hook/path.ps1'
[9.338s] INFO:colcon.colcon_core.shell:Creating environment descriptor '/home/brsd/microros_ws/install/xacro/share/xacro/hook/path.dsv'
[9.346s] INFO:colcon.colcon_core.shell:Creating environment hook '/home/brsd/microros_ws/install/xacro/share/xacro/hook/path.sh'
[9.350s] Level 1:colcon.colcon_core.environment:checking '/home/brsd/microros_ws/install/xacro/lib/pkgconfig/xacro.pc'
[9.352s] Level 1:colcon.colcon_core.environment:checking '/home/brsd/microros_ws/install/xacro/lib/python3.8/site-packages'
[9.353s] Level 1:colcon.colcon_core.shell:create_environment_hook('xacro', 'pythonpath')
[9.356s] INFO:colcon.colcon_core.shell:Creating environment hook '/home/brsd/microros_ws/install/xacro/share/xacro/hook/pythonpath.ps1'
[9.362s] INFO:colcon.colcon_core.shell:Creating environment descriptor '/home/brsd/microros_ws/install/xacro/share/xacro/hook/pythonpath.dsv'
[9.368s] INFO:colcon.colcon_core.shell:Creating environment hook '/home/brsd/microros_ws/install/xacro/share/xacro/hook/pythonpath.sh'
[9.379s] Level 1:colcon.colcon_core.environment:checking '/home/brsd/microros_ws/install/xacro/bin'
[9.379s] Level 1:colcon.colcon_core.shell:create_environment_hook('xacro', 'pythonscriptspath')
[9.393s] INFO:colcon.colcon_core.shell:Creating environment hook '/home/brsd/microros_ws/install/xacro/share/xacro/hook/pythonscriptspath.ps1'
[9.409s] INFO:colcon.colcon_core.shell:Creating environment descriptor '/home/brsd/microros_ws/install/xacro/share/xacro/hook/pythonscriptspath.dsv'
[9.418s] INFO:colcon.colcon_core.shell:Creating environment hook '/home/brsd/microros_ws/install/xacro/share/xacro/hook/pythonscriptspath.sh'
[9.424s] INFO:colcon.colcon_core.shell:Creating package script '/home/brsd/microros_ws/install/xacro/share/xacro/package.ps1'
[9.445s] INFO:colcon.colcon_core.shell:Creating package descriptor '/home/brsd/microros_ws/install/xacro/share/xacro/package.dsv'
[9.457s] INFO:colcon.colcon_core.shell:Creating package script '/home/brsd/microros_ws/install/xacro/share/xacro/package.sh'
[9.461s] INFO:colcon.colcon_core.shell:Creating package script '/home/brsd/microros_ws/install/xacro/share/xacro/package.bash'
[9.496s] INFO:colcon.colcon_core.shell:Creating package script '/home/brsd/microros_ws/install/xacro/share/xacro/package.zsh'
[9.515s] Level 1:colcon.colcon_core.environment:create_file_with_runtime_dependencies(/home/brsd/microros_ws/install/xacro/share/colcon-core/packages/xacro)
[9.517s] INFO:colcon.colcon_ros.task.ament_cmake.build:Building ROS package in '/home/brsd/microros_ws/src/uros/drive_base/drive_base_msgs' with build type 'ament_cmake'
[9.535s] INFO:colcon.colcon_cmake.task.cmake.build:Building CMake package in '/home/brsd/microros_ws/src/uros/drive_base/drive_base_msgs'
[9.537s] INFO:colcon.colcon_core.shell:Skip shell extension 'powershell' for command environment: Not usable outside of PowerShell
[9.539s] DEBUG:colcon.colcon_core.shell:Skip shell extension 'dsv' for command environment
[9.738s] DEBUG:colcon.colcon_core.event_handler.log_command:Invoking command in '/home/brsd/microros_ws/build/drive_base_msgs': CMAKE_PREFIX_PATH=${CMAKE_PREFIX_PATH}:/home/brsd/microros_ws/install/person_detection:/home/brsd/microros_ws/install/pathfinding:/home/brsd/microros_ws/install/object_detection_pkg:/home/brsd/microros_ws/install/joystick_input:/home/brsd/microros_ws/install/jetson_comm:/home/brsd/microros_ws/install/fsm:/opt/ros/foxy /usr/bin/cmake --build /home/brsd/microros_ws/build/drive_base_msgs -- -j4 -l4
[11.798s] DEBUG:colcon.colcon_parallel_executor.executor.parallel:run_until_complete was interrupted
[11.798s] DEBUG:colcon.colcon_parallel_executor.executor.parallel:run_until_complete again
[11.834s] DEBUG:colcon.colcon_core.event_handler.log_command:Invoked command in '/home/brsd/microros_ws/build/drive_base_msgs' returned '-2': CMAKE_PREFIX_PATH=${CMAKE_PREFIX_PATH}:/home/brsd/microros_ws/install/person_detection:/home/brsd/microros_ws/install/pathfinding:/home/brsd/microros_ws/install/object_detection_pkg:/home/brsd/microros_ws/install/joystick_input:/home/brsd/microros_ws/install/jetson_comm:/home/brsd/microros_ws/install/fsm:/opt/ros/foxy /usr/bin/cmake --build /home/brsd/microros_ws/build/drive_base_msgs -- -j4 -l4
[11.893s] DEBUG:colcon.colcon_core.event_handler.log_command:Invoked command in '/home/brsd/microros_ws/build/micro_ros_msgs' returned '-2': CMAKE_PREFIX_PATH=${CMAKE_PREFIX_PATH}:/home/brsd/microros_ws/install/person_detection:/home/brsd/microros_ws/install/pathfinding:/home/brsd/microros_ws/install/object_detection_pkg:/home/brsd/microros_ws/install/joystick_input:/home/brsd/microros_ws/install/jetson_comm:/home/brsd/microros_ws/install/fsm:/opt/ros/foxy /usr/bin/cmake --build /home/brsd/microros_ws/build/micro_ros_msgs -- -j4 -l4
[11.946s] DEBUG:colcon.colcon_core.event_handler.log_command:Invoked command in '/home/brsd/microros_ws/build/multisense_msgs' returned '-2': CMAKE_PREFIX_PATH=${CMAKE_PREFIX_PATH}:/home/brsd/microros_ws/install/person_detection:/home/brsd/microros_ws/install/pathfinding:/home/brsd/microros_ws/install/object_detection_pkg:/home/brsd/microros_ws/install/joystick_input:/home/brsd/microros_ws/install/jetson_comm:/home/brsd/microros_ws/install/fsm:/opt/ros/foxy /usr/bin/cmake --build /home/brsd/microros_ws/build/multisense_msgs -- -j4 -l4
[12.010s] DEBUG:colcon.colcon_core.event_handler.log_command:Invoked command in '/home/brsd/microros_ws/build/multisense_lib' returned '-2': CMAKE_PREFIX_PATH=${CMAKE_PREFIX_PATH}:/home/brsd/microros_ws/install/person_detection:/home/brsd/microros_ws/install/pathfinding:/home/brsd/microros_ws/install/object_detection_pkg:/home/brsd/microros_ws/install/joystick_input:/home/brsd/microros_ws/install/jetson_comm:/home/brsd/microros_ws/install/fsm:/opt/ros/foxy /usr/bin/cmake --build /home/brsd/microros_ws/build/multisense_lib -- -j4 -l4
[12.738s] Level 1:colcon.colcon_core.environment:create_environment_scripts_only(multisense_lib)
[12.740s] Level 1:colcon.colcon_core.environment:checking '/home/brsd/microros_ws/install/multisense_lib' for CMake module files
[12.743s] Level 1:colcon.colcon_core.environment:checking '/home/brsd/microros_ws/install/multisense_lib' for CMake config files
[12.744s] Level 1:colcon.colcon_core.shell:create_environment_hook('multisense_lib', 'cmake_prefix_path')
[12.747s] INFO:colcon.colcon_core.shell:Creating environment hook '/home/brsd/microros_ws/install/multisense_lib/share/multisense_lib/hook/cmake_prefix_path.ps1'
[12.750s] INFO:colcon.colcon_core.shell:Creating environment descriptor '/home/brsd/microros_ws/install/multisense_lib/share/multisense_lib/hook/cmake_prefix_path.dsv'
[12.752s] INFO:colcon.colcon_core.shell:Creating environment hook '/home/brsd/microros_ws/install/multisense_lib/share/multisense_lib/hook/cmake_prefix_path.sh'
[12.755s] Level 1:colcon.colcon_core.environment:checking '/home/brsd/microros_ws/install/multisense_lib/lib'
[12.756s] Level 1:colcon.colcon_core.shell:create_environment_hook('multisense_lib', 'ld_library_path_lib')
[12.757s] INFO:colcon.colcon_core.shell:Creating environment hook '/home/brsd/microros_ws/install/multisense_lib/share/multisense_lib/hook/ld_library_path_lib.ps1'
[12.759s] INFO:colcon.colcon_core.shell:Creating environment descriptor '/home/brsd/microros_ws/install/multisense_lib/share/multisense_lib/hook/ld_library_path_lib.dsv'
[12.775s] INFO:colcon.colcon_core.shell:Creating environment hook '/home/brsd/microros_ws/install/multisense_lib/share/multisense_lib/hook/ld_library_path_lib.sh'
[12.778s] Level 1:colcon.colcon_core.environment:checking '/home/brsd/microros_ws/install/multisense_lib/bin'
[12.778s] Level 1:colcon.colcon_core.shell:create_environment_hook('multisense_lib', 'path')
[12.793s] INFO:colcon.colcon_core.shell:Creating environment hook '/home/brsd/microros_ws/install/multisense_lib/share/multisense_lib/hook/path.ps1'
[12.803s] INFO:colcon.colcon_core.shell:Creating environment descriptor '/home/brsd/microros_ws/install/multisense_lib/share/multisense_lib/hook/path.dsv'
[12.809s] INFO:colcon.colcon_core.shell:Creating environment hook '/home/brsd/microros_ws/install/multisense_lib/share/multisense_lib/hook/path.sh'
[12.815s] Level 1:colcon.colcon_core.environment:checking '/home/brsd/microros_ws/install/multisense_lib/lib/pkgconfig/multisense_lib.pc'
[12.819s] Level 1:colcon.colcon_core.environment:checking '/home/brsd/microros_ws/install/multisense_lib/lib/python3.8/site-packages'
[12.822s] Level 1:colcon.colcon_core.environment:checking '/home/brsd/microros_ws/install/multisense_lib/bin'
[12.824s] Level 1:colcon.colcon_core.shell:create_environment_hook('multisense_lib', 'pythonscriptspath')
[12.826s] INFO:colcon.colcon_core.shell:Creating environment hook '/home/brsd/microros_ws/install/multisense_lib/share/multisense_lib/hook/pythonscriptspath.ps1'
[12.833s] INFO:colcon.colcon_core.shell:Creating environment descriptor '/home/brsd/microros_ws/install/multisense_lib/share/multisense_lib/hook/pythonscriptspath.dsv'
[12.839s] INFO:colcon.colcon_core.shell:Creating environment hook '/home/brsd/microros_ws/install/multisense_lib/share/multisense_lib/hook/pythonscriptspath.sh'
[12.852s] INFO:colcon.colcon_core.shell:Creating package script '/home/brsd/microros_ws/install/multisense_lib/share/multisense_lib/package.ps1'
[12.858s] INFO:colcon.colcon_core.shell:Creating package descriptor '/home/brsd/microros_ws/install/multisense_lib/share/multisense_lib/package.dsv'
[12.864s] INFO:colcon.colcon_core.shell:Creating package script '/home/brsd/microros_ws/install/multisense_lib/share/multisense_lib/package.sh'
[12.874s] INFO:colcon.colcon_core.shell:Creating package script '/home/brsd/microros_ws/install/multisense_lib/share/multisense_lib/package.bash'
[12.888s] INFO:colcon.colcon_core.shell:Creating package script '/home/brsd/microros_ws/install/multisense_lib/share/multisense_lib/package.zsh'
[12.893s] Level 1:colcon.colcon_core.environment:create_file_with_runtime_dependencies(/home/brsd/microros_ws/install/multisense_lib/share/colcon-core/packages/multisense_lib)
[16.024s] DEBUG:colcon.colcon_parallel_executor.executor.parallel:run_until_complete finished
[16.024s] DEBUG:colcon.colcon_parallel_executor.executor.parallel:closing loop
[16.025s] DEBUG:colcon.colcon_parallel_executor.executor.parallel:loop closed
[16.026s] DEBUG:colcon.colcon_core.event_reactor:joining thread
[16.085s] INFO:colcon.colcon_core.plugin_system:Skipping extension 'colcon_notification.desktop_notification.terminal_notifier': Not used on non-Darwin systems
[16.086s] INFO:colcon.colcon_core.plugin_system:Skipping extension 'colcon_notification.desktop_notification.win32': Not used on non-Windows systems
[16.086s] INFO:colcon.colcon_notification.desktop_notification:Sending desktop notification using 'notify2'
[16.180s] DEBUG:colcon.colcon_core.event_reactor:joined thread
[16.181s] INFO:colcon.colcon_core.shell:Creating prefix script '/home/brsd/microros_ws/install/local_setup.ps1'
[16.188s] INFO:colcon.colcon_core.shell:Creating prefix util module '/home/brsd/microros_ws/install/_local_setup_util_ps1.py'
[16.195s] INFO:colcon.colcon_core.shell:Creating prefix chain script '/home/brsd/microros_ws/install/setup.ps1'
[16.222s] INFO:colcon.colcon_core.shell:Creating prefix script '/home/brsd/microros_ws/install/local_setup.sh'
[16.226s] INFO:colcon.colcon_core.shell:Creating prefix util module '/home/brsd/microros_ws/install/_local_setup_util_sh.py'
[16.230s] INFO:colcon.colcon_core.shell:Creating prefix chain script '/home/brsd/microros_ws/install/setup.sh'
[16.245s] INFO:colcon.colcon_core.shell:Creating prefix script '/home/brsd/microros_ws/install/local_setup.bash'
[16.248s] INFO:colcon.colcon_core.shell:Creating prefix chain script '/home/brsd/microros_ws/install/setup.bash'
[16.259s] INFO:colcon.colcon_core.shell:Creating prefix script '/home/brsd/microros_ws/install/local_setup.zsh'
[16.262s] INFO:colcon.colcon_core.shell:Creating prefix chain script '/home/brsd/microros_ws/install/setup.zsh'
