[5.479s] Invoking command in '/home/brsd/microros_ws/src/person_detection': PYTHONPATH=/home/brsd/microros_ws/build/person_detection/prefix_override:/usr/lib/python3/dist-packages/colcon_core/task/python/colcon_distutils_commands:/home/brsd/microros_ws/install/person_detection/lib/python3.8/site-packages:${PYTHONPATH} /usr/bin/python3 -W ignore:setup.py install is deprecated setup.py egg_info --egg-base ../../build/person_detection build --build-base /home/brsd/microros_ws/build/person_detection/build install --record /home/brsd/microros_ws/build/person_detection/install.log --install-scripts $base/lib/person_detection --single-version-externally-managed install_data
[7.548s] running egg_info
[7.551s] writing ../../build/person_detection/person_detection.egg-info/PKG-INFO
[7.553s] writing dependency_links to ../../build/person_detection/person_detection.egg-info/dependency_links.txt
[7.553s] writing entry points to ../../build/person_detection/person_detection.egg-info/entry_points.txt
[7.554s] writing requirements to ../../build/person_detection/person_detection.egg-info/requires.txt
[7.559s] writing top-level names to ../../build/person_detection/person_detection.egg-info/top_level.txt
[7.761s] reading manifest file '../../build/person_detection/person_detection.egg-info/SOURCES.txt'
[7.764s] writing manifest file '../../build/person_detection/person_detection.egg-info/SOURCES.txt'
[7.767s] running build
[7.768s] running build_py
[7.769s] running install
[7.769s] running install_lib
[7.777s] running install_data
[7.778s] running install_egg_info
[7.788s] removing '/home/brsd/microros_ws/install/person_detection/lib/python3.8/site-packages/person_detection-0.0.0-py3.8.egg-info' (and everything under it)
[7.789s] Copying ../../build/person_detection/person_detection.egg-info to /home/brsd/microros_ws/install/person_detection/lib/python3.8/site-packages/person_detection-0.0.0-py3.8.egg-info
[7.796s] running install_scripts
[7.890s] Installing color_detector script to /home/brsd/microros_ws/install/person_detection/lib/person_detection
[7.892s] writing list of installed files to '/home/brsd/microros_ws/build/person_detection/install.log'
[8.014s] Invoked command in '/home/brsd/microros_ws/src/person_detection' returned '0': PYTHONPATH=/home/brsd/microros_ws/build/person_detection/prefix_override:/usr/lib/python3/dist-packages/colcon_core/task/python/colcon_distutils_commands:/home/brsd/microros_ws/install/person_detection/lib/python3.8/site-packages:${PYTHONPATH} /usr/bin/python3 -W ignore:setup.py install is deprecated setup.py egg_info --egg-base ../../build/person_detection build --build-base /home/brsd/microros_ws/build/person_detection/build install --record /home/brsd/microros_ws/build/person_detection/install.log --install-scripts $base/lib/person_detection --single-version-externally-managed install_data
