[0.332s] Invoking command in '/home/brsd/microros_ws/build/multisense_ros': CMAKE_PREFIX_PATH=/home/brsd/microros_ws/install/xacro:/home/brsd/microros_ws/install/multisense_msgs:/home/brsd/microros_ws/install/multisense_lib:/home/brsd/microros_ws/install/multisense_ros:/home/brsd/microros_ws/install/micro_ros_setup:/home/brsd/microros_ws/install/micro_ros_agent:/home/brsd/microros_ws/install/micro_ros_msgs:/home/brsd/microros_ws/install/drive_base_msgs:/home/brsd/microros_ws/install/person_detection:/home/brsd/microros_ws/install/pathfinding:/home/brsd/microros_ws/install/object_detection_pkg:/home/brsd/microros_ws/install/joystick_input:/home/brsd/microros_ws/install/jetson_comm:/home/brsd/microros_ws/install/fsm:/opt/ros/foxy PYTHONPATH=/home/brsd/microros_ws/install/xacro/lib/python3.8/site-packages:/home/brsd/microros_ws/install/multisense_msgs/lib/python3.8/site-packages:/home/brsd/microros_ws/install/person_detection/lib/python3.8/site-packages:/home/brsd/microros_ws/install/pathfinding/lib/python3.8/site-packages:/home/brsd/microros_ws/install/object_detection_pkg/lib/python3.8/site-packages:/home/brsd/microros_ws/install/micro_ros_msgs/lib/python3.8/site-packages:/home/brsd/microros_ws/install/joystick_input/lib/python3.8/site-packages:/home/brsd/microros_ws/install/jetson_comm/lib/python3.8/site-packages:/home/brsd/microros_ws/install/fsm/lib/python3.8/site-packages:/home/brsd/microros_ws/install/drive_base_msgs/lib/python3.8/site-packages:/opt/ros/foxy/lib/python3.8/site-packages /usr/bin/cmake --build /home/brsd/microros_ws/build/multisense_ros -- -j4 -l4
[1.829s] [ 83%] Built target multisense_ros
[2.399s] [100%] Built target ros_driver
[2.552s] Invoked command in '/home/brsd/microros_ws/build/multisense_ros' returned '0': CMAKE_PREFIX_PATH=/home/brsd/microros_ws/install/xacro:/home/brsd/microros_ws/install/multisense_msgs:/home/brsd/microros_ws/install/multisense_lib:/home/brsd/microros_ws/install/multisense_ros:/home/brsd/microros_ws/install/micro_ros_setup:/home/brsd/microros_ws/install/micro_ros_agent:/home/brsd/microros_ws/install/micro_ros_msgs:/home/brsd/microros_ws/install/drive_base_msgs:/home/brsd/microros_ws/install/person_detection:/home/brsd/microros_ws/install/pathfinding:/home/brsd/microros_ws/install/object_detection_pkg:/home/brsd/microros_ws/install/joystick_input:/home/brsd/microros_ws/install/jetson_comm:/home/brsd/microros_ws/install/fsm:/opt/ros/foxy PYTHONPATH=/home/brsd/microros_ws/install/xacro/lib/python3.8/site-packages:/home/brsd/microros_ws/install/multisense_msgs/lib/python3.8/site-packages:/home/brsd/microros_ws/install/person_detection/lib/python3.8/site-packages:/home/brsd/microros_ws/install/pathfinding/lib/python3.8/site-packages:/home/brsd/microros_ws/install/object_detection_pkg/lib/python3.8/site-packages:/home/brsd/microros_ws/install/micro_ros_msgs/lib/python3.8/site-packages:/home/brsd/microros_ws/install/joystick_input/lib/python3.8/site-packages:/home/brsd/microros_ws/install/jetson_comm/lib/python3.8/site-packages:/home/brsd/microros_ws/install/fsm/lib/python3.8/site-packages:/home/brsd/microros_ws/install/drive_base_msgs/lib/python3.8/site-packages:/opt/ros/foxy/lib/python3.8/site-packages /usr/bin/cmake --build /home/brsd/microros_ws/build/multisense_ros -- -j4 -l4
[3.289s] Invoking command in '/home/brsd/microros_ws/build/multisense_ros': CMAKE_PREFIX_PATH=/home/brsd/microros_ws/install/xacro:/home/brsd/microros_ws/install/multisense_msgs:/home/brsd/microros_ws/install/multisense_lib:/home/brsd/microros_ws/install/multisense_ros:/home/brsd/microros_ws/install/micro_ros_setup:/home/brsd/microros_ws/install/micro_ros_agent:/home/brsd/microros_ws/install/micro_ros_msgs:/home/brsd/microros_ws/install/drive_base_msgs:/home/brsd/microros_ws/install/person_detection:/home/brsd/microros_ws/install/pathfinding:/home/brsd/microros_ws/install/object_detection_pkg:/home/brsd/microros_ws/install/joystick_input:/home/brsd/microros_ws/install/jetson_comm:/home/brsd/microros_ws/install/fsm:/opt/ros/foxy PYTHONPATH=/home/brsd/microros_ws/install/xacro/lib/python3.8/site-packages:/home/brsd/microros_ws/install/multisense_msgs/lib/python3.8/site-packages:/home/brsd/microros_ws/install/person_detection/lib/python3.8/site-packages:/home/brsd/microros_ws/install/pathfinding/lib/python3.8/site-packages:/home/brsd/microros_ws/install/object_detection_pkg/lib/python3.8/site-packages:/home/brsd/microros_ws/install/micro_ros_msgs/lib/python3.8/site-packages:/home/brsd/microros_ws/install/joystick_input/lib/python3.8/site-packages:/home/brsd/microros_ws/install/jetson_comm/lib/python3.8/site-packages:/home/brsd/microros_ws/install/fsm/lib/python3.8/site-packages:/home/brsd/microros_ws/install/drive_base_msgs/lib/python3.8/site-packages:/opt/ros/foxy/lib/python3.8/site-packages /usr/bin/cmake --install /home/brsd/microros_ws/build/multisense_ros
[3.382s] -- Install configuration: "Release"
[3.388s] -- Up-to-date: /home/brsd/microros_ws/install/multisense_ros/lib/multisense_ros/ros_driver
[3.391s] -- Up-to-date: /home/brsd/microros_ws/install/multisense_ros/share/multisense_ros/launch
[3.397s] -- Up-to-date: /home/brsd/microros_ws/install/multisense_ros/share/multisense_ros/launch/multisense_launch.py
[3.400s] -- Up-to-date: /home/brsd/microros_ws/install/multisense_ros/share/multisense_ros/materials
[3.402s] -- Up-to-date: /home/brsd/microros_ws/install/multisense_ros/share/multisense_ros/materials/textures
[3.406s] -- Up-to-date: /home/brsd/microros_ws/install/multisense_ros/share/multisense_ros/materials/textures/head_diffuse.jpg
[3.409s] -- Up-to-date: /home/brsd/microros_ws/install/multisense_ros/share/multisense_ros/meshes
[3.410s] -- Up-to-date: /home/brsd/microros_ws/install/multisense_ros/share/multisense_ros/meshes/multisense_s7s.STL
[3.411s] -- Up-to-date: /home/brsd/microros_ws/install/multisense_ros/share/multisense_ros/meshes/multisense_ks21.STL
[3.412s] -- Up-to-date: /home/brsd/microros_ws/install/multisense_ros/share/multisense_ros/meshes/multisense_s30.STL
[3.430s] -- Up-to-date: /home/brsd/microros_ws/install/multisense_ros/share/multisense_ros/meshes/head.dae
[3.435s] -- Up-to-date: /home/brsd/microros_ws/install/multisense_ros/share/multisense_ros/meshes/base_link.STL
[3.435s] -- Up-to-date: /home/brsd/microros_ws/install/multisense_ros/share/multisense_ros/meshes/multisense_s21.STL
[3.436s] -- Up-to-date: /home/brsd/microros_ws/install/multisense_ros/share/multisense_ros/meshes/multisense_s7.STL
[3.436s] -- Up-to-date: /home/brsd/microros_ws/install/multisense_ros/share/multisense_ros/meshes/head_camera.dae
[3.437s] -- Up-to-date: /home/brsd/microros_ws/install/multisense_ros/share/multisense_ros/meshes/hokuyo_link.STL
[3.438s] -- Up-to-date: /home/brsd/microros_ws/install/multisense_ros/share/multisense_ros/meshes/multisense_s27.STL
[3.438s] -- Up-to-date: /home/brsd/microros_ws/install/multisense_ros/share/multisense_ros/urdf
[3.439s] -- Up-to-date: /home/brsd/microros_ws/install/multisense_ros/share/multisense_ros/urdf/S7S
[3.439s] -- Up-to-date: /home/brsd/microros_ws/install/multisense_ros/share/multisense_ros/urdf/S7S/multisenseS7S.urdf.xacro
[3.446s] -- Up-to-date: /home/brsd/microros_ws/install/multisense_ros/share/multisense_ros/urdf/S7S/standalone.urdf.xacro
[3.446s] -- Up-to-date: /home/brsd/microros_ws/install/multisense_ros/share/multisense_ros/urdf/KS21
[3.447s] -- Up-to-date: /home/brsd/microros_ws/install/multisense_ros/share/multisense_ros/urdf/KS21/standalone.urdf.xacro
[3.468s] -- Up-to-date: /home/brsd/microros_ws/install/multisense_ros/share/multisense_ros/urdf/KS21/multisenseKS21.urdf.xacro
[3.469s] -- Up-to-date: /home/brsd/microros_ws/install/multisense_ros/share/multisense_ros/urdf/SL
[3.470s] -- Up-to-date: /home/brsd/microros_ws/install/multisense_ros/share/multisense_ros/urdf/SL/multisenseSL.urdf.xacro
[3.470s] -- Up-to-date: /home/brsd/microros_ws/install/multisense_ros/share/multisense_ros/urdf/SL/standalone.urdf.xacro
[3.471s] -- Up-to-date: /home/brsd/microros_ws/install/multisense_ros/share/multisense_ros/urdf/S21
[3.471s] -- Up-to-date: /home/brsd/microros_ws/install/multisense_ros/share/multisense_ros/urdf/S21/standalone.urdf.xacro
[3.471s] -- Up-to-date: /home/brsd/microros_ws/install/multisense_ros/share/multisense_ros/urdf/S21/multisenseS21.urdf.xacro
[3.472s] -- Up-to-date: /home/brsd/microros_ws/install/multisense_ros/share/multisense_ros/urdf/S27
[3.472s] -- Up-to-date: /home/brsd/microros_ws/install/multisense_ros/share/multisense_ros/urdf/S27/multisenseS27.urdf.xacro
[3.481s] -- Up-to-date: /home/brsd/microros_ws/install/multisense_ros/share/multisense_ros/urdf/S27/standalone.urdf.xacro
[3.482s] -- Up-to-date: /home/brsd/microros_ws/install/multisense_ros/share/multisense_ros/urdf/S7
[3.490s] -- Up-to-date: /home/brsd/microros_ws/install/multisense_ros/share/multisense_ros/urdf/S7/multisenseS7.urdf.xacro
[3.491s] -- Up-to-date: /home/brsd/microros_ws/install/multisense_ros/share/multisense_ros/urdf/S7/standalone.urdf.xacro
[3.491s] -- Up-to-date: /home/brsd/microros_ws/install/multisense_ros/share/multisense_ros/urdf/S30
[3.492s] -- Up-to-date: /home/brsd/microros_ws/install/multisense_ros/share/multisense_ros/urdf/S30/multisenseS30.urdf.xacro
[3.494s] -- Up-to-date: /home/brsd/microros_ws/install/multisense_ros/share/multisense_ros/urdf/S30/standalone.urdf.xacro
[3.494s] -- Up-to-date: /home/brsd/microros_ws/install/multisense_ros/share/ament_index/resource_index/package_run_dependencies/multisense_ros
[3.496s] -- Up-to-date: /home/brsd/microros_ws/install/multisense_ros/share/ament_index/resource_index/parent_prefix_path/multisense_ros
[3.519s] -- Up-to-date: /home/brsd/microros_ws/install/multisense_ros/share/multisense_ros/environment/ament_prefix_path.sh
[3.520s] -- Up-to-date: /home/brsd/microros_ws/install/multisense_ros/share/multisense_ros/environment/ament_prefix_path.dsv
[3.520s] -- Up-to-date: /home/brsd/microros_ws/install/multisense_ros/share/multisense_ros/environment/path.sh
[3.521s] -- Up-to-date: /home/brsd/microros_ws/install/multisense_ros/share/multisense_ros/environment/path.dsv
[3.521s] -- Up-to-date: /home/brsd/microros_ws/install/multisense_ros/share/multisense_ros/local_setup.bash
[3.522s] -- Up-to-date: /home/brsd/microros_ws/install/multisense_ros/share/multisense_ros/local_setup.sh
[3.532s] -- Up-to-date: /home/brsd/microros_ws/install/multisense_ros/share/multisense_ros/local_setup.zsh
[3.532s] -- Up-to-date: /home/brsd/microros_ws/install/multisense_ros/share/multisense_ros/local_setup.dsv
[3.533s] -- Installing: /home/brsd/microros_ws/install/multisense_ros/share/multisense_ros/package.dsv
[3.533s] -- Up-to-date: /home/brsd/microros_ws/install/multisense_ros/share/ament_index/resource_index/packages/multisense_ros
[3.534s] -- Up-to-date: /home/brsd/microros_ws/install/multisense_ros/share/multisense_ros/cmake/multisense_rosConfig.cmake
[3.534s] -- Up-to-date: /home/brsd/microros_ws/install/multisense_ros/share/multisense_ros/cmake/multisense_rosConfig-version.cmake
[3.535s] -- Up-to-date: /home/brsd/microros_ws/install/multisense_ros/share/multisense_ros/package.xml
[3.536s] Invoked command in '/home/brsd/microros_ws/build/multisense_ros' returned '0': CMAKE_PREFIX_PATH=/home/brsd/microros_ws/install/xacro:/home/brsd/microros_ws/install/multisense_msgs:/home/brsd/microros_ws/install/multisense_lib:/home/brsd/microros_ws/install/multisense_ros:/home/brsd/microros_ws/install/micro_ros_setup:/home/brsd/microros_ws/install/micro_ros_agent:/home/brsd/microros_ws/install/micro_ros_msgs:/home/brsd/microros_ws/install/drive_base_msgs:/home/brsd/microros_ws/install/person_detection:/home/brsd/microros_ws/install/pathfinding:/home/brsd/microros_ws/install/object_detection_pkg:/home/brsd/microros_ws/install/joystick_input:/home/brsd/microros_ws/install/jetson_comm:/home/brsd/microros_ws/install/fsm:/opt/ros/foxy PYTHONPATH=/home/brsd/microros_ws/install/xacro/lib/python3.8/site-packages:/home/brsd/microros_ws/install/multisense_msgs/lib/python3.8/site-packages:/home/brsd/microros_ws/install/person_detection/lib/python3.8/site-packages:/home/brsd/microros_ws/install/pathfinding/lib/python3.8/site-packages:/home/brsd/microros_ws/install/object_detection_pkg/lib/python3.8/site-packages:/home/brsd/microros_ws/install/micro_ros_msgs/lib/python3.8/site-packages:/home/brsd/microros_ws/install/joystick_input/lib/python3.8/site-packages:/home/brsd/microros_ws/install/jetson_comm/lib/python3.8/site-packages:/home/brsd/microros_ws/install/fsm/lib/python3.8/site-packages:/home/brsd/microros_ws/install/drive_base_msgs/lib/python3.8/site-packages:/opt/ros/foxy/lib/python3.8/site-packages /usr/bin/cmake --install /home/brsd/microros_ws/build/multisense_ros
