[4.906s] Invoking command in '/home/brsd/microros_ws/src/joystick_input': PYTHONPATH=/home/brsd/microros_ws/build/joystick_input/prefix_override:/usr/lib/python3/dist-packages/colcon_core/task/python/colcon_distutils_commands:/home/brsd/microros_ws/install/joystick_input/lib/python3.8/site-packages:${PYTHONPATH} /usr/bin/python3 -W ignore:setup.py install is deprecated setup.py egg_info --egg-base ../../build/joystick_input build --build-base /home/brsd/microros_ws/build/joystick_input/build install --record /home/brsd/microros_ws/build/joystick_input/install.log --install-scripts $base/lib/joystick_input --single-version-externally-managed install_data
[6.991s] running egg_info
[6.996s] writing ../../build/joystick_input/joystick_input.egg-info/PKG-INFO
[6.999s] writing dependency_links to ../../build/joystick_input/joystick_input.egg-info/dependency_links.txt
[7.000s] writing entry points to ../../build/joystick_input/joystick_input.egg-info/entry_points.txt
[7.000s] writing requirements to ../../build/joystick_input/joystick_input.egg-info/requires.txt
[7.000s] writing top-level names to ../../build/joystick_input/joystick_input.egg-info/top_level.txt
[7.209s] reading manifest file '../../build/joystick_input/joystick_input.egg-info/SOURCES.txt'
[7.220s] writing manifest file '../../build/joystick_input/joystick_input.egg-info/SOURCES.txt'
[7.220s] running build
[7.221s] running build_py
[7.224s] running install
[7.227s] running install_lib
[7.233s] running install_data
[7.234s] running install_egg_info
[7.256s] removing '/home/brsd/microros_ws/install/joystick_input/lib/python3.8/site-packages/joystick_input-0.0.0-py3.8.egg-info' (and everything under it)
[7.269s] Copying ../../build/joystick_input/joystick_input.egg-info to /home/brsd/microros_ws/install/joystick_input/lib/python3.8/site-packages/joystick_input-0.0.0-py3.8.egg-info
[7.280s] running install_scripts
[7.373s] Installing joystick_node script to /home/brsd/microros_ws/install/joystick_input/lib/joystick_input
[7.377s] writing list of installed files to '/home/brsd/microros_ws/build/joystick_input/install.log'
[7.615s] Invoked command in '/home/brsd/microros_ws/src/joystick_input' returned '0': PYTHONPATH=/home/brsd/microros_ws/build/joystick_input/prefix_override:/usr/lib/python3/dist-packages/colcon_core/task/python/colcon_distutils_commands:/home/brsd/microros_ws/install/joystick_input/lib/python3.8/site-packages:${PYTHONPATH} /usr/bin/python3 -W ignore:setup.py install is deprecated setup.py egg_info --egg-base ../../build/joystick_input build --build-base /home/brsd/microros_ws/build/joystick_input/build install --record /home/brsd/microros_ws/build/joystick_input/install.log --install-scripts $base/lib/joystick_input --single-version-externally-managed install_data
