[11.267s] Invoking command in '/home/brsd/microros_ws/src/pathfinding': PYTHONPATH=/home/brsd/microros_ws/build/pathfinding/prefix_override:/usr/lib/python3/dist-packages/colcon_core/task/python/colcon_distutils_commands:/home/brsd/microros_ws/install/pathfinding/lib/python3.8/site-packages:${PYTHONPATH} /usr/bin/python3 -W ignore:setup.py install is deprecated setup.py egg_info --egg-base ../../build/pathfinding build --build-base /home/brsd/microros_ws/build/pathfinding/build install --record /home/brsd/microros_ws/build/pathfinding/install.log --install-scripts $base/lib/pathfinding --single-version-externally-managed install_data
[13.968s] running egg_info
[13.972s] writing ../../build/pathfinding/pathfinding.egg-info/PKG-INFO
[13.973s] writing dependency_links to ../../build/pathfinding/pathfinding.egg-info/dependency_links.txt
[13.974s] writing entry points to ../../build/pathfinding/pathfinding.egg-info/entry_points.txt
[13.975s] writing requirements to ../../build/pathfinding/pathfinding.egg-info/requires.txt
[13.975s] writing top-level names to ../../build/pathfinding/pathfinding.egg-info/top_level.txt
[14.276s] reading manifest file '../../build/pathfinding/pathfinding.egg-info/SOURCES.txt'
[14.283s] writing manifest file '../../build/pathfinding/pathfinding.egg-info/SOURCES.txt'
[14.284s] running build
[14.284s] running build_py
[14.286s] copying pathfinding/pathfindinghardcode.py -> /home/brsd/microros_ws/build/pathfinding/build/lib/pathfinding
[14.289s] running install
[14.296s] running install_lib
[14.303s] copying /home/brsd/microros_ws/build/pathfinding/build/lib/pathfinding/pathfindinghardcode.py -> /home/brsd/microros_ws/install/pathfinding/lib/python3.8/site-packages/pathfinding
[14.310s] byte-compiling /home/brsd/microros_ws/install/pathfinding/lib/python3.8/site-packages/pathfinding/pathfindinghardcode.py to pathfindinghardcode.cpython-38.pyc
[14.319s] running install_data
[14.324s] running install_egg_info
[14.330s] removing '/home/brsd/microros_ws/install/pathfinding/lib/python3.8/site-packages/pathfinding-0.0.0-py3.8.egg-info' (and everything under it)
[14.333s] Copying ../../build/pathfinding/pathfinding.egg-info to /home/brsd/microros_ws/install/pathfinding/lib/python3.8/site-packages/pathfinding-0.0.0-py3.8.egg-info
[14.339s] running install_scripts
[14.456s] Installing image_display_node script to /home/brsd/microros_ws/install/pathfinding/lib/pathfinding
[14.457s] Installing pathfinding_node script to /home/brsd/microros_ws/install/pathfinding/lib/pathfinding
[14.461s] writing list of installed files to '/home/brsd/microros_ws/build/pathfinding/install.log'
[14.692s] Invoked command in '/home/brsd/microros_ws/src/pathfinding' returned '0': PYTHONPATH=/home/brsd/microros_ws/build/pathfinding/prefix_override:/usr/lib/python3/dist-packages/colcon_core/task/python/colcon_distutils_commands:/home/brsd/microros_ws/install/pathfinding/lib/python3.8/site-packages:${PYTHONPATH} /usr/bin/python3 -W ignore:setup.py install is deprecated setup.py egg_info --egg-base ../../build/pathfinding build --build-base /home/brsd/microros_ws/build/pathfinding/build install --record /home/brsd/microros_ws/build/pathfinding/install.log --install-scripts $base/lib/pathfinding --single-version-externally-managed install_data
