[0.161s] Invoking command in '/home/brsd/microros_ws/build/micro_ros_msgs': CMAKE_PREFIX_PATH=${CMAKE_PREFIX_PATH}:/home/brsd/microros_ws/install/person_detection:/home/brsd/microros_ws/install/pathfinding:/home/brsd/microros_ws/install/object_detection_pkg:/home/brsd/microros_ws/install/joystick_input:/home/brsd/microros_ws/install/jetson_comm:/home/brsd/microros_ws/install/fsm:/opt/ros/foxy /usr/bin/cmake --build /home/brsd/microros_ws/build/micro_ros_msgs -- -j4 -l4
[0.696s] [  2%] Built target micro_ros_msgs__cpp
[0.721s] [ 12%] Built target micro_ros_msgs__rosidl_generator_c
[0.922s] [ 23%] Built target micro_ros_msgs__rosidl_typesupport_introspection_cpp
[1.009s] [ 34%] Built target micro_ros_msgs__rosidl_typesupport_cpp
[1.084s] [ 44%] Built target micro_ros_msgs__rosidl_typesupport_fastrtps_cpp
[1.090s] [ 55%] Built target micro_ros_msgs__rosidl_typesupport_c
[1.207s] [ 65%] Built target micro_ros_msgs__rosidl_typesupport_introspection_c
[1.390s] [ 76%] Built target micro_ros_msgs__rosidl_typesupport_fastrtps_c
[1.590s] [ 76%] Built target micro_ros_msgs
[1.733s] [ 78%] Built target micro_ros_msgs__py
[1.931s] [ 87%] Built target micro_ros_msgs__python
[2.103s] [ 91%] Built target micro_ros_msgs__rosidl_typesupport_fastrtps_c__pyext
[2.178s] [ 95%] Built target micro_ros_msgs__rosidl_typesupport_introspection_c__pyext
[2.205s] [100%] Built target micro_ros_msgs__rosidl_typesupport_c__pyext
[2.284s] Invoked command in '/home/brsd/microros_ws/build/micro_ros_msgs' returned '0': CMAKE_PREFIX_PATH=${CMAKE_PREFIX_PATH}:/home/brsd/microros_ws/install/person_detection:/home/brsd/microros_ws/install/pathfinding:/home/brsd/microros_ws/install/object_detection_pkg:/home/brsd/microros_ws/install/joystick_input:/home/brsd/microros_ws/install/jetson_comm:/home/brsd/microros_ws/install/fsm:/opt/ros/foxy /usr/bin/cmake --build /home/brsd/microros_ws/build/micro_ros_msgs -- -j4 -l4
[4.067s] Invoking command in '/home/brsd/microros_ws/build/micro_ros_msgs': CMAKE_PREFIX_PATH=${CMAKE_PREFIX_PATH}:/home/brsd/microros_ws/install/person_detection:/home/brsd/microros_ws/install/pathfinding:/home/brsd/microros_ws/install/object_detection_pkg:/home/brsd/microros_ws/install/joystick_input:/home/brsd/microros_ws/install/jetson_comm:/home/brsd/microros_ws/install/fsm:/opt/ros/foxy /usr/bin/cmake --install /home/brsd/microros_ws/build/micro_ros_msgs
[4.177s] -- Install configuration: ""
[4.180s] -- Up-to-date: /home/brsd/microros_ws/install/micro_ros_msgs/share/ament_index/resource_index/rosidl_interfaces/micro_ros_msgs
[4.180s] -- Up-to-date: /home/brsd/microros_ws/install/micro_ros_msgs/include/micro_ros_msgs
[4.180s] -- Up-to-date: /home/brsd/microros_ws/install/micro_ros_msgs/include/micro_ros_msgs/msg
[4.181s] -- Up-to-date: /home/brsd/microros_ws/install/micro_ros_msgs/include/micro_ros_msgs/msg/entity.h
[4.182s] -- Up-to-date: /home/brsd/microros_ws/install/micro_ros_msgs/include/micro_ros_msgs/msg/node.h
[4.183s] -- Up-to-date: /home/brsd/microros_ws/install/micro_ros_msgs/include/micro_ros_msgs/msg/graph.h
[4.183s] -- Up-to-date: /home/brsd/microros_ws/install/micro_ros_msgs/include/micro_ros_msgs/msg/detail
[4.184s] -- Up-to-date: /home/brsd/microros_ws/install/micro_ros_msgs/include/micro_ros_msgs/msg/detail/graph__type_support.h
[4.184s] -- Up-to-date: /home/brsd/microros_ws/install/micro_ros_msgs/include/micro_ros_msgs/msg/detail/node__type_support.h
[4.184s] -- Up-to-date: /home/brsd/microros_ws/install/micro_ros_msgs/include/micro_ros_msgs/msg/detail/entity__struct.h
[4.185s] -- Up-to-date: /home/brsd/microros_ws/install/micro_ros_msgs/include/micro_ros_msgs/msg/detail/node__functions.h
[4.185s] -- Up-to-date: /home/brsd/microros_ws/install/micro_ros_msgs/include/micro_ros_msgs/msg/detail/entity__functions.h
[4.186s] -- Up-to-date: /home/brsd/microros_ws/install/micro_ros_msgs/include/micro_ros_msgs/msg/detail/node__struct.h
[4.186s] -- Up-to-date: /home/brsd/microros_ws/install/micro_ros_msgs/include/micro_ros_msgs/msg/detail/graph__functions.c
[4.187s] -- Up-to-date: /home/brsd/microros_ws/install/micro_ros_msgs/include/micro_ros_msgs/msg/detail/node__functions.c
[4.188s] -- Up-to-date: /home/brsd/microros_ws/install/micro_ros_msgs/include/micro_ros_msgs/msg/detail/graph__struct.h
[4.188s] -- Up-to-date: /home/brsd/microros_ws/install/micro_ros_msgs/include/micro_ros_msgs/msg/detail/entity__type_support.h
[4.188s] -- Up-to-date: /home/brsd/microros_ws/install/micro_ros_msgs/include/micro_ros_msgs/msg/detail/graph__functions.h
[4.189s] -- Up-to-date: /home/brsd/microros_ws/install/micro_ros_msgs/include/micro_ros_msgs/msg/detail/entity__functions.c
[4.189s] -- Up-to-date: /home/brsd/microros_ws/install/micro_ros_msgs/include/micro_ros_msgs/msg/rosidl_generator_c__visibility_control.h
[4.190s] -- Up-to-date: /home/brsd/microros_ws/install/micro_ros_msgs/share/micro_ros_msgs/environment/library_path.sh
[4.191s] -- Up-to-date: /home/brsd/microros_ws/install/micro_ros_msgs/share/micro_ros_msgs/environment/library_path.dsv
[4.243s] -- Up-to-date: /home/brsd/microros_ws/install/micro_ros_msgs/lib/libmicro_ros_msgs__rosidl_generator_c.so
[4.243s] -- Up-to-date: /home/brsd/microros_ws/install/micro_ros_msgs/include/micro_ros_msgs
[4.244s] -- Up-to-date: /home/brsd/microros_ws/install/micro_ros_msgs/include/micro_ros_msgs/msg
[4.244s] -- Up-to-date: /home/brsd/microros_ws/install/micro_ros_msgs/include/micro_ros_msgs/msg/rosidl_typesupport_fastrtps_c__visibility_control.h
[4.245s] -- Up-to-date: /home/brsd/microros_ws/install/micro_ros_msgs/include/micro_ros_msgs/msg/detail
[4.246s] -- Up-to-date: /home/brsd/microros_ws/install/micro_ros_msgs/include/micro_ros_msgs/msg/detail/graph__rosidl_typesupport_fastrtps_c.h
[4.250s] -- Up-to-date: /home/brsd/microros_ws/install/micro_ros_msgs/include/micro_ros_msgs/msg/detail/node__rosidl_typesupport_fastrtps_c.h
[4.251s] -- Up-to-date: /home/brsd/microros_ws/install/micro_ros_msgs/include/micro_ros_msgs/msg/detail/entity__rosidl_typesupport_fastrtps_c.h
[4.254s] -- Up-to-date: /home/brsd/microros_ws/install/micro_ros_msgs/lib/libmicro_ros_msgs__rosidl_typesupport_fastrtps_c.so
[4.255s] -- Up-to-date: /home/brsd/microros_ws/install/micro_ros_msgs/include/micro_ros_msgs
[4.255s] -- Up-to-date: /home/brsd/microros_ws/install/micro_ros_msgs/include/micro_ros_msgs/msg
[4.256s] -- Up-to-date: /home/brsd/microros_ws/install/micro_ros_msgs/include/micro_ros_msgs/msg/rosidl_typesupport_fastrtps_cpp__visibility_control.h
[4.257s] -- Up-to-date: /home/brsd/microros_ws/install/micro_ros_msgs/include/micro_ros_msgs/msg/detail
[4.258s] -- Up-to-date: /home/brsd/microros_ws/install/micro_ros_msgs/include/micro_ros_msgs/msg/detail/node__rosidl_typesupport_fastrtps_cpp.hpp
[4.260s] -- Up-to-date: /home/brsd/microros_ws/install/micro_ros_msgs/include/micro_ros_msgs/msg/detail/graph__rosidl_typesupport_fastrtps_cpp.hpp
[4.260s] -- Up-to-date: /home/brsd/microros_ws/install/micro_ros_msgs/include/micro_ros_msgs/msg/detail/entity__rosidl_typesupport_fastrtps_cpp.hpp
[4.261s] -- Up-to-date: /home/brsd/microros_ws/install/micro_ros_msgs/include/micro_ros_msgs/msg/detail/dds_fastrtps
[4.264s] -- Up-to-date: /home/brsd/microros_ws/install/micro_ros_msgs/lib/libmicro_ros_msgs__rosidl_typesupport_fastrtps_cpp.so
[4.271s] -- Up-to-date: /home/brsd/microros_ws/install/micro_ros_msgs/include/micro_ros_msgs
[4.271s] -- Up-to-date: /home/brsd/microros_ws/install/micro_ros_msgs/include/micro_ros_msgs/msg
[4.272s] -- Up-to-date: /home/brsd/microros_ws/install/micro_ros_msgs/include/micro_ros_msgs/msg/detail
[4.273s] -- Up-to-date: /home/brsd/microros_ws/install/micro_ros_msgs/include/micro_ros_msgs/msg/detail/node__rosidl_typesupport_introspection_c.h
[4.273s] -- Up-to-date: /home/brsd/microros_ws/install/micro_ros_msgs/include/micro_ros_msgs/msg/detail/node__type_support.c
[4.274s] -- Up-to-date: /home/brsd/microros_ws/install/micro_ros_msgs/include/micro_ros_msgs/msg/detail/graph__type_support.c
[4.274s] -- Up-to-date: /home/brsd/microros_ws/install/micro_ros_msgs/include/micro_ros_msgs/msg/detail/entity__type_support.c
[4.275s] -- Up-to-date: /home/brsd/microros_ws/install/micro_ros_msgs/include/micro_ros_msgs/msg/detail/graph__rosidl_typesupport_introspection_c.h
[4.276s] -- Up-to-date: /home/brsd/microros_ws/install/micro_ros_msgs/include/micro_ros_msgs/msg/detail/entity__rosidl_typesupport_introspection_c.h
[4.277s] -- Up-to-date: /home/brsd/microros_ws/install/micro_ros_msgs/include/micro_ros_msgs/msg/rosidl_typesupport_introspection_c__visibility_control.h
[4.294s] -- Up-to-date: /home/brsd/microros_ws/install/micro_ros_msgs/lib/libmicro_ros_msgs__rosidl_typesupport_introspection_c.so
[4.301s] -- Up-to-date: /home/brsd/microros_ws/install/micro_ros_msgs/lib/libmicro_ros_msgs__rosidl_typesupport_c.so
[4.307s] -- Up-to-date: /home/brsd/microros_ws/install/micro_ros_msgs/include/micro_ros_msgs
[4.309s] -- Up-to-date: /home/brsd/microros_ws/install/micro_ros_msgs/include/micro_ros_msgs/msg
[4.316s] -- Up-to-date: /home/brsd/microros_ws/install/micro_ros_msgs/include/micro_ros_msgs/msg/entity.hpp
[4.318s] -- Up-to-date: /home/brsd/microros_ws/install/micro_ros_msgs/include/micro_ros_msgs/msg/node.hpp
[4.319s] -- Up-to-date: /home/brsd/microros_ws/install/micro_ros_msgs/include/micro_ros_msgs/msg/rosidl_generator_cpp__visibility_control.hpp
[4.320s] -- Up-to-date: /home/brsd/microros_ws/install/micro_ros_msgs/include/micro_ros_msgs/msg/graph.hpp
[4.321s] -- Up-to-date: /home/brsd/microros_ws/install/micro_ros_msgs/include/micro_ros_msgs/msg/detail
[4.322s] -- Up-to-date: /home/brsd/microros_ws/install/micro_ros_msgs/include/micro_ros_msgs/msg/detail/graph__type_support.hpp
[4.323s] -- Up-to-date: /home/brsd/microros_ws/install/micro_ros_msgs/include/micro_ros_msgs/msg/detail/entity__traits.hpp
[4.323s] -- Up-to-date: /home/brsd/microros_ws/install/micro_ros_msgs/include/micro_ros_msgs/msg/detail/entity__struct.hpp
[4.324s] -- Up-to-date: /home/brsd/microros_ws/install/micro_ros_msgs/include/micro_ros_msgs/msg/detail/entity__type_support.hpp
[4.325s] -- Up-to-date: /home/brsd/microros_ws/install/micro_ros_msgs/include/micro_ros_msgs/msg/detail/node__struct.hpp
[4.326s] -- Up-to-date: /home/brsd/microros_ws/install/micro_ros_msgs/include/micro_ros_msgs/msg/detail/graph__struct.hpp
[4.326s] -- Up-to-date: /home/brsd/microros_ws/install/micro_ros_msgs/include/micro_ros_msgs/msg/detail/node__type_support.hpp
[4.327s] -- Up-to-date: /home/brsd/microros_ws/install/micro_ros_msgs/include/micro_ros_msgs/msg/detail/node__builder.hpp
[4.328s] -- Up-to-date: /home/brsd/microros_ws/install/micro_ros_msgs/include/micro_ros_msgs/msg/detail/node__traits.hpp
[4.329s] -- Up-to-date: /home/brsd/microros_ws/install/micro_ros_msgs/include/micro_ros_msgs/msg/detail/graph__builder.hpp
[4.329s] -- Up-to-date: /home/brsd/microros_ws/install/micro_ros_msgs/include/micro_ros_msgs/msg/detail/graph__traits.hpp
[4.330s] -- Up-to-date: /home/brsd/microros_ws/install/micro_ros_msgs/include/micro_ros_msgs/msg/detail/entity__builder.hpp
[4.331s] -- Up-to-date: /home/brsd/microros_ws/install/micro_ros_msgs/include/micro_ros_msgs
[4.331s] -- Up-to-date: /home/brsd/microros_ws/install/micro_ros_msgs/include/micro_ros_msgs/msg
[4.333s] -- Up-to-date: /home/brsd/microros_ws/install/micro_ros_msgs/include/micro_ros_msgs/msg/detail
[4.334s] -- Up-to-date: /home/brsd/microros_ws/install/micro_ros_msgs/include/micro_ros_msgs/msg/detail/node__type_support.cpp
[4.335s] -- Up-to-date: /home/brsd/microros_ws/install/micro_ros_msgs/include/micro_ros_msgs/msg/detail/node__rosidl_typesupport_introspection_cpp.hpp
[4.336s] -- Up-to-date: /home/brsd/microros_ws/install/micro_ros_msgs/include/micro_ros_msgs/msg/detail/graph__type_support.cpp
[4.337s] -- Up-to-date: /home/brsd/microros_ws/install/micro_ros_msgs/include/micro_ros_msgs/msg/detail/graph__rosidl_typesupport_introspection_cpp.hpp
[4.338s] -- Up-to-date: /home/brsd/microros_ws/install/micro_ros_msgs/include/micro_ros_msgs/msg/detail/entity__type_support.cpp
[4.338s] -- Up-to-date: /home/brsd/microros_ws/install/micro_ros_msgs/include/micro_ros_msgs/msg/detail/entity__rosidl_typesupport_introspection_cpp.hpp
[4.351s] -- Up-to-date: /home/brsd/microros_ws/install/micro_ros_msgs/lib/libmicro_ros_msgs__rosidl_typesupport_introspection_cpp.so
[4.373s] -- Up-to-date: /home/brsd/microros_ws/install/micro_ros_msgs/lib/libmicro_ros_msgs__rosidl_typesupport_cpp.so
[4.374s] -- Up-to-date: /home/brsd/microros_ws/install/micro_ros_msgs/share/micro_ros_msgs/environment/pythonpath.sh
[4.374s] -- Up-to-date: /home/brsd/microros_ws/install/micro_ros_msgs/share/micro_ros_msgs/environment/pythonpath.dsv
[4.375s] -- Up-to-date: /home/brsd/microros_ws/install/micro_ros_msgs/lib/python3.8/site-packages/micro_ros_msgs/__init__.py
[4.394s] -- Up-to-date: /home/brsd/microros_ws/install/micro_ros_msgs/lib/python3.8/site-packages/micro_ros_msgs/msg
[4.394s] -- Up-to-date: /home/brsd/microros_ws/install/micro_ros_msgs/lib/python3.8/site-packages/micro_ros_msgs/msg/_graph_s.c
[4.395s] -- Up-to-date: /home/brsd/microros_ws/install/micro_ros_msgs/lib/python3.8/site-packages/micro_ros_msgs/msg/__init__.py
[4.395s] -- Up-to-date: /home/brsd/microros_ws/install/micro_ros_msgs/lib/python3.8/site-packages/micro_ros_msgs/msg/_node.py
[4.395s] -- Up-to-date: /home/brsd/microros_ws/install/micro_ros_msgs/lib/python3.8/site-packages/micro_ros_msgs/msg/_graph.py
[4.401s] -- Up-to-date: /home/brsd/microros_ws/install/micro_ros_msgs/lib/python3.8/site-packages/micro_ros_msgs/msg/_entity_s.c
[4.401s] -- Up-to-date: /home/brsd/microros_ws/install/micro_ros_msgs/lib/python3.8/site-packages/micro_ros_msgs/msg/_entity.py
[4.404s] -- Up-to-date: /home/brsd/microros_ws/install/micro_ros_msgs/lib/python3.8/site-packages/micro_ros_msgs/msg/_node_s.c
[4.404s] -- Up-to-date: /home/brsd/microros_ws/install/micro_ros_msgs/lib/python3.8/site-packages/micro_ros_msgs/micro_ros_msgs_s__rosidl_typesupport_fastrtps_c.cpython-38-aarch64-linux-gnu.so
[4.407s] -- Up-to-date: /home/brsd/microros_ws/install/micro_ros_msgs/lib/python3.8/site-packages/micro_ros_msgs/micro_ros_msgs_s__rosidl_typesupport_introspection_c.cpython-38-aarch64-linux-gnu.so
[4.408s] -- Up-to-date: /home/brsd/microros_ws/install/micro_ros_msgs/lib/python3.8/site-packages/micro_ros_msgs/micro_ros_msgs_s__rosidl_typesupport_c.cpython-38-aarch64-linux-gnu.so
[4.408s] -- Up-to-date: /home/brsd/microros_ws/install/micro_ros_msgs/lib/libmicro_ros_msgs__python.so
[4.410s] -- Up-to-date: /home/brsd/microros_ws/install/micro_ros_msgs/share/micro_ros_msgs/msg/Graph.idl
[4.410s] -- Up-to-date: /home/brsd/microros_ws/install/micro_ros_msgs/share/micro_ros_msgs/msg/Node.idl
[4.411s] -- Up-to-date: /home/brsd/microros_ws/install/micro_ros_msgs/share/micro_ros_msgs/msg/Entity.idl
[4.411s] -- Up-to-date: /home/brsd/microros_ws/install/micro_ros_msgs/share/micro_ros_msgs/msg/Graph.msg
[4.413s] -- Up-to-date: /home/brsd/microros_ws/install/micro_ros_msgs/share/micro_ros_msgs/msg/Node.msg
[4.414s] -- Up-to-date: /home/brsd/microros_ws/install/micro_ros_msgs/share/micro_ros_msgs/msg/Entity.msg
[4.414s] -- Up-to-date: /home/brsd/microros_ws/install/micro_ros_msgs/share/ament_index/resource_index/package_run_dependencies/micro_ros_msgs
[4.416s] -- Up-to-date: /home/brsd/microros_ws/install/micro_ros_msgs/share/ament_index/resource_index/parent_prefix_path/micro_ros_msgs
[4.419s] -- Up-to-date: /home/brsd/microros_ws/install/micro_ros_msgs/share/micro_ros_msgs/environment/ament_prefix_path.sh
[4.419s] -- Up-to-date: /home/brsd/microros_ws/install/micro_ros_msgs/share/micro_ros_msgs/environment/ament_prefix_path.dsv
[4.420s] -- Up-to-date: /home/brsd/microros_ws/install/micro_ros_msgs/share/micro_ros_msgs/environment/path.sh
[4.420s] -- Up-to-date: /home/brsd/microros_ws/install/micro_ros_msgs/share/micro_ros_msgs/environment/path.dsv
[4.421s] -- Up-to-date: /home/brsd/microros_ws/install/micro_ros_msgs/share/micro_ros_msgs/local_setup.bash
[4.421s] -- Up-to-date: /home/brsd/microros_ws/install/micro_ros_msgs/share/micro_ros_msgs/local_setup.sh
[4.422s] -- Up-to-date: /home/brsd/microros_ws/install/micro_ros_msgs/share/micro_ros_msgs/local_setup.zsh
[4.422s] -- Up-to-date: /home/brsd/microros_ws/install/micro_ros_msgs/share/micro_ros_msgs/local_setup.dsv
[4.423s] -- Installing: /home/brsd/microros_ws/install/micro_ros_msgs/share/micro_ros_msgs/package.dsv
[4.423s] -- Up-to-date: /home/brsd/microros_ws/install/micro_ros_msgs/share/ament_index/resource_index/packages/micro_ros_msgs
[4.429s] -- Up-to-date: /home/brsd/microros_ws/install/micro_ros_msgs/share/micro_ros_msgs/cmake/micro_ros_msgs__rosidl_generator_cExport.cmake
[4.436s] -- Up-to-date: /home/brsd/microros_ws/install/micro_ros_msgs/share/micro_ros_msgs/cmake/micro_ros_msgs__rosidl_generator_cExport-noconfig.cmake
[4.455s] -- Up-to-date: /home/brsd/microros_ws/install/micro_ros_msgs/share/micro_ros_msgs/cmake/micro_ros_msgs__rosidl_typesupport_introspection_cExport.cmake
[4.458s] -- Up-to-date: /home/brsd/microros_ws/install/micro_ros_msgs/share/micro_ros_msgs/cmake/micro_ros_msgs__rosidl_typesupport_introspection_cExport-noconfig.cmake
[4.459s] -- Up-to-date: /home/brsd/microros_ws/install/micro_ros_msgs/share/micro_ros_msgs/cmake/micro_ros_msgs__rosidl_typesupport_cExport.cmake
[4.459s] -- Up-to-date: /home/brsd/microros_ws/install/micro_ros_msgs/share/micro_ros_msgs/cmake/micro_ros_msgs__rosidl_typesupport_cExport-noconfig.cmake
[4.460s] -- Up-to-date: /home/brsd/microros_ws/install/micro_ros_msgs/share/micro_ros_msgs/cmake/micro_ros_msgs__rosidl_generator_cppExport.cmake
[4.462s] -- Up-to-date: /home/brsd/microros_ws/install/micro_ros_msgs/share/micro_ros_msgs/cmake/micro_ros_msgs__rosidl_typesupport_introspection_cppExport.cmake
[4.463s] -- Up-to-date: /home/brsd/microros_ws/install/micro_ros_msgs/share/micro_ros_msgs/cmake/micro_ros_msgs__rosidl_typesupport_introspection_cppExport-noconfig.cmake
[4.463s] -- Up-to-date: /home/brsd/microros_ws/install/micro_ros_msgs/share/micro_ros_msgs/cmake/micro_ros_msgs__rosidl_typesupport_cppExport.cmake
[4.463s] -- Up-to-date: /home/brsd/microros_ws/install/micro_ros_msgs/share/micro_ros_msgs/cmake/micro_ros_msgs__rosidl_typesupport_cppExport-noconfig.cmake
[4.464s] -- Up-to-date: /home/brsd/microros_ws/install/micro_ros_msgs/share/micro_ros_msgs/cmake/rosidl_cmake-extras.cmake
[4.465s] -- Up-to-date: /home/brsd/microros_ws/install/micro_ros_msgs/share/micro_ros_msgs/cmake/ament_cmake_export_dependencies-extras.cmake
[4.466s] -- Up-to-date: /home/brsd/microros_ws/install/micro_ros_msgs/share/micro_ros_msgs/cmake/ament_cmake_export_libraries-extras.cmake
[4.467s] -- Up-to-date: /home/brsd/microros_ws/install/micro_ros_msgs/share/micro_ros_msgs/cmake/ament_cmake_export_targets-extras.cmake
[4.468s] -- Up-to-date: /home/brsd/microros_ws/install/micro_ros_msgs/share/micro_ros_msgs/cmake/ament_cmake_export_include_directories-extras.cmake
[4.468s] -- Up-to-date: /home/brsd/microros_ws/install/micro_ros_msgs/share/micro_ros_msgs/cmake/rosidl_cmake_export_typesupport_libraries-extras.cmake
[4.469s] -- Up-to-date: /home/brsd/microros_ws/install/micro_ros_msgs/share/micro_ros_msgs/cmake/rosidl_cmake_export_typesupport_targets-extras.cmake
[4.469s] -- Up-to-date: /home/brsd/microros_ws/install/micro_ros_msgs/share/micro_ros_msgs/cmake/micro_ros_msgsConfig.cmake
[4.470s] -- Up-to-date: /home/brsd/microros_ws/install/micro_ros_msgs/share/micro_ros_msgs/cmake/micro_ros_msgsConfig-version.cmake
[4.470s] -- Up-to-date: /home/brsd/microros_ws/install/micro_ros_msgs/share/micro_ros_msgs/package.xml
[4.487s] Invoked command in '/home/brsd/microros_ws/build/micro_ros_msgs' returned '0': CMAKE_PREFIX_PATH=${CMAKE_PREFIX_PATH}:/home/brsd/microros_ws/install/person_detection:/home/brsd/microros_ws/install/pathfinding:/home/brsd/microros_ws/install/object_detection_pkg:/home/brsd/microros_ws/install/joystick_input:/home/brsd/microros_ws/install/jetson_comm:/home/brsd/microros_ws/install/fsm:/opt/ros/foxy /usr/bin/cmake --install /home/brsd/microros_ws/build/micro_ros_msgs
