[10.271s] Invoking command in '/home/brsd/microros_ws/src/pathfinding': PYTHONPATH=/home/brsd/microros_ws/build/pathfinding/prefix_override:/usr/lib/python3/dist-packages/colcon_core/task/python/colcon_distutils_commands:/home/brsd/microros_ws/install/pathfinding/lib/python3.8/site-packages:${PYTHONPATH} /usr/bin/python3 -W ignore:setup.py install is deprecated setup.py egg_info --egg-base ../../build/pathfinding build --build-base /home/brsd/microros_ws/build/pathfinding/build install --record /home/brsd/microros_ws/build/pathfinding/install.log --install-scripts $base/lib/pathfinding --single-version-externally-managed install_data
[13.046s] running egg_info
[13.054s] writing ../../build/pathfinding/pathfinding.egg-info/PKG-INFO
[13.057s] writing dependency_links to ../../build/pathfinding/pathfinding.egg-info/dependency_links.txt
[13.058s] writing entry points to ../../build/pathfinding/pathfinding.egg-info/entry_points.txt
[13.059s] writing requirements to ../../build/pathfinding/pathfinding.egg-info/requires.txt
[13.059s] writing top-level names to ../../build/pathfinding/pathfinding.egg-info/top_level.txt
[13.485s] reading manifest file '../../build/pathfinding/pathfinding.egg-info/SOURCES.txt'
[13.497s] writing manifest file '../../build/pathfinding/pathfinding.egg-info/SOURCES.txt'
[13.499s] running build
[13.500s] running build_py
[13.500s] copying pathfinding/pathfinding_final.py -> /home/brsd/microros_ws/build/pathfinding/build/lib/pathfinding
[13.522s] running install
[13.536s] running install_lib
[13.545s] copying /home/brsd/microros_ws/build/pathfinding/build/lib/pathfinding/pathfinding_final.py -> /home/brsd/microros_ws/install/pathfinding/lib/python3.8/site-packages/pathfinding
[13.570s] byte-compiling /home/brsd/microros_ws/install/pathfinding/lib/python3.8/site-packages/pathfinding/pathfinding_final.py to pathfinding_final.cpython-38.pyc
[13.617s] running install_data
[13.620s] running install_egg_info
[13.627s] removing '/home/brsd/microros_ws/install/pathfinding/lib/python3.8/site-packages/pathfinding-0.0.0-py3.8.egg-info' (and everything under it)
[13.628s] Copying ../../build/pathfinding/pathfinding.egg-info to /home/brsd/microros_ws/install/pathfinding/lib/python3.8/site-packages/pathfinding-0.0.0-py3.8.egg-info
[13.639s] running install_scripts
[13.737s] Installing image_display_node script to /home/brsd/microros_ws/install/pathfinding/lib/pathfinding
[13.737s] Installing pathfinding_node script to /home/brsd/microros_ws/install/pathfinding/lib/pathfinding
[13.738s] writing list of installed files to '/home/brsd/microros_ws/build/pathfinding/install.log'
[13.906s] Invoked command in '/home/brsd/microros_ws/src/pathfinding' returned '0': PYTHONPATH=/home/brsd/microros_ws/build/pathfinding/prefix_override:/usr/lib/python3/dist-packages/colcon_core/task/python/colcon_distutils_commands:/home/brsd/microros_ws/install/pathfinding/lib/python3.8/site-packages:${PYTHONPATH} /usr/bin/python3 -W ignore:setup.py install is deprecated setup.py egg_info --egg-base ../../build/pathfinding build --build-base /home/brsd/microros_ws/build/pathfinding/build install --record /home/brsd/microros_ws/build/pathfinding/install.log --install-scripts $base/lib/pathfinding --single-version-externally-managed install_data
