[10.689s] Invoking command in '/home/brsd/microros_ws/src/jetson_comm': PYTHONPATH=/home/brsd/microros_ws/build/jetson_comm/prefix_override:/usr/lib/python3/dist-packages/colcon_core/task/python/colcon_distutils_commands:/home/brsd/microros_ws/install/jetson_comm/lib/python3.8/site-packages:${PYTHONPATH} /usr/bin/python3 -W ignore:setup.py install is deprecated setup.py egg_info --egg-base ../../build/jetson_comm build --build-base /home/brsd/microros_ws/build/jetson_comm/build install --record /home/brsd/microros_ws/build/jetson_comm/install.log --install-scripts $base/lib/jetson_comm --single-version-externally-managed install_data
[14.684s] running egg_info
[14.710s] writing ../../build/jetson_comm/jetson_comm.egg-info/PKG-INFO
[14.716s] writing dependency_links to ../../build/jetson_comm/jetson_comm.egg-info/dependency_links.txt
[14.731s] writing entry points to ../../build/jetson_comm/jetson_comm.egg-info/entry_points.txt
[14.732s] writing requirements to ../../build/jetson_comm/jetson_comm.egg-info/requires.txt
[14.732s] writing top-level names to ../../build/jetson_comm/jetson_comm.egg-info/top_level.txt
[15.056s] reading manifest file '../../build/jetson_comm/jetson_comm.egg-info/SOURCES.txt'
[15.085s] writing manifest file '../../build/jetson_comm/jetson_comm.egg-info/SOURCES.txt'
[15.086s] running build
[15.094s] running build_py
[15.100s] running install
[15.101s] running install_lib
[15.101s] running install_data
[15.102s] running install_egg_info
[15.121s] removing '/home/brsd/microros_ws/install/jetson_comm/lib/python3.8/site-packages/jetson_comm-0.0.0-py3.8.egg-info' (and everything under it)
[15.121s] Copying ../../build/jetson_comm/jetson_comm.egg-info to /home/brsd/microros_ws/install/jetson_comm/lib/python3.8/site-packages/jetson_comm-0.0.0-py3.8.egg-info
[15.122s] running install_scripts
[15.338s] Installing jetson_node script to /home/brsd/microros_ws/install/jetson_comm/lib/jetson_comm
[15.338s] writing list of installed files to '/home/brsd/microros_ws/build/jetson_comm/install.log'
[16.047s] Invoked command in '/home/brsd/microros_ws/src/jetson_comm' returned '0': PYTHONPATH=/home/brsd/microros_ws/build/jetson_comm/prefix_override:/usr/lib/python3/dist-packages/colcon_core/task/python/colcon_distutils_commands:/home/brsd/microros_ws/install/jetson_comm/lib/python3.8/site-packages:${PYTHONPATH} /usr/bin/python3 -W ignore:setup.py install is deprecated setup.py egg_info --egg-base ../../build/jetson_comm build --build-base /home/brsd/microros_ws/build/jetson_comm/build install --record /home/brsd/microros_ws/build/jetson_comm/install.log --install-scripts $base/lib/jetson_comm --single-version-externally-managed install_data
