[13.203s] Invoking command in '/home/brsd/microros_ws/src/person_detection': PYTHONPATH=/home/brsd/microros_ws/build/person_detection/prefix_override:/usr/lib/python3/dist-packages/colcon_core/task/python/colcon_distutils_commands:/home/brsd/microros_ws/install/person_detection/lib/python3.8/site-packages:${PYTHONPATH} /usr/bin/python3 -W ignore:setup.py install is deprecated setup.py egg_info --egg-base ../../build/person_detection build --build-base /home/brsd/microros_ws/build/person_detection/build install --record /home/brsd/microros_ws/build/person_detection/install.log --install-scripts $base/lib/person_detection --single-version-externally-managed install_data
[17.124s] running egg_info
[17.129s] writing ../../build/person_detection/person_detection.egg-info/PKG-INFO
[17.135s] writing dependency_links to ../../build/person_detection/person_detection.egg-info/dependency_links.txt
[17.137s] writing entry points to ../../build/person_detection/person_detection.egg-info/entry_points.txt
[17.138s] writing requirements to ../../build/person_detection/person_detection.egg-info/requires.txt
[17.140s] writing top-level names to ../../build/person_detection/person_detection.egg-info/top_level.txt
[17.573s] reading manifest file '../../build/person_detection/person_detection.egg-info/SOURCES.txt'
[17.581s] writing manifest file '../../build/person_detection/person_detection.egg-info/SOURCES.txt'
[17.584s] running build
[17.587s] running build_py
[17.591s] running install
[17.599s] running install_lib
[17.609s] running install_data
[17.622s] running install_egg_info
[17.646s] removing '/home/brsd/microros_ws/install/person_detection/lib/python3.8/site-packages/person_detection-0.0.0-py3.8.egg-info' (and everything under it)
[17.666s] Copying ../../build/person_detection/person_detection.egg-info to /home/brsd/microros_ws/install/person_detection/lib/python3.8/site-packages/person_detection-0.0.0-py3.8.egg-info
[17.677s] running install_scripts
[17.892s] Installing color_detector script to /home/brsd/microros_ws/install/person_detection/lib/person_detection
[17.895s] writing list of installed files to '/home/brsd/microros_ws/build/person_detection/install.log'
[18.143s] Invoked command in '/home/brsd/microros_ws/src/person_detection' returned '0': PYTHONPATH=/home/brsd/microros_ws/build/person_detection/prefix_override:/usr/lib/python3/dist-packages/colcon_core/task/python/colcon_distutils_commands:/home/brsd/microros_ws/install/person_detection/lib/python3.8/site-packages:${PYTHONPATH} /usr/bin/python3 -W ignore:setup.py install is deprecated setup.py egg_info --egg-base ../../build/person_detection build --build-base /home/brsd/microros_ws/build/person_detection/build install --record /home/brsd/microros_ws/build/person_detection/install.log --install-scripts $base/lib/person_detection --single-version-externally-managed install_data
