[8.021s] Invoking command in '/home/brsd/microros_ws/src/pathfinding': PYTHONPATH=/home/brsd/microros_ws/build/pathfinding/prefix_override:/usr/lib/python3/dist-packages/colcon_core/task/python/colcon_distutils_commands:/home/brsd/microros_ws/install/pathfinding/lib/python3.8/site-packages:${PYTHONPATH} /usr/bin/python3 -W ignore:setup.py install is deprecated setup.py egg_info --egg-base ../../build/pathfinding build --build-base /home/brsd/microros_ws/build/pathfinding/build install --record /home/brsd/microros_ws/build/pathfinding/install.log --install-scripts $base/lib/pathfinding --single-version-externally-managed install_data
[10.765s] running egg_info
[10.772s] writing ../../build/pathfinding/pathfinding.egg-info/PKG-INFO
[10.778s] writing dependency_links to ../../build/pathfinding/pathfinding.egg-info/dependency_links.txt
[10.783s] writing entry points to ../../build/pathfinding/pathfinding.egg-info/entry_points.txt
[10.789s] writing requirements to ../../build/pathfinding/pathfinding.egg-info/requires.txt
[10.791s] writing top-level names to ../../build/pathfinding/pathfinding.egg-info/top_level.txt
[11.151s] reading manifest file '../../build/pathfinding/pathfinding.egg-info/SOURCES.txt'
[11.157s] writing manifest file '../../build/pathfinding/pathfinding.egg-info/SOURCES.txt'
[11.159s] running build
[11.162s] running build_py
[11.165s] copying pathfinding/pathfinding_test.py -> /home/brsd/microros_ws/build/pathfinding/build/lib/pathfinding
[11.169s] running install
[11.173s] running install_lib
[11.182s] copying /home/brsd/microros_ws/build/pathfinding/build/lib/pathfinding/pathfinding_test.py -> /home/brsd/microros_ws/install/pathfinding/lib/python3.8/site-packages/pathfinding
[11.191s] byte-compiling /home/brsd/microros_ws/install/pathfinding/lib/python3.8/site-packages/pathfinding/pathfinding_test.py to pathfinding_test.cpython-38.pyc
[11.209s] running install_data
[11.213s] running install_egg_info
[11.227s] removing '/home/brsd/microros_ws/install/pathfinding/lib/python3.8/site-packages/pathfinding-0.0.0-py3.8.egg-info' (and everything under it)
[11.233s] Copying ../../build/pathfinding/pathfinding.egg-info to /home/brsd/microros_ws/install/pathfinding/lib/python3.8/site-packages/pathfinding-0.0.0-py3.8.egg-info
[11.242s] running install_scripts
[11.414s] Installing image_display_node script to /home/brsd/microros_ws/install/pathfinding/lib/pathfinding
[11.417s] Installing pathfinding_node script to /home/brsd/microros_ws/install/pathfinding/lib/pathfinding
[11.417s] writing list of installed files to '/home/brsd/microros_ws/build/pathfinding/install.log'
[11.563s] Invoked command in '/home/brsd/microros_ws/src/pathfinding' returned '0': PYTHONPATH=/home/brsd/microros_ws/build/pathfinding/prefix_override:/usr/lib/python3/dist-packages/colcon_core/task/python/colcon_distutils_commands:/home/brsd/microros_ws/install/pathfinding/lib/python3.8/site-packages:${PYTHONPATH} /usr/bin/python3 -W ignore:setup.py install is deprecated setup.py egg_info --egg-base ../../build/pathfinding build --build-base /home/brsd/microros_ws/build/pathfinding/build install --record /home/brsd/microros_ws/build/pathfinding/install.log --install-scripts $base/lib/pathfinding --single-version-externally-managed install_data
