[13.264s] Invoking command in '/home/brsd/microros_ws/src/pathfinding': PYTHONPATH=/home/brsd/microros_ws/build/pathfinding/prefix_override:/usr/lib/python3/dist-packages/colcon_core/task/python/colcon_distutils_commands:/home/brsd/microros_ws/install/pathfinding/lib/python3.8/site-packages:${PYTHONPATH} /usr/bin/python3 -W ignore:setup.py install is deprecated setup.py egg_info --egg-base ../../build/pathfinding build --build-base /home/brsd/microros_ws/build/pathfinding/build install --record /home/brsd/microros_ws/build/pathfinding/install.log --install-scripts $base/lib/pathfinding --single-version-externally-managed install_data
[16.490s] running egg_info
[16.491s] writing ../../build/pathfinding/pathfinding.egg-info/PKG-INFO
[16.491s] writing dependency_links to ../../build/pathfinding/pathfinding.egg-info/dependency_links.txt
[16.492s] writing entry points to ../../build/pathfinding/pathfinding.egg-info/entry_points.txt
[16.492s] writing requirements to ../../build/pathfinding/pathfinding.egg-info/requires.txt
[16.493s] writing top-level names to ../../build/pathfinding/pathfinding.egg-info/top_level.txt
[16.893s] reading manifest file '../../build/pathfinding/pathfinding.egg-info/SOURCES.txt'
[16.900s] writing manifest file '../../build/pathfinding/pathfinding.egg-info/SOURCES.txt'
[16.903s] running build
[16.903s] running build_py
[16.906s] running install
[16.930s] running install_lib
[16.948s] running install_data
[16.953s] running install_egg_info
[16.962s] removing '/home/brsd/microros_ws/install/pathfinding/lib/python3.8/site-packages/pathfinding-0.0.0-py3.8.egg-info' (and everything under it)
[16.965s] Copying ../../build/pathfinding/pathfinding.egg-info to /home/brsd/microros_ws/install/pathfinding/lib/python3.8/site-packages/pathfinding-0.0.0-py3.8.egg-info
[16.975s] running install_scripts
[17.149s] Installing image_display_node script to /home/brsd/microros_ws/install/pathfinding/lib/pathfinding
[17.150s] Installing pathfinding_node script to /home/brsd/microros_ws/install/pathfinding/lib/pathfinding
[17.154s] writing list of installed files to '/home/brsd/microros_ws/build/pathfinding/install.log'
[17.383s] Invoked command in '/home/brsd/microros_ws/src/pathfinding' returned '0': PYTHONPATH=/home/brsd/microros_ws/build/pathfinding/prefix_override:/usr/lib/python3/dist-packages/colcon_core/task/python/colcon_distutils_commands:/home/brsd/microros_ws/install/pathfinding/lib/python3.8/site-packages:${PYTHONPATH} /usr/bin/python3 -W ignore:setup.py install is deprecated setup.py egg_info --egg-base ../../build/pathfinding build --build-base /home/brsd/microros_ws/build/pathfinding/build install --record /home/brsd/microros_ws/build/pathfinding/install.log --install-scripts $base/lib/pathfinding --single-version-externally-managed install_data
