[8.726s] Invoking command in '/home/brsd/microros_ws/src/pathfinding': PYTHONPATH=/home/brsd/microros_ws/build/pathfinding/prefix_override:/usr/lib/python3/dist-packages/colcon_core/task/python/colcon_distutils_commands:/home/brsd/microros_ws/install/pathfinding/lib/python3.8/site-packages:${PYTHONPATH} /usr/bin/python3 -W ignore:setup.py install is deprecated setup.py egg_info --egg-base ../../build/pathfinding build --build-base /home/brsd/microros_ws/build/pathfinding/build install --record /home/brsd/microros_ws/build/pathfinding/install.log --install-scripts $base/lib/pathfinding --single-version-externally-managed install_data
[11.790s] running egg_info
[11.796s] writing ../../build/pathfinding/pathfinding.egg-info/PKG-INFO
[11.799s] writing dependency_links to ../../build/pathfinding/pathfinding.egg-info/dependency_links.txt
[11.802s] writing entry points to ../../build/pathfinding/pathfinding.egg-info/entry_points.txt
[11.805s] writing requirements to ../../build/pathfinding/pathfinding.egg-info/requires.txt
[11.810s] writing top-level names to ../../build/pathfinding/pathfinding.egg-info/top_level.txt
[12.112s] reading manifest file '../../build/pathfinding/pathfinding.egg-info/SOURCES.txt'
[12.117s] writing manifest file '../../build/pathfinding/pathfinding.egg-info/SOURCES.txt'
[12.132s] running build
[12.133s] running build_py
[12.138s] copying pathfinding/pathfindinghardcode.py -> /home/brsd/microros_ws/build/pathfinding/build/lib/pathfinding
[12.141s] running install
[12.144s] running install_lib
[12.161s] copying /home/brsd/microros_ws/build/pathfinding/build/lib/pathfinding/pathfindinghardcode.py -> /home/brsd/microros_ws/install/pathfinding/lib/python3.8/site-packages/pathfinding
[12.170s] byte-compiling /home/brsd/microros_ws/install/pathfinding/lib/python3.8/site-packages/pathfinding/pathfindinghardcode.py to pathfindinghardcode.cpython-38.pyc
[12.183s] running install_data
[12.186s] running install_egg_info
[12.199s] removing '/home/brsd/microros_ws/install/pathfinding/lib/python3.8/site-packages/pathfinding-0.0.0-py3.8.egg-info' (and everything under it)
[12.200s] Copying ../../build/pathfinding/pathfinding.egg-info to /home/brsd/microros_ws/install/pathfinding/lib/python3.8/site-packages/pathfinding-0.0.0-py3.8.egg-info
[12.203s] running install_scripts
[12.336s] Installing image_display_node script to /home/brsd/microros_ws/install/pathfinding/lib/pathfinding
[12.340s] Installing pathfinding_node script to /home/brsd/microros_ws/install/pathfinding/lib/pathfinding
[12.355s] writing list of installed files to '/home/brsd/microros_ws/build/pathfinding/install.log'
[12.589s] Invoked command in '/home/brsd/microros_ws/src/pathfinding' returned '0': PYTHONPATH=/home/brsd/microros_ws/build/pathfinding/prefix_override:/usr/lib/python3/dist-packages/colcon_core/task/python/colcon_distutils_commands:/home/brsd/microros_ws/install/pathfinding/lib/python3.8/site-packages:${PYTHONPATH} /usr/bin/python3 -W ignore:setup.py install is deprecated setup.py egg_info --egg-base ../../build/pathfinding build --build-base /home/brsd/microros_ws/build/pathfinding/build install --record /home/brsd/microros_ws/build/pathfinding/install.log --install-scripts $base/lib/pathfinding --single-version-externally-managed install_data
