[9.492s] Invoking command in '/home/brsd/microros_ws/src/fsm': PYTHONPATH=/home/brsd/microros_ws/build/fsm/prefix_override:/usr/lib/python3/dist-packages/colcon_core/task/python/colcon_distutils_commands:/home/brsd/microros_ws/install/fsm/lib/python3.8/site-packages:${PYTHONPATH} /usr/bin/python3 -W ignore:setup.py install is deprecated setup.py egg_info --egg-base ../../build/fsm build --build-base /home/brsd/microros_ws/build/fsm/build install --record /home/brsd/microros_ws/build/fsm/install.log --install-scripts $base/lib/fsm --single-version-externally-managed install_data
[13.467s] running egg_info
[13.471s] writing ../../build/fsm/fsm.egg-info/PKG-INFO
[13.483s] writing dependency_links to ../../build/fsm/fsm.egg-info/dependency_links.txt
[13.484s] writing entry points to ../../build/fsm/fsm.egg-info/entry_points.txt
[13.488s] writing requirements to ../../build/fsm/fsm.egg-info/requires.txt
[13.488s] writing top-level names to ../../build/fsm/fsm.egg-info/top_level.txt
[13.885s] reading manifest file '../../build/fsm/fsm.egg-info/SOURCES.txt'
[13.891s] writing manifest file '../../build/fsm/fsm.egg-info/SOURCES.txt'
[13.896s] running build
[13.897s] running build_py
[13.898s] copying fsm/brsd_fsm_node_path.py -> /home/brsd/microros_ws/build/fsm/build/lib/fsm
[13.903s] running install
[13.907s] running install_lib
[13.914s] copying /home/brsd/microros_ws/build/fsm/build/lib/fsm/brsd_fsm_node_path.py -> /home/brsd/microros_ws/install/fsm/lib/python3.8/site-packages/fsm
[13.921s] byte-compiling /home/brsd/microros_ws/install/fsm/lib/python3.8/site-packages/fsm/brsd_fsm_node_path.py to brsd_fsm_node_path.cpython-38.pyc
[13.959s] running install_data
[13.967s] running install_egg_info
[13.979s] removing '/home/brsd/microros_ws/install/fsm/lib/python3.8/site-packages/fsm-0.0.0-py3.8.egg-info' (and everything under it)
[13.983s] Copying ../../build/fsm/fsm.egg-info to /home/brsd/microros_ws/install/fsm/lib/python3.8/site-packages/fsm-0.0.0-py3.8.egg-info
[13.990s] running install_scripts
[14.194s] Installing brsd_fsm_node script to /home/brsd/microros_ws/install/fsm/lib/fsm
[14.200s] Installing brsd_fsm_node_correction script to /home/brsd/microros_ws/install/fsm/lib/fsm
[14.204s] Installing brsd_fsm_node_path script to /home/brsd/microros_ws/install/fsm/lib/fsm
[14.207s] writing list of installed files to '/home/brsd/microros_ws/build/fsm/install.log'
[14.653s] Invoked command in '/home/brsd/microros_ws/src/fsm' returned '0': PYTHONPATH=/home/brsd/microros_ws/build/fsm/prefix_override:/usr/lib/python3/dist-packages/colcon_core/task/python/colcon_distutils_commands:/home/brsd/microros_ws/install/fsm/lib/python3.8/site-packages:${PYTHONPATH} /usr/bin/python3 -W ignore:setup.py install is deprecated setup.py egg_info --egg-base ../../build/fsm build --build-base /home/brsd/microros_ws/build/fsm/build install --record /home/brsd/microros_ws/build/fsm/install.log --install-scripts $base/lib/fsm --single-version-externally-managed install_data
