[6.879s] Invoking command in '/home/brsd/microros_ws/src/pathfinding': PYTHONPATH=/home/brsd/microros_ws/build/pathfinding/prefix_override:/usr/lib/python3/dist-packages/colcon_core/task/python/colcon_distutils_commands:/home/brsd/microros_ws/install/pathfinding/lib/python3.8/site-packages:${PYTHONPATH} /usr/bin/python3 -W ignore:setup.py install is deprecated setup.py egg_info --egg-base ../../build/pathfinding build --build-base /home/brsd/microros_ws/build/pathfinding/build install --record /home/brsd/microros_ws/build/pathfinding/install.log --install-scripts $base/lib/pathfinding --single-version-externally-managed install_data
[9.582s] running egg_info
[9.585s] writing ../../build/pathfinding/pathfinding.egg-info/PKG-INFO
[9.587s] writing dependency_links to ../../build/pathfinding/pathfinding.egg-info/dependency_links.txt
[9.588s] writing entry points to ../../build/pathfinding/pathfinding.egg-info/entry_points.txt
[9.589s] writing requirements to ../../build/pathfinding/pathfinding.egg-info/requires.txt
[9.589s] writing top-level names to ../../build/pathfinding/pathfinding.egg-info/top_level.txt
[9.782s] reading manifest file '../../build/pathfinding/pathfinding.egg-info/SOURCES.txt'
[9.801s] writing manifest file '../../build/pathfinding/pathfinding.egg-info/SOURCES.txt'
[9.805s] running build
[9.806s] running build_py
[9.811s] running install
[9.818s] running install_lib
[9.829s] running install_data
[9.833s] running install_egg_info
[9.844s] removing '/home/brsd/microros_ws/install/pathfinding/lib/python3.8/site-packages/pathfinding-0.0.0-py3.8.egg-info' (and everything under it)
[9.856s] Copying ../../build/pathfinding/pathfinding.egg-info to /home/brsd/microros_ws/install/pathfinding/lib/python3.8/site-packages/pathfinding-0.0.0-py3.8.egg-info
[9.871s] running install_scripts
[9.975s] Installing image_display_node script to /home/brsd/microros_ws/install/pathfinding/lib/pathfinding
[9.976s] Installing pathfinding_node script to /home/brsd/microros_ws/install/pathfinding/lib/pathfinding
[9.979s] writing list of installed files to '/home/brsd/microros_ws/build/pathfinding/install.log'
[10.103s] Invoked command in '/home/brsd/microros_ws/src/pathfinding' returned '0': PYTHONPATH=/home/brsd/microros_ws/build/pathfinding/prefix_override:/usr/lib/python3/dist-packages/colcon_core/task/python/colcon_distutils_commands:/home/brsd/microros_ws/install/pathfinding/lib/python3.8/site-packages:${PYTHONPATH} /usr/bin/python3 -W ignore:setup.py install is deprecated setup.py egg_info --egg-base ../../build/pathfinding build --build-base /home/brsd/microros_ws/build/pathfinding/build install --record /home/brsd/microros_ws/build/pathfinding/install.log --install-scripts $base/lib/pathfinding --single-version-externally-managed install_data
