[9.176s] Invoking command in '/home/brsd/microros_ws/src/pathfinding': PYTHONPATH=/home/brsd/microros_ws/build/pathfinding/prefix_override:/usr/lib/python3/dist-packages/colcon_core/task/python/colcon_distutils_commands:/home/brsd/microros_ws/install/pathfinding/lib/python3.8/site-packages:${PYTHONPATH} /usr/bin/python3 -W ignore:setup.py install is deprecated setup.py egg_info --egg-base ../../build/pathfinding build --build-base /home/brsd/microros_ws/build/pathfinding/build install --record /home/brsd/microros_ws/build/pathfinding/install.log --install-scripts $base/lib/pathfinding --single-version-externally-managed install_data
[12.034s] running egg_info
[12.042s] writing ../../build/pathfinding/pathfinding.egg-info/PKG-INFO
[12.058s] writing dependency_links to ../../build/pathfinding/pathfinding.egg-info/dependency_links.txt
[12.061s] writing entry points to ../../build/pathfinding/pathfinding.egg-info/entry_points.txt
[12.064s] writing requirements to ../../build/pathfinding/pathfinding.egg-info/requires.txt
[12.066s] writing top-level names to ../../build/pathfinding/pathfinding.egg-info/top_level.txt
[12.603s] reading manifest file '../../build/pathfinding/pathfinding.egg-info/SOURCES.txt'
[12.622s] writing manifest file '../../build/pathfinding/pathfinding.egg-info/SOURCES.txt'
[12.640s] running build
[12.643s] running build_py
[12.655s] running install
[12.683s] running install_lib
[12.722s] running install_data
[12.723s] running install_egg_info
[12.741s] removing '/home/brsd/microros_ws/install/pathfinding/lib/python3.8/site-packages/pathfinding-0.0.0-py3.8.egg-info' (and everything under it)
[12.743s] Copying ../../build/pathfinding/pathfinding.egg-info to /home/brsd/microros_ws/install/pathfinding/lib/python3.8/site-packages/pathfinding-0.0.0-py3.8.egg-info
[12.764s] running install_scripts
[13.056s] Installing image_display_node script to /home/brsd/microros_ws/install/pathfinding/lib/pathfinding
[13.059s] Installing pathfinding_node script to /home/brsd/microros_ws/install/pathfinding/lib/pathfinding
[13.061s] writing list of installed files to '/home/brsd/microros_ws/build/pathfinding/install.log'
[13.292s] Invoked command in '/home/brsd/microros_ws/src/pathfinding' returned '0': PYTHONPATH=/home/brsd/microros_ws/build/pathfinding/prefix_override:/usr/lib/python3/dist-packages/colcon_core/task/python/colcon_distutils_commands:/home/brsd/microros_ws/install/pathfinding/lib/python3.8/site-packages:${PYTHONPATH} /usr/bin/python3 -W ignore:setup.py install is deprecated setup.py egg_info --egg-base ../../build/pathfinding build --build-base /home/brsd/microros_ws/build/pathfinding/build install --record /home/brsd/microros_ws/build/pathfinding/install.log --install-scripts $base/lib/pathfinding --single-version-externally-managed install_data
