[0.203s] Invoking command in '/home/brsd/microros_ws/build/xacro': CMAKE_PREFIX_PATH=${CMAKE_PREFIX_PATH}:/home/brsd/microros_ws/install/person_detection:/home/brsd/microros_ws/install/pathfinding:/home/brsd/microros_ws/install/object_detection_pkg:/home/brsd/microros_ws/install/joystick_input:/home/brsd/microros_ws/install/jetson_comm:/home/brsd/microros_ws/install/fsm:/opt/ros/foxy /usr/bin/cmake --build /home/brsd/microros_ws/build/xacro -- -j4 -l4
[0.811s] Invoked command in '/home/brsd/microros_ws/build/xacro' returned '0': CMAKE_PREFIX_PATH=${CMAKE_PREFIX_PATH}:/home/brsd/microros_ws/install/person_detection:/home/brsd/microros_ws/install/pathfinding:/home/brsd/microros_ws/install/object_detection_pkg:/home/brsd/microros_ws/install/joystick_input:/home/brsd/microros_ws/install/jetson_comm:/home/brsd/microros_ws/install/fsm:/opt/ros/foxy /usr/bin/cmake --build /home/brsd/microros_ws/build/xacro -- -j4 -l4
[1.179s] Invoking command in '/home/brsd/microros_ws/build/xacro': CMAKE_PREFIX_PATH=${CMAKE_PREFIX_PATH}:/home/brsd/microros_ws/install/person_detection:/home/brsd/microros_ws/install/pathfinding:/home/brsd/microros_ws/install/object_detection_pkg:/home/brsd/microros_ws/install/joystick_input:/home/brsd/microros_ws/install/jetson_comm:/home/brsd/microros_ws/install/fsm:/opt/ros/foxy /usr/bin/cmake --install /home/brsd/microros_ws/build/xacro
[1.332s] -- Install configuration: ""
[1.336s] -- Up-to-date: /home/brsd/microros_ws/install/xacro/share/xacro/environment/completion.bash
[1.336s] -- Up-to-date: /home/brsd/microros_ws/install/xacro/share/xacro/environment/pythonpath.sh
[1.338s] -- Up-to-date: /home/brsd/microros_ws/install/xacro/share/xacro/environment/pythonpath.dsv
[1.341s] -- Up-to-date: /home/brsd/microros_ws/install/xacro/lib/python3.8/site-packages/xacro
[1.344s] -- Up-to-date: /home/brsd/microros_ws/install/xacro/lib/python3.8/site-packages/xacro/__init__.py
[1.346s] -- Up-to-date: /home/brsd/microros_ws/install/xacro/lib/python3.8/site-packages/xacro/substitution_args.py
[1.346s] -- Up-to-date: /home/brsd/microros_ws/install/xacro/lib/python3.8/site-packages/xacro/xmlutils.py
[1.347s] -- Up-to-date: /home/brsd/microros_ws/install/xacro/lib/python3.8/site-packages/xacro/color.py
[1.347s] -- Up-to-date: /home/brsd/microros_ws/install/xacro/lib/python3.8/site-packages/xacro/cli.py
[1.674s] Listing '/home/brsd/microros_ws/install/xacro/lib/python3.8/site-packages/xacro'...
[1.723s] -- Up-to-date: /home/brsd/microros_ws/install/xacro/bin/xacro
[1.726s] -- Up-to-date: /home/brsd/microros_ws/install/xacro/lib/xacro/xacro
[1.730s] -- Up-to-date: /home/brsd/microros_ws/install/xacro/share/ament_index/resource_index/package_run_dependencies/xacro
[1.733s] -- Up-to-date: /home/brsd/microros_ws/install/xacro/share/ament_index/resource_index/parent_prefix_path/xacro
[1.733s] -- Up-to-date: /home/brsd/microros_ws/install/xacro/share/xacro/environment/ament_prefix_path.sh
[1.742s] -- Up-to-date: /home/brsd/microros_ws/install/xacro/share/xacro/environment/ament_prefix_path.dsv
[1.743s] -- Up-to-date: /home/brsd/microros_ws/install/xacro/share/xacro/environment/path.sh
[1.743s] -- Up-to-date: /home/brsd/microros_ws/install/xacro/share/xacro/environment/path.dsv
[1.748s] -- Up-to-date: /home/brsd/microros_ws/install/xacro/share/xacro/local_setup.bash
[1.748s] -- Up-to-date: /home/brsd/microros_ws/install/xacro/share/xacro/local_setup.sh
[1.757s] -- Up-to-date: /home/brsd/microros_ws/install/xacro/share/xacro/local_setup.zsh
[1.761s] -- Up-to-date: /home/brsd/microros_ws/install/xacro/share/xacro/local_setup.dsv
[1.761s] -- Installing: /home/brsd/microros_ws/install/xacro/share/xacro/package.dsv
[1.762s] -- Up-to-date: /home/brsd/microros_ws/install/xacro/share/ament_index/resource_index/packages/xacro
[1.762s] -- Up-to-date: /home/brsd/microros_ws/install/xacro/share/xacro/cmake/xacro-extras.cmake
[1.762s] -- Up-to-date: /home/brsd/microros_ws/install/xacro/share/xacro/cmake/xacroConfig.cmake
[1.763s] -- Up-to-date: /home/brsd/microros_ws/install/xacro/share/xacro/cmake/xacroConfig-version.cmake
[1.763s] -- Up-to-date: /home/brsd/microros_ws/install/xacro/share/xacro/package.xml
[1.782s] Invoked command in '/home/brsd/microros_ws/build/xacro' returned '0': CMAKE_PREFIX_PATH=${CMAKE_PREFIX_PATH}:/home/brsd/microros_ws/install/person_detection:/home/brsd/microros_ws/install/pathfinding:/home/brsd/microros_ws/install/object_detection_pkg:/home/brsd/microros_ws/install/joystick_input:/home/brsd/microros_ws/install/jetson_comm:/home/brsd/microros_ws/install/fsm:/opt/ros/foxy /usr/bin/cmake --install /home/brsd/microros_ws/build/xacro
