[8.755s] Invoking command in '/home/brsd/microros_ws/src/jetson_comm': PYTHONPATH=/home/brsd/microros_ws/build/jetson_comm/prefix_override:/usr/lib/python3/dist-packages/colcon_core/task/python/colcon_distutils_commands:/home/brsd/microros_ws/install/jetson_comm/lib/python3.8/site-packages:${PYTHONPATH} /usr/bin/python3 -W ignore:setup.py install is deprecated setup.py egg_info --egg-base ../../build/jetson_comm build --build-base /home/brsd/microros_ws/build/jetson_comm/build install --record /home/brsd/microros_ws/build/jetson_comm/install.log --install-scripts $base/lib/jetson_comm --single-version-externally-managed install_data
[12.395s] running egg_info
[12.411s] writing ../../build/jetson_comm/jetson_comm.egg-info/PKG-INFO
[12.412s] writing dependency_links to ../../build/jetson_comm/jetson_comm.egg-info/dependency_links.txt
[12.421s] writing entry points to ../../build/jetson_comm/jetson_comm.egg-info/entry_points.txt
[12.423s] writing requirements to ../../build/jetson_comm/jetson_comm.egg-info/requires.txt
[12.435s] writing top-level names to ../../build/jetson_comm/jetson_comm.egg-info/top_level.txt
[12.911s] reading manifest file '../../build/jetson_comm/jetson_comm.egg-info/SOURCES.txt'
[12.937s] writing manifest file '../../build/jetson_comm/jetson_comm.egg-info/SOURCES.txt'
[12.939s] running build
[12.940s] running build_py
[12.943s] running install
[12.956s] running install_lib
[12.989s] running install_data
[12.990s] running install_egg_info
[12.996s] removing '/home/brsd/microros_ws/install/jetson_comm/lib/python3.8/site-packages/jetson_comm-0.0.0-py3.8.egg-info' (and everything under it)
[12.997s] Copying ../../build/jetson_comm/jetson_comm.egg-info to /home/brsd/microros_ws/install/jetson_comm/lib/python3.8/site-packages/jetson_comm-0.0.0-py3.8.egg-info
[12.997s] running install_scripts
[13.192s] Installing jetson_node script to /home/brsd/microros_ws/install/jetson_comm/lib/jetson_comm
[13.197s] writing list of installed files to '/home/brsd/microros_ws/build/jetson_comm/install.log'
[13.519s] Invoked command in '/home/brsd/microros_ws/src/jetson_comm' returned '0': PYTHONPATH=/home/brsd/microros_ws/build/jetson_comm/prefix_override:/usr/lib/python3/dist-packages/colcon_core/task/python/colcon_distutils_commands:/home/brsd/microros_ws/install/jetson_comm/lib/python3.8/site-packages:${PYTHONPATH} /usr/bin/python3 -W ignore:setup.py install is deprecated setup.py egg_info --egg-base ../../build/jetson_comm build --build-base /home/brsd/microros_ws/build/jetson_comm/build install --record /home/brsd/microros_ws/build/jetson_comm/install.log --install-scripts $base/lib/jetson_comm --single-version-externally-managed install_data
