[6.295s] Invoking command in '/home/brsd/microros_ws/src/fsm': PYTHONPATH=/home/brsd/microros_ws/build/fsm/prefix_override:/usr/lib/python3/dist-packages/colcon_core/task/python/colcon_distutils_commands:/home/brsd/microros_ws/install/fsm/lib/python3.8/site-packages:${PYTHONPATH} /usr/bin/python3 -W ignore:setup.py install is deprecated setup.py egg_info --egg-base ../../build/fsm build --build-base /home/brsd/microros_ws/build/fsm/build install --record /home/brsd/microros_ws/build/fsm/install.log --install-scripts $base/lib/fsm --single-version-externally-managed install_data
[9.805s] running egg_info
[9.813s] writing ../../build/fsm/fsm.egg-info/PKG-INFO
[9.815s] writing dependency_links to ../../build/fsm/fsm.egg-info/dependency_links.txt
[9.818s] writing entry points to ../../build/fsm/fsm.egg-info/entry_points.txt
[9.822s] writing requirements to ../../build/fsm/fsm.egg-info/requires.txt
[9.824s] writing top-level names to ../../build/fsm/fsm.egg-info/top_level.txt
[10.416s] reading manifest file '../../build/fsm/fsm.egg-info/SOURCES.txt'
[10.434s] writing manifest file '../../build/fsm/fsm.egg-info/SOURCES.txt'
[10.435s] running build
[10.437s] running build_py
[10.438s] copying fsm/brsd_fsm_node_path.py -> /home/brsd/microros_ws/build/fsm/build/lib/fsm
[10.441s] running install
[10.454s] running install_lib
[10.466s] copying /home/brsd/microros_ws/build/fsm/build/lib/fsm/brsd_fsm_node_path.py -> /home/brsd/microros_ws/install/fsm/lib/python3.8/site-packages/fsm
[10.483s] byte-compiling /home/brsd/microros_ws/install/fsm/lib/python3.8/site-packages/fsm/brsd_fsm_node_path.py to brsd_fsm_node_path.cpython-38.pyc
[10.555s] running install_data
[10.557s] running install_egg_info
[10.564s] removing '/home/brsd/microros_ws/install/fsm/lib/python3.8/site-packages/fsm-0.0.0-py3.8.egg-info' (and everything under it)
[10.584s] Copying ../../build/fsm/fsm.egg-info to /home/brsd/microros_ws/install/fsm/lib/python3.8/site-packages/fsm-0.0.0-py3.8.egg-info
[10.604s] running install_scripts
[11.011s] Installing brsd_fsm_node script to /home/brsd/microros_ws/install/fsm/lib/fsm
[11.018s] Installing brsd_fsm_node_correction script to /home/brsd/microros_ws/install/fsm/lib/fsm
[11.022s] Installing brsd_fsm_node_path script to /home/brsd/microros_ws/install/fsm/lib/fsm
[11.024s] writing list of installed files to '/home/brsd/microros_ws/build/fsm/install.log'
[12.785s] Invoked command in '/home/brsd/microros_ws/src/fsm' returned '0': PYTHONPATH=/home/brsd/microros_ws/build/fsm/prefix_override:/usr/lib/python3/dist-packages/colcon_core/task/python/colcon_distutils_commands:/home/brsd/microros_ws/install/fsm/lib/python3.8/site-packages:${PYTHONPATH} /usr/bin/python3 -W ignore:setup.py install is deprecated setup.py egg_info --egg-base ../../build/fsm build --build-base /home/brsd/microros_ws/build/fsm/build install --record /home/brsd/microros_ws/build/fsm/install.log --install-scripts $base/lib/fsm --single-version-externally-managed install_data
