[6.618s] Invoking command in '/home/brsd/microros_ws/src/fsm': PYTHONPATH=/home/brsd/microros_ws/build/fsm/prefix_override:/usr/lib/python3/dist-packages/colcon_core/task/python/colcon_distutils_commands:/home/brsd/microros_ws/install/fsm/lib/python3.8/site-packages:${PYTHONPATH} /usr/bin/python3 -W ignore:setup.py install is deprecated setup.py egg_info --egg-base ../../build/fsm build --build-base /home/brsd/microros_ws/build/fsm/build install --record /home/brsd/microros_ws/build/fsm/install.log --install-scripts $base/lib/fsm --single-version-externally-managed install_data
[8.283s] running egg_info
[8.286s] writing ../../build/fsm/fsm.egg-info/PKG-INFO
[8.289s] writing dependency_links to ../../build/fsm/fsm.egg-info/dependency_links.txt
[8.290s] writing entry points to ../../build/fsm/fsm.egg-info/entry_points.txt
[8.290s] writing requirements to ../../build/fsm/fsm.egg-info/requires.txt
[8.291s] writing top-level names to ../../build/fsm/fsm.egg-info/top_level.txt
[8.600s] reading manifest file '../../build/fsm/fsm.egg-info/SOURCES.txt'
[8.610s] writing manifest file '../../build/fsm/fsm.egg-info/SOURCES.txt'
[8.610s] running build
[8.611s] running build_py
[8.621s] copying fsm/brsd_fsm_node.py -> /home/brsd/microros_ws/build/fsm/build/lib/fsm
[8.624s] running install
[8.627s] running install_lib
[8.632s] copying /home/brsd/microros_ws/build/fsm/build/lib/fsm/brsd_fsm_node.py -> /home/brsd/microros_ws/install/fsm/lib/python3.8/site-packages/fsm
[8.635s] byte-compiling /home/brsd/microros_ws/install/fsm/lib/python3.8/site-packages/fsm/brsd_fsm_node.py to brsd_fsm_node.cpython-38.pyc
[8.649s] running install_data
[8.650s] running install_egg_info
[8.660s] removing '/home/brsd/microros_ws/install/fsm/lib/python3.8/site-packages/fsm-0.0.0-py3.8.egg-info' (and everything under it)
[8.663s] Copying ../../build/fsm/fsm.egg-info to /home/brsd/microros_ws/install/fsm/lib/python3.8/site-packages/fsm-0.0.0-py3.8.egg-info
[8.670s] running install_scripts
[8.817s] Installing brsd_fsm_node script to /home/brsd/microros_ws/install/fsm/lib/fsm
[8.820s] writing list of installed files to '/home/brsd/microros_ws/build/fsm/install.log'
[8.973s] Invoked command in '/home/brsd/microros_ws/src/fsm' returned '0': PYTHONPATH=/home/brsd/microros_ws/build/fsm/prefix_override:/usr/lib/python3/dist-packages/colcon_core/task/python/colcon_distutils_commands:/home/brsd/microros_ws/install/fsm/lib/python3.8/site-packages:${PYTHONPATH} /usr/bin/python3 -W ignore:setup.py install is deprecated setup.py egg_info --egg-base ../../build/fsm build --build-base /home/brsd/microros_ws/build/fsm/build install --record /home/brsd/microros_ws/build/fsm/install.log --install-scripts $base/lib/fsm --single-version-externally-managed install_data
