[8.380s] Invoking command in '/home/brsd/microros_ws/src/fsm': PYTHONPATH=/home/brsd/microros_ws/build/fsm/prefix_override:/usr/lib/python3/dist-packages/colcon_core/task/python/colcon_distutils_commands:/home/brsd/microros_ws/install/fsm/lib/python3.8/site-packages:${PYTHONPATH} /usr/bin/python3 -W ignore:setup.py install is deprecated setup.py egg_info --egg-base ../../build/fsm build --build-base /home/brsd/microros_ws/build/fsm/build install --record /home/brsd/microros_ws/build/fsm/install.log --install-scripts $base/lib/fsm --single-version-externally-managed install_data
[12.136s] running egg_info
[12.150s] writing ../../build/fsm/fsm.egg-info/PKG-INFO
[12.176s] writing dependency_links to ../../build/fsm/fsm.egg-info/dependency_links.txt
[12.181s] writing entry points to ../../build/fsm/fsm.egg-info/entry_points.txt
[12.190s] writing requirements to ../../build/fsm/fsm.egg-info/requires.txt
[12.191s] writing top-level names to ../../build/fsm/fsm.egg-info/top_level.txt
[12.815s] reading manifest file '../../build/fsm/fsm.egg-info/SOURCES.txt'
[12.828s] writing manifest file '../../build/fsm/fsm.egg-info/SOURCES.txt'
[12.837s] running build
[12.838s] running build_py
[12.841s] copying fsm/brsd_fsm_node_path.py -> /home/brsd/microros_ws/build/fsm/build/lib/fsm
[12.845s] running install
[12.857s] running install_lib
[12.865s] copying /home/brsd/microros_ws/build/fsm/build/lib/fsm/brsd_fsm_node_path.py -> /home/brsd/microros_ws/install/fsm/lib/python3.8/site-packages/fsm
[12.873s] byte-compiling /home/brsd/microros_ws/install/fsm/lib/python3.8/site-packages/fsm/brsd_fsm_node_path.py to brsd_fsm_node_path.cpython-38.pyc
[12.896s] running install_data
[12.897s] running install_egg_info
[12.908s] removing '/home/brsd/microros_ws/install/fsm/lib/python3.8/site-packages/fsm-0.0.0-py3.8.egg-info' (and everything under it)
[12.914s] Copying ../../build/fsm/fsm.egg-info to /home/brsd/microros_ws/install/fsm/lib/python3.8/site-packages/fsm-0.0.0-py3.8.egg-info
[12.924s] running install_scripts
[13.050s] Installing brsd_fsm_node script to /home/brsd/microros_ws/install/fsm/lib/fsm
[13.058s] Installing brsd_fsm_node_correction script to /home/brsd/microros_ws/install/fsm/lib/fsm
[13.058s] Installing brsd_fsm_node_path script to /home/brsd/microros_ws/install/fsm/lib/fsm
[13.059s] writing list of installed files to '/home/brsd/microros_ws/build/fsm/install.log'
[13.982s] Invoked command in '/home/brsd/microros_ws/src/fsm' returned '0': PYTHONPATH=/home/brsd/microros_ws/build/fsm/prefix_override:/usr/lib/python3/dist-packages/colcon_core/task/python/colcon_distutils_commands:/home/brsd/microros_ws/install/fsm/lib/python3.8/site-packages:${PYTHONPATH} /usr/bin/python3 -W ignore:setup.py install is deprecated setup.py egg_info --egg-base ../../build/fsm build --build-base /home/brsd/microros_ws/build/fsm/build install --record /home/brsd/microros_ws/build/fsm/install.log --install-scripts $base/lib/fsm --single-version-externally-managed install_data
