[7.290s] Invoking command in '/home/brsd/microros_ws/src/pathfinding': PYTHONPATH=/home/brsd/microros_ws/build/pathfinding/prefix_override:/usr/lib/python3/dist-packages/colcon_core/task/python/colcon_distutils_commands:/home/brsd/microros_ws/install/pathfinding/lib/python3.8/site-packages:${PYTHONPATH} /usr/bin/python3 -W ignore:setup.py install is deprecated setup.py egg_info --egg-base ../../build/pathfinding build --build-base /home/brsd/microros_ws/build/pathfinding/build install --record /home/brsd/microros_ws/build/pathfinding/install.log --install-scripts $base/lib/pathfinding --single-version-externally-managed install_data
[9.322s] running egg_info
[9.322s] writing ../../build/pathfinding/pathfinding.egg-info/PKG-INFO
[9.326s] writing dependency_links to ../../build/pathfinding/pathfinding.egg-info/dependency_links.txt
[9.327s] writing entry points to ../../build/pathfinding/pathfinding.egg-info/entry_points.txt
[9.330s] writing requirements to ../../build/pathfinding/pathfinding.egg-info/requires.txt
[9.331s] writing top-level names to ../../build/pathfinding/pathfinding.egg-info/top_level.txt
[9.580s] reading manifest file '../../build/pathfinding/pathfinding.egg-info/SOURCES.txt'
[9.590s] writing manifest file '../../build/pathfinding/pathfinding.egg-info/SOURCES.txt'
[9.592s] running build
[9.593s] running build_py
[9.596s] copying pathfinding/pathfinding.py -> /home/brsd/microros_ws/build/pathfinding/build/lib/pathfinding
[9.596s] running install
[9.597s] running install_lib
[9.602s] copying /home/brsd/microros_ws/build/pathfinding/build/lib/pathfinding/pathfinding.py -> /home/brsd/microros_ws/install/pathfinding/lib/python3.8/site-packages/pathfinding
[9.621s] byte-compiling /home/brsd/microros_ws/install/pathfinding/lib/python3.8/site-packages/pathfinding/pathfinding.py to pathfinding.cpython-38.pyc
[9.650s] running install_data
[9.663s] running install_egg_info
[9.671s] removing '/home/brsd/microros_ws/install/pathfinding/lib/python3.8/site-packages/pathfinding-0.0.0-py3.8.egg-info' (and everything under it)
[9.678s] Copying ../../build/pathfinding/pathfinding.egg-info to /home/brsd/microros_ws/install/pathfinding/lib/python3.8/site-packages/pathfinding-0.0.0-py3.8.egg-info
[9.693s] running install_scripts
[9.801s] Installing image_display_node script to /home/brsd/microros_ws/install/pathfinding/lib/pathfinding
[9.805s] Installing pathfinding_node script to /home/brsd/microros_ws/install/pathfinding/lib/pathfinding
[9.812s] writing list of installed files to '/home/brsd/microros_ws/build/pathfinding/install.log'
[9.983s] Invoked command in '/home/brsd/microros_ws/src/pathfinding' returned '0': PYTHONPATH=/home/brsd/microros_ws/build/pathfinding/prefix_override:/usr/lib/python3/dist-packages/colcon_core/task/python/colcon_distutils_commands:/home/brsd/microros_ws/install/pathfinding/lib/python3.8/site-packages:${PYTHONPATH} /usr/bin/python3 -W ignore:setup.py install is deprecated setup.py egg_info --egg-base ../../build/pathfinding build --build-base /home/brsd/microros_ws/build/pathfinding/build install --record /home/brsd/microros_ws/build/pathfinding/install.log --install-scripts $base/lib/pathfinding --single-version-externally-managed install_data
