[6.825s] Invoking command in '/home/brsd/microros_ws/src/fsm': PYTHONPATH=/home/brsd/microros_ws/build/fsm/prefix_override:/usr/lib/python3/dist-packages/colcon_core/task/python/colcon_distutils_commands:/home/brsd/microros_ws/install/fsm/lib/python3.8/site-packages:${PYTHONPATH} /usr/bin/python3 -W ignore:setup.py install is deprecated setup.py egg_info --egg-base ../../build/fsm build --build-base /home/brsd/microros_ws/build/fsm/build install --record /home/brsd/microros_ws/build/fsm/install.log --install-scripts $base/lib/fsm --single-version-externally-managed install_data
[9.339s] running egg_info
[9.360s] writing ../../build/fsm/fsm.egg-info/PKG-INFO
[9.364s] writing dependency_links to ../../build/fsm/fsm.egg-info/dependency_links.txt
[9.369s] writing entry points to ../../build/fsm/fsm.egg-info/entry_points.txt
[9.372s] writing requirements to ../../build/fsm/fsm.egg-info/requires.txt
[9.374s] writing top-level names to ../../build/fsm/fsm.egg-info/top_level.txt
[9.822s] reading manifest file '../../build/fsm/fsm.egg-info/SOURCES.txt'
[9.831s] writing manifest file '../../build/fsm/fsm.egg-info/SOURCES.txt'
[9.832s] running build
[9.832s] running build_py
[9.833s] copying fsm/brsd_fsm_node_correction.py -> /home/brsd/microros_ws/build/fsm/build/lib/fsm
[9.841s] running install
[9.845s] running install_lib
[9.873s] copying /home/brsd/microros_ws/build/fsm/build/lib/fsm/brsd_fsm_node_correction.py -> /home/brsd/microros_ws/install/fsm/lib/python3.8/site-packages/fsm
[9.874s] byte-compiling /home/brsd/microros_ws/install/fsm/lib/python3.8/site-packages/fsm/brsd_fsm_node_correction.py to brsd_fsm_node_correction.cpython-38.pyc
[9.907s] running install_data
[9.907s] running install_egg_info
[9.952s] removing '/home/brsd/microros_ws/install/fsm/lib/python3.8/site-packages/fsm-0.0.0-py3.8.egg-info' (and everything under it)
[9.953s] Copying ../../build/fsm/fsm.egg-info to /home/brsd/microros_ws/install/fsm/lib/python3.8/site-packages/fsm-0.0.0-py3.8.egg-info
[9.967s] running install_scripts
[10.192s] Installing brsd_fsm_node script to /home/brsd/microros_ws/install/fsm/lib/fsm
[10.199s] Installing brsd_fsm_node_correction script to /home/brsd/microros_ws/install/fsm/lib/fsm
[10.206s] Installing brsd_fsm_node_metric script to /home/brsd/microros_ws/install/fsm/lib/fsm
[10.207s] Installing brsd_fsm_node_path script to /home/brsd/microros_ws/install/fsm/lib/fsm
[10.216s] writing list of installed files to '/home/brsd/microros_ws/build/fsm/install.log'
[10.576s] Invoked command in '/home/brsd/microros_ws/src/fsm' returned '0': PYTHONPATH=/home/brsd/microros_ws/build/fsm/prefix_override:/usr/lib/python3/dist-packages/colcon_core/task/python/colcon_distutils_commands:/home/brsd/microros_ws/install/fsm/lib/python3.8/site-packages:${PYTHONPATH} /usr/bin/python3 -W ignore:setup.py install is deprecated setup.py egg_info --egg-base ../../build/fsm build --build-base /home/brsd/microros_ws/build/fsm/build install --record /home/brsd/microros_ws/build/fsm/install.log --install-scripts $base/lib/fsm --single-version-externally-managed install_data
