[12.298s] Invoking command in '/home/brsd/microros_ws/src/jetson_comm': PYTHONPATH=/home/brsd/microros_ws/build/jetson_comm/prefix_override:/usr/lib/python3/dist-packages/colcon_core/task/python/colcon_distutils_commands:/home/brsd/microros_ws/install/jetson_comm/lib/python3.8/site-packages:${PYTHONPATH} /usr/bin/python3 -W ignore:setup.py install is deprecated setup.py egg_info --egg-base ../../build/jetson_comm build --build-base /home/brsd/microros_ws/build/jetson_comm/build install --record /home/brsd/microros_ws/build/jetson_comm/install.log --install-scripts $base/lib/jetson_comm --single-version-externally-managed install_data
[16.360s] running egg_info
[16.368s] writing ../../build/jetson_comm/jetson_comm.egg-info/PKG-INFO
[16.369s] writing dependency_links to ../../build/jetson_comm/jetson_comm.egg-info/dependency_links.txt
[16.370s] writing entry points to ../../build/jetson_comm/jetson_comm.egg-info/entry_points.txt
[16.373s] writing requirements to ../../build/jetson_comm/jetson_comm.egg-info/requires.txt
[16.373s] writing top-level names to ../../build/jetson_comm/jetson_comm.egg-info/top_level.txt
[16.996s] reading manifest file '../../build/jetson_comm/jetson_comm.egg-info/SOURCES.txt'
[17.002s] writing manifest file '../../build/jetson_comm/jetson_comm.egg-info/SOURCES.txt'
[17.005s] running build
[17.011s] running build_py
[17.017s] running install
[17.023s] running install_lib
[17.044s] running install_data
[17.045s] running install_egg_info
[17.073s] removing '/home/brsd/microros_ws/install/jetson_comm/lib/python3.8/site-packages/jetson_comm-0.0.0-py3.8.egg-info' (and everything under it)
[17.075s] Copying ../../build/jetson_comm/jetson_comm.egg-info to /home/brsd/microros_ws/install/jetson_comm/lib/python3.8/site-packages/jetson_comm-0.0.0-py3.8.egg-info
[17.119s] running install_scripts
[17.601s] Installing jetson_node script to /home/brsd/microros_ws/install/jetson_comm/lib/jetson_comm
[17.601s] writing list of installed files to '/home/brsd/microros_ws/build/jetson_comm/install.log'
[17.867s] Invoked command in '/home/brsd/microros_ws/src/jetson_comm' returned '0': PYTHONPATH=/home/brsd/microros_ws/build/jetson_comm/prefix_override:/usr/lib/python3/dist-packages/colcon_core/task/python/colcon_distutils_commands:/home/brsd/microros_ws/install/jetson_comm/lib/python3.8/site-packages:${PYTHONPATH} /usr/bin/python3 -W ignore:setup.py install is deprecated setup.py egg_info --egg-base ../../build/jetson_comm build --build-base /home/brsd/microros_ws/build/jetson_comm/build install --record /home/brsd/microros_ws/build/jetson_comm/install.log --install-scripts $base/lib/jetson_comm --single-version-externally-managed install_data
