[10.075s] Invoking command in '/home/brsd/microros_ws/src/pathfinding': PYTHONPATH=/home/brsd/microros_ws/build/pathfinding/prefix_override:/usr/lib/python3/dist-packages/colcon_core/task/python/colcon_distutils_commands:/home/brsd/microros_ws/install/pathfinding/lib/python3.8/site-packages:${PYTHONPATH} /usr/bin/python3 -W ignore:setup.py install is deprecated setup.py egg_info --egg-base ../../build/pathfinding build --build-base /home/brsd/microros_ws/build/pathfinding/build install --record /home/brsd/microros_ws/build/pathfinding/install.log --install-scripts $base/lib/pathfinding --single-version-externally-managed install_data
[14.292s] running egg_info
[14.300s] writing ../../build/pathfinding/pathfinding.egg-info/PKG-INFO
[14.301s] writing dependency_links to ../../build/pathfinding/pathfinding.egg-info/dependency_links.txt
[14.302s] writing entry points to ../../build/pathfinding/pathfinding.egg-info/entry_points.txt
[14.305s] writing requirements to ../../build/pathfinding/pathfinding.egg-info/requires.txt
[14.306s] writing top-level names to ../../build/pathfinding/pathfinding.egg-info/top_level.txt
[14.904s] reading manifest file '../../build/pathfinding/pathfinding.egg-info/SOURCES.txt'
[14.918s] writing manifest file '../../build/pathfinding/pathfinding.egg-info/SOURCES.txt'
[14.921s] running build
[14.921s] running build_py
[14.923s] running install
[14.938s] running install_lib
[14.983s] running install_data
[14.984s] running install_egg_info
[15.031s] removing '/home/brsd/microros_ws/install/pathfinding/lib/python3.8/site-packages/pathfinding-0.0.0-py3.8.egg-info' (and everything under it)
[15.033s] Copying ../../build/pathfinding/pathfinding.egg-info to /home/brsd/microros_ws/install/pathfinding/lib/python3.8/site-packages/pathfinding-0.0.0-py3.8.egg-info
[15.057s] running install_scripts
[15.382s] Installing image_display_node script to /home/brsd/microros_ws/install/pathfinding/lib/pathfinding
[15.408s] Installing pathfinding_node script to /home/brsd/microros_ws/install/pathfinding/lib/pathfinding
[15.412s] writing list of installed files to '/home/brsd/microros_ws/build/pathfinding/install.log'
[15.793s] Invoked command in '/home/brsd/microros_ws/src/pathfinding' returned '0': PYTHONPATH=/home/brsd/microros_ws/build/pathfinding/prefix_override:/usr/lib/python3/dist-packages/colcon_core/task/python/colcon_distutils_commands:/home/brsd/microros_ws/install/pathfinding/lib/python3.8/site-packages:${PYTHONPATH} /usr/bin/python3 -W ignore:setup.py install is deprecated setup.py egg_info --egg-base ../../build/pathfinding build --build-base /home/brsd/microros_ws/build/pathfinding/build install --record /home/brsd/microros_ws/build/pathfinding/install.log --install-scripts $base/lib/pathfinding --single-version-externally-managed install_data
