[12.610s] Invoking command in '/home/brsd/microros_ws/src/jetson_comm': PYTHONPATH=/home/brsd/microros_ws/build/jetson_comm/prefix_override:/usr/lib/python3/dist-packages/colcon_core/task/python/colcon_distutils_commands:/home/brsd/microros_ws/install/jetson_comm/lib/python3.8/site-packages:${PYTHONPATH} /usr/bin/python3 -W ignore:setup.py install is deprecated setup.py egg_info --egg-base ../../build/jetson_comm build --build-base /home/brsd/microros_ws/build/jetson_comm/build install --record /home/brsd/microros_ws/build/jetson_comm/install.log --install-scripts $base/lib/jetson_comm --single-version-externally-managed install_data
[17.214s] running egg_info
[17.260s] writing ../../build/jetson_comm/jetson_comm.egg-info/PKG-INFO
[17.262s] writing dependency_links to ../../build/jetson_comm/jetson_comm.egg-info/dependency_links.txt
[17.262s] writing entry points to ../../build/jetson_comm/jetson_comm.egg-info/entry_points.txt
[17.264s] writing requirements to ../../build/jetson_comm/jetson_comm.egg-info/requires.txt
[17.265s] writing top-level names to ../../build/jetson_comm/jetson_comm.egg-info/top_level.txt
[18.169s] reading manifest file '../../build/jetson_comm/jetson_comm.egg-info/SOURCES.txt'
[18.190s] writing manifest file '../../build/jetson_comm/jetson_comm.egg-info/SOURCES.txt'
[18.190s] running build
[18.191s] running build_py
[18.191s] running install
[18.236s] running install_lib
[18.268s] running install_data
[18.269s] running install_egg_info
[18.310s] removing '/home/brsd/microros_ws/install/jetson_comm/lib/python3.8/site-packages/jetson_comm-0.0.0-py3.8.egg-info' (and everything under it)
[18.311s] Copying ../../build/jetson_comm/jetson_comm.egg-info to /home/brsd/microros_ws/install/jetson_comm/lib/python3.8/site-packages/jetson_comm-0.0.0-py3.8.egg-info
[18.368s] running install_scripts
[18.683s] Installing jetson_node script to /home/brsd/microros_ws/install/jetson_comm/lib/jetson_comm
[18.686s] writing list of installed files to '/home/brsd/microros_ws/build/jetson_comm/install.log'
[19.103s] Invoked command in '/home/brsd/microros_ws/src/jetson_comm' returned '0': PYTHONPATH=/home/brsd/microros_ws/build/jetson_comm/prefix_override:/usr/lib/python3/dist-packages/colcon_core/task/python/colcon_distutils_commands:/home/brsd/microros_ws/install/jetson_comm/lib/python3.8/site-packages:${PYTHONPATH} /usr/bin/python3 -W ignore:setup.py install is deprecated setup.py egg_info --egg-base ../../build/jetson_comm build --build-base /home/brsd/microros_ws/build/jetson_comm/build install --record /home/brsd/microros_ws/build/jetson_comm/install.log --install-scripts $base/lib/jetson_comm --single-version-externally-managed install_data
