[5.057s] Invoking command in '/home/brsd/microros_ws/src/pathfinding': PYTHONPATH=/home/brsd/microros_ws/build/pathfinding/prefix_override:/usr/lib/python3/dist-packages/colcon_core/task/python/colcon_distutils_commands:/home/brsd/microros_ws/install/pathfinding/lib/python3.8/site-packages:${PYTHONPATH} /usr/bin/python3 -W ignore:setup.py install is deprecated setup.py egg_info --egg-base ../../build/pathfinding build --build-base /home/brsd/microros_ws/build/pathfinding/build install --record /home/brsd/microros_ws/build/pathfinding/install.log --install-scripts $base/lib/pathfinding --single-version-externally-managed install_data
[6.800s] running egg_info
[6.804s] writing ../../build/pathfinding/pathfinding.egg-info/PKG-INFO
[6.807s] writing dependency_links to ../../build/pathfinding/pathfinding.egg-info/dependency_links.txt
[6.807s] writing entry points to ../../build/pathfinding/pathfinding.egg-info/entry_points.txt
[6.808s] writing requirements to ../../build/pathfinding/pathfinding.egg-info/requires.txt
[6.809s] writing top-level names to ../../build/pathfinding/pathfinding.egg-info/top_level.txt
[7.112s] reading manifest file '../../build/pathfinding/pathfinding.egg-info/SOURCES.txt'
[7.126s] writing manifest file '../../build/pathfinding/pathfinding.egg-info/SOURCES.txt'
[7.128s] running build
[7.128s] running build_py
[7.132s] copying pathfinding/pathfindingtrial.py -> /home/brsd/microros_ws/build/pathfinding/build/lib/pathfinding
[7.133s] running install
[7.133s] running install_lib
[7.137s] copying /home/brsd/microros_ws/build/pathfinding/build/lib/pathfinding/pathfindingtrial.py -> /home/brsd/microros_ws/install/pathfinding/lib/python3.8/site-packages/pathfinding
[7.150s] byte-compiling /home/brsd/microros_ws/install/pathfinding/lib/python3.8/site-packages/pathfinding/pathfindingtrial.py to pathfindingtrial.cpython-38.pyc
[7.187s] running install_data
[7.188s] running install_egg_info
[7.195s] removing '/home/brsd/microros_ws/install/pathfinding/lib/python3.8/site-packages/pathfinding-0.0.0-py3.8.egg-info' (and everything under it)
[7.206s] Copying ../../build/pathfinding/pathfinding.egg-info to /home/brsd/microros_ws/install/pathfinding/lib/python3.8/site-packages/pathfinding-0.0.0-py3.8.egg-info
[7.222s] running install_scripts
[7.467s] Installing image_display_node script to /home/brsd/microros_ws/install/pathfinding/lib/pathfinding
[7.478s] Installing pathfinding_node script to /home/brsd/microros_ws/install/pathfinding/lib/pathfinding
[7.481s] writing list of installed files to '/home/brsd/microros_ws/build/pathfinding/install.log'
[7.744s] Invoked command in '/home/brsd/microros_ws/src/pathfinding' returned '0': PYTHONPATH=/home/brsd/microros_ws/build/pathfinding/prefix_override:/usr/lib/python3/dist-packages/colcon_core/task/python/colcon_distutils_commands:/home/brsd/microros_ws/install/pathfinding/lib/python3.8/site-packages:${PYTHONPATH} /usr/bin/python3 -W ignore:setup.py install is deprecated setup.py egg_info --egg-base ../../build/pathfinding build --build-base /home/brsd/microros_ws/build/pathfinding/build install --record /home/brsd/microros_ws/build/pathfinding/install.log --install-scripts $base/lib/pathfinding --single-version-externally-managed install_data
