[3.577s] Invoking command in '/home/brsd/microros_ws/src/pathfinding': PYTHONPATH=/home/brsd/microros_ws/build/pathfinding/prefix_override:/usr/lib/python3/dist-packages/colcon_core/task/python/colcon_distutils_commands:/home/brsd/microros_ws/install/pathfinding/lib/python3.8/site-packages:${PYTHONPATH} /usr/bin/python3 -W ignore:setup.py install is deprecated setup.py egg_info --egg-base ../../build/pathfinding build --build-base /home/brsd/microros_ws/build/pathfinding/build install --record /home/brsd/microros_ws/build/pathfinding/install.log --install-scripts $base/lib/pathfinding --single-version-externally-managed install_data
[4.833s] running egg_info
[4.836s] writing ../../build/pathfinding/pathfinding.egg-info/PKG-INFO
[4.838s] writing dependency_links to ../../build/pathfinding/pathfinding.egg-info/dependency_links.txt
[4.839s] writing entry points to ../../build/pathfinding/pathfinding.egg-info/entry_points.txt
[4.840s] writing requirements to ../../build/pathfinding/pathfinding.egg-info/requires.txt
[4.841s] writing top-level names to ../../build/pathfinding/pathfinding.egg-info/top_level.txt
[5.029s] reading manifest file '../../build/pathfinding/pathfinding.egg-info/SOURCES.txt'
[5.034s] writing manifest file '../../build/pathfinding/pathfinding.egg-info/SOURCES.txt'
[5.035s] running build
[5.035s] running build_py
[5.037s] copying pathfinding/pathfinding.py -> /home/brsd/microros_ws/build/pathfinding/build/lib/pathfinding
[5.039s] running install
[5.046s] running install_lib
[5.050s] copying /home/brsd/microros_ws/build/pathfinding/build/lib/pathfinding/pathfinding.py -> /home/brsd/microros_ws/install/pathfinding/lib/python3.8/site-packages/pathfinding
[5.055s] byte-compiling /home/brsd/microros_ws/install/pathfinding/lib/python3.8/site-packages/pathfinding/pathfinding.py to pathfinding.cpython-38.pyc
[5.067s] running install_data
[5.069s] running install_egg_info
[5.087s] removing '/home/brsd/microros_ws/install/pathfinding/lib/python3.8/site-packages/pathfinding-0.0.0-py3.8.egg-info' (and everything under it)
[5.087s] Copying ../../build/pathfinding/pathfinding.egg-info to /home/brsd/microros_ws/install/pathfinding/lib/python3.8/site-packages/pathfinding-0.0.0-py3.8.egg-info
[5.088s] running install_scripts
[5.168s] Installing image_display_node script to /home/brsd/microros_ws/install/pathfinding/lib/pathfinding
[5.170s] Installing pathfinding_node script to /home/brsd/microros_ws/install/pathfinding/lib/pathfinding
[5.172s] writing list of installed files to '/home/brsd/microros_ws/build/pathfinding/install.log'
[5.300s] Invoked command in '/home/brsd/microros_ws/src/pathfinding' returned '0': PYTHONPATH=/home/brsd/microros_ws/build/pathfinding/prefix_override:/usr/lib/python3/dist-packages/colcon_core/task/python/colcon_distutils_commands:/home/brsd/microros_ws/install/pathfinding/lib/python3.8/site-packages:${PYTHONPATH} /usr/bin/python3 -W ignore:setup.py install is deprecated setup.py egg_info --egg-base ../../build/pathfinding build --build-base /home/brsd/microros_ws/build/pathfinding/build install --record /home/brsd/microros_ws/build/pathfinding/install.log --install-scripts $base/lib/pathfinding --single-version-externally-managed install_data
