[15.569s] Invoking command in '/home/brsd/microros_ws/src/jetson_comm': PYTHONPATH=/home/brsd/microros_ws/build/jetson_comm/prefix_override:/usr/lib/python3/dist-packages/colcon_core/task/python/colcon_distutils_commands:/home/brsd/microros_ws/install/jetson_comm/lib/python3.8/site-packages:${PYTHONPATH} /usr/bin/python3 -W ignore:setup.py install is deprecated setup.py egg_info --egg-base ../../build/jetson_comm build --build-base /home/brsd/microros_ws/build/jetson_comm/build install --record /home/brsd/microros_ws/build/jetson_comm/install.log --install-scripts $base/lib/jetson_comm --single-version-externally-managed install_data
[19.897s] running egg_info
[19.902s] writing ../../build/jetson_comm/jetson_comm.egg-info/PKG-INFO
[19.937s] writing dependency_links to ../../build/jetson_comm/jetson_comm.egg-info/dependency_links.txt
[19.940s] writing entry points to ../../build/jetson_comm/jetson_comm.egg-info/entry_points.txt
[19.944s] writing requirements to ../../build/jetson_comm/jetson_comm.egg-info/requires.txt
[19.944s] writing top-level names to ../../build/jetson_comm/jetson_comm.egg-info/top_level.txt
[20.250s] reading manifest file '../../build/jetson_comm/jetson_comm.egg-info/SOURCES.txt'
[20.257s] writing manifest file '../../build/jetson_comm/jetson_comm.egg-info/SOURCES.txt'
[20.257s] running build
[20.258s] running build_py
[20.261s] running install
[20.269s] running install_lib
[20.277s] running install_data
[20.278s] running install_egg_info
[20.320s] removing '/home/brsd/microros_ws/install/jetson_comm/lib/python3.8/site-packages/jetson_comm-0.0.0-py3.8.egg-info' (and everything under it)
[20.323s] Copying ../../build/jetson_comm/jetson_comm.egg-info to /home/brsd/microros_ws/install/jetson_comm/lib/python3.8/site-packages/jetson_comm-0.0.0-py3.8.egg-info
[20.345s] running install_scripts
[20.460s] Installing jetson_node script to /home/brsd/microros_ws/install/jetson_comm/lib/jetson_comm
[20.464s] writing list of installed files to '/home/brsd/microros_ws/build/jetson_comm/install.log'
[20.899s] Invoked command in '/home/brsd/microros_ws/src/jetson_comm' returned '0': PYTHONPATH=/home/brsd/microros_ws/build/jetson_comm/prefix_override:/usr/lib/python3/dist-packages/colcon_core/task/python/colcon_distutils_commands:/home/brsd/microros_ws/install/jetson_comm/lib/python3.8/site-packages:${PYTHONPATH} /usr/bin/python3 -W ignore:setup.py install is deprecated setup.py egg_info --egg-base ../../build/jetson_comm build --build-base /home/brsd/microros_ws/build/jetson_comm/build install --record /home/brsd/microros_ws/build/jetson_comm/install.log --install-scripts $base/lib/jetson_comm --single-version-externally-managed install_data
