[6.986s] Invoking command in '/home/brsd/microros_ws/src/person_detection': PYTHONPATH=/home/brsd/microros_ws/build/person_detection/prefix_override:/usr/lib/python3/dist-packages/colcon_core/task/python/colcon_distutils_commands:/home/brsd/microros_ws/install/person_detection/lib/python3.8/site-packages:${PYTHONPATH} /usr/bin/python3 -W ignore:setup.py install is deprecated setup.py egg_info --egg-base ../../build/person_detection build --build-base /home/brsd/microros_ws/build/person_detection/build install --record /home/brsd/microros_ws/build/person_detection/install.log --install-scripts $base/lib/person_detection --single-version-externally-managed install_data
[9.178s] running egg_info
[9.184s] writing ../../build/person_detection/person_detection.egg-info/PKG-INFO
[9.185s] writing dependency_links to ../../build/person_detection/person_detection.egg-info/dependency_links.txt
[9.186s] writing entry points to ../../build/person_detection/person_detection.egg-info/entry_points.txt
[9.186s] writing requirements to ../../build/person_detection/person_detection.egg-info/requires.txt
[9.187s] writing top-level names to ../../build/person_detection/person_detection.egg-info/top_level.txt
[9.394s] reading manifest file '../../build/person_detection/person_detection.egg-info/SOURCES.txt'
[9.401s] writing manifest file '../../build/person_detection/person_detection.egg-info/SOURCES.txt'
[9.401s] running build
[9.402s] running build_py
[9.402s] running install
[9.404s] running install_lib
[9.412s] running install_data
[9.413s] running install_egg_info
[9.423s] removing '/home/brsd/microros_ws/install/person_detection/lib/python3.8/site-packages/person_detection-0.0.0-py3.8.egg-info' (and everything under it)
[9.428s] Copying ../../build/person_detection/person_detection.egg-info to /home/brsd/microros_ws/install/person_detection/lib/python3.8/site-packages/person_detection-0.0.0-py3.8.egg-info
[9.429s] running install_scripts
[9.523s] Installing color_detector script to /home/brsd/microros_ws/install/person_detection/lib/person_detection
[9.524s] writing list of installed files to '/home/brsd/microros_ws/build/person_detection/install.log'
[9.653s] Invoked command in '/home/brsd/microros_ws/src/person_detection' returned '0': PYTHONPATH=/home/brsd/microros_ws/build/person_detection/prefix_override:/usr/lib/python3/dist-packages/colcon_core/task/python/colcon_distutils_commands:/home/brsd/microros_ws/install/person_detection/lib/python3.8/site-packages:${PYTHONPATH} /usr/bin/python3 -W ignore:setup.py install is deprecated setup.py egg_info --egg-base ../../build/person_detection build --build-base /home/brsd/microros_ws/build/person_detection/build install --record /home/brsd/microros_ws/build/person_detection/install.log --install-scripts $base/lib/person_detection --single-version-externally-managed install_data
