[5.709s] Invoking command in '/home/brsd/microros_ws/src/pathfinding': PYTHONPATH=/home/brsd/microros_ws/build/pathfinding/prefix_override:/usr/lib/python3/dist-packages/colcon_core/task/python/colcon_distutils_commands:/home/brsd/microros_ws/install/pathfinding/lib/python3.8/site-packages:${PYTHONPATH} /usr/bin/python3 -W ignore:setup.py install is deprecated setup.py egg_info --egg-base ../../build/pathfinding build --build-base /home/brsd/microros_ws/build/pathfinding/build install --record /home/brsd/microros_ws/build/pathfinding/install.log --install-scripts $base/lib/pathfinding --single-version-externally-managed install_data
[7.620s] running egg_info
[7.626s] writing ../../build/pathfinding/pathfinding.egg-info/PKG-INFO
[7.631s] writing dependency_links to ../../build/pathfinding/pathfinding.egg-info/dependency_links.txt
[7.635s] writing entry points to ../../build/pathfinding/pathfinding.egg-info/entry_points.txt
[7.644s] writing requirements to ../../build/pathfinding/pathfinding.egg-info/requires.txt
[7.647s] writing top-level names to ../../build/pathfinding/pathfinding.egg-info/top_level.txt
[7.952s] reading manifest file '../../build/pathfinding/pathfinding.egg-info/SOURCES.txt'
[7.971s] writing manifest file '../../build/pathfinding/pathfinding.egg-info/SOURCES.txt'
[7.974s] running build
[7.974s] running build_py
[7.979s] copying pathfinding/pathfinding_final.py -> /home/brsd/microros_ws/build/pathfinding/build/lib/pathfinding
[7.979s] running install
[7.983s] running install_lib
[7.991s] copying /home/brsd/microros_ws/build/pathfinding/build/lib/pathfinding/pathfinding_final.py -> /home/brsd/microros_ws/install/pathfinding/lib/python3.8/site-packages/pathfinding
[8.003s] byte-compiling /home/brsd/microros_ws/install/pathfinding/lib/python3.8/site-packages/pathfinding/pathfinding_final.py to pathfinding_final.cpython-38.pyc
[8.035s] running install_data
[8.037s] running install_egg_info
[8.043s] removing '/home/brsd/microros_ws/install/pathfinding/lib/python3.8/site-packages/pathfinding-0.0.0-py3.8.egg-info' (and everything under it)
[8.047s] Copying ../../build/pathfinding/pathfinding.egg-info to /home/brsd/microros_ws/install/pathfinding/lib/python3.8/site-packages/pathfinding-0.0.0-py3.8.egg-info
[8.053s] running install_scripts
[8.219s] Installing image_display_node script to /home/brsd/microros_ws/install/pathfinding/lib/pathfinding
[8.220s] Installing pathfinding_node script to /home/brsd/microros_ws/install/pathfinding/lib/pathfinding
[8.220s] writing list of installed files to '/home/brsd/microros_ws/build/pathfinding/install.log'
[8.454s] Invoked command in '/home/brsd/microros_ws/src/pathfinding' returned '0': PYTHONPATH=/home/brsd/microros_ws/build/pathfinding/prefix_override:/usr/lib/python3/dist-packages/colcon_core/task/python/colcon_distutils_commands:/home/brsd/microros_ws/install/pathfinding/lib/python3.8/site-packages:${PYTHONPATH} /usr/bin/python3 -W ignore:setup.py install is deprecated setup.py egg_info --egg-base ../../build/pathfinding build --build-base /home/brsd/microros_ws/build/pathfinding/build install --record /home/brsd/microros_ws/build/pathfinding/install.log --install-scripts $base/lib/pathfinding --single-version-externally-managed install_data
