[10.071s] Invoking command in '/home/brsd/microros_ws/src/pathfinding': PYTHONPATH=/home/brsd/microros_ws/build/pathfinding/prefix_override:/usr/lib/python3/dist-packages/colcon_core/task/python/colcon_distutils_commands:/home/brsd/microros_ws/install/pathfinding/lib/python3.8/site-packages:${PYTHONPATH} /usr/bin/python3 -W ignore:setup.py install is deprecated setup.py egg_info --egg-base ../../build/pathfinding build --build-base /home/brsd/microros_ws/build/pathfinding/build install --record /home/brsd/microros_ws/build/pathfinding/install.log --install-scripts $base/lib/pathfinding --single-version-externally-managed install_data
[13.211s] running egg_info
[13.219s] writing ../../build/pathfinding/pathfinding.egg-info/PKG-INFO
[13.222s] writing dependency_links to ../../build/pathfinding/pathfinding.egg-info/dependency_links.txt
[13.226s] writing entry points to ../../build/pathfinding/pathfinding.egg-info/entry_points.txt
[13.228s] writing requirements to ../../build/pathfinding/pathfinding.egg-info/requires.txt
[13.231s] writing top-level names to ../../build/pathfinding/pathfinding.egg-info/top_level.txt
[13.658s] reading manifest file '../../build/pathfinding/pathfinding.egg-info/SOURCES.txt'
[13.676s] writing manifest file '../../build/pathfinding/pathfinding.egg-info/SOURCES.txt'
[13.687s] running build
[13.688s] running build_py
[13.693s] copying pathfinding/pathfinding.py -> /home/brsd/microros_ws/build/pathfinding/build/lib/pathfinding
[13.704s] running install
[13.710s] running install_lib
[13.728s] copying /home/brsd/microros_ws/build/pathfinding/build/lib/pathfinding/pathfinding.py -> /home/brsd/microros_ws/install/pathfinding/lib/python3.8/site-packages/pathfinding
[13.744s] byte-compiling /home/brsd/microros_ws/install/pathfinding/lib/python3.8/site-packages/pathfinding/pathfinding.py to pathfinding.cpython-38.pyc
[13.797s] running install_data
[13.803s] running install_egg_info
[13.815s] removing '/home/brsd/microros_ws/install/pathfinding/lib/python3.8/site-packages/pathfinding-0.0.0-py3.8.egg-info' (and everything under it)
[13.828s] Copying ../../build/pathfinding/pathfinding.egg-info to /home/brsd/microros_ws/install/pathfinding/lib/python3.8/site-packages/pathfinding-0.0.0-py3.8.egg-info
[13.838s] running install_scripts
[14.185s] Installing image_display_node script to /home/brsd/microros_ws/install/pathfinding/lib/pathfinding
[14.201s] Installing pathfinding_node script to /home/brsd/microros_ws/install/pathfinding/lib/pathfinding
[14.203s] writing list of installed files to '/home/brsd/microros_ws/build/pathfinding/install.log'
[14.483s] Invoked command in '/home/brsd/microros_ws/src/pathfinding' returned '0': PYTHONPATH=/home/brsd/microros_ws/build/pathfinding/prefix_override:/usr/lib/python3/dist-packages/colcon_core/task/python/colcon_distutils_commands:/home/brsd/microros_ws/install/pathfinding/lib/python3.8/site-packages:${PYTHONPATH} /usr/bin/python3 -W ignore:setup.py install is deprecated setup.py egg_info --egg-base ../../build/pathfinding build --build-base /home/brsd/microros_ws/build/pathfinding/build install --record /home/brsd/microros_ws/build/pathfinding/install.log --install-scripts $base/lib/pathfinding --single-version-externally-managed install_data
