[11.255s] Invoking command in '/home/brsd/microros_ws/src/fsm': PYTHONPATH=/home/brsd/microros_ws/build/fsm/prefix_override:/usr/lib/python3/dist-packages/colcon_core/task/python/colcon_distutils_commands:/home/brsd/microros_ws/install/fsm/lib/python3.8/site-packages:${PYTHONPATH} /usr/bin/python3 -W ignore:setup.py install is deprecated setup.py egg_info --egg-base ../../build/fsm build --build-base /home/brsd/microros_ws/build/fsm/build install --record /home/brsd/microros_ws/build/fsm/install.log --install-scripts $base/lib/fsm --single-version-externally-managed install_data
[16.329s] running egg_info
[16.329s] writing ../../build/fsm/fsm.egg-info/PKG-INFO
[16.330s] writing dependency_links to ../../build/fsm/fsm.egg-info/dependency_links.txt
[16.336s] writing entry points to ../../build/fsm/fsm.egg-info/entry_points.txt
[16.337s] writing requirements to ../../build/fsm/fsm.egg-info/requires.txt
[16.337s] writing top-level names to ../../build/fsm/fsm.egg-info/top_level.txt
[16.695s] reading manifest file '../../build/fsm/fsm.egg-info/SOURCES.txt'
[16.736s] writing manifest file '../../build/fsm/fsm.egg-info/SOURCES.txt'
[16.739s] running build
[16.742s] running build_py
[16.746s] copying fsm/brsd_fsm_node_path.py -> /home/brsd/microros_ws/build/fsm/build/lib/fsm
[16.751s] running install
[16.763s] running install_lib
[16.770s] copying /home/brsd/microros_ws/build/fsm/build/lib/fsm/brsd_fsm_node_path.py -> /home/brsd/microros_ws/install/fsm/lib/python3.8/site-packages/fsm
[16.783s] byte-compiling /home/brsd/microros_ws/install/fsm/lib/python3.8/site-packages/fsm/brsd_fsm_node_path.py to brsd_fsm_node_path.cpython-38.pyc
[16.823s] running install_data
[16.823s] running install_egg_info
[16.852s] removing '/home/brsd/microros_ws/install/fsm/lib/python3.8/site-packages/fsm-0.0.0-py3.8.egg-info' (and everything under it)
[16.853s] Copying ../../build/fsm/fsm.egg-info to /home/brsd/microros_ws/install/fsm/lib/python3.8/site-packages/fsm-0.0.0-py3.8.egg-info
[16.861s] running install_scripts
[17.077s] Installing brsd_fsm_node script to /home/brsd/microros_ws/install/fsm/lib/fsm
[17.078s] Installing brsd_fsm_node_correction script to /home/brsd/microros_ws/install/fsm/lib/fsm
[17.078s] Installing brsd_fsm_node_path script to /home/brsd/microros_ws/install/fsm/lib/fsm
[17.080s] writing list of installed files to '/home/brsd/microros_ws/build/fsm/install.log'
[17.502s] Invoked command in '/home/brsd/microros_ws/src/fsm' returned '0': PYTHONPATH=/home/brsd/microros_ws/build/fsm/prefix_override:/usr/lib/python3/dist-packages/colcon_core/task/python/colcon_distutils_commands:/home/brsd/microros_ws/install/fsm/lib/python3.8/site-packages:${PYTHONPATH} /usr/bin/python3 -W ignore:setup.py install is deprecated setup.py egg_info --egg-base ../../build/fsm build --build-base /home/brsd/microros_ws/build/fsm/build install --record /home/brsd/microros_ws/build/fsm/install.log --install-scripts $base/lib/fsm --single-version-externally-managed install_data
