[7.559s] Invoking command in '/home/brsd/microros_ws/src/pathfinding': PYTHONPATH=/home/brsd/microros_ws/build/pathfinding/prefix_override:/usr/lib/python3/dist-packages/colcon_core/task/python/colcon_distutils_commands:/home/brsd/microros_ws/install/pathfinding/lib/python3.8/site-packages:${PYTHONPATH} /usr/bin/python3 -W ignore:setup.py install is deprecated setup.py egg_info --egg-base ../../build/pathfinding build --build-base /home/brsd/microros_ws/build/pathfinding/build install --record /home/brsd/microros_ws/build/pathfinding/install.log --install-scripts $base/lib/pathfinding --single-version-externally-managed install_data
[10.344s] running egg_info
[10.356s] writing ../../build/pathfinding/pathfinding.egg-info/PKG-INFO
[10.359s] writing dependency_links to ../../build/pathfinding/pathfinding.egg-info/dependency_links.txt
[10.361s] writing entry points to ../../build/pathfinding/pathfinding.egg-info/entry_points.txt
[10.362s] writing requirements to ../../build/pathfinding/pathfinding.egg-info/requires.txt
[10.363s] writing top-level names to ../../build/pathfinding/pathfinding.egg-info/top_level.txt
[10.799s] reading manifest file '../../build/pathfinding/pathfinding.egg-info/SOURCES.txt'
[10.814s] writing manifest file '../../build/pathfinding/pathfinding.egg-info/SOURCES.txt'
[10.816s] running build
[10.817s] running build_py
[10.822s] copying pathfinding/pathfinding_test.py -> /home/brsd/microros_ws/build/pathfinding/build/lib/pathfinding
[10.823s] copying pathfinding/pathfindingtrial.py -> /home/brsd/microros_ws/build/pathfinding/build/lib/pathfinding
[10.824s] copying pathfinding/wall_detection.py -> /home/brsd/microros_ws/build/pathfinding/build/lib/pathfinding
[10.827s] running install
[10.834s] running install_lib
[10.840s] copying /home/brsd/microros_ws/build/pathfinding/build/lib/pathfinding/pathfinding_test.py -> /home/brsd/microros_ws/install/pathfinding/lib/python3.8/site-packages/pathfinding
[10.845s] copying /home/brsd/microros_ws/build/pathfinding/build/lib/pathfinding/pathfindingtrial.py -> /home/brsd/microros_ws/install/pathfinding/lib/python3.8/site-packages/pathfinding
[10.854s] copying /home/brsd/microros_ws/build/pathfinding/build/lib/pathfinding/wall_detection.py -> /home/brsd/microros_ws/install/pathfinding/lib/python3.8/site-packages/pathfinding
[10.861s] byte-compiling /home/brsd/microros_ws/install/pathfinding/lib/python3.8/site-packages/pathfinding/pathfinding_test.py to pathfinding_test.cpython-38.pyc
[10.891s] byte-compiling /home/brsd/microros_ws/install/pathfinding/lib/python3.8/site-packages/pathfinding/pathfindingtrial.py to pathfindingtrial.cpython-38.pyc
[10.910s] byte-compiling /home/brsd/microros_ws/install/pathfinding/lib/python3.8/site-packages/pathfinding/wall_detection.py to wall_detection.cpython-38.pyc
[10.925s] running install_data
[10.927s] running install_egg_info
[10.944s] removing '/home/brsd/microros_ws/install/pathfinding/lib/python3.8/site-packages/pathfinding-0.0.0-py3.8.egg-info' (and everything under it)
[10.945s] Copying ../../build/pathfinding/pathfinding.egg-info to /home/brsd/microros_ws/install/pathfinding/lib/python3.8/site-packages/pathfinding-0.0.0-py3.8.egg-info
[10.955s] running install_scripts
[11.142s] Installing image_display_node script to /home/brsd/microros_ws/install/pathfinding/lib/pathfinding
[11.147s] Installing pathfinding_node script to /home/brsd/microros_ws/install/pathfinding/lib/pathfinding
[11.157s] writing list of installed files to '/home/brsd/microros_ws/build/pathfinding/install.log'
[11.419s] Invoked command in '/home/brsd/microros_ws/src/pathfinding' returned '0': PYTHONPATH=/home/brsd/microros_ws/build/pathfinding/prefix_override:/usr/lib/python3/dist-packages/colcon_core/task/python/colcon_distutils_commands:/home/brsd/microros_ws/install/pathfinding/lib/python3.8/site-packages:${PYTHONPATH} /usr/bin/python3 -W ignore:setup.py install is deprecated setup.py egg_info --egg-base ../../build/pathfinding build --build-base /home/brsd/microros_ws/build/pathfinding/build install --record /home/brsd/microros_ws/build/pathfinding/install.log --install-scripts $base/lib/pathfinding --single-version-externally-managed install_data
