[14.103s] Invoking command in '/home/brsd/microros_ws/src/joystick_input': PYTHONPATH=/home/brsd/microros_ws/build/joystick_input/prefix_override:/usr/lib/python3/dist-packages/colcon_core/task/python/colcon_distutils_commands:/home/brsd/microros_ws/install/joystick_input/lib/python3.8/site-packages:${PYTHONPATH} /usr/bin/python3 -W ignore:setup.py install is deprecated setup.py egg_info --egg-base ../../build/joystick_input build --build-base /home/brsd/microros_ws/build/joystick_input/build install --record /home/brsd/microros_ws/build/joystick_input/install.log --install-scripts $base/lib/joystick_input --single-version-externally-managed install_data
[17.322s] running egg_info
[17.327s] writing ../../build/joystick_input/joystick_input.egg-info/PKG-INFO
[17.330s] writing dependency_links to ../../build/joystick_input/joystick_input.egg-info/dependency_links.txt
[17.331s] writing entry points to ../../build/joystick_input/joystick_input.egg-info/entry_points.txt
[17.332s] writing requirements to ../../build/joystick_input/joystick_input.egg-info/requires.txt
[17.335s] writing top-level names to ../../build/joystick_input/joystick_input.egg-info/top_level.txt
[17.719s] reading manifest file '../../build/joystick_input/joystick_input.egg-info/SOURCES.txt'
[17.729s] writing manifest file '../../build/joystick_input/joystick_input.egg-info/SOURCES.txt'
[17.732s] running build
[17.732s] running build_py
[17.735s] running install
[17.737s] running install_lib
[17.789s] running install_data
[17.789s] running install_egg_info
[17.803s] removing '/home/brsd/microros_ws/install/joystick_input/lib/python3.8/site-packages/joystick_input-0.0.0-py3.8.egg-info' (and everything under it)
[17.807s] Copying ../../build/joystick_input/joystick_input.egg-info to /home/brsd/microros_ws/install/joystick_input/lib/python3.8/site-packages/joystick_input-0.0.0-py3.8.egg-info
[17.817s] running install_scripts
[18.022s] Installing joystick_node script to /home/brsd/microros_ws/install/joystick_input/lib/joystick_input
[18.025s] writing list of installed files to '/home/brsd/microros_ws/build/joystick_input/install.log'
[18.411s] Invoked command in '/home/brsd/microros_ws/src/joystick_input' returned '0': PYTHONPATH=/home/brsd/microros_ws/build/joystick_input/prefix_override:/usr/lib/python3/dist-packages/colcon_core/task/python/colcon_distutils_commands:/home/brsd/microros_ws/install/joystick_input/lib/python3.8/site-packages:${PYTHONPATH} /usr/bin/python3 -W ignore:setup.py install is deprecated setup.py egg_info --egg-base ../../build/joystick_input build --build-base /home/brsd/microros_ws/build/joystick_input/build install --record /home/brsd/microros_ws/build/joystick_input/install.log --install-scripts $base/lib/joystick_input --single-version-externally-managed install_data
