[15.617s] Invoking command in '/home/brsd/microros_ws/src/joystick_input': PYTHONPATH=/home/brsd/microros_ws/build/joystick_input/prefix_override:/usr/lib/python3/dist-packages/colcon_core/task/python/colcon_distutils_commands:/home/brsd/microros_ws/install/joystick_input/lib/python3.8/site-packages:${PYTHONPATH} /usr/bin/python3 -W ignore:setup.py install is deprecated setup.py egg_info --egg-base ../../build/joystick_input build --build-base /home/brsd/microros_ws/build/joystick_input/build install --record /home/brsd/microros_ws/build/joystick_input/install.log --install-scripts $base/lib/joystick_input --single-version-externally-managed install_data
[19.066s] running egg_info
[19.069s] writing ../../build/joystick_input/joystick_input.egg-info/PKG-INFO
[19.070s] writing dependency_links to ../../build/joystick_input/joystick_input.egg-info/dependency_links.txt
[19.071s] writing entry points to ../../build/joystick_input/joystick_input.egg-info/entry_points.txt
[19.072s] writing requirements to ../../build/joystick_input/joystick_input.egg-info/requires.txt
[19.072s] writing top-level names to ../../build/joystick_input/joystick_input.egg-info/top_level.txt
[19.537s] reading manifest file '../../build/joystick_input/joystick_input.egg-info/SOURCES.txt'
[19.566s] writing manifest file '../../build/joystick_input/joystick_input.egg-info/SOURCES.txt'
[19.566s] running build
[19.567s] running build_py
[19.567s] running install
[19.568s] running install_lib
[19.580s] running install_data
[19.591s] running install_egg_info
[19.604s] removing '/home/brsd/microros_ws/install/joystick_input/lib/python3.8/site-packages/joystick_input-0.0.0-py3.8.egg-info' (and everything under it)
[19.606s] Copying ../../build/joystick_input/joystick_input.egg-info to /home/brsd/microros_ws/install/joystick_input/lib/python3.8/site-packages/joystick_input-0.0.0-py3.8.egg-info
[19.615s] running install_scripts
[19.851s] Installing joystick_node script to /home/brsd/microros_ws/install/joystick_input/lib/joystick_input
[19.856s] writing list of installed files to '/home/brsd/microros_ws/build/joystick_input/install.log'
[20.347s] Invoked command in '/home/brsd/microros_ws/src/joystick_input' returned '0': PYTHONPATH=/home/brsd/microros_ws/build/joystick_input/prefix_override:/usr/lib/python3/dist-packages/colcon_core/task/python/colcon_distutils_commands:/home/brsd/microros_ws/install/joystick_input/lib/python3.8/site-packages:${PYTHONPATH} /usr/bin/python3 -W ignore:setup.py install is deprecated setup.py egg_info --egg-base ../../build/joystick_input build --build-base /home/brsd/microros_ws/build/joystick_input/build install --record /home/brsd/microros_ws/build/joystick_input/install.log --install-scripts $base/lib/joystick_input --single-version-externally-managed install_data
