[6.394s] Invoking command in '/home/brsd/microros_ws/src/joystick_input': PYTHONPATH=/home/brsd/microros_ws/build/joystick_input/prefix_override:/usr/lib/python3/dist-packages/colcon_core/task/python/colcon_distutils_commands:/home/brsd/microros_ws/install/joystick_input/lib/python3.8/site-packages:${PYTHONPATH} /usr/bin/python3 -W ignore:setup.py install is deprecated setup.py egg_info --egg-base ../../build/joystick_input build --build-base /home/brsd/microros_ws/build/joystick_input/build install --record /home/brsd/microros_ws/build/joystick_input/install.log --install-scripts $base/lib/joystick_input --single-version-externally-managed install_data
[8.626s] running egg_info
[8.640s] writing ../../build/joystick_input/joystick_input.egg-info/PKG-INFO
[8.646s] writing dependency_links to ../../build/joystick_input/joystick_input.egg-info/dependency_links.txt
[8.647s] writing entry points to ../../build/joystick_input/joystick_input.egg-info/entry_points.txt
[8.647s] writing requirements to ../../build/joystick_input/joystick_input.egg-info/requires.txt
[8.648s] writing top-level names to ../../build/joystick_input/joystick_input.egg-info/top_level.txt
[9.224s] reading manifest file '../../build/joystick_input/joystick_input.egg-info/SOURCES.txt'
[9.251s] writing manifest file '../../build/joystick_input/joystick_input.egg-info/SOURCES.txt'
[9.253s] running build
[9.254s] running build_py
[9.257s] running install
[9.265s] running install_lib
[9.285s] running install_data
[9.287s] running install_egg_info
[9.307s] removing '/home/brsd/microros_ws/install/joystick_input/lib/python3.8/site-packages/joystick_input-0.0.0-py3.8.egg-info' (and everything under it)
[9.313s] Copying ../../build/joystick_input/joystick_input.egg-info to /home/brsd/microros_ws/install/joystick_input/lib/python3.8/site-packages/joystick_input-0.0.0-py3.8.egg-info
[9.331s] running install_scripts
[9.544s] Installing joystick_node script to /home/brsd/microros_ws/install/joystick_input/lib/joystick_input
[9.551s] writing list of installed files to '/home/brsd/microros_ws/build/joystick_input/install.log'
[10.447s] Invoked command in '/home/brsd/microros_ws/src/joystick_input' returned '0': PYTHONPATH=/home/brsd/microros_ws/build/joystick_input/prefix_override:/usr/lib/python3/dist-packages/colcon_core/task/python/colcon_distutils_commands:/home/brsd/microros_ws/install/joystick_input/lib/python3.8/site-packages:${PYTHONPATH} /usr/bin/python3 -W ignore:setup.py install is deprecated setup.py egg_info --egg-base ../../build/joystick_input build --build-base /home/brsd/microros_ws/build/joystick_input/build install --record /home/brsd/microros_ws/build/joystick_input/install.log --install-scripts $base/lib/joystick_input --single-version-externally-managed install_data
