[4.627s] Invoking command in '/home/brsd/microros_ws/src/joystick_input': PYTHONPATH=/home/brsd/microros_ws/build/joystick_input/prefix_override:/usr/lib/python3/dist-packages/colcon_core/task/python/colcon_distutils_commands:/home/brsd/microros_ws/install/joystick_input/lib/python3.8/site-packages:${PYTHONPATH} /usr/bin/python3 -W ignore:setup.py install is deprecated setup.py egg_info --egg-base ../../build/joystick_input build --build-base /home/brsd/microros_ws/build/joystick_input/build install --record /home/brsd/microros_ws/build/joystick_input/install.log --install-scripts $base/lib/joystick_input --single-version-externally-managed install_data
[6.631s] running egg_info
[6.638s] writing ../../build/joystick_input/joystick_input.egg-info/PKG-INFO
[6.640s] writing dependency_links to ../../build/joystick_input/joystick_input.egg-info/dependency_links.txt
[6.641s] writing entry points to ../../build/joystick_input/joystick_input.egg-info/entry_points.txt
[6.645s] writing requirements to ../../build/joystick_input/joystick_input.egg-info/requires.txt
[6.652s] writing top-level names to ../../build/joystick_input/joystick_input.egg-info/top_level.txt
[7.270s] reading manifest file '../../build/joystick_input/joystick_input.egg-info/SOURCES.txt'
[7.284s] writing manifest file '../../build/joystick_input/joystick_input.egg-info/SOURCES.txt'
[7.287s] running build
[7.289s] running build_py
[7.293s] running install
[7.302s] running install_lib
[7.335s] running install_data
[7.337s] running install_egg_info
[7.353s] removing '/home/brsd/microros_ws/install/joystick_input/lib/python3.8/site-packages/joystick_input-0.0.0-py3.8.egg-info' (and everything under it)
[7.356s] Copying ../../build/joystick_input/joystick_input.egg-info to /home/brsd/microros_ws/install/joystick_input/lib/python3.8/site-packages/joystick_input-0.0.0-py3.8.egg-info
[7.371s] running install_scripts
[7.558s] Installing joystick_node script to /home/brsd/microros_ws/install/joystick_input/lib/joystick_input
[7.561s] writing list of installed files to '/home/brsd/microros_ws/build/joystick_input/install.log'
[8.350s] Invoked command in '/home/brsd/microros_ws/src/joystick_input' returned '0': PYTHONPATH=/home/brsd/microros_ws/build/joystick_input/prefix_override:/usr/lib/python3/dist-packages/colcon_core/task/python/colcon_distutils_commands:/home/brsd/microros_ws/install/joystick_input/lib/python3.8/site-packages:${PYTHONPATH} /usr/bin/python3 -W ignore:setup.py install is deprecated setup.py egg_info --egg-base ../../build/joystick_input build --build-base /home/brsd/microros_ws/build/joystick_input/build install --record /home/brsd/microros_ws/build/joystick_input/install.log --install-scripts $base/lib/joystick_input --single-version-externally-managed install_data
