[5.145s] Invoking command in '/home/brsd/microros_ws/src/jetson_comm': PYTHONPATH=/home/brsd/microros_ws/build/jetson_comm/prefix_override:/usr/lib/python3/dist-packages/colcon_core/task/python/colcon_distutils_commands:/home/brsd/microros_ws/install/jetson_comm/lib/python3.8/site-packages:${PYTHONPATH} /usr/bin/python3 -W ignore:setup.py install is deprecated setup.py egg_info --egg-base ../../build/jetson_comm build --build-base /home/brsd/microros_ws/build/jetson_comm/build install --record /home/brsd/microros_ws/build/jetson_comm/install.log --install-scripts $base/lib/jetson_comm --single-version-externally-managed install_data
[7.587s] running egg_info
[7.589s] writing ../../build/jetson_comm/jetson_comm.egg-info/PKG-INFO
[7.602s] writing dependency_links to ../../build/jetson_comm/jetson_comm.egg-info/dependency_links.txt
[7.604s] writing entry points to ../../build/jetson_comm/jetson_comm.egg-info/entry_points.txt
[7.605s] writing requirements to ../../build/jetson_comm/jetson_comm.egg-info/requires.txt
[7.605s] writing top-level names to ../../build/jetson_comm/jetson_comm.egg-info/top_level.txt
[7.968s] reading manifest file '../../build/jetson_comm/jetson_comm.egg-info/SOURCES.txt'
[7.974s] writing manifest file '../../build/jetson_comm/jetson_comm.egg-info/SOURCES.txt'
[7.986s] running build
[7.987s] running build_py
[7.989s] running install
[7.992s] running install_lib
[8.012s] running install_data
[8.013s] running install_egg_info
[8.028s] removing '/home/brsd/microros_ws/install/jetson_comm/lib/python3.8/site-packages/jetson_comm-0.0.0-py3.8.egg-info' (and everything under it)
[8.104s] Copying ../../build/jetson_comm/jetson_comm.egg-info to /home/brsd/microros_ws/install/jetson_comm/lib/python3.8/site-packages/jetson_comm-0.0.0-py3.8.egg-info
[8.104s] running install_scripts
[8.211s] Installing jetson_node script to /home/brsd/microros_ws/install/jetson_comm/lib/jetson_comm
[8.213s] writing list of installed files to '/home/brsd/microros_ws/build/jetson_comm/install.log'
[8.386s] Invoked command in '/home/brsd/microros_ws/src/jetson_comm' returned '0': PYTHONPATH=/home/brsd/microros_ws/build/jetson_comm/prefix_override:/usr/lib/python3/dist-packages/colcon_core/task/python/colcon_distutils_commands:/home/brsd/microros_ws/install/jetson_comm/lib/python3.8/site-packages:${PYTHONPATH} /usr/bin/python3 -W ignore:setup.py install is deprecated setup.py egg_info --egg-base ../../build/jetson_comm build --build-base /home/brsd/microros_ws/build/jetson_comm/build install --record /home/brsd/microros_ws/build/jetson_comm/install.log --install-scripts $base/lib/jetson_comm --single-version-externally-managed install_data
