[9.629s] Invoking command in '/home/brsd/microros_ws/src/person_detection': PYTHONPATH=/home/brsd/microros_ws/build/person_detection/prefix_override:/usr/lib/python3/dist-packages/colcon_core/task/python/colcon_distutils_commands:/home/brsd/microros_ws/install/person_detection/lib/python3.8/site-packages:${PYTHONPATH} /usr/bin/python3 -W ignore:setup.py install is deprecated setup.py egg_info --egg-base ../../build/person_detection build --build-base /home/brsd/microros_ws/build/person_detection/build install --record /home/brsd/microros_ws/build/person_detection/install.log --install-scripts $base/lib/person_detection --single-version-externally-managed install_data
[12.635s] running egg_info
[12.639s] writing ../../build/person_detection/person_detection.egg-info/PKG-INFO
[12.642s] writing dependency_links to ../../build/person_detection/person_detection.egg-info/dependency_links.txt
[12.643s] writing entry points to ../../build/person_detection/person_detection.egg-info/entry_points.txt
[12.648s] writing requirements to ../../build/person_detection/person_detection.egg-info/requires.txt
[12.649s] writing top-level names to ../../build/person_detection/person_detection.egg-info/top_level.txt
[12.948s] reading manifest file '../../build/person_detection/person_detection.egg-info/SOURCES.txt'
[12.955s] writing manifest file '../../build/person_detection/person_detection.egg-info/SOURCES.txt'
[12.956s] running build
[12.956s] running build_py
[12.957s] running install
[12.961s] running install_lib
[12.970s] running install_data
[12.971s] running install_egg_info
[12.981s] removing '/home/brsd/microros_ws/install/person_detection/lib/python3.8/site-packages/person_detection-0.0.0-py3.8.egg-info' (and everything under it)
[12.982s] Copying ../../build/person_detection/person_detection.egg-info to /home/brsd/microros_ws/install/person_detection/lib/python3.8/site-packages/person_detection-0.0.0-py3.8.egg-info
[12.989s] running install_scripts
[13.099s] Installing color_detector script to /home/brsd/microros_ws/install/person_detection/lib/person_detection
[13.103s] writing list of installed files to '/home/brsd/microros_ws/build/person_detection/install.log'
[13.254s] Invoked command in '/home/brsd/microros_ws/src/person_detection' returned '0': PYTHONPATH=/home/brsd/microros_ws/build/person_detection/prefix_override:/usr/lib/python3/dist-packages/colcon_core/task/python/colcon_distutils_commands:/home/brsd/microros_ws/install/person_detection/lib/python3.8/site-packages:${PYTHONPATH} /usr/bin/python3 -W ignore:setup.py install is deprecated setup.py egg_info --egg-base ../../build/person_detection build --build-base /home/brsd/microros_ws/build/person_detection/build install --record /home/brsd/microros_ws/build/person_detection/install.log --install-scripts $base/lib/person_detection --single-version-externally-managed install_data
