[3.942s] Invoking command in '/home/brsd/microros_ws/src/person_detection': PYTHONPATH=/home/brsd/microros_ws/build/person_detection/prefix_override:/usr/lib/python3/dist-packages/colcon_core/task/python/colcon_distutils_commands:/home/brsd/microros_ws/install/person_detection/lib/python3.8/site-packages:${PYTHONPATH} /usr/bin/python3 -W ignore:setup.py install is deprecated setup.py egg_info --egg-base ../../build/person_detection build --build-base /home/brsd/microros_ws/build/person_detection/build install --record /home/brsd/microros_ws/build/person_detection/install.log --install-scripts $base/lib/person_detection --single-version-externally-managed install_data
[5.007s] running egg_info
[5.010s] writing ../../build/person_detection/person_detection.egg-info/PKG-INFO
[5.012s] writing dependency_links to ../../build/person_detection/person_detection.egg-info/dependency_links.txt
[5.013s] writing entry points to ../../build/person_detection/person_detection.egg-info/entry_points.txt
[5.014s] writing requirements to ../../build/person_detection/person_detection.egg-info/requires.txt
[5.014s] writing top-level names to ../../build/person_detection/person_detection.egg-info/top_level.txt
[5.179s] reading manifest file '../../build/person_detection/person_detection.egg-info/SOURCES.txt'
[5.183s] writing manifest file '../../build/person_detection/person_detection.egg-info/SOURCES.txt'
[5.184s] running build
[5.184s] running build_py
[5.186s] copying person_detection/color_detection.py -> /home/brsd/microros_ws/build/person_detection/build/lib/person_detection
[5.187s] running install
[5.190s] running install_lib
[5.195s] copying /home/brsd/microros_ws/build/person_detection/build/lib/person_detection/color_detection.py -> /home/brsd/microros_ws/install/person_detection/lib/python3.8/site-packages/person_detection
[5.198s] byte-compiling /home/brsd/microros_ws/install/person_detection/lib/python3.8/site-packages/person_detection/color_detection.py to color_detection.cpython-38.pyc
[5.206s] running install_data
[5.207s] running install_egg_info
[5.216s] removing '/home/brsd/microros_ws/install/person_detection/lib/python3.8/site-packages/person_detection-0.0.0-py3.8.egg-info' (and everything under it)
[5.217s] Copying ../../build/person_detection/person_detection.egg-info to /home/brsd/microros_ws/install/person_detection/lib/python3.8/site-packages/person_detection-0.0.0-py3.8.egg-info
[5.221s] running install_scripts
[5.292s] Installing color_detector script to /home/brsd/microros_ws/install/person_detection/lib/person_detection
[5.295s] writing list of installed files to '/home/brsd/microros_ws/build/person_detection/install.log'
[5.399s] Invoked command in '/home/brsd/microros_ws/src/person_detection' returned '0': PYTHONPATH=/home/brsd/microros_ws/build/person_detection/prefix_override:/usr/lib/python3/dist-packages/colcon_core/task/python/colcon_distutils_commands:/home/brsd/microros_ws/install/person_detection/lib/python3.8/site-packages:${PYTHONPATH} /usr/bin/python3 -W ignore:setup.py install is deprecated setup.py egg_info --egg-base ../../build/person_detection build --build-base /home/brsd/microros_ws/build/person_detection/build install --record /home/brsd/microros_ws/build/person_detection/install.log --install-scripts $base/lib/person_detection --single-version-externally-managed install_data
