[8.734s] Invoking command in '/home/brsd/microros_ws/src/person_detection': PYTHONPATH=/home/brsd/microros_ws/build/person_detection/prefix_override:/usr/lib/python3/dist-packages/colcon_core/task/python/colcon_distutils_commands:/home/brsd/microros_ws/install/person_detection/lib/python3.8/site-packages:${PYTHONPATH} /usr/bin/python3 -W ignore:setup.py install is deprecated setup.py egg_info --egg-base ../../build/person_detection build --build-base /home/brsd/microros_ws/build/person_detection/build install --record /home/brsd/microros_ws/build/person_detection/install.log --install-scripts $base/lib/person_detection --single-version-externally-managed install_data
[11.208s] running egg_info
[11.216s] writing ../../build/person_detection/person_detection.egg-info/PKG-INFO
[11.219s] writing dependency_links to ../../build/person_detection/person_detection.egg-info/dependency_links.txt
[11.222s] writing entry points to ../../build/person_detection/person_detection.egg-info/entry_points.txt
[11.227s] writing requirements to ../../build/person_detection/person_detection.egg-info/requires.txt
[11.228s] writing top-level names to ../../build/person_detection/person_detection.egg-info/top_level.txt
[11.748s] reading manifest file '../../build/person_detection/person_detection.egg-info/SOURCES.txt'
[11.759s] writing manifest file '../../build/person_detection/person_detection.egg-info/SOURCES.txt'
[11.769s] running build
[11.769s] running build_py
[11.772s] running install
[11.777s] running install_lib
[11.817s] running install_data
[11.818s] running install_egg_info
[11.843s] removing '/home/brsd/microros_ws/install/person_detection/lib/python3.8/site-packages/person_detection-0.0.0-py3.8.egg-info' (and everything under it)
[11.846s] Copying ../../build/person_detection/person_detection.egg-info to /home/brsd/microros_ws/install/person_detection/lib/python3.8/site-packages/person_detection-0.0.0-py3.8.egg-info
[11.862s] running install_scripts
[11.976s] Installing color_detector script to /home/brsd/microros_ws/install/person_detection/lib/person_detection
[11.978s] writing list of installed files to '/home/brsd/microros_ws/build/person_detection/install.log'
[12.110s] Invoked command in '/home/brsd/microros_ws/src/person_detection' returned '0': PYTHONPATH=/home/brsd/microros_ws/build/person_detection/prefix_override:/usr/lib/python3/dist-packages/colcon_core/task/python/colcon_distutils_commands:/home/brsd/microros_ws/install/person_detection/lib/python3.8/site-packages:${PYTHONPATH} /usr/bin/python3 -W ignore:setup.py install is deprecated setup.py egg_info --egg-base ../../build/person_detection build --build-base /home/brsd/microros_ws/build/person_detection/build install --record /home/brsd/microros_ws/build/person_detection/install.log --install-scripts $base/lib/person_detection --single-version-externally-managed install_data
