[8.769s] Invoking command in '/home/brsd/microros_ws/src/pathfinding': PYTHONPATH=/home/brsd/microros_ws/build/pathfinding/prefix_override:/usr/lib/python3/dist-packages/colcon_core/task/python/colcon_distutils_commands:/home/brsd/microros_ws/install/pathfinding/lib/python3.8/site-packages:${PYTHONPATH} /usr/bin/python3 -W ignore:setup.py install is deprecated setup.py egg_info --egg-base ../../build/pathfinding build --build-base /home/brsd/microros_ws/build/pathfinding/build install --record /home/brsd/microros_ws/build/pathfinding/install.log --install-scripts $base/lib/pathfinding --single-version-externally-managed install_data
[11.178s] running egg_info
[11.179s] writing ../../build/pathfinding/pathfinding.egg-info/PKG-INFO
[11.181s] writing dependency_links to ../../build/pathfinding/pathfinding.egg-info/dependency_links.txt
[11.196s] writing entry points to ../../build/pathfinding/pathfinding.egg-info/entry_points.txt
[11.197s] writing requirements to ../../build/pathfinding/pathfinding.egg-info/requires.txt
[11.197s] writing top-level names to ../../build/pathfinding/pathfinding.egg-info/top_level.txt
[11.438s] reading manifest file '../../build/pathfinding/pathfinding.egg-info/SOURCES.txt'
[11.447s] writing manifest file '../../build/pathfinding/pathfinding.egg-info/SOURCES.txt'
[11.451s] running build
[11.452s] running build_py
[11.457s] running install
[11.464s] running install_lib
[11.477s] running install_data
[11.479s] running install_egg_info
[11.489s] removing '/home/brsd/microros_ws/install/pathfinding/lib/python3.8/site-packages/pathfinding-0.0.0-py3.8.egg-info' (and everything under it)
[11.493s] Copying ../../build/pathfinding/pathfinding.egg-info to /home/brsd/microros_ws/install/pathfinding/lib/python3.8/site-packages/pathfinding-0.0.0-py3.8.egg-info
[11.507s] running install_scripts
[11.724s] Installing image_display_node script to /home/brsd/microros_ws/install/pathfinding/lib/pathfinding
[11.730s] Installing pathfinding_node script to /home/brsd/microros_ws/install/pathfinding/lib/pathfinding
[11.737s] writing list of installed files to '/home/brsd/microros_ws/build/pathfinding/install.log'
[11.914s] Invoked command in '/home/brsd/microros_ws/src/pathfinding' returned '0': PYTHONPATH=/home/brsd/microros_ws/build/pathfinding/prefix_override:/usr/lib/python3/dist-packages/colcon_core/task/python/colcon_distutils_commands:/home/brsd/microros_ws/install/pathfinding/lib/python3.8/site-packages:${PYTHONPATH} /usr/bin/python3 -W ignore:setup.py install is deprecated setup.py egg_info --egg-base ../../build/pathfinding build --build-base /home/brsd/microros_ws/build/pathfinding/build install --record /home/brsd/microros_ws/build/pathfinding/install.log --install-scripts $base/lib/pathfinding --single-version-externally-managed install_data
