[5.497s] Invoking command in '/home/brsd/microros_ws/src/jetson_comm': PYTHONPATH=/home/brsd/microros_ws/build/jetson_comm/prefix_override:/usr/lib/python3/dist-packages/colcon_core/task/python/colcon_distutils_commands:/home/brsd/microros_ws/install/jetson_comm/lib/python3.8/site-packages:${PYTHONPATH} /usr/bin/python3 -W ignore:setup.py install is deprecated setup.py egg_info --egg-base ../../build/jetson_comm build --build-base /home/brsd/microros_ws/build/jetson_comm/build install --record /home/brsd/microros_ws/build/jetson_comm/install.log --install-scripts $base/lib/jetson_comm --single-version-externally-managed install_data
[7.467s] running egg_info
[7.470s] writing ../../build/jetson_comm/jetson_comm.egg-info/PKG-INFO
[7.472s] writing dependency_links to ../../build/jetson_comm/jetson_comm.egg-info/dependency_links.txt
[7.474s] writing entry points to ../../build/jetson_comm/jetson_comm.egg-info/entry_points.txt
[7.481s] writing requirements to ../../build/jetson_comm/jetson_comm.egg-info/requires.txt
[7.482s] writing top-level names to ../../build/jetson_comm/jetson_comm.egg-info/top_level.txt
[7.849s] reading manifest file '../../build/jetson_comm/jetson_comm.egg-info/SOURCES.txt'
[7.866s] writing manifest file '../../build/jetson_comm/jetson_comm.egg-info/SOURCES.txt'
[7.869s] running build
[7.874s] running build_py
[7.876s] running install
[7.877s] running install_lib
[7.888s] running install_data
[7.890s] running install_egg_info
[7.912s] removing '/home/brsd/microros_ws/install/jetson_comm/lib/python3.8/site-packages/jetson_comm-0.0.0-py3.8.egg-info' (and everything under it)
[7.921s] Copying ../../build/jetson_comm/jetson_comm.egg-info to /home/brsd/microros_ws/install/jetson_comm/lib/python3.8/site-packages/jetson_comm-0.0.0-py3.8.egg-info
[7.942s] running install_scripts
[8.095s] Installing jetson_node script to /home/brsd/microros_ws/install/jetson_comm/lib/jetson_comm
[8.098s] writing list of installed files to '/home/brsd/microros_ws/build/jetson_comm/install.log'
[8.227s] Invoked command in '/home/brsd/microros_ws/src/jetson_comm' returned '0': PYTHONPATH=/home/brsd/microros_ws/build/jetson_comm/prefix_override:/usr/lib/python3/dist-packages/colcon_core/task/python/colcon_distutils_commands:/home/brsd/microros_ws/install/jetson_comm/lib/python3.8/site-packages:${PYTHONPATH} /usr/bin/python3 -W ignore:setup.py install is deprecated setup.py egg_info --egg-base ../../build/jetson_comm build --build-base /home/brsd/microros_ws/build/jetson_comm/build install --record /home/brsd/microros_ws/build/jetson_comm/install.log --install-scripts $base/lib/jetson_comm --single-version-externally-managed install_data
