[5.662s] Invoking command in '/home/brsd/microros_ws/src/fsm': PYTHONPATH=/home/brsd/microros_ws/build/fsm/prefix_override:/usr/lib/python3/dist-packages/colcon_core/task/python/colcon_distutils_commands:/home/brsd/microros_ws/install/fsm/lib/python3.8/site-packages:${PYTHONPATH} /usr/bin/python3 -W ignore:setup.py install is deprecated setup.py egg_info --egg-base ../../build/fsm build --build-base /home/brsd/microros_ws/build/fsm/build install --record /home/brsd/microros_ws/build/fsm/install.log --install-scripts $base/lib/fsm --single-version-externally-managed install_data
[8.248s] running egg_info
[8.251s] writing ../../build/fsm/fsm.egg-info/PKG-INFO
[8.259s] writing dependency_links to ../../build/fsm/fsm.egg-info/dependency_links.txt
[8.260s] writing entry points to ../../build/fsm/fsm.egg-info/entry_points.txt
[8.261s] writing requirements to ../../build/fsm/fsm.egg-info/requires.txt
[8.262s] writing top-level names to ../../build/fsm/fsm.egg-info/top_level.txt
[8.566s] reading manifest file '../../build/fsm/fsm.egg-info/SOURCES.txt'
[8.578s] writing manifest file '../../build/fsm/fsm.egg-info/SOURCES.txt'
[8.581s] running build
[8.582s] running build_py
[8.584s] copying fsm/brsd_fsm_node.py -> /home/brsd/microros_ws/build/fsm/build/lib/fsm
[8.589s] running install
[8.593s] running install_lib
[8.602s] copying /home/brsd/microros_ws/build/fsm/build/lib/fsm/brsd_fsm_node.py -> /home/brsd/microros_ws/install/fsm/lib/python3.8/site-packages/fsm
[8.615s] byte-compiling /home/brsd/microros_ws/install/fsm/lib/python3.8/site-packages/fsm/brsd_fsm_node.py to brsd_fsm_node.cpython-38.pyc
[8.665s] running install_data
[8.668s] running install_egg_info
[8.687s] removing '/home/brsd/microros_ws/install/fsm/lib/python3.8/site-packages/fsm-0.0.0-py3.8.egg-info' (and everything under it)
[8.692s] Copying ../../build/fsm/fsm.egg-info to /home/brsd/microros_ws/install/fsm/lib/python3.8/site-packages/fsm-0.0.0-py3.8.egg-info
[8.699s] running install_scripts
[8.847s] Installing brsd_fsm_node script to /home/brsd/microros_ws/install/fsm/lib/fsm
[8.865s] writing list of installed files to '/home/brsd/microros_ws/build/fsm/install.log'
[9.214s] Invoked command in '/home/brsd/microros_ws/src/fsm' returned '0': PYTHONPATH=/home/brsd/microros_ws/build/fsm/prefix_override:/usr/lib/python3/dist-packages/colcon_core/task/python/colcon_distutils_commands:/home/brsd/microros_ws/install/fsm/lib/python3.8/site-packages:${PYTHONPATH} /usr/bin/python3 -W ignore:setup.py install is deprecated setup.py egg_info --egg-base ../../build/fsm build --build-base /home/brsd/microros_ws/build/fsm/build install --record /home/brsd/microros_ws/build/fsm/install.log --install-scripts $base/lib/fsm --single-version-externally-managed install_data
