[9.561s] Invoking command in '/home/brsd/microros_ws/src/jetson_comm': PYTHONPATH=/home/brsd/microros_ws/build/jetson_comm/prefix_override:/usr/lib/python3/dist-packages/colcon_core/task/python/colcon_distutils_commands:/home/brsd/microros_ws/install/jetson_comm/lib/python3.8/site-packages:${PYTHONPATH} /usr/bin/python3 -W ignore:setup.py install is deprecated setup.py egg_info --egg-base ../../build/jetson_comm build --build-base /home/brsd/microros_ws/build/jetson_comm/build install --record /home/brsd/microros_ws/build/jetson_comm/install.log --install-scripts $base/lib/jetson_comm --single-version-externally-managed install_data
[13.483s] running egg_info
[13.504s] writing ../../build/jetson_comm/jetson_comm.egg-info/PKG-INFO
[13.505s] writing dependency_links to ../../build/jetson_comm/jetson_comm.egg-info/dependency_links.txt
[13.506s] writing entry points to ../../build/jetson_comm/jetson_comm.egg-info/entry_points.txt
[13.506s] writing requirements to ../../build/jetson_comm/jetson_comm.egg-info/requires.txt
[13.507s] writing top-level names to ../../build/jetson_comm/jetson_comm.egg-info/top_level.txt
[14.017s] reading manifest file '../../build/jetson_comm/jetson_comm.egg-info/SOURCES.txt'
[14.029s] writing manifest file '../../build/jetson_comm/jetson_comm.egg-info/SOURCES.txt'
[14.031s] running build
[14.032s] running build_py
[14.034s] running install
[14.042s] running install_lib
[14.082s] running install_data
[14.083s] running install_egg_info
[14.094s] removing '/home/brsd/microros_ws/install/jetson_comm/lib/python3.8/site-packages/jetson_comm-0.0.0-py3.8.egg-info' (and everything under it)
[14.103s] Copying ../../build/jetson_comm/jetson_comm.egg-info to /home/brsd/microros_ws/install/jetson_comm/lib/python3.8/site-packages/jetson_comm-0.0.0-py3.8.egg-info
[14.117s] running install_scripts
[14.325s] Installing jetson_node script to /home/brsd/microros_ws/install/jetson_comm/lib/jetson_comm
[14.331s] writing list of installed files to '/home/brsd/microros_ws/build/jetson_comm/install.log'
[15.039s] Invoked command in '/home/brsd/microros_ws/src/jetson_comm' returned '0': PYTHONPATH=/home/brsd/microros_ws/build/jetson_comm/prefix_override:/usr/lib/python3/dist-packages/colcon_core/task/python/colcon_distutils_commands:/home/brsd/microros_ws/install/jetson_comm/lib/python3.8/site-packages:${PYTHONPATH} /usr/bin/python3 -W ignore:setup.py install is deprecated setup.py egg_info --egg-base ../../build/jetson_comm build --build-base /home/brsd/microros_ws/build/jetson_comm/build install --record /home/brsd/microros_ws/build/jetson_comm/install.log --install-scripts $base/lib/jetson_comm --single-version-externally-managed install_data
