[15.372s] Invoking command in '/home/brsd/microros_ws/src/person_detection': PYTHONPATH=/home/brsd/microros_ws/build/person_detection/prefix_override:/usr/lib/python3/dist-packages/colcon_core/task/python/colcon_distutils_commands:/home/brsd/microros_ws/install/person_detection/lib/python3.8/site-packages:${PYTHONPATH} /usr/bin/python3 -W ignore:setup.py install is deprecated setup.py egg_info --egg-base ../../build/person_detection build --build-base /home/brsd/microros_ws/build/person_detection/build install --record /home/brsd/microros_ws/build/person_detection/install.log --install-scripts $base/lib/person_detection --single-version-externally-managed install_data
[19.081s] running egg_info
[19.092s] writing ../../build/person_detection/person_detection.egg-info/PKG-INFO
[19.094s] writing dependency_links to ../../build/person_detection/person_detection.egg-info/dependency_links.txt
[19.095s] writing entry points to ../../build/person_detection/person_detection.egg-info/entry_points.txt
[19.096s] writing requirements to ../../build/person_detection/person_detection.egg-info/requires.txt
[19.096s] writing top-level names to ../../build/person_detection/person_detection.egg-info/top_level.txt
[19.563s] reading manifest file '../../build/person_detection/person_detection.egg-info/SOURCES.txt'
[19.585s] writing manifest file '../../build/person_detection/person_detection.egg-info/SOURCES.txt'
[19.586s] running build
[19.586s] running build_py
[19.587s] running install
[19.604s] running install_lib
[19.613s] running install_data
[19.621s] running install_egg_info
[19.641s] removing '/home/brsd/microros_ws/install/person_detection/lib/python3.8/site-packages/person_detection-0.0.0-py3.8.egg-info' (and everything under it)
[19.658s] Copying ../../build/person_detection/person_detection.egg-info to /home/brsd/microros_ws/install/person_detection/lib/python3.8/site-packages/person_detection-0.0.0-py3.8.egg-info
[19.677s] running install_scripts
[19.849s] Installing color_detector script to /home/brsd/microros_ws/install/person_detection/lib/person_detection
[19.861s] writing list of installed files to '/home/brsd/microros_ws/build/person_detection/install.log'
[20.126s] Invoked command in '/home/brsd/microros_ws/src/person_detection' returned '0': PYTHONPATH=/home/brsd/microros_ws/build/person_detection/prefix_override:/usr/lib/python3/dist-packages/colcon_core/task/python/colcon_distutils_commands:/home/brsd/microros_ws/install/person_detection/lib/python3.8/site-packages:${PYTHONPATH} /usr/bin/python3 -W ignore:setup.py install is deprecated setup.py egg_info --egg-base ../../build/person_detection build --build-base /home/brsd/microros_ws/build/person_detection/build install --record /home/brsd/microros_ws/build/person_detection/install.log --install-scripts $base/lib/person_detection --single-version-externally-managed install_data
