[0.402s] Invoking command in '/home/brsd/microros_ws/build/multisense_ros': CMAKE_PREFIX_PATH=/home/brsd/microros_ws/install/xacro:/home/brsd/microros_ws/install/multisense_msgs:/home/brsd/microros_ws/install/multisense_lib:/home/brsd/microros_ws/install/multisense_ros:/home/brsd/microros_ws/install/micro_ros_setup:/home/brsd/microros_ws/install/micro_ros_agent:/home/brsd/microros_ws/install/micro_ros_msgs:/home/brsd/microros_ws/install/drive_base_msgs:/home/brsd/microros_ws/install/person_detection:/home/brsd/microros_ws/install/pathfinding:/home/brsd/microros_ws/install/object_detection_pkg:/home/brsd/microros_ws/install/joystick_input:/home/brsd/microros_ws/install/jetson_comm:/home/brsd/microros_ws/install/fsm:/opt/ros/foxy PYTHONPATH=/home/brsd/microros_ws/install/xacro/lib/python3.8/site-packages:/home/brsd/microros_ws/install/multisense_msgs/lib/python3.8/site-packages:/home/brsd/microros_ws/install/person_detection/lib/python3.8/site-packages:/home/brsd/microros_ws/install/pathfinding/lib/python3.8/site-packages:/home/brsd/microros_ws/install/object_detection_pkg/lib/python3.8/site-packages:/home/brsd/microros_ws/install/micro_ros_msgs/lib/python3.8/site-packages:/home/brsd/microros_ws/install/joystick_input/lib/python3.8/site-packages:/home/brsd/microros_ws/install/jetson_comm/lib/python3.8/site-packages:/home/brsd/microros_ws/install/fsm/lib/python3.8/site-packages:/home/brsd/microros_ws/install/drive_base_msgs/lib/python3.8/site-packages:/opt/ros/foxy/lib/python3.8/site-packages /usr/bin/cmake --build /home/brsd/microros_ws/build/multisense_ros -- -j4 -l4
[2.074s] [ 83%] Built target multisense_ros
[3.093s] [100%] Built target ros_driver
[3.306s] Invoked command in '/home/brsd/microros_ws/build/multisense_ros' returned '0': CMAKE_PREFIX_PATH=/home/brsd/microros_ws/install/xacro:/home/brsd/microros_ws/install/multisense_msgs:/home/brsd/microros_ws/install/multisense_lib:/home/brsd/microros_ws/install/multisense_ros:/home/brsd/microros_ws/install/micro_ros_setup:/home/brsd/microros_ws/install/micro_ros_agent:/home/brsd/microros_ws/install/micro_ros_msgs:/home/brsd/microros_ws/install/drive_base_msgs:/home/brsd/microros_ws/install/person_detection:/home/brsd/microros_ws/install/pathfinding:/home/brsd/microros_ws/install/object_detection_pkg:/home/brsd/microros_ws/install/joystick_input:/home/brsd/microros_ws/install/jetson_comm:/home/brsd/microros_ws/install/fsm:/opt/ros/foxy PYTHONPATH=/home/brsd/microros_ws/install/xacro/lib/python3.8/site-packages:/home/brsd/microros_ws/install/multisense_msgs/lib/python3.8/site-packages:/home/brsd/microros_ws/install/person_detection/lib/python3.8/site-packages:/home/brsd/microros_ws/install/pathfinding/lib/python3.8/site-packages:/home/brsd/microros_ws/install/object_detection_pkg/lib/python3.8/site-packages:/home/brsd/microros_ws/install/micro_ros_msgs/lib/python3.8/site-packages:/home/brsd/microros_ws/install/joystick_input/lib/python3.8/site-packages:/home/brsd/microros_ws/install/jetson_comm/lib/python3.8/site-packages:/home/brsd/microros_ws/install/fsm/lib/python3.8/site-packages:/home/brsd/microros_ws/install/drive_base_msgs/lib/python3.8/site-packages:/opt/ros/foxy/lib/python3.8/site-packages /usr/bin/cmake --build /home/brsd/microros_ws/build/multisense_ros -- -j4 -l4
[4.764s] Invoking command in '/home/brsd/microros_ws/build/multisense_ros': CMAKE_PREFIX_PATH=/home/brsd/microros_ws/install/xacro:/home/brsd/microros_ws/install/multisense_msgs:/home/brsd/microros_ws/install/multisense_lib:/home/brsd/microros_ws/install/multisense_ros:/home/brsd/microros_ws/install/micro_ros_setup:/home/brsd/microros_ws/install/micro_ros_agent:/home/brsd/microros_ws/install/micro_ros_msgs:/home/brsd/microros_ws/install/drive_base_msgs:/home/brsd/microros_ws/install/person_detection:/home/brsd/microros_ws/install/pathfinding:/home/brsd/microros_ws/install/object_detection_pkg:/home/brsd/microros_ws/install/joystick_input:/home/brsd/microros_ws/install/jetson_comm:/home/brsd/microros_ws/install/fsm:/opt/ros/foxy PYTHONPATH=/home/brsd/microros_ws/install/xacro/lib/python3.8/site-packages:/home/brsd/microros_ws/install/multisense_msgs/lib/python3.8/site-packages:/home/brsd/microros_ws/install/person_detection/lib/python3.8/site-packages:/home/brsd/microros_ws/install/pathfinding/lib/python3.8/site-packages:/home/brsd/microros_ws/install/object_detection_pkg/lib/python3.8/site-packages:/home/brsd/microros_ws/install/micro_ros_msgs/lib/python3.8/site-packages:/home/brsd/microros_ws/install/joystick_input/lib/python3.8/site-packages:/home/brsd/microros_ws/install/jetson_comm/lib/python3.8/site-packages:/home/brsd/microros_ws/install/fsm/lib/python3.8/site-packages:/home/brsd/microros_ws/install/drive_base_msgs/lib/python3.8/site-packages:/opt/ros/foxy/lib/python3.8/site-packages /usr/bin/cmake --install /home/brsd/microros_ws/build/multisense_ros
[4.882s] -- Install configuration: "Release"
[4.883s] -- Up-to-date: /home/brsd/microros_ws/install/multisense_ros/lib/multisense_ros/ros_driver
[4.885s] -- Up-to-date: /home/brsd/microros_ws/install/multisense_ros/share/multisense_ros/launch
[4.885s] -- Up-to-date: /home/brsd/microros_ws/install/multisense_ros/share/multisense_ros/launch/multisense_launch.py
[4.886s] -- Up-to-date: /home/brsd/microros_ws/install/multisense_ros/share/multisense_ros/materials
[4.887s] -- Up-to-date: /home/brsd/microros_ws/install/multisense_ros/share/multisense_ros/materials/textures
[4.888s] -- Up-to-date: /home/brsd/microros_ws/install/multisense_ros/share/multisense_ros/materials/textures/head_diffuse.jpg
[4.888s] -- Up-to-date: /home/brsd/microros_ws/install/multisense_ros/share/multisense_ros/meshes
[4.889s] -- Up-to-date: /home/brsd/microros_ws/install/multisense_ros/share/multisense_ros/meshes/multisense_s7s.STL
[4.890s] -- Up-to-date: /home/brsd/microros_ws/install/multisense_ros/share/multisense_ros/meshes/multisense_ks21.STL
[4.891s] -- Up-to-date: /home/brsd/microros_ws/install/multisense_ros/share/multisense_ros/meshes/multisense_s30.STL
[4.898s] -- Up-to-date: /home/brsd/microros_ws/install/multisense_ros/share/multisense_ros/meshes/head.dae
[4.899s] -- Up-to-date: /home/brsd/microros_ws/install/multisense_ros/share/multisense_ros/meshes/base_link.STL
[4.900s] -- Up-to-date: /home/brsd/microros_ws/install/multisense_ros/share/multisense_ros/meshes/multisense_s21.STL
[4.900s] -- Up-to-date: /home/brsd/microros_ws/install/multisense_ros/share/multisense_ros/meshes/multisense_s7.STL
[4.903s] -- Up-to-date: /home/brsd/microros_ws/install/multisense_ros/share/multisense_ros/meshes/head_camera.dae
[4.904s] -- Up-to-date: /home/brsd/microros_ws/install/multisense_ros/share/multisense_ros/meshes/hokuyo_link.STL
[4.904s] -- Up-to-date: /home/brsd/microros_ws/install/multisense_ros/share/multisense_ros/meshes/multisense_s27.STL
[4.905s] -- Up-to-date: /home/brsd/microros_ws/install/multisense_ros/share/multisense_ros/urdf
[4.905s] -- Up-to-date: /home/brsd/microros_ws/install/multisense_ros/share/multisense_ros/urdf/S7S
[4.906s] -- Up-to-date: /home/brsd/microros_ws/install/multisense_ros/share/multisense_ros/urdf/S7S/multisenseS7S.urdf.xacro
[4.906s] -- Up-to-date: /home/brsd/microros_ws/install/multisense_ros/share/multisense_ros/urdf/S7S/standalone.urdf.xacro
[4.906s] -- Up-to-date: /home/brsd/microros_ws/install/multisense_ros/share/multisense_ros/urdf/KS21
[4.907s] -- Up-to-date: /home/brsd/microros_ws/install/multisense_ros/share/multisense_ros/urdf/KS21/standalone.urdf.xacro
[4.913s] -- Up-to-date: /home/brsd/microros_ws/install/multisense_ros/share/multisense_ros/urdf/KS21/multisenseKS21.urdf.xacro
[4.914s] -- Up-to-date: /home/brsd/microros_ws/install/multisense_ros/share/multisense_ros/urdf/SL
[4.915s] -- Up-to-date: /home/brsd/microros_ws/install/multisense_ros/share/multisense_ros/urdf/SL/multisenseSL.urdf.xacro
[4.915s] -- Up-to-date: /home/brsd/microros_ws/install/multisense_ros/share/multisense_ros/urdf/SL/standalone.urdf.xacro
[4.916s] -- Up-to-date: /home/brsd/microros_ws/install/multisense_ros/share/multisense_ros/urdf/S21
[4.917s] -- Up-to-date: /home/brsd/microros_ws/install/multisense_ros/share/multisense_ros/urdf/S21/standalone.urdf.xacro
[4.917s] -- Up-to-date: /home/brsd/microros_ws/install/multisense_ros/share/multisense_ros/urdf/S21/multisenseS21.urdf.xacro
[4.918s] -- Up-to-date: /home/brsd/microros_ws/install/multisense_ros/share/multisense_ros/urdf/S27
[4.921s] -- Up-to-date: /home/brsd/microros_ws/install/multisense_ros/share/multisense_ros/urdf/S27/multisenseS27.urdf.xacro
[4.924s] -- Up-to-date: /home/brsd/microros_ws/install/multisense_ros/share/multisense_ros/urdf/S27/standalone.urdf.xacro
[4.924s] -- Up-to-date: /home/brsd/microros_ws/install/multisense_ros/share/multisense_ros/urdf/S7
[4.925s] -- Up-to-date: /home/brsd/microros_ws/install/multisense_ros/share/multisense_ros/urdf/S7/multisenseS7.urdf.xacro
[4.925s] -- Up-to-date: /home/brsd/microros_ws/install/multisense_ros/share/multisense_ros/urdf/S7/standalone.urdf.xacro
[4.925s] -- Up-to-date: /home/brsd/microros_ws/install/multisense_ros/share/multisense_ros/urdf/S30
[4.966s] -- Up-to-date: /home/brsd/microros_ws/install/multisense_ros/share/multisense_ros/urdf/S30/multisenseS30.urdf.xacro
[4.967s] -- Up-to-date: /home/brsd/microros_ws/install/multisense_ros/share/multisense_ros/urdf/S30/standalone.urdf.xacro
[4.969s] -- Up-to-date: /home/brsd/microros_ws/install/multisense_ros/share/ament_index/resource_index/package_run_dependencies/multisense_ros
[4.969s] -- Up-to-date: /home/brsd/microros_ws/install/multisense_ros/share/ament_index/resource_index/parent_prefix_path/multisense_ros
[4.970s] -- Up-to-date: /home/brsd/microros_ws/install/multisense_ros/share/multisense_ros/environment/ament_prefix_path.sh
[4.970s] -- Up-to-date: /home/brsd/microros_ws/install/multisense_ros/share/multisense_ros/environment/ament_prefix_path.dsv
[4.970s] -- Up-to-date: /home/brsd/microros_ws/install/multisense_ros/share/multisense_ros/environment/path.sh
[4.971s] -- Up-to-date: /home/brsd/microros_ws/install/multisense_ros/share/multisense_ros/environment/path.dsv
[4.974s] -- Up-to-date: /home/brsd/microros_ws/install/multisense_ros/share/multisense_ros/local_setup.bash
[4.974s] -- Up-to-date: /home/brsd/microros_ws/install/multisense_ros/share/multisense_ros/local_setup.sh
[4.975s] -- Up-to-date: /home/brsd/microros_ws/install/multisense_ros/share/multisense_ros/local_setup.zsh
[4.975s] -- Up-to-date: /home/brsd/microros_ws/install/multisense_ros/share/multisense_ros/local_setup.dsv
[4.986s] -- Installing: /home/brsd/microros_ws/install/multisense_ros/share/multisense_ros/package.dsv
[4.987s] -- Up-to-date: /home/brsd/microros_ws/install/multisense_ros/share/ament_index/resource_index/packages/multisense_ros
[4.988s] -- Up-to-date: /home/brsd/microros_ws/install/multisense_ros/share/multisense_ros/cmake/multisense_rosConfig.cmake
[4.988s] -- Up-to-date: /home/brsd/microros_ws/install/multisense_ros/share/multisense_ros/cmake/multisense_rosConfig-version.cmake
[4.989s] -- Up-to-date: /home/brsd/microros_ws/install/multisense_ros/share/multisense_ros/package.xml
[4.989s] Invoked command in '/home/brsd/microros_ws/build/multisense_ros' returned '0': CMAKE_PREFIX_PATH=/home/brsd/microros_ws/install/xacro:/home/brsd/microros_ws/install/multisense_msgs:/home/brsd/microros_ws/install/multisense_lib:/home/brsd/microros_ws/install/multisense_ros:/home/brsd/microros_ws/install/micro_ros_setup:/home/brsd/microros_ws/install/micro_ros_agent:/home/brsd/microros_ws/install/micro_ros_msgs:/home/brsd/microros_ws/install/drive_base_msgs:/home/brsd/microros_ws/install/person_detection:/home/brsd/microros_ws/install/pathfinding:/home/brsd/microros_ws/install/object_detection_pkg:/home/brsd/microros_ws/install/joystick_input:/home/brsd/microros_ws/install/jetson_comm:/home/brsd/microros_ws/install/fsm:/opt/ros/foxy PYTHONPATH=/home/brsd/microros_ws/install/xacro/lib/python3.8/site-packages:/home/brsd/microros_ws/install/multisense_msgs/lib/python3.8/site-packages:/home/brsd/microros_ws/install/person_detection/lib/python3.8/site-packages:/home/brsd/microros_ws/install/pathfinding/lib/python3.8/site-packages:/home/brsd/microros_ws/install/object_detection_pkg/lib/python3.8/site-packages:/home/brsd/microros_ws/install/micro_ros_msgs/lib/python3.8/site-packages:/home/brsd/microros_ws/install/joystick_input/lib/python3.8/site-packages:/home/brsd/microros_ws/install/jetson_comm/lib/python3.8/site-packages:/home/brsd/microros_ws/install/fsm/lib/python3.8/site-packages:/home/brsd/microros_ws/install/drive_base_msgs/lib/python3.8/site-packages:/opt/ros/foxy/lib/python3.8/site-packages /usr/bin/cmake --install /home/brsd/microros_ws/build/multisense_ros
