[12.486s] Invoking command in '/home/brsd/microros_ws/src/jetson_comm': PYTHONPATH=/home/brsd/microros_ws/build/jetson_comm/prefix_override:/usr/lib/python3/dist-packages/colcon_core/task/python/colcon_distutils_commands:/home/brsd/microros_ws/install/jetson_comm/lib/python3.8/site-packages:${PYTHONPATH} /usr/bin/python3 -W ignore:setup.py install is deprecated setup.py egg_info --egg-base ../../build/jetson_comm build --build-base /home/brsd/microros_ws/build/jetson_comm/build install --record /home/brsd/microros_ws/build/jetson_comm/install.log --install-scripts $base/lib/jetson_comm --single-version-externally-managed install_data
[17.206s] running egg_info
[17.209s] writing ../../build/jetson_comm/jetson_comm.egg-info/PKG-INFO
[17.219s] writing dependency_links to ../../build/jetson_comm/jetson_comm.egg-info/dependency_links.txt
[17.222s] writing entry points to ../../build/jetson_comm/jetson_comm.egg-info/entry_points.txt
[17.224s] writing requirements to ../../build/jetson_comm/jetson_comm.egg-info/requires.txt
[17.227s] writing top-level names to ../../build/jetson_comm/jetson_comm.egg-info/top_level.txt
[17.667s] reading manifest file '../../build/jetson_comm/jetson_comm.egg-info/SOURCES.txt'
[17.676s] writing manifest file '../../build/jetson_comm/jetson_comm.egg-info/SOURCES.txt'
[17.677s] running build
[17.678s] running build_py
[17.681s] running install
[17.695s] running install_lib
[17.709s] running install_data
[17.718s] running install_egg_info
[17.738s] removing '/home/brsd/microros_ws/install/jetson_comm/lib/python3.8/site-packages/jetson_comm-0.0.0-py3.8.egg-info' (and everything under it)
[17.740s] Copying ../../build/jetson_comm/jetson_comm.egg-info to /home/brsd/microros_ws/install/jetson_comm/lib/python3.8/site-packages/jetson_comm-0.0.0-py3.8.egg-info
[17.745s] running install_scripts
[18.051s] Installing jetson_node script to /home/brsd/microros_ws/install/jetson_comm/lib/jetson_comm
[18.090s] writing list of installed files to '/home/brsd/microros_ws/build/jetson_comm/install.log'
[18.277s] Invoked command in '/home/brsd/microros_ws/src/jetson_comm' returned '0': PYTHONPATH=/home/brsd/microros_ws/build/jetson_comm/prefix_override:/usr/lib/python3/dist-packages/colcon_core/task/python/colcon_distutils_commands:/home/brsd/microros_ws/install/jetson_comm/lib/python3.8/site-packages:${PYTHONPATH} /usr/bin/python3 -W ignore:setup.py install is deprecated setup.py egg_info --egg-base ../../build/jetson_comm build --build-base /home/brsd/microros_ws/build/jetson_comm/build install --record /home/brsd/microros_ws/build/jetson_comm/install.log --install-scripts $base/lib/jetson_comm --single-version-externally-managed install_data
