[5.741s] Invoking command in '/home/brsd/microros_ws/src/joystick_input': PYTHONPATH=/home/brsd/microros_ws/build/joystick_input/prefix_override:/usr/lib/python3/dist-packages/colcon_core/task/python/colcon_distutils_commands:/home/brsd/microros_ws/install/joystick_input/lib/python3.8/site-packages:${PYTHONPATH} /usr/bin/python3 -W ignore:setup.py install is deprecated setup.py egg_info --egg-base ../../build/joystick_input build --build-base /home/brsd/microros_ws/build/joystick_input/build install --record /home/brsd/microros_ws/build/joystick_input/install.log --install-scripts $base/lib/joystick_input --single-version-externally-managed install_data
[9.105s] running egg_info
[9.129s] writing ../../build/joystick_input/joystick_input.egg-info/PKG-INFO
[9.131s] writing dependency_links to ../../build/joystick_input/joystick_input.egg-info/dependency_links.txt
[9.135s] writing entry points to ../../build/joystick_input/joystick_input.egg-info/entry_points.txt
[9.136s] writing requirements to ../../build/joystick_input/joystick_input.egg-info/requires.txt
[9.139s] writing top-level names to ../../build/joystick_input/joystick_input.egg-info/top_level.txt
[9.578s] reading manifest file '../../build/joystick_input/joystick_input.egg-info/SOURCES.txt'
[9.596s] writing manifest file '../../build/joystick_input/joystick_input.egg-info/SOURCES.txt'
[9.598s] running build
[9.599s] running build_py
[9.599s] running install
[9.615s] running install_lib
[9.624s] running install_data
[9.631s] running install_egg_info
[9.644s] removing '/home/brsd/microros_ws/install/joystick_input/lib/python3.8/site-packages/joystick_input-0.0.0-py3.8.egg-info' (and everything under it)
[9.655s] Copying ../../build/joystick_input/joystick_input.egg-info to /home/brsd/microros_ws/install/joystick_input/lib/python3.8/site-packages/joystick_input-0.0.0-py3.8.egg-info
[9.663s] running install_scripts
[9.929s] Installing joystick_node script to /home/brsd/microros_ws/install/joystick_input/lib/joystick_input
[9.936s] writing list of installed files to '/home/brsd/microros_ws/build/joystick_input/install.log'
[10.540s] Invoked command in '/home/brsd/microros_ws/src/joystick_input' returned '0': PYTHONPATH=/home/brsd/microros_ws/build/joystick_input/prefix_override:/usr/lib/python3/dist-packages/colcon_core/task/python/colcon_distutils_commands:/home/brsd/microros_ws/install/joystick_input/lib/python3.8/site-packages:${PYTHONPATH} /usr/bin/python3 -W ignore:setup.py install is deprecated setup.py egg_info --egg-base ../../build/joystick_input build --build-base /home/brsd/microros_ws/build/joystick_input/build install --record /home/brsd/microros_ws/build/joystick_input/install.log --install-scripts $base/lib/joystick_input --single-version-externally-managed install_data
