[8.274s] Invoking command in '/home/brsd/microros_ws/src/joystick_input': PYTHONPATH=/home/brsd/microros_ws/build/joystick_input/prefix_override:/usr/lib/python3/dist-packages/colcon_core/task/python/colcon_distutils_commands:/home/brsd/microros_ws/install/joystick_input/lib/python3.8/site-packages:${PYTHONPATH} /usr/bin/python3 -W ignore:setup.py install is deprecated setup.py egg_info --egg-base ../../build/joystick_input build --build-base /home/brsd/microros_ws/build/joystick_input/build install --record /home/brsd/microros_ws/build/joystick_input/install.log --install-scripts $base/lib/joystick_input --single-version-externally-managed install_data
[11.486s] running egg_info
[11.490s] writing ../../build/joystick_input/joystick_input.egg-info/PKG-INFO
[11.492s] writing dependency_links to ../../build/joystick_input/joystick_input.egg-info/dependency_links.txt
[11.497s] writing entry points to ../../build/joystick_input/joystick_input.egg-info/entry_points.txt
[11.498s] writing requirements to ../../build/joystick_input/joystick_input.egg-info/requires.txt
[11.502s] writing top-level names to ../../build/joystick_input/joystick_input.egg-info/top_level.txt
[11.925s] reading manifest file '../../build/joystick_input/joystick_input.egg-info/SOURCES.txt'
[11.937s] writing manifest file '../../build/joystick_input/joystick_input.egg-info/SOURCES.txt'
[11.938s] running build
[11.938s] running build_py
[11.949s] running install
[11.954s] running install_lib
[11.980s] running install_data
[11.981s] running install_egg_info
[12.005s] removing '/home/brsd/microros_ws/install/joystick_input/lib/python3.8/site-packages/joystick_input-0.0.0-py3.8.egg-info' (and everything under it)
[12.021s] Copying ../../build/joystick_input/joystick_input.egg-info to /home/brsd/microros_ws/install/joystick_input/lib/python3.8/site-packages/joystick_input-0.0.0-py3.8.egg-info
[12.042s] running install_scripts
[12.217s] Installing joystick_node script to /home/brsd/microros_ws/install/joystick_input/lib/joystick_input
[12.218s] writing list of installed files to '/home/brsd/microros_ws/build/joystick_input/install.log'
[12.692s] Invoked command in '/home/brsd/microros_ws/src/joystick_input' returned '0': PYTHONPATH=/home/brsd/microros_ws/build/joystick_input/prefix_override:/usr/lib/python3/dist-packages/colcon_core/task/python/colcon_distutils_commands:/home/brsd/microros_ws/install/joystick_input/lib/python3.8/site-packages:${PYTHONPATH} /usr/bin/python3 -W ignore:setup.py install is deprecated setup.py egg_info --egg-base ../../build/joystick_input build --build-base /home/brsd/microros_ws/build/joystick_input/build install --record /home/brsd/microros_ws/build/joystick_input/install.log --install-scripts $base/lib/joystick_input --single-version-externally-managed install_data
