[12.505s] Invoking command in '/home/brsd/microros_ws/src/jetson_comm': PYTHONPATH=/home/brsd/microros_ws/build/jetson_comm/prefix_override:/usr/lib/python3/dist-packages/colcon_core/task/python/colcon_distutils_commands:/home/brsd/microros_ws/install/jetson_comm/lib/python3.8/site-packages:${PYTHONPATH} /usr/bin/python3 -W ignore:setup.py install is deprecated setup.py egg_info --egg-base ../../build/jetson_comm build --build-base /home/brsd/microros_ws/build/jetson_comm/build install --record /home/brsd/microros_ws/build/jetson_comm/install.log --install-scripts $base/lib/jetson_comm --single-version-externally-managed install_data
[16.749s] running egg_info
[16.755s] writing ../../build/jetson_comm/jetson_comm.egg-info/PKG-INFO
[16.761s] writing dependency_links to ../../build/jetson_comm/jetson_comm.egg-info/dependency_links.txt
[16.764s] writing entry points to ../../build/jetson_comm/jetson_comm.egg-info/entry_points.txt
[16.767s] writing requirements to ../../build/jetson_comm/jetson_comm.egg-info/requires.txt
[16.770s] writing top-level names to ../../build/jetson_comm/jetson_comm.egg-info/top_level.txt
[17.283s] reading manifest file '../../build/jetson_comm/jetson_comm.egg-info/SOURCES.txt'
[17.298s] writing manifest file '../../build/jetson_comm/jetson_comm.egg-info/SOURCES.txt'
[17.300s] running build
[17.301s] running build_py
[17.311s] running install
[17.317s] running install_lib
[17.331s] running install_data
[17.333s] running install_egg_info
[17.359s] removing '/home/brsd/microros_ws/install/jetson_comm/lib/python3.8/site-packages/jetson_comm-0.0.0-py3.8.egg-info' (and everything under it)
[17.380s] Copying ../../build/jetson_comm/jetson_comm.egg-info to /home/brsd/microros_ws/install/jetson_comm/lib/python3.8/site-packages/jetson_comm-0.0.0-py3.8.egg-info
[17.395s] running install_scripts
[17.549s] Installing jetson_node script to /home/brsd/microros_ws/install/jetson_comm/lib/jetson_comm
[17.550s] writing list of installed files to '/home/brsd/microros_ws/build/jetson_comm/install.log'
[17.851s] Invoked command in '/home/brsd/microros_ws/src/jetson_comm' returned '0': PYTHONPATH=/home/brsd/microros_ws/build/jetson_comm/prefix_override:/usr/lib/python3/dist-packages/colcon_core/task/python/colcon_distutils_commands:/home/brsd/microros_ws/install/jetson_comm/lib/python3.8/site-packages:${PYTHONPATH} /usr/bin/python3 -W ignore:setup.py install is deprecated setup.py egg_info --egg-base ../../build/jetson_comm build --build-base /home/brsd/microros_ws/build/jetson_comm/build install --record /home/brsd/microros_ws/build/jetson_comm/install.log --install-scripts $base/lib/jetson_comm --single-version-externally-managed install_data
