[7.365s] Invoking command in '/home/brsd/microros_ws/src/pathfinding': PYTHONPATH=/home/brsd/microros_ws/build/pathfinding/prefix_override:/usr/lib/python3/dist-packages/colcon_core/task/python/colcon_distutils_commands:/home/brsd/microros_ws/install/pathfinding/lib/python3.8/site-packages:${PYTHONPATH} /usr/bin/python3 -W ignore:setup.py install is deprecated setup.py egg_info --egg-base ../../build/pathfinding build --build-base /home/brsd/microros_ws/build/pathfinding/build install --record /home/brsd/microros_ws/build/pathfinding/install.log --install-scripts $base/lib/pathfinding --single-version-externally-managed install_data
[9.876s] running egg_info
[9.879s] writing ../../build/pathfinding/pathfinding.egg-info/PKG-INFO
[9.884s] writing dependency_links to ../../build/pathfinding/pathfinding.egg-info/dependency_links.txt
[9.885s] writing entry points to ../../build/pathfinding/pathfinding.egg-info/entry_points.txt
[9.885s] writing requirements to ../../build/pathfinding/pathfinding.egg-info/requires.txt
[9.886s] writing top-level names to ../../build/pathfinding/pathfinding.egg-info/top_level.txt
[10.278s] reading manifest file '../../build/pathfinding/pathfinding.egg-info/SOURCES.txt'
[10.287s] writing manifest file '../../build/pathfinding/pathfinding.egg-info/SOURCES.txt'
[10.287s] running build
[10.288s] running build_py
[10.291s] running install
[10.293s] running install_lib
[10.308s] running install_data
[10.309s] running install_egg_info
[10.324s] removing '/home/brsd/microros_ws/install/pathfinding/lib/python3.8/site-packages/pathfinding-0.0.0-py3.8.egg-info' (and everything under it)
[10.327s] Copying ../../build/pathfinding/pathfinding.egg-info to /home/brsd/microros_ws/install/pathfinding/lib/python3.8/site-packages/pathfinding-0.0.0-py3.8.egg-info
[10.344s] running install_scripts
[10.463s] Installing image_display_node script to /home/brsd/microros_ws/install/pathfinding/lib/pathfinding
[10.467s] Installing pathfinding_node script to /home/brsd/microros_ws/install/pathfinding/lib/pathfinding
[10.468s] writing list of installed files to '/home/brsd/microros_ws/build/pathfinding/install.log'
[10.636s] Invoked command in '/home/brsd/microros_ws/src/pathfinding' returned '0': PYTHONPATH=/home/brsd/microros_ws/build/pathfinding/prefix_override:/usr/lib/python3/dist-packages/colcon_core/task/python/colcon_distutils_commands:/home/brsd/microros_ws/install/pathfinding/lib/python3.8/site-packages:${PYTHONPATH} /usr/bin/python3 -W ignore:setup.py install is deprecated setup.py egg_info --egg-base ../../build/pathfinding build --build-base /home/brsd/microros_ws/build/pathfinding/build install --record /home/brsd/microros_ws/build/pathfinding/install.log --install-scripts $base/lib/pathfinding --single-version-externally-managed install_data
