[7.050s] Invoking command in '/home/brsd/microros_ws/src/jetson_comm': PYTHONPATH=/home/brsd/microros_ws/build/jetson_comm/prefix_override:/usr/lib/python3/dist-packages/colcon_core/task/python/colcon_distutils_commands:/home/brsd/microros_ws/install/jetson_comm/lib/python3.8/site-packages:${PYTHONPATH} /usr/bin/python3 -W ignore:setup.py install is deprecated setup.py egg_info --egg-base ../../build/jetson_comm build --build-base /home/brsd/microros_ws/build/jetson_comm/build install --record /home/brsd/microros_ws/build/jetson_comm/install.log --install-scripts $base/lib/jetson_comm --single-version-externally-managed install_data
[10.059s] running egg_info
[10.064s] writing ../../build/jetson_comm/jetson_comm.egg-info/PKG-INFO
[10.077s] writing dependency_links to ../../build/jetson_comm/jetson_comm.egg-info/dependency_links.txt
[10.080s] writing entry points to ../../build/jetson_comm/jetson_comm.egg-info/entry_points.txt
[10.088s] writing requirements to ../../build/jetson_comm/jetson_comm.egg-info/requires.txt
[10.092s] writing top-level names to ../../build/jetson_comm/jetson_comm.egg-info/top_level.txt
[10.570s] reading manifest file '../../build/jetson_comm/jetson_comm.egg-info/SOURCES.txt'
[10.576s] writing manifest file '../../build/jetson_comm/jetson_comm.egg-info/SOURCES.txt'
[10.577s] running build
[10.578s] running build_py
[10.579s] running install
[10.587s] running install_lib
[10.593s] running install_data
[10.594s] running install_egg_info
[10.605s] removing '/home/brsd/microros_ws/install/jetson_comm/lib/python3.8/site-packages/jetson_comm-0.0.0-py3.8.egg-info' (and everything under it)
[10.612s] Copying ../../build/jetson_comm/jetson_comm.egg-info to /home/brsd/microros_ws/install/jetson_comm/lib/python3.8/site-packages/jetson_comm-0.0.0-py3.8.egg-info
[10.613s] running install_scripts
[10.743s] Installing jetson_node script to /home/brsd/microros_ws/install/jetson_comm/lib/jetson_comm
[10.744s] writing list of installed files to '/home/brsd/microros_ws/build/jetson_comm/install.log'
[11.042s] Invoked command in '/home/brsd/microros_ws/src/jetson_comm' returned '0': PYTHONPATH=/home/brsd/microros_ws/build/jetson_comm/prefix_override:/usr/lib/python3/dist-packages/colcon_core/task/python/colcon_distutils_commands:/home/brsd/microros_ws/install/jetson_comm/lib/python3.8/site-packages:${PYTHONPATH} /usr/bin/python3 -W ignore:setup.py install is deprecated setup.py egg_info --egg-base ../../build/jetson_comm build --build-base /home/brsd/microros_ws/build/jetson_comm/build install --record /home/brsd/microros_ws/build/jetson_comm/install.log --install-scripts $base/lib/jetson_comm --single-version-externally-managed install_data
