[3.821s] Invoking command in '/home/brsd/microros_ws/src/fsm': PYTHONPATH=/home/brsd/microros_ws/build/fsm/prefix_override:/usr/lib/python3/dist-packages/colcon_core/task/python/colcon_distutils_commands:/home/brsd/microros_ws/install/fsm/lib/python3.8/site-packages:${PYTHONPATH} /usr/bin/python3 -W ignore:setup.py install is deprecated setup.py egg_info --egg-base ../../build/fsm build --build-base /home/brsd/microros_ws/build/fsm/build install --record /home/brsd/microros_ws/build/fsm/install.log --install-scripts $base/lib/fsm --single-version-externally-managed install_data
[4.964s] running egg_info
[4.969s] writing ../../build/fsm/fsm.egg-info/PKG-INFO
[4.971s] writing dependency_links to ../../build/fsm/fsm.egg-info/dependency_links.txt
[4.972s] writing entry points to ../../build/fsm/fsm.egg-info/entry_points.txt
[4.973s] writing requirements to ../../build/fsm/fsm.egg-info/requires.txt
[4.973s] writing top-level names to ../../build/fsm/fsm.egg-info/top_level.txt
[5.161s] reading manifest file '../../build/fsm/fsm.egg-info/SOURCES.txt'
[5.169s] writing manifest file '../../build/fsm/fsm.egg-info/SOURCES.txt'
[5.171s] running build
[5.172s] running build_py
[5.172s] running install
[5.176s] running install_lib
[5.189s] running install_data
[5.201s] running install_egg_info
[5.201s] removing '/home/brsd/microros_ws/install/fsm/lib/python3.8/site-packages/fsm-0.0.0-py3.8.egg-info' (and everything under it)
[5.202s] Copying ../../build/fsm/fsm.egg-info to /home/brsd/microros_ws/install/fsm/lib/python3.8/site-packages/fsm-0.0.0-py3.8.egg-info
[5.206s] running install_scripts
[5.296s] Installing brsd_fsm_node script to /home/brsd/microros_ws/install/fsm/lib/fsm
[5.297s] writing list of installed files to '/home/brsd/microros_ws/build/fsm/install.log'
[5.422s] Invoked command in '/home/brsd/microros_ws/src/fsm' returned '0': PYTHONPATH=/home/brsd/microros_ws/build/fsm/prefix_override:/usr/lib/python3/dist-packages/colcon_core/task/python/colcon_distutils_commands:/home/brsd/microros_ws/install/fsm/lib/python3.8/site-packages:${PYTHONPATH} /usr/bin/python3 -W ignore:setup.py install is deprecated setup.py egg_info --egg-base ../../build/fsm build --build-base /home/brsd/microros_ws/build/fsm/build install --record /home/brsd/microros_ws/build/fsm/install.log --install-scripts $base/lib/fsm --single-version-externally-managed install_data
