[6.963s] Invoking command in '/home/brsd/microros_ws/src/joystick_input': PYTHONPATH=/home/brsd/microros_ws/build/joystick_input/prefix_override:/usr/lib/python3/dist-packages/colcon_core/task/python/colcon_distutils_commands:/home/brsd/microros_ws/install/joystick_input/lib/python3.8/site-packages:${PYTHONPATH} /usr/bin/python3 -W ignore:setup.py install is deprecated setup.py egg_info --egg-base ../../build/joystick_input build --build-base /home/brsd/microros_ws/build/joystick_input/build install --record /home/brsd/microros_ws/build/joystick_input/install.log --install-scripts $base/lib/joystick_input --single-version-externally-managed install_data
[10.381s] running egg_info
[10.389s] writing ../../build/joystick_input/joystick_input.egg-info/PKG-INFO
[10.401s] writing dependency_links to ../../build/joystick_input/joystick_input.egg-info/dependency_links.txt
[10.403s] writing entry points to ../../build/joystick_input/joystick_input.egg-info/entry_points.txt
[10.404s] writing requirements to ../../build/joystick_input/joystick_input.egg-info/requires.txt
[10.405s] writing top-level names to ../../build/joystick_input/joystick_input.egg-info/top_level.txt
[10.795s] reading manifest file '../../build/joystick_input/joystick_input.egg-info/SOURCES.txt'
[10.807s] writing manifest file '../../build/joystick_input/joystick_input.egg-info/SOURCES.txt'
[10.811s] running build
[10.812s] running build_py
[10.815s] running install
[10.829s] running install_lib
[10.861s] running install_data
[10.862s] running install_egg_info
[10.885s] removing '/home/brsd/microros_ws/install/joystick_input/lib/python3.8/site-packages/joystick_input-0.0.0-py3.8.egg-info' (and everything under it)
[10.901s] Copying ../../build/joystick_input/joystick_input.egg-info to /home/brsd/microros_ws/install/joystick_input/lib/python3.8/site-packages/joystick_input-0.0.0-py3.8.egg-info
[10.906s] running install_scripts
[11.115s] Installing joystick_node script to /home/brsd/microros_ws/install/joystick_input/lib/joystick_input
[11.117s] writing list of installed files to '/home/brsd/microros_ws/build/joystick_input/install.log'
[11.386s] Invoked command in '/home/brsd/microros_ws/src/joystick_input' returned '0': PYTHONPATH=/home/brsd/microros_ws/build/joystick_input/prefix_override:/usr/lib/python3/dist-packages/colcon_core/task/python/colcon_distutils_commands:/home/brsd/microros_ws/install/joystick_input/lib/python3.8/site-packages:${PYTHONPATH} /usr/bin/python3 -W ignore:setup.py install is deprecated setup.py egg_info --egg-base ../../build/joystick_input build --build-base /home/brsd/microros_ws/build/joystick_input/build install --record /home/brsd/microros_ws/build/joystick_input/install.log --install-scripts $base/lib/joystick_input --single-version-externally-managed install_data
