[6.232s] Invoking command in '/home/brsd/microros_ws/src/pathfinding': PYTHONPATH=/home/brsd/microros_ws/build/pathfinding/prefix_override:/usr/lib/python3/dist-packages/colcon_core/task/python/colcon_distutils_commands:/home/brsd/microros_ws/install/pathfinding/lib/python3.8/site-packages:${PYTHONPATH} /usr/bin/python3 -W ignore:setup.py install is deprecated setup.py egg_info --egg-base ../../build/pathfinding build --build-base /home/brsd/microros_ws/build/pathfinding/build install --record /home/brsd/microros_ws/build/pathfinding/install.log --install-scripts $base/lib/pathfinding --single-version-externally-managed install_data
[7.715s] running egg_info
[7.720s] writing ../../build/pathfinding/pathfinding.egg-info/PKG-INFO
[7.723s] writing dependency_links to ../../build/pathfinding/pathfinding.egg-info/dependency_links.txt
[7.726s] writing entry points to ../../build/pathfinding/pathfinding.egg-info/entry_points.txt
[7.729s] writing requirements to ../../build/pathfinding/pathfinding.egg-info/requires.txt
[7.731s] writing top-level names to ../../build/pathfinding/pathfinding.egg-info/top_level.txt
[7.968s] reading manifest file '../../build/pathfinding/pathfinding.egg-info/SOURCES.txt'
[7.977s] writing manifest file '../../build/pathfinding/pathfinding.egg-info/SOURCES.txt'
[7.981s] running build
[7.982s] running build_py
[7.986s] running install
[7.991s] running install_lib
[8.001s] running install_data
[8.002s] running install_egg_info
[8.012s] removing '/home/brsd/microros_ws/install/pathfinding/lib/python3.8/site-packages/pathfinding-0.0.0-py3.8.egg-info' (and everything under it)
[8.013s] Copying ../../build/pathfinding/pathfinding.egg-info to /home/brsd/microros_ws/install/pathfinding/lib/python3.8/site-packages/pathfinding-0.0.0-py3.8.egg-info
[8.026s] running install_scripts
[8.130s] Installing image_display_node script to /home/brsd/microros_ws/install/pathfinding/lib/pathfinding
[8.135s] Installing pathfinding_node script to /home/brsd/microros_ws/install/pathfinding/lib/pathfinding
[8.135s] writing list of installed files to '/home/brsd/microros_ws/build/pathfinding/install.log'
[8.261s] Invoked command in '/home/brsd/microros_ws/src/pathfinding' returned '0': PYTHONPATH=/home/brsd/microros_ws/build/pathfinding/prefix_override:/usr/lib/python3/dist-packages/colcon_core/task/python/colcon_distutils_commands:/home/brsd/microros_ws/install/pathfinding/lib/python3.8/site-packages:${PYTHONPATH} /usr/bin/python3 -W ignore:setup.py install is deprecated setup.py egg_info --egg-base ../../build/pathfinding build --build-base /home/brsd/microros_ws/build/pathfinding/build install --record /home/brsd/microros_ws/build/pathfinding/install.log --install-scripts $base/lib/pathfinding --single-version-externally-managed install_data
