[4.772s] Invoking command in '/home/brsd/microros_ws/src/fsm': PYTHONPATH=/home/brsd/microros_ws/build/fsm/prefix_override:/usr/lib/python3/dist-packages/colcon_core/task/python/colcon_distutils_commands:/home/brsd/microros_ws/install/fsm/lib/python3.8/site-packages:${PYTHONPATH} /usr/bin/python3 -W ignore:setup.py install is deprecated setup.py egg_info --egg-base ../../build/fsm build --build-base /home/brsd/microros_ws/build/fsm/build install --record /home/brsd/microros_ws/build/fsm/install.log --install-scripts $base/lib/fsm --single-version-externally-managed install_data
[7.530s] running egg_info
[7.538s] writing ../../build/fsm/fsm.egg-info/PKG-INFO
[7.542s] writing dependency_links to ../../build/fsm/fsm.egg-info/dependency_links.txt
[7.543s] writing entry points to ../../build/fsm/fsm.egg-info/entry_points.txt
[7.547s] writing requirements to ../../build/fsm/fsm.egg-info/requires.txt
[7.547s] writing top-level names to ../../build/fsm/fsm.egg-info/top_level.txt
[7.809s] reading manifest file '../../build/fsm/fsm.egg-info/SOURCES.txt'
[7.818s] writing manifest file '../../build/fsm/fsm.egg-info/SOURCES.txt'
[7.821s] running build
[7.823s] running build_py
[7.823s] running install
[7.825s] running install_lib
[7.834s] running install_data
[7.835s] running install_egg_info
[7.848s] removing '/home/brsd/microros_ws/install/fsm/lib/python3.8/site-packages/fsm-0.0.0-py3.8.egg-info' (and everything under it)
[7.850s] Copying ../../build/fsm/fsm.egg-info to /home/brsd/microros_ws/install/fsm/lib/python3.8/site-packages/fsm-0.0.0-py3.8.egg-info
[7.856s] running install_scripts
[8.003s] Installing brsd_fsm_node script to /home/brsd/microros_ws/install/fsm/lib/fsm
[8.003s] Installing brsd_fsm_node_correction script to /home/brsd/microros_ws/install/fsm/lib/fsm
[8.004s] Installing brsd_fsm_node_path script to /home/brsd/microros_ws/install/fsm/lib/fsm
[8.005s] writing list of installed files to '/home/brsd/microros_ws/build/fsm/install.log'
[8.153s] Invoked command in '/home/brsd/microros_ws/src/fsm' returned '0': PYTHONPATH=/home/brsd/microros_ws/build/fsm/prefix_override:/usr/lib/python3/dist-packages/colcon_core/task/python/colcon_distutils_commands:/home/brsd/microros_ws/install/fsm/lib/python3.8/site-packages:${PYTHONPATH} /usr/bin/python3 -W ignore:setup.py install is deprecated setup.py egg_info --egg-base ../../build/fsm build --build-base /home/brsd/microros_ws/build/fsm/build install --record /home/brsd/microros_ws/build/fsm/install.log --install-scripts $base/lib/fsm --single-version-externally-managed install_data
