[3.697s] Invoking command in '/home/brsd/microros_ws/src/joystick_input': PYTHONPATH=/home/brsd/microros_ws/build/joystick_input/prefix_override:/usr/lib/python3/dist-packages/colcon_core/task/python/colcon_distutils_commands:/home/brsd/microros_ws/install/joystick_input/lib/python3.8/site-packages:${PYTHONPATH} /usr/bin/python3 -W ignore:setup.py install is deprecated setup.py egg_info --egg-base ../../build/joystick_input build --build-base /home/brsd/microros_ws/build/joystick_input/build install --record /home/brsd/microros_ws/build/joystick_input/install.log --install-scripts $base/lib/joystick_input --single-version-externally-managed install_data
[4.957s] running egg_info
[4.960s] writing ../../build/joystick_input/joystick_input.egg-info/PKG-INFO
[4.961s] writing dependency_links to ../../build/joystick_input/joystick_input.egg-info/dependency_links.txt
[4.961s] writing entry points to ../../build/joystick_input/joystick_input.egg-info/entry_points.txt
[4.962s] writing requirements to ../../build/joystick_input/joystick_input.egg-info/requires.txt
[4.963s] writing top-level names to ../../build/joystick_input/joystick_input.egg-info/top_level.txt
[5.145s] reading manifest file '../../build/joystick_input/joystick_input.egg-info/SOURCES.txt'
[5.153s] writing manifest file '../../build/joystick_input/joystick_input.egg-info/SOURCES.txt'
[5.153s] running build
[5.154s] running build_py
[5.154s] running install
[5.156s] running install_lib
[5.166s] running install_data
[5.167s] running install_egg_info
[5.175s] removing '/home/brsd/microros_ws/install/joystick_input/lib/python3.8/site-packages/joystick_input-0.0.0-py3.8.egg-info' (and everything under it)
[5.180s] Copying ../../build/joystick_input/joystick_input.egg-info to /home/brsd/microros_ws/install/joystick_input/lib/python3.8/site-packages/joystick_input-0.0.0-py3.8.egg-info
[5.186s] running install_scripts
[5.263s] Installing joystick_node script to /home/brsd/microros_ws/install/joystick_input/lib/joystick_input
[5.266s] writing list of installed files to '/home/brsd/microros_ws/build/joystick_input/install.log'
[6.406s] Invoked command in '/home/brsd/microros_ws/src/joystick_input' returned '0': PYTHONPATH=/home/brsd/microros_ws/build/joystick_input/prefix_override:/usr/lib/python3/dist-packages/colcon_core/task/python/colcon_distutils_commands:/home/brsd/microros_ws/install/joystick_input/lib/python3.8/site-packages:${PYTHONPATH} /usr/bin/python3 -W ignore:setup.py install is deprecated setup.py egg_info --egg-base ../../build/joystick_input build --build-base /home/brsd/microros_ws/build/joystick_input/build install --record /home/brsd/microros_ws/build/joystick_input/install.log --install-scripts $base/lib/joystick_input --single-version-externally-managed install_data
