[11.130s] Invoking command in '/home/brsd/microros_ws/src/jetson_comm': PYTHONPATH=/home/brsd/microros_ws/build/jetson_comm/prefix_override:/usr/lib/python3/dist-packages/colcon_core/task/python/colcon_distutils_commands:/home/brsd/microros_ws/install/jetson_comm/lib/python3.8/site-packages:${PYTHONPATH} /usr/bin/python3 -W ignore:setup.py install is deprecated setup.py egg_info --egg-base ../../build/jetson_comm build --build-base /home/brsd/microros_ws/build/jetson_comm/build install --record /home/brsd/microros_ws/build/jetson_comm/install.log --install-scripts $base/lib/jetson_comm --single-version-externally-managed install_data
[15.117s] running egg_info
[15.124s] writing ../../build/jetson_comm/jetson_comm.egg-info/PKG-INFO
[15.136s] writing dependency_links to ../../build/jetson_comm/jetson_comm.egg-info/dependency_links.txt
[15.139s] writing entry points to ../../build/jetson_comm/jetson_comm.egg-info/entry_points.txt
[15.142s] writing requirements to ../../build/jetson_comm/jetson_comm.egg-info/requires.txt
[15.143s] writing top-level names to ../../build/jetson_comm/jetson_comm.egg-info/top_level.txt
[15.580s] reading manifest file '../../build/jetson_comm/jetson_comm.egg-info/SOURCES.txt'
[15.589s] writing manifest file '../../build/jetson_comm/jetson_comm.egg-info/SOURCES.txt'
[15.590s] running build
[15.593s] running build_py
[15.595s] running install
[15.599s] running install_lib
[15.624s] running install_data
[15.627s] running install_egg_info
[15.653s] removing '/home/brsd/microros_ws/install/jetson_comm/lib/python3.8/site-packages/jetson_comm-0.0.0-py3.8.egg-info' (and everything under it)
[15.655s] Copying ../../build/jetson_comm/jetson_comm.egg-info to /home/brsd/microros_ws/install/jetson_comm/lib/python3.8/site-packages/jetson_comm-0.0.0-py3.8.egg-info
[15.696s] running install_scripts
[15.950s] Installing jetson_node script to /home/brsd/microros_ws/install/jetson_comm/lib/jetson_comm
[15.977s] writing list of installed files to '/home/brsd/microros_ws/build/jetson_comm/install.log'
[18.121s] Invoked command in '/home/brsd/microros_ws/src/jetson_comm' returned '0': PYTHONPATH=/home/brsd/microros_ws/build/jetson_comm/prefix_override:/usr/lib/python3/dist-packages/colcon_core/task/python/colcon_distutils_commands:/home/brsd/microros_ws/install/jetson_comm/lib/python3.8/site-packages:${PYTHONPATH} /usr/bin/python3 -W ignore:setup.py install is deprecated setup.py egg_info --egg-base ../../build/jetson_comm build --build-base /home/brsd/microros_ws/build/jetson_comm/build install --record /home/brsd/microros_ws/build/jetson_comm/install.log --install-scripts $base/lib/jetson_comm --single-version-externally-managed install_data
