[22.765s] Invoking command in '/home/brsd/microros_ws/src/joystick_input': PYTHONPATH=/home/brsd/microros_ws/build/joystick_input/prefix_override:/usr/lib/python3/dist-packages/colcon_core/task/python/colcon_distutils_commands:/home/brsd/microros_ws/install/joystick_input/lib/python3.8/site-packages:${PYTHONPATH} /usr/bin/python3 -W ignore:setup.py install is deprecated setup.py egg_info --egg-base ../../build/joystick_input build --build-base /home/brsd/microros_ws/build/joystick_input/build install --record /home/brsd/microros_ws/build/joystick_input/install.log --install-scripts $base/lib/joystick_input --single-version-externally-managed install_data
[27.718s] running egg_info
[27.721s] writing ../../build/joystick_input/joystick_input.egg-info/PKG-INFO
[27.722s] writing dependency_links to ../../build/joystick_input/joystick_input.egg-info/dependency_links.txt
[27.723s] writing entry points to ../../build/joystick_input/joystick_input.egg-info/entry_points.txt
[27.725s] writing requirements to ../../build/joystick_input/joystick_input.egg-info/requires.txt
[27.725s] writing top-level names to ../../build/joystick_input/joystick_input.egg-info/top_level.txt
[28.077s] reading manifest file '../../build/joystick_input/joystick_input.egg-info/SOURCES.txt'
[28.085s] writing manifest file '../../build/joystick_input/joystick_input.egg-info/SOURCES.txt'
[28.087s] running build
[28.088s] running build_py
[28.091s] running install
[28.097s] running install_lib
[28.105s] running install_data
[28.107s] running install_egg_info
[28.123s] removing '/home/brsd/microros_ws/install/joystick_input/lib/python3.8/site-packages/joystick_input-0.0.0-py3.8.egg-info' (and everything under it)
[28.127s] Copying ../../build/joystick_input/joystick_input.egg-info to /home/brsd/microros_ws/install/joystick_input/lib/python3.8/site-packages/joystick_input-0.0.0-py3.8.egg-info
[28.156s] running install_scripts
[28.279s] Installing joystick_node script to /home/brsd/microros_ws/install/joystick_input/lib/joystick_input
[28.284s] writing list of installed files to '/home/brsd/microros_ws/build/joystick_input/install.log'
[28.551s] Invoked command in '/home/brsd/microros_ws/src/joystick_input' returned '0': PYTHONPATH=/home/brsd/microros_ws/build/joystick_input/prefix_override:/usr/lib/python3/dist-packages/colcon_core/task/python/colcon_distutils_commands:/home/brsd/microros_ws/install/joystick_input/lib/python3.8/site-packages:${PYTHONPATH} /usr/bin/python3 -W ignore:setup.py install is deprecated setup.py egg_info --egg-base ../../build/joystick_input build --build-base /home/brsd/microros_ws/build/joystick_input/build install --record /home/brsd/microros_ws/build/joystick_input/install.log --install-scripts $base/lib/joystick_input --single-version-externally-managed install_data
