[0.190s] Invoking command in '/home/brsd/microros_ws/build/multisense_msgs': CMAKE_PREFIX_PATH=${CMAKE_PREFIX_PATH}:/home/brsd/microros_ws/install/person_detection:/home/brsd/microros_ws/install/pathfinding:/home/brsd/microros_ws/install/object_detection_pkg:/home/brsd/microros_ws/install/joystick_input:/home/brsd/microros_ws/install/jetson_comm:/home/brsd/microros_ws/install/fsm:/opt/ros/foxy /usr/bin/cmake --build /home/brsd/microros_ws/build/multisense_msgs -- -j4 -l4
[0.624s] [  0%] Built target multisense_msgs__cpp
[0.653s] [ 12%] Built target multisense_msgs__rosidl_generator_c
[0.998s] [ 24%] Built target multisense_msgs__rosidl_typesupport_introspection_c
[1.040s] [ 36%] Built target multisense_msgs__rosidl_typesupport_cpp
[1.052s] [ 48%] Built target multisense_msgs__rosidl_typesupport_introspection_cpp
[1.083s] [ 59%] Built target multisense_msgs__rosidl_typesupport_fastrtps_cpp
[1.289s] [ 71%] Built target multisense_msgs__rosidl_typesupport_c
[1.365s] [ 83%] Built target multisense_msgs__rosidl_typesupport_fastrtps_c
[1.614s] [ 83%] Built target multisense_msgs
[1.784s] [ 84%] Built target multisense_msgs__py
[2.054s] [ 95%] Built target multisense_msgs__python
[2.317s] [ 96%] Built target multisense_msgs__rosidl_typesupport_c__pyext
[2.352s] [ 98%] Built target multisense_msgs__rosidl_typesupport_fastrtps_c__pyext
[2.371s] [100%] Built target multisense_msgs__rosidl_typesupport_introspection_c__pyext
[2.480s] Invoked command in '/home/brsd/microros_ws/build/multisense_msgs' returned '0': CMAKE_PREFIX_PATH=${CMAKE_PREFIX_PATH}:/home/brsd/microros_ws/install/person_detection:/home/brsd/microros_ws/install/pathfinding:/home/brsd/microros_ws/install/object_detection_pkg:/home/brsd/microros_ws/install/joystick_input:/home/brsd/microros_ws/install/jetson_comm:/home/brsd/microros_ws/install/fsm:/opt/ros/foxy /usr/bin/cmake --build /home/brsd/microros_ws/build/multisense_msgs -- -j4 -l4
[5.246s] Invoking command in '/home/brsd/microros_ws/build/multisense_msgs': CMAKE_PREFIX_PATH=${CMAKE_PREFIX_PATH}:/home/brsd/microros_ws/install/person_detection:/home/brsd/microros_ws/install/pathfinding:/home/brsd/microros_ws/install/object_detection_pkg:/home/brsd/microros_ws/install/joystick_input:/home/brsd/microros_ws/install/jetson_comm:/home/brsd/microros_ws/install/fsm:/opt/ros/foxy /usr/bin/cmake --install /home/brsd/microros_ws/build/multisense_msgs
[5.339s] -- Install configuration: "Release"
[5.340s] -- Up-to-date: /home/brsd/microros_ws/install/multisense_msgs/share/ament_index/resource_index/rosidl_interfaces/multisense_msgs
[5.341s] -- Up-to-date: /home/brsd/microros_ws/install/multisense_msgs/include/multisense_msgs
[5.341s] -- Up-to-date: /home/brsd/microros_ws/install/multisense_msgs/include/multisense_msgs/msg
[5.342s] -- Up-to-date: /home/brsd/microros_ws/install/multisense_msgs/include/multisense_msgs/msg/raw_cam_config.h
[5.342s] -- Up-to-date: /home/brsd/microros_ws/install/multisense_msgs/include/multisense_msgs/msg/raw_cam_cal.h
[5.343s] -- Up-to-date: /home/brsd/microros_ws/install/multisense_msgs/include/multisense_msgs/msg/stamped_pps.h
[5.343s] -- Up-to-date: /home/brsd/microros_ws/install/multisense_msgs/include/multisense_msgs/msg/raw_cam_data.h
[5.344s] -- Up-to-date: /home/brsd/microros_ws/install/multisense_msgs/include/multisense_msgs/msg/ptp_status.h
[5.350s] -- Up-to-date: /home/brsd/microros_ws/install/multisense_msgs/include/multisense_msgs/msg/raw_lidar_data.h
[5.352s] -- Up-to-date: /home/brsd/microros_ws/install/multisense_msgs/include/multisense_msgs/msg/raw_lidar_cal.h
[5.353s] -- Up-to-date: /home/brsd/microros_ws/install/multisense_msgs/include/multisense_msgs/msg/device_info.h
[5.353s] -- Up-to-date: /home/brsd/microros_ws/install/multisense_msgs/include/multisense_msgs/msg/detail
[5.355s] -- Up-to-date: /home/brsd/microros_ws/install/multisense_msgs/include/multisense_msgs/msg/detail/device_status__functions.c
[5.356s] -- Up-to-date: /home/brsd/microros_ws/install/multisense_msgs/include/multisense_msgs/msg/detail/device_info__functions.c
[5.357s] -- Up-to-date: /home/brsd/microros_ws/install/multisense_msgs/include/multisense_msgs/msg/detail/raw_cam_cal__functions.h
[5.357s] -- Up-to-date: /home/brsd/microros_ws/install/multisense_msgs/include/multisense_msgs/msg/detail/device_status__type_support.h
[5.358s] -- Up-to-date: /home/brsd/microros_ws/install/multisense_msgs/include/multisense_msgs/msg/detail/raw_cam_config__functions.c
[5.358s] -- Up-to-date: /home/brsd/microros_ws/install/multisense_msgs/include/multisense_msgs/msg/detail/raw_lidar_cal__struct.h
[5.359s] -- Up-to-date: /home/brsd/microros_ws/install/multisense_msgs/include/multisense_msgs/msg/detail/device_status__struct.h
[5.360s] -- Up-to-date: /home/brsd/microros_ws/install/multisense_msgs/include/multisense_msgs/msg/detail/raw_imu_data__functions.c
[5.361s] -- Up-to-date: /home/brsd/microros_ws/install/multisense_msgs/include/multisense_msgs/msg/detail/raw_cam_data__struct.h
[5.362s] -- Up-to-date: /home/brsd/microros_ws/install/multisense_msgs/include/multisense_msgs/msg/detail/raw_cam_config__struct.h
[5.367s] -- Up-to-date: /home/brsd/microros_ws/install/multisense_msgs/include/multisense_msgs/msg/detail/device_info__type_support.h
[5.372s] -- Up-to-date: /home/brsd/microros_ws/install/multisense_msgs/include/multisense_msgs/msg/detail/histogram__functions.h
[5.373s] -- Up-to-date: /home/brsd/microros_ws/install/multisense_msgs/include/multisense_msgs/msg/detail/histogram__struct.h
[5.373s] -- Up-to-date: /home/brsd/microros_ws/install/multisense_msgs/include/multisense_msgs/msg/detail/stamped_pps__functions.h
[5.374s] -- Up-to-date: /home/brsd/microros_ws/install/multisense_msgs/include/multisense_msgs/msg/detail/raw_cam_data__type_support.h
[5.374s] -- Up-to-date: /home/brsd/microros_ws/install/multisense_msgs/include/multisense_msgs/msg/detail/stamped_pps__functions.c
[5.375s] -- Up-to-date: /home/brsd/microros_ws/install/multisense_msgs/include/multisense_msgs/msg/detail/raw_cam_config__functions.h
[5.375s] -- Up-to-date: /home/brsd/microros_ws/install/multisense_msgs/include/multisense_msgs/msg/detail/raw_lidar_data__struct.h
[5.376s] -- Up-to-date: /home/brsd/microros_ws/install/multisense_msgs/include/multisense_msgs/msg/detail/ptp_status__functions.c
[5.376s] -- Up-to-date: /home/brsd/microros_ws/install/multisense_msgs/include/multisense_msgs/msg/detail/raw_cam_cal__functions.c
[5.377s] -- Up-to-date: /home/brsd/microros_ws/install/multisense_msgs/include/multisense_msgs/msg/detail/raw_lidar_data__functions.c
[5.377s] -- Up-to-date: /home/brsd/microros_ws/install/multisense_msgs/include/multisense_msgs/msg/detail/raw_lidar_data__type_support.h
[5.378s] -- Up-to-date: /home/brsd/microros_ws/install/multisense_msgs/include/multisense_msgs/msg/detail/raw_cam_config__type_support.h
[5.378s] -- Up-to-date: /home/brsd/microros_ws/install/multisense_msgs/include/multisense_msgs/msg/detail/histogram__type_support.h
[5.379s] -- Up-to-date: /home/brsd/microros_ws/install/multisense_msgs/include/multisense_msgs/msg/detail/device_info__functions.h
[5.379s] -- Up-to-date: /home/brsd/microros_ws/install/multisense_msgs/include/multisense_msgs/msg/detail/raw_imu_data__functions.h
[5.380s] -- Up-to-date: /home/brsd/microros_ws/install/multisense_msgs/include/multisense_msgs/msg/detail/histogram__functions.c
[5.394s] -- Up-to-date: /home/brsd/microros_ws/install/multisense_msgs/include/multisense_msgs/msg/detail/raw_imu_data__type_support.h
[5.397s] -- Up-to-date: /home/brsd/microros_ws/install/multisense_msgs/include/multisense_msgs/msg/detail/ptp_status__functions.h
[5.397s] -- Up-to-date: /home/brsd/microros_ws/install/multisense_msgs/include/multisense_msgs/msg/detail/raw_lidar_cal__type_support.h
[5.398s] -- Up-to-date: /home/brsd/microros_ws/install/multisense_msgs/include/multisense_msgs/msg/detail/raw_lidar_data__functions.h
[5.398s] -- Up-to-date: /home/brsd/microros_ws/install/multisense_msgs/include/multisense_msgs/msg/detail/raw_lidar_cal__functions.c
[5.399s] -- Up-to-date: /home/brsd/microros_ws/install/multisense_msgs/include/multisense_msgs/msg/detail/raw_cam_cal__struct.h
[5.399s] -- Up-to-date: /home/brsd/microros_ws/install/multisense_msgs/include/multisense_msgs/msg/detail/stamped_pps__struct.h
[5.400s] -- Up-to-date: /home/brsd/microros_ws/install/multisense_msgs/include/multisense_msgs/msg/detail/raw_cam_cal__type_support.h
[5.405s] -- Up-to-date: /home/brsd/microros_ws/install/multisense_msgs/include/multisense_msgs/msg/detail/device_status__functions.h
[5.406s] -- Up-to-date: /home/brsd/microros_ws/install/multisense_msgs/include/multisense_msgs/msg/detail/raw_cam_data__functions.c
[5.406s] -- Up-to-date: /home/brsd/microros_ws/install/multisense_msgs/include/multisense_msgs/msg/detail/stamped_pps__type_support.h
[5.407s] -- Up-to-date: /home/brsd/microros_ws/install/multisense_msgs/include/multisense_msgs/msg/detail/raw_imu_data__struct.h
[5.411s] -- Up-to-date: /home/brsd/microros_ws/install/multisense_msgs/include/multisense_msgs/msg/detail/raw_cam_data__functions.h
[5.412s] -- Up-to-date: /home/brsd/microros_ws/install/multisense_msgs/include/multisense_msgs/msg/detail/ptp_status__struct.h
[5.414s] -- Up-to-date: /home/brsd/microros_ws/install/multisense_msgs/include/multisense_msgs/msg/detail/device_info__struct.h
[5.414s] -- Up-to-date: /home/brsd/microros_ws/install/multisense_msgs/include/multisense_msgs/msg/detail/ptp_status__type_support.h
[5.415s] -- Up-to-date: /home/brsd/microros_ws/install/multisense_msgs/include/multisense_msgs/msg/detail/raw_lidar_cal__functions.h
[5.416s] -- Up-to-date: /home/brsd/microros_ws/install/multisense_msgs/include/multisense_msgs/msg/histogram.h
[5.416s] -- Up-to-date: /home/brsd/microros_ws/install/multisense_msgs/include/multisense_msgs/msg/device_status.h
[5.417s] -- Up-to-date: /home/brsd/microros_ws/install/multisense_msgs/include/multisense_msgs/msg/rosidl_generator_c__visibility_control.h
[5.417s] -- Up-to-date: /home/brsd/microros_ws/install/multisense_msgs/include/multisense_msgs/msg/raw_imu_data.h
[5.423s] -- Up-to-date: /home/brsd/microros_ws/install/multisense_msgs/share/multisense_msgs/environment/library_path.sh
[5.426s] -- Up-to-date: /home/brsd/microros_ws/install/multisense_msgs/share/multisense_msgs/environment/library_path.dsv
[5.427s] -- Up-to-date: /home/brsd/microros_ws/install/multisense_msgs/lib/libmultisense_msgs__rosidl_generator_c.so
[5.427s] -- Up-to-date: /home/brsd/microros_ws/install/multisense_msgs/include/multisense_msgs
[5.431s] -- Up-to-date: /home/brsd/microros_ws/install/multisense_msgs/include/multisense_msgs/msg
[5.432s] -- Up-to-date: /home/brsd/microros_ws/install/multisense_msgs/include/multisense_msgs/msg/rosidl_typesupport_fastrtps_c__visibility_control.h
[5.432s] -- Up-to-date: /home/brsd/microros_ws/install/multisense_msgs/include/multisense_msgs/msg/detail
[5.433s] -- Up-to-date: /home/brsd/microros_ws/install/multisense_msgs/include/multisense_msgs/msg/detail/raw_cam_data__rosidl_typesupport_fastrtps_c.h
[5.433s] -- Up-to-date: /home/brsd/microros_ws/install/multisense_msgs/include/multisense_msgs/msg/detail/ptp_status__rosidl_typesupport_fastrtps_c.h
[5.434s] -- Up-to-date: /home/brsd/microros_ws/install/multisense_msgs/include/multisense_msgs/msg/detail/stamped_pps__rosidl_typesupport_fastrtps_c.h
[5.437s] -- Up-to-date: /home/brsd/microros_ws/install/multisense_msgs/include/multisense_msgs/msg/detail/raw_lidar_cal__rosidl_typesupport_fastrtps_c.h
[5.438s] -- Up-to-date: /home/brsd/microros_ws/install/multisense_msgs/include/multisense_msgs/msg/detail/device_status__rosidl_typesupport_fastrtps_c.h
[5.438s] -- Up-to-date: /home/brsd/microros_ws/install/multisense_msgs/include/multisense_msgs/msg/detail/raw_cam_cal__rosidl_typesupport_fastrtps_c.h
[5.440s] -- Up-to-date: /home/brsd/microros_ws/install/multisense_msgs/include/multisense_msgs/msg/detail/raw_lidar_data__rosidl_typesupport_fastrtps_c.h
[5.443s] -- Up-to-date: /home/brsd/microros_ws/install/multisense_msgs/include/multisense_msgs/msg/detail/raw_imu_data__rosidl_typesupport_fastrtps_c.h
[5.444s] -- Up-to-date: /home/brsd/microros_ws/install/multisense_msgs/include/multisense_msgs/msg/detail/raw_cam_config__rosidl_typesupport_fastrtps_c.h
[5.449s] -- Up-to-date: /home/brsd/microros_ws/install/multisense_msgs/include/multisense_msgs/msg/detail/device_info__rosidl_typesupport_fastrtps_c.h
[5.450s] -- Up-to-date: /home/brsd/microros_ws/install/multisense_msgs/include/multisense_msgs/msg/detail/histogram__rosidl_typesupport_fastrtps_c.h
[5.450s] -- Up-to-date: /home/brsd/microros_ws/install/multisense_msgs/lib/libmultisense_msgs__rosidl_typesupport_fastrtps_c.so
[5.451s] -- Up-to-date: /home/brsd/microros_ws/install/multisense_msgs/include/multisense_msgs
[5.452s] -- Up-to-date: /home/brsd/microros_ws/install/multisense_msgs/include/multisense_msgs/msg
[5.452s] -- Up-to-date: /home/brsd/microros_ws/install/multisense_msgs/include/multisense_msgs/msg/rosidl_typesupport_fastrtps_cpp__visibility_control.h
[5.453s] -- Up-to-date: /home/brsd/microros_ws/install/multisense_msgs/include/multisense_msgs/msg/detail
[5.453s] -- Up-to-date: /home/brsd/microros_ws/install/multisense_msgs/include/multisense_msgs/msg/detail/raw_imu_data__rosidl_typesupport_fastrtps_cpp.hpp
[5.453s] -- Up-to-date: /home/brsd/microros_ws/install/multisense_msgs/include/multisense_msgs/msg/detail/raw_lidar_cal__rosidl_typesupport_fastrtps_cpp.hpp
[5.455s] -- Up-to-date: /home/brsd/microros_ws/install/multisense_msgs/include/multisense_msgs/msg/detail/ptp_status__rosidl_typesupport_fastrtps_cpp.hpp
[5.455s] -- Up-to-date: /home/brsd/microros_ws/install/multisense_msgs/include/multisense_msgs/msg/detail/raw_cam_config__rosidl_typesupport_fastrtps_cpp.hpp
[5.456s] -- Up-to-date: /home/brsd/microros_ws/install/multisense_msgs/include/multisense_msgs/msg/detail/raw_cam_data__rosidl_typesupport_fastrtps_cpp.hpp
[5.457s] -- Up-to-date: /home/brsd/microros_ws/install/multisense_msgs/include/multisense_msgs/msg/detail/histogram__rosidl_typesupport_fastrtps_cpp.hpp
[5.457s] -- Up-to-date: /home/brsd/microros_ws/install/multisense_msgs/include/multisense_msgs/msg/detail/stamped_pps__rosidl_typesupport_fastrtps_cpp.hpp
[5.458s] -- Up-to-date: /home/brsd/microros_ws/install/multisense_msgs/include/multisense_msgs/msg/detail/raw_lidar_data__rosidl_typesupport_fastrtps_cpp.hpp
[5.458s] -- Up-to-date: /home/brsd/microros_ws/install/multisense_msgs/include/multisense_msgs/msg/detail/device_status__rosidl_typesupport_fastrtps_cpp.hpp
[5.459s] -- Up-to-date: /home/brsd/microros_ws/install/multisense_msgs/include/multisense_msgs/msg/detail/device_info__rosidl_typesupport_fastrtps_cpp.hpp
[5.459s] -- Up-to-date: /home/brsd/microros_ws/install/multisense_msgs/include/multisense_msgs/msg/detail/raw_cam_cal__rosidl_typesupport_fastrtps_cpp.hpp
[5.460s] -- Up-to-date: /home/brsd/microros_ws/install/multisense_msgs/include/multisense_msgs/msg/detail/dds_fastrtps
[5.460s] -- Up-to-date: /home/brsd/microros_ws/install/multisense_msgs/lib/libmultisense_msgs__rosidl_typesupport_fastrtps_cpp.so
[5.461s] -- Up-to-date: /home/brsd/microros_ws/install/multisense_msgs/include/multisense_msgs
[5.461s] -- Up-to-date: /home/brsd/microros_ws/install/multisense_msgs/include/multisense_msgs/msg
[5.462s] -- Up-to-date: /home/brsd/microros_ws/install/multisense_msgs/include/multisense_msgs/msg/detail
[5.462s] -- Up-to-date: /home/brsd/microros_ws/install/multisense_msgs/include/multisense_msgs/msg/detail/ptp_status__rosidl_typesupport_introspection_c.h
[5.463s] -- Up-to-date: /home/brsd/microros_ws/install/multisense_msgs/include/multisense_msgs/msg/detail/raw_cam_config__rosidl_typesupport_introspection_c.h
[5.463s] -- Up-to-date: /home/brsd/microros_ws/install/multisense_msgs/include/multisense_msgs/msg/detail/device_info__rosidl_typesupport_introspection_c.h
[5.463s] -- Up-to-date: /home/brsd/microros_ws/install/multisense_msgs/include/multisense_msgs/msg/detail/raw_lidar_cal__type_support.c
[5.464s] -- Up-to-date: /home/brsd/microros_ws/install/multisense_msgs/include/multisense_msgs/msg/detail/raw_lidar_data__type_support.c
[5.465s] -- Up-to-date: /home/brsd/microros_ws/install/multisense_msgs/include/multisense_msgs/msg/detail/raw_cam_data__rosidl_typesupport_introspection_c.h
[5.465s] -- Up-to-date: /home/brsd/microros_ws/install/multisense_msgs/include/multisense_msgs/msg/detail/device_info__type_support.c
[5.466s] -- Up-to-date: /home/brsd/microros_ws/install/multisense_msgs/include/multisense_msgs/msg/detail/device_status__type_support.c
[5.466s] -- Up-to-date: /home/brsd/microros_ws/install/multisense_msgs/include/multisense_msgs/msg/detail/raw_imu_data__type_support.c
[5.467s] -- Up-to-date: /home/brsd/microros_ws/install/multisense_msgs/include/multisense_msgs/msg/detail/histogram__rosidl_typesupport_introspection_c.h
[5.467s] -- Up-to-date: /home/brsd/microros_ws/install/multisense_msgs/include/multisense_msgs/msg/detail/histogram__type_support.c
[5.468s] -- Up-to-date: /home/brsd/microros_ws/install/multisense_msgs/include/multisense_msgs/msg/detail/ptp_status__type_support.c
[5.468s] -- Up-to-date: /home/brsd/microros_ws/install/multisense_msgs/include/multisense_msgs/msg/detail/raw_lidar_cal__rosidl_typesupport_introspection_c.h
[5.469s] -- Up-to-date: /home/brsd/microros_ws/install/multisense_msgs/include/multisense_msgs/msg/detail/raw_imu_data__rosidl_typesupport_introspection_c.h
[5.469s] -- Up-to-date: /home/brsd/microros_ws/install/multisense_msgs/include/multisense_msgs/msg/detail/raw_cam_data__type_support.c
[5.470s] -- Up-to-date: /home/brsd/microros_ws/install/multisense_msgs/include/multisense_msgs/msg/detail/device_status__rosidl_typesupport_introspection_c.h
[5.472s] -- Up-to-date: /home/brsd/microros_ws/install/multisense_msgs/include/multisense_msgs/msg/detail/stamped_pps__rosidl_typesupport_introspection_c.h
[5.473s] -- Up-to-date: /home/brsd/microros_ws/install/multisense_msgs/include/multisense_msgs/msg/detail/raw_cam_cal__type_support.c
[5.473s] -- Up-to-date: /home/brsd/microros_ws/install/multisense_msgs/include/multisense_msgs/msg/detail/raw_lidar_data__rosidl_typesupport_introspection_c.h
[5.474s] -- Up-to-date: /home/brsd/microros_ws/install/multisense_msgs/include/multisense_msgs/msg/detail/stamped_pps__type_support.c
[5.474s] -- Up-to-date: /home/brsd/microros_ws/install/multisense_msgs/include/multisense_msgs/msg/detail/raw_cam_config__type_support.c
[5.474s] -- Up-to-date: /home/brsd/microros_ws/install/multisense_msgs/include/multisense_msgs/msg/detail/raw_cam_cal__rosidl_typesupport_introspection_c.h
[5.475s] -- Up-to-date: /home/brsd/microros_ws/install/multisense_msgs/include/multisense_msgs/msg/rosidl_typesupport_introspection_c__visibility_control.h
[5.475s] -- Up-to-date: /home/brsd/microros_ws/install/multisense_msgs/lib/libmultisense_msgs__rosidl_typesupport_introspection_c.so
[5.476s] -- Up-to-date: /home/brsd/microros_ws/install/multisense_msgs/lib/libmultisense_msgs__rosidl_typesupport_c.so
[5.477s] -- Up-to-date: /home/brsd/microros_ws/install/multisense_msgs/include/multisense_msgs
[5.477s] -- Up-to-date: /home/brsd/microros_ws/install/multisense_msgs/include/multisense_msgs/msg
[5.477s] -- Up-to-date: /home/brsd/microros_ws/install/multisense_msgs/include/multisense_msgs/msg/raw_cam_cal.hpp
[5.478s] -- Up-to-date: /home/brsd/microros_ws/install/multisense_msgs/include/multisense_msgs/msg/stamped_pps.hpp
[5.478s] -- Up-to-date: /home/brsd/microros_ws/install/multisense_msgs/include/multisense_msgs/msg/histogram.hpp
[5.479s] -- Up-to-date: /home/brsd/microros_ws/install/multisense_msgs/include/multisense_msgs/msg/raw_lidar_data.hpp
[5.479s] -- Up-to-date: /home/brsd/microros_ws/install/multisense_msgs/include/multisense_msgs/msg/raw_cam_config.hpp
[5.480s] -- Up-to-date: /home/brsd/microros_ws/install/multisense_msgs/include/multisense_msgs/msg/device_info.hpp
[5.481s] -- Up-to-date: /home/brsd/microros_ws/install/multisense_msgs/include/multisense_msgs/msg/raw_lidar_cal.hpp
[5.481s] -- Up-to-date: /home/brsd/microros_ws/install/multisense_msgs/include/multisense_msgs/msg/ptp_status.hpp
[5.482s] -- Up-to-date: /home/brsd/microros_ws/install/multisense_msgs/include/multisense_msgs/msg/raw_imu_data.hpp
[5.482s] -- Up-to-date: /home/brsd/microros_ws/install/multisense_msgs/include/multisense_msgs/msg/raw_cam_data.hpp
[5.483s] -- Up-to-date: /home/brsd/microros_ws/install/multisense_msgs/include/multisense_msgs/msg/device_status.hpp
[5.483s] -- Up-to-date: /home/brsd/microros_ws/install/multisense_msgs/include/multisense_msgs/msg/rosidl_generator_cpp__visibility_control.hpp
[5.484s] -- Up-to-date: /home/brsd/microros_ws/install/multisense_msgs/include/multisense_msgs/msg/detail
[5.484s] -- Up-to-date: /home/brsd/microros_ws/install/multisense_msgs/include/multisense_msgs/msg/detail/histogram__struct.hpp
[5.485s] -- Up-to-date: /home/brsd/microros_ws/install/multisense_msgs/include/multisense_msgs/msg/detail/ptp_status__builder.hpp
[5.485s] -- Up-to-date: /home/brsd/microros_ws/install/multisense_msgs/include/multisense_msgs/msg/detail/raw_cam_config__traits.hpp
[5.485s] -- Up-to-date: /home/brsd/microros_ws/install/multisense_msgs/include/multisense_msgs/msg/detail/stamped_pps__struct.hpp
[5.486s] -- Up-to-date: /home/brsd/microros_ws/install/multisense_msgs/include/multisense_msgs/msg/detail/raw_imu_data__traits.hpp
[5.486s] -- Up-to-date: /home/brsd/microros_ws/install/multisense_msgs/include/multisense_msgs/msg/detail/raw_imu_data__struct.hpp
[5.487s] -- Up-to-date: /home/brsd/microros_ws/install/multisense_msgs/include/multisense_msgs/msg/detail/device_info__builder.hpp
[5.488s] -- Up-to-date: /home/brsd/microros_ws/install/multisense_msgs/include/multisense_msgs/msg/detail/raw_cam_config__struct.hpp
[5.489s] -- Up-to-date: /home/brsd/microros_ws/install/multisense_msgs/include/multisense_msgs/msg/detail/raw_cam_config__type_support.hpp
[5.490s] -- Up-to-date: /home/brsd/microros_ws/install/multisense_msgs/include/multisense_msgs/msg/detail/raw_lidar_cal__struct.hpp
[5.490s] -- Up-to-date: /home/brsd/microros_ws/install/multisense_msgs/include/multisense_msgs/msg/detail/device_status__struct.hpp
[5.491s] -- Up-to-date: /home/brsd/microros_ws/install/multisense_msgs/include/multisense_msgs/msg/detail/raw_cam_data__struct.hpp
[5.491s] -- Up-to-date: /home/brsd/microros_ws/install/multisense_msgs/include/multisense_msgs/msg/detail/raw_cam_cal__type_support.hpp
[5.491s] -- Up-to-date: /home/brsd/microros_ws/install/multisense_msgs/include/multisense_msgs/msg/detail/ptp_status__type_support.hpp
[5.492s] -- Up-to-date: /home/brsd/microros_ws/install/multisense_msgs/include/multisense_msgs/msg/detail/stamped_pps__traits.hpp
[5.492s] -- Up-to-date: /home/brsd/microros_ws/install/multisense_msgs/include/multisense_msgs/msg/detail/device_status__builder.hpp
[5.493s] -- Up-to-date: /home/brsd/microros_ws/install/multisense_msgs/include/multisense_msgs/msg/detail/raw_lidar_data__builder.hpp
[5.493s] -- Up-to-date: /home/brsd/microros_ws/install/multisense_msgs/include/multisense_msgs/msg/detail/raw_lidar_cal__traits.hpp
[5.494s] -- Up-to-date: /home/brsd/microros_ws/install/multisense_msgs/include/multisense_msgs/msg/detail/raw_imu_data__builder.hpp
[5.494s] -- Up-to-date: /home/brsd/microros_ws/install/multisense_msgs/include/multisense_msgs/msg/detail/raw_lidar_data__type_support.hpp
[5.495s] -- Up-to-date: /home/brsd/microros_ws/install/multisense_msgs/include/multisense_msgs/msg/detail/histogram__builder.hpp
[5.496s] -- Up-to-date: /home/brsd/microros_ws/install/multisense_msgs/include/multisense_msgs/msg/detail/raw_cam_cal__struct.hpp
[5.496s] -- Up-to-date: /home/brsd/microros_ws/install/multisense_msgs/include/multisense_msgs/msg/detail/raw_lidar_cal__builder.hpp
[5.497s] -- Up-to-date: /home/brsd/microros_ws/install/multisense_msgs/include/multisense_msgs/msg/detail/raw_cam_config__builder.hpp
[5.497s] -- Up-to-date: /home/brsd/microros_ws/install/multisense_msgs/include/multisense_msgs/msg/detail/raw_cam_cal__builder.hpp
[5.498s] -- Up-to-date: /home/brsd/microros_ws/install/multisense_msgs/include/multisense_msgs/msg/detail/raw_cam_cal__traits.hpp
[5.498s] -- Up-to-date: /home/brsd/microros_ws/install/multisense_msgs/include/multisense_msgs/msg/detail/ptp_status__traits.hpp
[5.499s] -- Up-to-date: /home/brsd/microros_ws/install/multisense_msgs/include/multisense_msgs/msg/detail/device_info__struct.hpp
[5.500s] -- Up-to-date: /home/brsd/microros_ws/install/multisense_msgs/include/multisense_msgs/msg/detail/stamped_pps__type_support.hpp
[5.501s] -- Up-to-date: /home/brsd/microros_ws/install/multisense_msgs/include/multisense_msgs/msg/detail/raw_cam_data__type_support.hpp
[5.501s] -- Up-to-date: /home/brsd/microros_ws/install/multisense_msgs/include/multisense_msgs/msg/detail/raw_lidar_data__struct.hpp
[5.502s] -- Up-to-date: /home/brsd/microros_ws/install/multisense_msgs/include/multisense_msgs/msg/detail/ptp_status__struct.hpp
[5.502s] -- Up-to-date: /home/brsd/microros_ws/install/multisense_msgs/include/multisense_msgs/msg/detail/device_status__traits.hpp
[5.503s] -- Up-to-date: /home/brsd/microros_ws/install/multisense_msgs/include/multisense_msgs/msg/detail/device_info__traits.hpp
[5.503s] -- Up-to-date: /home/brsd/microros_ws/install/multisense_msgs/include/multisense_msgs/msg/detail/device_status__type_support.hpp
[5.504s] -- Up-to-date: /home/brsd/microros_ws/install/multisense_msgs/include/multisense_msgs/msg/detail/histogram__traits.hpp
[5.505s] -- Up-to-date: /home/brsd/microros_ws/install/multisense_msgs/include/multisense_msgs/msg/detail/device_info__type_support.hpp
[5.506s] -- Up-to-date: /home/brsd/microros_ws/install/multisense_msgs/include/multisense_msgs/msg/detail/raw_imu_data__type_support.hpp
[5.506s] -- Up-to-date: /home/brsd/microros_ws/install/multisense_msgs/include/multisense_msgs/msg/detail/raw_lidar_data__traits.hpp
[5.507s] -- Up-to-date: /home/brsd/microros_ws/install/multisense_msgs/include/multisense_msgs/msg/detail/stamped_pps__builder.hpp
[5.507s] -- Up-to-date: /home/brsd/microros_ws/install/multisense_msgs/include/multisense_msgs/msg/detail/raw_cam_data__builder.hpp
[5.508s] -- Up-to-date: /home/brsd/microros_ws/install/multisense_msgs/include/multisense_msgs/msg/detail/raw_cam_data__traits.hpp
[5.508s] -- Up-to-date: /home/brsd/microros_ws/install/multisense_msgs/include/multisense_msgs/msg/detail/raw_lidar_cal__type_support.hpp
[5.509s] -- Up-to-date: /home/brsd/microros_ws/install/multisense_msgs/include/multisense_msgs/msg/detail/histogram__type_support.hpp
[5.510s] -- Up-to-date: /home/brsd/microros_ws/install/multisense_msgs/include/multisense_msgs
[5.510s] -- Up-to-date: /home/brsd/microros_ws/install/multisense_msgs/include/multisense_msgs/msg
[5.511s] -- Up-to-date: /home/brsd/microros_ws/install/multisense_msgs/include/multisense_msgs/msg/detail
[5.511s] -- Up-to-date: /home/brsd/microros_ws/install/multisense_msgs/include/multisense_msgs/msg/detail/device_status__rosidl_typesupport_introspection_cpp.hpp
[5.512s] -- Up-to-date: /home/brsd/microros_ws/install/multisense_msgs/include/multisense_msgs/msg/detail/raw_cam_config__type_support.cpp
[5.512s] -- Up-to-date: /home/brsd/microros_ws/install/multisense_msgs/include/multisense_msgs/msg/detail/stamped_pps__type_support.cpp
[5.513s] -- Up-to-date: /home/brsd/microros_ws/install/multisense_msgs/include/multisense_msgs/msg/detail/raw_lidar_data__type_support.cpp
[5.513s] -- Up-to-date: /home/brsd/microros_ws/install/multisense_msgs/include/multisense_msgs/msg/detail/ptp_status__type_support.cpp
[5.514s] -- Up-to-date: /home/brsd/microros_ws/install/multisense_msgs/include/multisense_msgs/msg/detail/raw_cam_cal__type_support.cpp
[5.514s] -- Up-to-date: /home/brsd/microros_ws/install/multisense_msgs/include/multisense_msgs/msg/detail/raw_imu_data__rosidl_typesupport_introspection_cpp.hpp
[5.515s] -- Up-to-date: /home/brsd/microros_ws/install/multisense_msgs/include/multisense_msgs/msg/detail/raw_cam_data__type_support.cpp
[5.516s] -- Up-to-date: /home/brsd/microros_ws/install/multisense_msgs/include/multisense_msgs/msg/detail/raw_cam_cal__rosidl_typesupport_introspection_cpp.hpp
[5.516s] -- Up-to-date: /home/brsd/microros_ws/install/multisense_msgs/include/multisense_msgs/msg/detail/device_status__type_support.cpp
[5.517s] -- Up-to-date: /home/brsd/microros_ws/install/multisense_msgs/include/multisense_msgs/msg/detail/raw_lidar_cal__rosidl_typesupport_introspection_cpp.hpp
[5.517s] -- Up-to-date: /home/brsd/microros_ws/install/multisense_msgs/include/multisense_msgs/msg/detail/stamped_pps__rosidl_typesupport_introspection_cpp.hpp
[5.518s] -- Up-to-date: /home/brsd/microros_ws/install/multisense_msgs/include/multisense_msgs/msg/detail/ptp_status__rosidl_typesupport_introspection_cpp.hpp
[5.518s] -- Up-to-date: /home/brsd/microros_ws/install/multisense_msgs/include/multisense_msgs/msg/detail/raw_lidar_data__rosidl_typesupport_introspection_cpp.hpp
[5.519s] -- Up-to-date: /home/brsd/microros_ws/install/multisense_msgs/include/multisense_msgs/msg/detail/histogram__type_support.cpp
[5.519s] -- Up-to-date: /home/brsd/microros_ws/install/multisense_msgs/include/multisense_msgs/msg/detail/raw_lidar_cal__type_support.cpp
[5.519s] -- Up-to-date: /home/brsd/microros_ws/install/multisense_msgs/include/multisense_msgs/msg/detail/device_info__rosidl_typesupport_introspection_cpp.hpp
[5.520s] -- Up-to-date: /home/brsd/microros_ws/install/multisense_msgs/include/multisense_msgs/msg/detail/histogram__rosidl_typesupport_introspection_cpp.hpp
[5.521s] -- Up-to-date: /home/brsd/microros_ws/install/multisense_msgs/include/multisense_msgs/msg/detail/raw_imu_data__type_support.cpp
[5.522s] -- Up-to-date: /home/brsd/microros_ws/install/multisense_msgs/include/multisense_msgs/msg/detail/raw_cam_data__rosidl_typesupport_introspection_cpp.hpp
[5.522s] -- Up-to-date: /home/brsd/microros_ws/install/multisense_msgs/include/multisense_msgs/msg/detail/raw_cam_config__rosidl_typesupport_introspection_cpp.hpp
[5.523s] -- Up-to-date: /home/brsd/microros_ws/install/multisense_msgs/include/multisense_msgs/msg/detail/device_info__type_support.cpp
[5.523s] -- Up-to-date: /home/brsd/microros_ws/install/multisense_msgs/lib/libmultisense_msgs__rosidl_typesupport_introspection_cpp.so
[5.524s] -- Up-to-date: /home/brsd/microros_ws/install/multisense_msgs/lib/libmultisense_msgs__rosidl_typesupport_cpp.so
[5.524s] -- Up-to-date: /home/brsd/microros_ws/install/multisense_msgs/share/multisense_msgs/environment/pythonpath.sh
[5.525s] -- Up-to-date: /home/brsd/microros_ws/install/multisense_msgs/share/multisense_msgs/environment/pythonpath.dsv
[5.525s] -- Up-to-date: /home/brsd/microros_ws/install/multisense_msgs/lib/python3.8/site-packages/multisense_msgs/__init__.py
[5.963s] -- Up-to-date: /home/brsd/microros_ws/install/multisense_msgs/lib/python3.8/site-packages/multisense_msgs/msg
[5.966s] -- Up-to-date: /home/brsd/microros_ws/install/multisense_msgs/lib/python3.8/site-packages/multisense_msgs/msg/_stamped_pps_s.c
[5.968s] -- Up-to-date: /home/brsd/microros_ws/install/multisense_msgs/lib/python3.8/site-packages/multisense_msgs/msg/_ptp_status_s.c
[5.978s] -- Up-to-date: /home/brsd/microros_ws/install/multisense_msgs/lib/python3.8/site-packages/multisense_msgs/msg/_raw_cam_config_s.c
[5.981s] -- Up-to-date: /home/brsd/microros_ws/install/multisense_msgs/lib/python3.8/site-packages/multisense_msgs/msg/_raw_imu_data_s.c
[5.982s] -- Up-to-date: /home/brsd/microros_ws/install/multisense_msgs/lib/python3.8/site-packages/multisense_msgs/msg/__init__.py
[5.983s] -- Up-to-date: /home/brsd/microros_ws/install/multisense_msgs/lib/python3.8/site-packages/multisense_msgs/msg/_stamped_pps.py
[5.983s] -- Up-to-date: /home/brsd/microros_ws/install/multisense_msgs/lib/python3.8/site-packages/multisense_msgs/msg/_raw_imu_data.py
[5.984s] -- Up-to-date: /home/brsd/microros_ws/install/multisense_msgs/lib/python3.8/site-packages/multisense_msgs/msg/_device_info_s.c
[5.986s] -- Up-to-date: /home/brsd/microros_ws/install/multisense_msgs/lib/python3.8/site-packages/multisense_msgs/msg/_device_status_s.c
[5.986s] -- Up-to-date: /home/brsd/microros_ws/install/multisense_msgs/lib/python3.8/site-packages/multisense_msgs/msg/_raw_lidar_data_s.c
[5.987s] -- Up-to-date: /home/brsd/microros_ws/install/multisense_msgs/lib/python3.8/site-packages/multisense_msgs/msg/_raw_cam_cal_s.c
[5.987s] -- Up-to-date: /home/brsd/microros_ws/install/multisense_msgs/lib/python3.8/site-packages/multisense_msgs/msg/_raw_cam_config.py
[5.988s] -- Up-to-date: /home/brsd/microros_ws/install/multisense_msgs/lib/python3.8/site-packages/multisense_msgs/msg/_raw_cam_data.py
[5.992s] -- Up-to-date: /home/brsd/microros_ws/install/multisense_msgs/lib/python3.8/site-packages/multisense_msgs/msg/_device_info.py
[5.993s] -- Up-to-date: /home/brsd/microros_ws/install/multisense_msgs/lib/python3.8/site-packages/multisense_msgs/msg/_raw_lidar_cal_s.c
[5.994s] -- Up-to-date: /home/brsd/microros_ws/install/multisense_msgs/lib/python3.8/site-packages/multisense_msgs/msg/_ptp_status.py
[5.994s] -- Up-to-date: /home/brsd/microros_ws/install/multisense_msgs/lib/python3.8/site-packages/multisense_msgs/msg/_raw_cam_cal.py
[5.994s] -- Up-to-date: /home/brsd/microros_ws/install/multisense_msgs/lib/python3.8/site-packages/multisense_msgs/msg/_device_status.py
[5.995s] -- Up-to-date: /home/brsd/microros_ws/install/multisense_msgs/lib/python3.8/site-packages/multisense_msgs/msg/_histogram.py
[5.996s] -- Up-to-date: /home/brsd/microros_ws/install/multisense_msgs/lib/python3.8/site-packages/multisense_msgs/msg/_raw_lidar_data.py
[6.007s] -- Up-to-date: /home/brsd/microros_ws/install/multisense_msgs/lib/python3.8/site-packages/multisense_msgs/msg/_raw_lidar_cal.py
[6.011s] -- Up-to-date: /home/brsd/microros_ws/install/multisense_msgs/lib/python3.8/site-packages/multisense_msgs/msg/_raw_cam_data_s.c
[6.031s] -- Up-to-date: /home/brsd/microros_ws/install/multisense_msgs/lib/python3.8/site-packages/multisense_msgs/msg/_histogram_s.c
[6.032s] -- Up-to-date: /home/brsd/microros_ws/install/multisense_msgs/lib/python3.8/site-packages/multisense_msgs/multisense_msgs_s__rosidl_typesupport_fastrtps_c.cpython-38-aarch64-linux-gnu.so
[6.032s] -- Up-to-date: /home/brsd/microros_ws/install/multisense_msgs/lib/python3.8/site-packages/multisense_msgs/multisense_msgs_s__rosidl_typesupport_introspection_c.cpython-38-aarch64-linux-gnu.so
[6.033s] -- Up-to-date: /home/brsd/microros_ws/install/multisense_msgs/lib/python3.8/site-packages/multisense_msgs/multisense_msgs_s__rosidl_typesupport_c.cpython-38-aarch64-linux-gnu.so
[6.033s] -- Up-to-date: /home/brsd/microros_ws/install/multisense_msgs/lib/libmultisense_msgs__python.so
[6.034s] -- Up-to-date: /home/brsd/microros_ws/install/multisense_msgs/share/multisense_msgs/msg/DeviceInfo.idl
[6.043s] -- Up-to-date: /home/brsd/microros_ws/install/multisense_msgs/share/multisense_msgs/msg/RawCamConfig.idl
[6.044s] -- Up-to-date: /home/brsd/microros_ws/install/multisense_msgs/share/multisense_msgs/msg/RawImuData.idl
[6.050s] -- Up-to-date: /home/brsd/microros_ws/install/multisense_msgs/share/multisense_msgs/msg/RawLidarData.idl
[6.052s] -- Up-to-date: /home/brsd/microros_ws/install/multisense_msgs/share/multisense_msgs/msg/RawCamCal.idl
[6.053s] -- Up-to-date: /home/brsd/microros_ws/install/multisense_msgs/share/multisense_msgs/msg/RawCamData.idl
[6.053s] -- Up-to-date: /home/brsd/microros_ws/install/multisense_msgs/share/multisense_msgs/msg/RawLidarCal.idl
[6.054s] -- Up-to-date: /home/brsd/microros_ws/install/multisense_msgs/share/multisense_msgs/msg/Histogram.idl
[6.054s] -- Up-to-date: /home/brsd/microros_ws/install/multisense_msgs/share/multisense_msgs/msg/DeviceStatus.idl
[6.054s] -- Up-to-date: /home/brsd/microros_ws/install/multisense_msgs/share/multisense_msgs/msg/PtpStatus.idl
[6.055s] -- Up-to-date: /home/brsd/microros_ws/install/multisense_msgs/share/multisense_msgs/msg/StampedPps.idl
[6.055s] -- Up-to-date: /home/brsd/microros_ws/install/multisense_msgs/share/multisense_msgs/msg/DeviceInfo.msg
[6.056s] -- Up-to-date: /home/brsd/microros_ws/install/multisense_msgs/share/multisense_msgs/msg/RawCamConfig.msg
[6.056s] -- Up-to-date: /home/brsd/microros_ws/install/multisense_msgs/share/multisense_msgs/msg/RawImuData.msg
[6.057s] -- Up-to-date: /home/brsd/microros_ws/install/multisense_msgs/share/multisense_msgs/msg/RawLidarData.msg
[6.059s] -- Up-to-date: /home/brsd/microros_ws/install/multisense_msgs/share/multisense_msgs/msg/RawCamCal.msg
[6.064s] -- Up-to-date: /home/brsd/microros_ws/install/multisense_msgs/share/multisense_msgs/msg/RawCamData.msg
[6.069s] -- Up-to-date: /home/brsd/microros_ws/install/multisense_msgs/share/multisense_msgs/msg/RawLidarCal.msg
[6.069s] -- Up-to-date: /home/brsd/microros_ws/install/multisense_msgs/share/multisense_msgs/msg/Histogram.msg
[6.076s] -- Up-to-date: /home/brsd/microros_ws/install/multisense_msgs/share/multisense_msgs/msg/DeviceStatus.msg
[6.077s] -- Up-to-date: /home/brsd/microros_ws/install/multisense_msgs/share/multisense_msgs/msg/PtpStatus.msg
[6.078s] -- Up-to-date: /home/brsd/microros_ws/install/multisense_msgs/share/multisense_msgs/msg/StampedPps.msg
[6.079s] -- Up-to-date: /home/brsd/microros_ws/install/multisense_msgs/share/ament_index/resource_index/package_run_dependencies/multisense_msgs
[6.079s] -- Up-to-date: /home/brsd/microros_ws/install/multisense_msgs/share/ament_index/resource_index/parent_prefix_path/multisense_msgs
[6.080s] -- Up-to-date: /home/brsd/microros_ws/install/multisense_msgs/share/multisense_msgs/environment/ament_prefix_path.sh
[6.080s] -- Up-to-date: /home/brsd/microros_ws/install/multisense_msgs/share/multisense_msgs/environment/ament_prefix_path.dsv
[6.081s] -- Up-to-date: /home/brsd/microros_ws/install/multisense_msgs/share/multisense_msgs/environment/path.sh
[6.081s] -- Up-to-date: /home/brsd/microros_ws/install/multisense_msgs/share/multisense_msgs/environment/path.dsv
[6.082s] -- Up-to-date: /home/brsd/microros_ws/install/multisense_msgs/share/multisense_msgs/local_setup.bash
[6.082s] -- Up-to-date: /home/brsd/microros_ws/install/multisense_msgs/share/multisense_msgs/local_setup.sh
[6.092s] -- Up-to-date: /home/brsd/microros_ws/install/multisense_msgs/share/multisense_msgs/local_setup.zsh
[6.093s] -- Up-to-date: /home/brsd/microros_ws/install/multisense_msgs/share/multisense_msgs/local_setup.dsv
[6.093s] -- Installing: /home/brsd/microros_ws/install/multisense_msgs/share/multisense_msgs/package.dsv
[6.094s] -- Up-to-date: /home/brsd/microros_ws/install/multisense_msgs/share/ament_index/resource_index/packages/multisense_msgs
[6.094s] -- Up-to-date: /home/brsd/microros_ws/install/multisense_msgs/share/multisense_msgs/cmake/multisense_msgs__rosidl_generator_cExport.cmake
[6.095s] -- Up-to-date: /home/brsd/microros_ws/install/multisense_msgs/share/multisense_msgs/cmake/multisense_msgs__rosidl_generator_cExport-release.cmake
[6.095s] -- Up-to-date: /home/brsd/microros_ws/install/multisense_msgs/share/multisense_msgs/cmake/multisense_msgs__rosidl_typesupport_introspection_cExport.cmake
[6.096s] -- Up-to-date: /home/brsd/microros_ws/install/multisense_msgs/share/multisense_msgs/cmake/multisense_msgs__rosidl_typesupport_introspection_cExport-release.cmake
[6.097s] -- Up-to-date: /home/brsd/microros_ws/install/multisense_msgs/share/multisense_msgs/cmake/multisense_msgs__rosidl_typesupport_cExport.cmake
[6.100s] -- Up-to-date: /home/brsd/microros_ws/install/multisense_msgs/share/multisense_msgs/cmake/multisense_msgs__rosidl_typesupport_cExport-release.cmake
[6.101s] -- Up-to-date: /home/brsd/microros_ws/install/multisense_msgs/share/multisense_msgs/cmake/multisense_msgs__rosidl_generator_cppExport.cmake
[6.102s] -- Up-to-date: /home/brsd/microros_ws/install/multisense_msgs/share/multisense_msgs/cmake/multisense_msgs__rosidl_typesupport_introspection_cppExport.cmake
[6.103s] -- Up-to-date: /home/brsd/microros_ws/install/multisense_msgs/share/multisense_msgs/cmake/multisense_msgs__rosidl_typesupport_introspection_cppExport-release.cmake
[6.103s] -- Up-to-date: /home/brsd/microros_ws/install/multisense_msgs/share/multisense_msgs/cmake/multisense_msgs__rosidl_typesupport_cppExport.cmake
[6.106s] -- Up-to-date: /home/brsd/microros_ws/install/multisense_msgs/share/multisense_msgs/cmake/multisense_msgs__rosidl_typesupport_cppExport-release.cmake
[6.108s] -- Up-to-date: /home/brsd/microros_ws/install/multisense_msgs/share/multisense_msgs/cmake/rosidl_cmake-extras.cmake
[6.126s] -- Up-to-date: /home/brsd/microros_ws/install/multisense_msgs/share/multisense_msgs/cmake/ament_cmake_export_dependencies-extras.cmake
[6.126s] -- Up-to-date: /home/brsd/microros_ws/install/multisense_msgs/share/multisense_msgs/cmake/ament_cmake_export_libraries-extras.cmake
[6.127s] -- Up-to-date: /home/brsd/microros_ws/install/multisense_msgs/share/multisense_msgs/cmake/ament_cmake_export_targets-extras.cmake
[6.127s] -- Up-to-date: /home/brsd/microros_ws/install/multisense_msgs/share/multisense_msgs/cmake/ament_cmake_export_include_directories-extras.cmake
[6.128s] -- Up-to-date: /home/brsd/microros_ws/install/multisense_msgs/share/multisense_msgs/cmake/rosidl_cmake_export_typesupport_libraries-extras.cmake
[6.129s] -- Up-to-date: /home/brsd/microros_ws/install/multisense_msgs/share/multisense_msgs/cmake/rosidl_cmake_export_typesupport_targets-extras.cmake
[6.129s] -- Up-to-date: /home/brsd/microros_ws/install/multisense_msgs/share/multisense_msgs/cmake/multisense_msgsConfig.cmake
[6.130s] -- Up-to-date: /home/brsd/microros_ws/install/multisense_msgs/share/multisense_msgs/cmake/multisense_msgsConfig-version.cmake
[6.130s] -- Up-to-date: /home/brsd/microros_ws/install/multisense_msgs/share/multisense_msgs/package.xml
[6.131s] Invoked command in '/home/brsd/microros_ws/build/multisense_msgs' returned '0': CMAKE_PREFIX_PATH=${CMAKE_PREFIX_PATH}:/home/brsd/microros_ws/install/person_detection:/home/brsd/microros_ws/install/pathfinding:/home/brsd/microros_ws/install/object_detection_pkg:/home/brsd/microros_ws/install/joystick_input:/home/brsd/microros_ws/install/jetson_comm:/home/brsd/microros_ws/install/fsm:/opt/ros/foxy /usr/bin/cmake --install /home/brsd/microros_ws/build/multisense_msgs
