[10.437s] Invoking command in '/home/brsd/microros_ws/src/joystick_input': PYTHONPATH=/home/brsd/microros_ws/build/joystick_input/prefix_override:/usr/lib/python3/dist-packages/colcon_core/task/python/colcon_distutils_commands:/home/brsd/microros_ws/install/joystick_input/lib/python3.8/site-packages:${PYTHONPATH} /usr/bin/python3 -W ignore:setup.py install is deprecated setup.py egg_info --egg-base ../../build/joystick_input build --build-base /home/brsd/microros_ws/build/joystick_input/build install --record /home/brsd/microros_ws/build/joystick_input/install.log --install-scripts $base/lib/joystick_input --single-version-externally-managed install_data
[13.772s] running egg_info
[13.787s] writing ../../build/joystick_input/joystick_input.egg-info/PKG-INFO
[13.790s] writing dependency_links to ../../build/joystick_input/joystick_input.egg-info/dependency_links.txt
[13.791s] writing entry points to ../../build/joystick_input/joystick_input.egg-info/entry_points.txt
[13.792s] writing requirements to ../../build/joystick_input/joystick_input.egg-info/requires.txt
[13.792s] writing top-level names to ../../build/joystick_input/joystick_input.egg-info/top_level.txt
[14.250s] reading manifest file '../../build/joystick_input/joystick_input.egg-info/SOURCES.txt'
[14.261s] writing manifest file '../../build/joystick_input/joystick_input.egg-info/SOURCES.txt'
[14.266s] running build
[14.267s] running build_py
[14.270s] running install
[14.278s] running install_lib
[14.292s] running install_data
[14.303s] running install_egg_info
[14.320s] removing '/home/brsd/microros_ws/install/joystick_input/lib/python3.8/site-packages/joystick_input-0.0.0-py3.8.egg-info' (and everything under it)
[14.337s] Copying ../../build/joystick_input/joystick_input.egg-info to /home/brsd/microros_ws/install/joystick_input/lib/python3.8/site-packages/joystick_input-0.0.0-py3.8.egg-info
[14.339s] running install_scripts
[14.564s] Installing joystick_node script to /home/brsd/microros_ws/install/joystick_input/lib/joystick_input
[14.570s] writing list of installed files to '/home/brsd/microros_ws/build/joystick_input/install.log'
[15.007s] Invoked command in '/home/brsd/microros_ws/src/joystick_input' returned '0': PYTHONPATH=/home/brsd/microros_ws/build/joystick_input/prefix_override:/usr/lib/python3/dist-packages/colcon_core/task/python/colcon_distutils_commands:/home/brsd/microros_ws/install/joystick_input/lib/python3.8/site-packages:${PYTHONPATH} /usr/bin/python3 -W ignore:setup.py install is deprecated setup.py egg_info --egg-base ../../build/joystick_input build --build-base /home/brsd/microros_ws/build/joystick_input/build install --record /home/brsd/microros_ws/build/joystick_input/install.log --install-scripts $base/lib/joystick_input --single-version-externally-managed install_data
