[7.491s] Invoking command in '/home/brsd/microros_ws/src/pathfinding': PYTHONPATH=/home/brsd/microros_ws/build/pathfinding/prefix_override:/usr/lib/python3/dist-packages/colcon_core/task/python/colcon_distutils_commands:/home/brsd/microros_ws/install/pathfinding/lib/python3.8/site-packages:${PYTHONPATH} /usr/bin/python3 -W ignore:setup.py install is deprecated setup.py egg_info --egg-base ../../build/pathfinding build --build-base /home/brsd/microros_ws/build/pathfinding/build install --record /home/brsd/microros_ws/build/pathfinding/install.log --install-scripts $base/lib/pathfinding --single-version-externally-managed install_data
[10.460s] running egg_info
[10.466s] writing ../../build/pathfinding/pathfinding.egg-info/PKG-INFO
[10.469s] writing dependency_links to ../../build/pathfinding/pathfinding.egg-info/dependency_links.txt
[10.471s] writing entry points to ../../build/pathfinding/pathfinding.egg-info/entry_points.txt
[10.472s] writing requirements to ../../build/pathfinding/pathfinding.egg-info/requires.txt
[10.473s] writing top-level names to ../../build/pathfinding/pathfinding.egg-info/top_level.txt
[10.718s] reading manifest file '../../build/pathfinding/pathfinding.egg-info/SOURCES.txt'
[10.726s] writing manifest file '../../build/pathfinding/pathfinding.egg-info/SOURCES.txt'
[10.729s] running build
[10.729s] running build_py
[10.736s] running install
[10.741s] running install_lib
[10.757s] running install_data
[10.759s] running install_egg_info
[10.787s] removing '/home/brsd/microros_ws/install/pathfinding/lib/python3.8/site-packages/pathfinding-0.0.0-py3.8.egg-info' (and everything under it)
[10.792s] Copying ../../build/pathfinding/pathfinding.egg-info to /home/brsd/microros_ws/install/pathfinding/lib/python3.8/site-packages/pathfinding-0.0.0-py3.8.egg-info
[10.794s] running install_scripts
[10.970s] Installing image_display_node script to /home/brsd/microros_ws/install/pathfinding/lib/pathfinding
[10.971s] Installing pathfinding_node script to /home/brsd/microros_ws/install/pathfinding/lib/pathfinding
[10.971s] writing list of installed files to '/home/brsd/microros_ws/build/pathfinding/install.log'
[11.158s] Invoked command in '/home/brsd/microros_ws/src/pathfinding' returned '0': PYTHONPATH=/home/brsd/microros_ws/build/pathfinding/prefix_override:/usr/lib/python3/dist-packages/colcon_core/task/python/colcon_distutils_commands:/home/brsd/microros_ws/install/pathfinding/lib/python3.8/site-packages:${PYTHONPATH} /usr/bin/python3 -W ignore:setup.py install is deprecated setup.py egg_info --egg-base ../../build/pathfinding build --build-base /home/brsd/microros_ws/build/pathfinding/build install --record /home/brsd/microros_ws/build/pathfinding/install.log --install-scripts $base/lib/pathfinding --single-version-externally-managed install_data
