[11.473s] Invoking command in '/home/brsd/microros_ws/src/object_detection_pkg': PYTHONPATH=/home/brsd/microros_ws/build/object_detection_pkg/prefix_override:/usr/lib/python3/dist-packages/colcon_core/task/python/colcon_distutils_commands:/home/brsd/microros_ws/install/object_detection_pkg/lib/python3.8/site-packages:${PYTHONPATH} /usr/bin/python3 -W ignore:setup.py install is deprecated setup.py egg_info --egg-base ../../build/object_detection_pkg build --build-base /home/brsd/microros_ws/build/object_detection_pkg/build install --record /home/brsd/microros_ws/build/object_detection_pkg/install.log --install-scripts $base/lib/object_detection_pkg --single-version-externally-managed install_data
[14.281s] running egg_info
[14.296s] writing ../../build/object_detection_pkg/object_detection_pkg.egg-info/PKG-INFO
[14.297s] writing dependency_links to ../../build/object_detection_pkg/object_detection_pkg.egg-info/dependency_links.txt
[14.297s] writing entry points to ../../build/object_detection_pkg/object_detection_pkg.egg-info/entry_points.txt
[14.298s] writing requirements to ../../build/object_detection_pkg/object_detection_pkg.egg-info/requires.txt
[14.299s] writing top-level names to ../../build/object_detection_pkg/object_detection_pkg.egg-info/top_level.txt
[14.871s] reading manifest file '../../build/object_detection_pkg/object_detection_pkg.egg-info/SOURCES.txt'
[14.877s] writing manifest file '../../build/object_detection_pkg/object_detection_pkg.egg-info/SOURCES.txt'
[14.881s] running build
[14.881s] running build_py
[14.882s] running install
[14.885s] running install_lib
[14.909s] running install_data
[14.911s] running install_egg_info
[14.929s] removing '/home/brsd/microros_ws/install/object_detection_pkg/lib/python3.8/site-packages/object_detection_pkg-0.0.0-py3.8.egg-info' (and everything under it)
[14.936s] Copying ../../build/object_detection_pkg/object_detection_pkg.egg-info to /home/brsd/microros_ws/install/object_detection_pkg/lib/python3.8/site-packages/object_detection_pkg-0.0.0-py3.8.egg-info
[14.942s] running install_scripts
[15.168s] writing list of installed files to '/home/brsd/microros_ws/build/object_detection_pkg/install.log'
[15.470s] Invoked command in '/home/brsd/microros_ws/src/object_detection_pkg' returned '0': PYTHONPATH=/home/brsd/microros_ws/build/object_detection_pkg/prefix_override:/usr/lib/python3/dist-packages/colcon_core/task/python/colcon_distutils_commands:/home/brsd/microros_ws/install/object_detection_pkg/lib/python3.8/site-packages:${PYTHONPATH} /usr/bin/python3 -W ignore:setup.py install is deprecated setup.py egg_info --egg-base ../../build/object_detection_pkg build --build-base /home/brsd/microros_ws/build/object_detection_pkg/build install --record /home/brsd/microros_ws/build/object_detection_pkg/install.log --install-scripts $base/lib/object_detection_pkg --single-version-externally-managed install_data
