[4.445s] Invoking command in '/home/brsd/microros_ws/src/jetson_comm': PYTHONPATH=/home/brsd/microros_ws/build/jetson_comm/prefix_override:/usr/lib/python3/dist-packages/colcon_core/task/python/colcon_distutils_commands:/home/brsd/microros_ws/install/jetson_comm/lib/python3.8/site-packages:${PYTHONPATH} /usr/bin/python3 -W ignore:setup.py install is deprecated setup.py egg_info --egg-base ../../build/jetson_comm build --build-base /home/brsd/microros_ws/build/jetson_comm/build install --record /home/brsd/microros_ws/build/jetson_comm/install.log --install-scripts $base/lib/jetson_comm --single-version-externally-managed install_data
[6.271s] running egg_info
[6.271s] writing ../../build/jetson_comm/jetson_comm.egg-info/PKG-INFO
[6.272s] writing dependency_links to ../../build/jetson_comm/jetson_comm.egg-info/dependency_links.txt
[6.272s] writing entry points to ../../build/jetson_comm/jetson_comm.egg-info/entry_points.txt
[6.273s] writing requirements to ../../build/jetson_comm/jetson_comm.egg-info/requires.txt
[6.273s] writing top-level names to ../../build/jetson_comm/jetson_comm.egg-info/top_level.txt
[6.433s] reading manifest file '../../build/jetson_comm/jetson_comm.egg-info/SOURCES.txt'
[6.442s] writing manifest file '../../build/jetson_comm/jetson_comm.egg-info/SOURCES.txt'
[6.443s] running build
[6.443s] running build_py
[6.444s] running install
[6.461s] running install_lib
[6.469s] running install_data
[6.470s] running install_egg_info
[6.478s] removing '/home/brsd/microros_ws/install/jetson_comm/lib/python3.8/site-packages/jetson_comm-0.0.0-py3.8.egg-info' (and everything under it)
[6.487s] Copying ../../build/jetson_comm/jetson_comm.egg-info to /home/brsd/microros_ws/install/jetson_comm/lib/python3.8/site-packages/jetson_comm-0.0.0-py3.8.egg-info
[6.497s] running install_scripts
[6.588s] Installing jetson_node script to /home/brsd/microros_ws/install/jetson_comm/lib/jetson_comm
[6.592s] writing list of installed files to '/home/brsd/microros_ws/build/jetson_comm/install.log'
[7.746s] Invoked command in '/home/brsd/microros_ws/src/jetson_comm' returned '0': PYTHONPATH=/home/brsd/microros_ws/build/jetson_comm/prefix_override:/usr/lib/python3/dist-packages/colcon_core/task/python/colcon_distutils_commands:/home/brsd/microros_ws/install/jetson_comm/lib/python3.8/site-packages:${PYTHONPATH} /usr/bin/python3 -W ignore:setup.py install is deprecated setup.py egg_info --egg-base ../../build/jetson_comm build --build-base /home/brsd/microros_ws/build/jetson_comm/build install --record /home/brsd/microros_ws/build/jetson_comm/install.log --install-scripts $base/lib/jetson_comm --single-version-externally-managed install_data
