[0.273s] Invoking command in '/home/brsd/microros_ws/build/multisense_ros': CMAKE_PREFIX_PATH=/home/brsd/microros_ws/install/xacro:/home/brsd/microros_ws/install/multisense_msgs:/home/brsd/microros_ws/install/multisense_lib:/home/brsd/microros_ws/install/multisense_ros:/home/brsd/microros_ws/install/micro_ros_setup:/home/brsd/microros_ws/install/micro_ros_agent:/home/brsd/microros_ws/install/micro_ros_msgs:/home/brsd/microros_ws/install/drive_base_msgs:/home/brsd/microros_ws/install/person_detection:/home/brsd/microros_ws/install/pathfinding:/home/brsd/microros_ws/install/object_detection_pkg:/home/brsd/microros_ws/install/joystick_input:/home/brsd/microros_ws/install/jetson_comm:/home/brsd/microros_ws/install/fsm:/opt/ros/foxy PYTHONPATH=/home/brsd/microros_ws/install/xacro/lib/python3.8/site-packages:/home/brsd/microros_ws/install/multisense_msgs/lib/python3.8/site-packages:/home/brsd/microros_ws/install/person_detection/lib/python3.8/site-packages:/home/brsd/microros_ws/install/pathfinding/lib/python3.8/site-packages:/home/brsd/microros_ws/install/object_detection_pkg/lib/python3.8/site-packages:/home/brsd/microros_ws/install/micro_ros_msgs/lib/python3.8/site-packages:/home/brsd/microros_ws/install/joystick_input/lib/python3.8/site-packages:/home/brsd/microros_ws/install/jetson_comm/lib/python3.8/site-packages:/home/brsd/microros_ws/install/fsm/lib/python3.8/site-packages:/home/brsd/microros_ws/install/drive_base_msgs/lib/python3.8/site-packages:/opt/ros/foxy/lib/python3.8/site-packages /usr/bin/cmake --build /home/brsd/microros_ws/build/multisense_ros -- -j4 -l4
[1.551s] [ 83%] Built target multisense_ros
[2.011s] [100%] Built target ros_driver
[2.146s] Invoked command in '/home/brsd/microros_ws/build/multisense_ros' returned '0': CMAKE_PREFIX_PATH=/home/brsd/microros_ws/install/xacro:/home/brsd/microros_ws/install/multisense_msgs:/home/brsd/microros_ws/install/multisense_lib:/home/brsd/microros_ws/install/multisense_ros:/home/brsd/microros_ws/install/micro_ros_setup:/home/brsd/microros_ws/install/micro_ros_agent:/home/brsd/microros_ws/install/micro_ros_msgs:/home/brsd/microros_ws/install/drive_base_msgs:/home/brsd/microros_ws/install/person_detection:/home/brsd/microros_ws/install/pathfinding:/home/brsd/microros_ws/install/object_detection_pkg:/home/brsd/microros_ws/install/joystick_input:/home/brsd/microros_ws/install/jetson_comm:/home/brsd/microros_ws/install/fsm:/opt/ros/foxy PYTHONPATH=/home/brsd/microros_ws/install/xacro/lib/python3.8/site-packages:/home/brsd/microros_ws/install/multisense_msgs/lib/python3.8/site-packages:/home/brsd/microros_ws/install/person_detection/lib/python3.8/site-packages:/home/brsd/microros_ws/install/pathfinding/lib/python3.8/site-packages:/home/brsd/microros_ws/install/object_detection_pkg/lib/python3.8/site-packages:/home/brsd/microros_ws/install/micro_ros_msgs/lib/python3.8/site-packages:/home/brsd/microros_ws/install/joystick_input/lib/python3.8/site-packages:/home/brsd/microros_ws/install/jetson_comm/lib/python3.8/site-packages:/home/brsd/microros_ws/install/fsm/lib/python3.8/site-packages:/home/brsd/microros_ws/install/drive_base_msgs/lib/python3.8/site-packages:/opt/ros/foxy/lib/python3.8/site-packages /usr/bin/cmake --build /home/brsd/microros_ws/build/multisense_ros -- -j4 -l4
[2.566s] Invoking command in '/home/brsd/microros_ws/build/multisense_ros': CMAKE_PREFIX_PATH=/home/brsd/microros_ws/install/xacro:/home/brsd/microros_ws/install/multisense_msgs:/home/brsd/microros_ws/install/multisense_lib:/home/brsd/microros_ws/install/multisense_ros:/home/brsd/microros_ws/install/micro_ros_setup:/home/brsd/microros_ws/install/micro_ros_agent:/home/brsd/microros_ws/install/micro_ros_msgs:/home/brsd/microros_ws/install/drive_base_msgs:/home/brsd/microros_ws/install/person_detection:/home/brsd/microros_ws/install/pathfinding:/home/brsd/microros_ws/install/object_detection_pkg:/home/brsd/microros_ws/install/joystick_input:/home/brsd/microros_ws/install/jetson_comm:/home/brsd/microros_ws/install/fsm:/opt/ros/foxy PYTHONPATH=/home/brsd/microros_ws/install/xacro/lib/python3.8/site-packages:/home/brsd/microros_ws/install/multisense_msgs/lib/python3.8/site-packages:/home/brsd/microros_ws/install/person_detection/lib/python3.8/site-packages:/home/brsd/microros_ws/install/pathfinding/lib/python3.8/site-packages:/home/brsd/microros_ws/install/object_detection_pkg/lib/python3.8/site-packages:/home/brsd/microros_ws/install/micro_ros_msgs/lib/python3.8/site-packages:/home/brsd/microros_ws/install/joystick_input/lib/python3.8/site-packages:/home/brsd/microros_ws/install/jetson_comm/lib/python3.8/site-packages:/home/brsd/microros_ws/install/fsm/lib/python3.8/site-packages:/home/brsd/microros_ws/install/drive_base_msgs/lib/python3.8/site-packages:/opt/ros/foxy/lib/python3.8/site-packages /usr/bin/cmake --install /home/brsd/microros_ws/build/multisense_ros
[2.657s] -- Install configuration: "Release"
[2.660s] -- Up-to-date: /home/brsd/microros_ws/install/multisense_ros/lib/multisense_ros/ros_driver
[2.669s] -- Up-to-date: /home/brsd/microros_ws/install/multisense_ros/share/multisense_ros/launch
[2.669s] -- Up-to-date: /home/brsd/microros_ws/install/multisense_ros/share/multisense_ros/launch/multisense_launch.py
[2.670s] -- Up-to-date: /home/brsd/microros_ws/install/multisense_ros/share/multisense_ros/materials
[2.671s] -- Up-to-date: /home/brsd/microros_ws/install/multisense_ros/share/multisense_ros/materials/textures
[2.674s] -- Up-to-date: /home/brsd/microros_ws/install/multisense_ros/share/multisense_ros/materials/textures/head_diffuse.jpg
[2.675s] -- Up-to-date: /home/brsd/microros_ws/install/multisense_ros/share/multisense_ros/meshes
[2.685s] -- Up-to-date: /home/brsd/microros_ws/install/multisense_ros/share/multisense_ros/meshes/multisense_s7s.STL
[2.687s] -- Up-to-date: /home/brsd/microros_ws/install/multisense_ros/share/multisense_ros/meshes/multisense_ks21.STL
[2.687s] -- Up-to-date: /home/brsd/microros_ws/install/multisense_ros/share/multisense_ros/meshes/multisense_s30.STL
[2.688s] -- Up-to-date: /home/brsd/microros_ws/install/multisense_ros/share/multisense_ros/meshes/head.dae
[2.688s] -- Up-to-date: /home/brsd/microros_ws/install/multisense_ros/share/multisense_ros/meshes/base_link.STL
[2.691s] -- Up-to-date: /home/brsd/microros_ws/install/multisense_ros/share/multisense_ros/meshes/multisense_s21.STL
[2.693s] -- Up-to-date: /home/brsd/microros_ws/install/multisense_ros/share/multisense_ros/meshes/multisense_s7.STL
[2.693s] -- Up-to-date: /home/brsd/microros_ws/install/multisense_ros/share/multisense_ros/meshes/head_camera.dae
[2.694s] -- Up-to-date: /home/brsd/microros_ws/install/multisense_ros/share/multisense_ros/meshes/hokuyo_link.STL
[2.725s] -- Up-to-date: /home/brsd/microros_ws/install/multisense_ros/share/multisense_ros/meshes/multisense_s27.STL
[2.728s] -- Up-to-date: /home/brsd/microros_ws/install/multisense_ros/share/multisense_ros/urdf
[2.729s] -- Up-to-date: /home/brsd/microros_ws/install/multisense_ros/share/multisense_ros/urdf/S7S
[2.729s] -- Up-to-date: /home/brsd/microros_ws/install/multisense_ros/share/multisense_ros/urdf/S7S/multisenseS7S.urdf.xacro
[2.730s] -- Up-to-date: /home/brsd/microros_ws/install/multisense_ros/share/multisense_ros/urdf/S7S/standalone.urdf.xacro
[2.730s] -- Up-to-date: /home/brsd/microros_ws/install/multisense_ros/share/multisense_ros/urdf/KS21
[2.731s] -- Up-to-date: /home/brsd/microros_ws/install/multisense_ros/share/multisense_ros/urdf/KS21/standalone.urdf.xacro
[2.735s] -- Up-to-date: /home/brsd/microros_ws/install/multisense_ros/share/multisense_ros/urdf/KS21/multisenseKS21.urdf.xacro
[2.736s] -- Up-to-date: /home/brsd/microros_ws/install/multisense_ros/share/multisense_ros/urdf/SL
[2.737s] -- Up-to-date: /home/brsd/microros_ws/install/multisense_ros/share/multisense_ros/urdf/SL/multisenseSL.urdf.xacro
[2.752s] -- Up-to-date: /home/brsd/microros_ws/install/multisense_ros/share/multisense_ros/urdf/SL/standalone.urdf.xacro
[2.753s] -- Up-to-date: /home/brsd/microros_ws/install/multisense_ros/share/multisense_ros/urdf/S21
[2.754s] -- Up-to-date: /home/brsd/microros_ws/install/multisense_ros/share/multisense_ros/urdf/S21/standalone.urdf.xacro
[2.755s] -- Up-to-date: /home/brsd/microros_ws/install/multisense_ros/share/multisense_ros/urdf/S21/multisenseS21.urdf.xacro
[2.755s] -- Up-to-date: /home/brsd/microros_ws/install/multisense_ros/share/multisense_ros/urdf/S27
[2.756s] -- Up-to-date: /home/brsd/microros_ws/install/multisense_ros/share/multisense_ros/urdf/S27/multisenseS27.urdf.xacro
[2.756s] -- Up-to-date: /home/brsd/microros_ws/install/multisense_ros/share/multisense_ros/urdf/S27/standalone.urdf.xacro
[2.757s] -- Up-to-date: /home/brsd/microros_ws/install/multisense_ros/share/multisense_ros/urdf/S7
[2.757s] -- Up-to-date: /home/brsd/microros_ws/install/multisense_ros/share/multisense_ros/urdf/S7/multisenseS7.urdf.xacro
[2.758s] -- Up-to-date: /home/brsd/microros_ws/install/multisense_ros/share/multisense_ros/urdf/S7/standalone.urdf.xacro
[2.758s] -- Up-to-date: /home/brsd/microros_ws/install/multisense_ros/share/multisense_ros/urdf/S30
[2.759s] -- Up-to-date: /home/brsd/microros_ws/install/multisense_ros/share/multisense_ros/urdf/S30/multisenseS30.urdf.xacro
[2.759s] -- Up-to-date: /home/brsd/microros_ws/install/multisense_ros/share/multisense_ros/urdf/S30/standalone.urdf.xacro
[2.760s] -- Up-to-date: /home/brsd/microros_ws/install/multisense_ros/share/ament_index/resource_index/package_run_dependencies/multisense_ros
[2.760s] -- Up-to-date: /home/brsd/microros_ws/install/multisense_ros/share/ament_index/resource_index/parent_prefix_path/multisense_ros
[2.760s] -- Up-to-date: /home/brsd/microros_ws/install/multisense_ros/share/multisense_ros/environment/ament_prefix_path.sh
[2.761s] -- Up-to-date: /home/brsd/microros_ws/install/multisense_ros/share/multisense_ros/environment/ament_prefix_path.dsv
[2.762s] -- Up-to-date: /home/brsd/microros_ws/install/multisense_ros/share/multisense_ros/environment/path.sh
[2.768s] -- Up-to-date: /home/brsd/microros_ws/install/multisense_ros/share/multisense_ros/environment/path.dsv
[2.769s] -- Up-to-date: /home/brsd/microros_ws/install/multisense_ros/share/multisense_ros/local_setup.bash
[2.772s] -- Up-to-date: /home/brsd/microros_ws/install/multisense_ros/share/multisense_ros/local_setup.sh
[2.772s] -- Up-to-date: /home/brsd/microros_ws/install/multisense_ros/share/multisense_ros/local_setup.zsh
[2.773s] -- Up-to-date: /home/brsd/microros_ws/install/multisense_ros/share/multisense_ros/local_setup.dsv
[2.773s] -- Installing: /home/brsd/microros_ws/install/multisense_ros/share/multisense_ros/package.dsv
[2.774s] -- Up-to-date: /home/brsd/microros_ws/install/multisense_ros/share/ament_index/resource_index/packages/multisense_ros
[2.774s] -- Up-to-date: /home/brsd/microros_ws/install/multisense_ros/share/multisense_ros/cmake/multisense_rosConfig.cmake
[2.775s] -- Up-to-date: /home/brsd/microros_ws/install/multisense_ros/share/multisense_ros/cmake/multisense_rosConfig-version.cmake
[2.775s] -- Up-to-date: /home/brsd/microros_ws/install/multisense_ros/share/multisense_ros/package.xml
[2.776s] Invoked command in '/home/brsd/microros_ws/build/multisense_ros' returned '0': CMAKE_PREFIX_PATH=/home/brsd/microros_ws/install/xacro:/home/brsd/microros_ws/install/multisense_msgs:/home/brsd/microros_ws/install/multisense_lib:/home/brsd/microros_ws/install/multisense_ros:/home/brsd/microros_ws/install/micro_ros_setup:/home/brsd/microros_ws/install/micro_ros_agent:/home/brsd/microros_ws/install/micro_ros_msgs:/home/brsd/microros_ws/install/drive_base_msgs:/home/brsd/microros_ws/install/person_detection:/home/brsd/microros_ws/install/pathfinding:/home/brsd/microros_ws/install/object_detection_pkg:/home/brsd/microros_ws/install/joystick_input:/home/brsd/microros_ws/install/jetson_comm:/home/brsd/microros_ws/install/fsm:/opt/ros/foxy PYTHONPATH=/home/brsd/microros_ws/install/xacro/lib/python3.8/site-packages:/home/brsd/microros_ws/install/multisense_msgs/lib/python3.8/site-packages:/home/brsd/microros_ws/install/person_detection/lib/python3.8/site-packages:/home/brsd/microros_ws/install/pathfinding/lib/python3.8/site-packages:/home/brsd/microros_ws/install/object_detection_pkg/lib/python3.8/site-packages:/home/brsd/microros_ws/install/micro_ros_msgs/lib/python3.8/site-packages:/home/brsd/microros_ws/install/joystick_input/lib/python3.8/site-packages:/home/brsd/microros_ws/install/jetson_comm/lib/python3.8/site-packages:/home/brsd/microros_ws/install/fsm/lib/python3.8/site-packages:/home/brsd/microros_ws/install/drive_base_msgs/lib/python3.8/site-packages:/opt/ros/foxy/lib/python3.8/site-packages /usr/bin/cmake --install /home/brsd/microros_ws/build/multisense_ros
