[9.022s] Invoking command in '/home/brsd/microros_ws/src/jetson_comm': PYTHONPATH=/home/brsd/microros_ws/build/jetson_comm/prefix_override:/usr/lib/python3/dist-packages/colcon_core/task/python/colcon_distutils_commands:/home/brsd/microros_ws/install/jetson_comm/lib/python3.8/site-packages:${PYTHONPATH} /usr/bin/python3 -W ignore:setup.py install is deprecated setup.py egg_info --egg-base ../../build/jetson_comm build --build-base /home/brsd/microros_ws/build/jetson_comm/build install --record /home/brsd/microros_ws/build/jetson_comm/install.log --install-scripts $base/lib/jetson_comm --single-version-externally-managed install_data
[12.128s] running egg_info
[12.142s] writing ../../build/jetson_comm/jetson_comm.egg-info/PKG-INFO
[12.143s] writing dependency_links to ../../build/jetson_comm/jetson_comm.egg-info/dependency_links.txt
[12.146s] writing entry points to ../../build/jetson_comm/jetson_comm.egg-info/entry_points.txt
[12.148s] writing requirements to ../../build/jetson_comm/jetson_comm.egg-info/requires.txt
[12.150s] writing top-level names to ../../build/jetson_comm/jetson_comm.egg-info/top_level.txt
[12.618s] reading manifest file '../../build/jetson_comm/jetson_comm.egg-info/SOURCES.txt'
[12.633s] writing manifest file '../../build/jetson_comm/jetson_comm.egg-info/SOURCES.txt'
[12.633s] running build
[12.636s] running build_py
[12.636s] running install
[12.648s] running install_lib
[12.673s] running install_data
[12.676s] running install_egg_info
[12.694s] removing '/home/brsd/microros_ws/install/jetson_comm/lib/python3.8/site-packages/jetson_comm-0.0.0-py3.8.egg-info' (and everything under it)
[12.695s] Copying ../../build/jetson_comm/jetson_comm.egg-info to /home/brsd/microros_ws/install/jetson_comm/lib/python3.8/site-packages/jetson_comm-0.0.0-py3.8.egg-info
[12.706s] running install_scripts
[12.907s] Installing jetson_node script to /home/brsd/microros_ws/install/jetson_comm/lib/jetson_comm
[12.916s] writing list of installed files to '/home/brsd/microros_ws/build/jetson_comm/install.log'
[13.174s] Invoked command in '/home/brsd/microros_ws/src/jetson_comm' returned '0': PYTHONPATH=/home/brsd/microros_ws/build/jetson_comm/prefix_override:/usr/lib/python3/dist-packages/colcon_core/task/python/colcon_distutils_commands:/home/brsd/microros_ws/install/jetson_comm/lib/python3.8/site-packages:${PYTHONPATH} /usr/bin/python3 -W ignore:setup.py install is deprecated setup.py egg_info --egg-base ../../build/jetson_comm build --build-base /home/brsd/microros_ws/build/jetson_comm/build install --record /home/brsd/microros_ws/build/jetson_comm/install.log --install-scripts $base/lib/jetson_comm --single-version-externally-managed install_data
