[7.973s] Invoking command in '/home/brsd/microros_ws/src/pathfinding': PYTHONPATH=/home/brsd/microros_ws/build/pathfinding/prefix_override:/usr/lib/python3/dist-packages/colcon_core/task/python/colcon_distutils_commands:/home/brsd/microros_ws/install/pathfinding/lib/python3.8/site-packages:${PYTHONPATH} /usr/bin/python3 -W ignore:setup.py install is deprecated setup.py egg_info --egg-base ../../build/pathfinding build --build-base /home/brsd/microros_ws/build/pathfinding/build install --record /home/brsd/microros_ws/build/pathfinding/install.log --install-scripts $base/lib/pathfinding --single-version-externally-managed install_data
[10.284s] running egg_info
[10.289s] writing ../../build/pathfinding/pathfinding.egg-info/PKG-INFO
[10.291s] writing dependency_links to ../../build/pathfinding/pathfinding.egg-info/dependency_links.txt
[10.293s] writing entry points to ../../build/pathfinding/pathfinding.egg-info/entry_points.txt
[10.294s] writing requirements to ../../build/pathfinding/pathfinding.egg-info/requires.txt
[10.295s] writing top-level names to ../../build/pathfinding/pathfinding.egg-info/top_level.txt
[10.491s] reading manifest file '../../build/pathfinding/pathfinding.egg-info/SOURCES.txt'
[10.496s] writing manifest file '../../build/pathfinding/pathfinding.egg-info/SOURCES.txt'
[10.497s] running build
[10.498s] running build_py
[10.498s] copying pathfinding/pathfindingnew.py -> /home/brsd/microros_ws/build/pathfinding/build/lib/pathfinding
[10.501s] running install
[10.506s] running install_lib
[10.512s] copying /home/brsd/microros_ws/build/pathfinding/build/lib/pathfinding/pathfindingnew.py -> /home/brsd/microros_ws/install/pathfinding/lib/python3.8/site-packages/pathfinding
[10.518s] byte-compiling /home/brsd/microros_ws/install/pathfinding/lib/python3.8/site-packages/pathfinding/pathfindingnew.py to pathfindingnew.cpython-38.pyc
[10.535s] running install_data
[10.537s] running install_egg_info
[10.548s] removing '/home/brsd/microros_ws/install/pathfinding/lib/python3.8/site-packages/pathfinding-0.0.0-py3.8.egg-info' (and everything under it)
[10.559s] Copying ../../build/pathfinding/pathfinding.egg-info to /home/brsd/microros_ws/install/pathfinding/lib/python3.8/site-packages/pathfinding-0.0.0-py3.8.egg-info
[10.564s] running install_scripts
[10.658s] Installing image_display_node script to /home/brsd/microros_ws/install/pathfinding/lib/pathfinding
[10.662s] Installing pathfinding_node script to /home/brsd/microros_ws/install/pathfinding/lib/pathfinding
[10.667s] writing list of installed files to '/home/brsd/microros_ws/build/pathfinding/install.log'
[10.803s] Invoked command in '/home/brsd/microros_ws/src/pathfinding' returned '0': PYTHONPATH=/home/brsd/microros_ws/build/pathfinding/prefix_override:/usr/lib/python3/dist-packages/colcon_core/task/python/colcon_distutils_commands:/home/brsd/microros_ws/install/pathfinding/lib/python3.8/site-packages:${PYTHONPATH} /usr/bin/python3 -W ignore:setup.py install is deprecated setup.py egg_info --egg-base ../../build/pathfinding build --build-base /home/brsd/microros_ws/build/pathfinding/build install --record /home/brsd/microros_ws/build/pathfinding/install.log --install-scripts $base/lib/pathfinding --single-version-externally-managed install_data
