[9.974s] Invoking command in '/home/brsd/microros_ws/src/jetson_comm': PYTHONPATH=/home/brsd/microros_ws/build/jetson_comm/prefix_override:/usr/lib/python3/dist-packages/colcon_core/task/python/colcon_distutils_commands:/home/brsd/microros_ws/install/jetson_comm/lib/python3.8/site-packages:${PYTHONPATH} /usr/bin/python3 -W ignore:setup.py install is deprecated setup.py egg_info --egg-base ../../build/jetson_comm build --build-base /home/brsd/microros_ws/build/jetson_comm/build install --record /home/brsd/microros_ws/build/jetson_comm/install.log --install-scripts $base/lib/jetson_comm --single-version-externally-managed install_data
[14.402s] running egg_info
[14.414s] writing ../../build/jetson_comm/jetson_comm.egg-info/PKG-INFO
[14.417s] writing dependency_links to ../../build/jetson_comm/jetson_comm.egg-info/dependency_links.txt
[14.421s] writing entry points to ../../build/jetson_comm/jetson_comm.egg-info/entry_points.txt
[14.424s] writing requirements to ../../build/jetson_comm/jetson_comm.egg-info/requires.txt
[14.425s] writing top-level names to ../../build/jetson_comm/jetson_comm.egg-info/top_level.txt
[14.847s] reading manifest file '../../build/jetson_comm/jetson_comm.egg-info/SOURCES.txt'
[14.856s] writing manifest file '../../build/jetson_comm/jetson_comm.egg-info/SOURCES.txt'
[14.860s] running build
[14.861s] running build_py
[14.862s] running install
[14.867s] running install_lib
[14.890s] running install_data
[14.897s] running install_egg_info
[14.915s] removing '/home/brsd/microros_ws/install/jetson_comm/lib/python3.8/site-packages/jetson_comm-0.0.0-py3.8.egg-info' (and everything under it)
[14.925s] Copying ../../build/jetson_comm/jetson_comm.egg-info to /home/brsd/microros_ws/install/jetson_comm/lib/python3.8/site-packages/jetson_comm-0.0.0-py3.8.egg-info
[14.963s] running install_scripts
[15.201s] Installing jetson_node script to /home/brsd/microros_ws/install/jetson_comm/lib/jetson_comm
[15.213s] writing list of installed files to '/home/brsd/microros_ws/build/jetson_comm/install.log'
[15.511s] Invoked command in '/home/brsd/microros_ws/src/jetson_comm' returned '0': PYTHONPATH=/home/brsd/microros_ws/build/jetson_comm/prefix_override:/usr/lib/python3/dist-packages/colcon_core/task/python/colcon_distutils_commands:/home/brsd/microros_ws/install/jetson_comm/lib/python3.8/site-packages:${PYTHONPATH} /usr/bin/python3 -W ignore:setup.py install is deprecated setup.py egg_info --egg-base ../../build/jetson_comm build --build-base /home/brsd/microros_ws/build/jetson_comm/build install --record /home/brsd/microros_ws/build/jetson_comm/install.log --install-scripts $base/lib/jetson_comm --single-version-externally-managed install_data
