[13.511s] Invoking command in '/home/brsd/microros_ws/src/joystick_input': PYTHONPATH=/home/brsd/microros_ws/build/joystick_input/prefix_override:/usr/lib/python3/dist-packages/colcon_core/task/python/colcon_distutils_commands:/home/brsd/microros_ws/install/joystick_input/lib/python3.8/site-packages:${PYTHONPATH} /usr/bin/python3 -W ignore:setup.py install is deprecated setup.py egg_info --egg-base ../../build/joystick_input build --build-base /home/brsd/microros_ws/build/joystick_input/build install --record /home/brsd/microros_ws/build/joystick_input/install.log --install-scripts $base/lib/joystick_input --single-version-externally-managed install_data
[17.598s] running egg_info
[17.605s] writing ../../build/joystick_input/joystick_input.egg-info/PKG-INFO
[17.620s] writing dependency_links to ../../build/joystick_input/joystick_input.egg-info/dependency_links.txt
[17.624s] writing entry points to ../../build/joystick_input/joystick_input.egg-info/entry_points.txt
[17.625s] writing requirements to ../../build/joystick_input/joystick_input.egg-info/requires.txt
[17.626s] writing top-level names to ../../build/joystick_input/joystick_input.egg-info/top_level.txt
[18.159s] reading manifest file '../../build/joystick_input/joystick_input.egg-info/SOURCES.txt'
[18.167s] writing manifest file '../../build/joystick_input/joystick_input.egg-info/SOURCES.txt'
[18.170s] running build
[18.171s] running build_py
[18.174s] running install
[18.193s] running install_lib
[18.211s] running install_data
[18.217s] running install_egg_info
[18.238s] removing '/home/brsd/microros_ws/install/joystick_input/lib/python3.8/site-packages/joystick_input-0.0.0-py3.8.egg-info' (and everything under it)
[18.241s] Copying ../../build/joystick_input/joystick_input.egg-info to /home/brsd/microros_ws/install/joystick_input/lib/python3.8/site-packages/joystick_input-0.0.0-py3.8.egg-info
[18.248s] running install_scripts
[18.408s] Installing joystick_node script to /home/brsd/microros_ws/install/joystick_input/lib/joystick_input
[18.414s] writing list of installed files to '/home/brsd/microros_ws/build/joystick_input/install.log'
[18.745s] Invoked command in '/home/brsd/microros_ws/src/joystick_input' returned '0': PYTHONPATH=/home/brsd/microros_ws/build/joystick_input/prefix_override:/usr/lib/python3/dist-packages/colcon_core/task/python/colcon_distutils_commands:/home/brsd/microros_ws/install/joystick_input/lib/python3.8/site-packages:${PYTHONPATH} /usr/bin/python3 -W ignore:setup.py install is deprecated setup.py egg_info --egg-base ../../build/joystick_input build --build-base /home/brsd/microros_ws/build/joystick_input/build install --record /home/brsd/microros_ws/build/joystick_input/install.log --install-scripts $base/lib/joystick_input --single-version-externally-managed install_data
