[0.138s] Invoking command in '/home/brsd/microros_ws/build/xacro': CMAKE_PREFIX_PATH=${CMAKE_PREFIX_PATH}:/home/brsd/microros_ws/install/person_detection:/home/brsd/microros_ws/install/pathfinding:/home/brsd/microros_ws/install/object_detection_pkg:/home/brsd/microros_ws/install/joystick_input:/home/brsd/microros_ws/install/jetson_comm:/home/brsd/microros_ws/install/fsm:/opt/ros/foxy /usr/bin/cmake --build /home/brsd/microros_ws/build/xacro -- -j4 -l4
[0.456s] Invoked command in '/home/brsd/microros_ws/build/xacro' returned '0': CMAKE_PREFIX_PATH=${CMAKE_PREFIX_PATH}:/home/brsd/microros_ws/install/person_detection:/home/brsd/microros_ws/install/pathfinding:/home/brsd/microros_ws/install/object_detection_pkg:/home/brsd/microros_ws/install/joystick_input:/home/brsd/microros_ws/install/jetson_comm:/home/brsd/microros_ws/install/fsm:/opt/ros/foxy /usr/bin/cmake --build /home/brsd/microros_ws/build/xacro -- -j4 -l4
[0.693s] Invoking command in '/home/brsd/microros_ws/build/xacro': CMAKE_PREFIX_PATH=${CMAKE_PREFIX_PATH}:/home/brsd/microros_ws/install/person_detection:/home/brsd/microros_ws/install/pathfinding:/home/brsd/microros_ws/install/object_detection_pkg:/home/brsd/microros_ws/install/joystick_input:/home/brsd/microros_ws/install/jetson_comm:/home/brsd/microros_ws/install/fsm:/opt/ros/foxy /usr/bin/cmake --install /home/brsd/microros_ws/build/xacro
[0.878s] -- Install configuration: ""
[0.879s] -- Up-to-date: /home/brsd/microros_ws/install/xacro/share/xacro/environment/completion.bash
[0.879s] -- Up-to-date: /home/brsd/microros_ws/install/xacro/share/xacro/environment/pythonpath.sh
[0.886s] -- Up-to-date: /home/brsd/microros_ws/install/xacro/share/xacro/environment/pythonpath.dsv
[0.886s] -- Up-to-date: /home/brsd/microros_ws/install/xacro/lib/python3.8/site-packages/xacro
[0.887s] -- Up-to-date: /home/brsd/microros_ws/install/xacro/lib/python3.8/site-packages/xacro/__init__.py
[0.887s] -- Up-to-date: /home/brsd/microros_ws/install/xacro/lib/python3.8/site-packages/xacro/substitution_args.py
[0.887s] -- Up-to-date: /home/brsd/microros_ws/install/xacro/lib/python3.8/site-packages/xacro/xmlutils.py
[0.888s] -- Up-to-date: /home/brsd/microros_ws/install/xacro/lib/python3.8/site-packages/xacro/color.py
[0.889s] -- Up-to-date: /home/brsd/microros_ws/install/xacro/lib/python3.8/site-packages/xacro/cli.py
[1.150s] Listing '/home/brsd/microros_ws/install/xacro/lib/python3.8/site-packages/xacro'...
[1.180s] -- Up-to-date: /home/brsd/microros_ws/install/xacro/bin/xacro
[1.183s] -- Up-to-date: /home/brsd/microros_ws/install/xacro/lib/xacro/xacro
[1.185s] -- Up-to-date: /home/brsd/microros_ws/install/xacro/share/ament_index/resource_index/package_run_dependencies/xacro
[1.186s] -- Up-to-date: /home/brsd/microros_ws/install/xacro/share/ament_index/resource_index/parent_prefix_path/xacro
[1.189s] -- Up-to-date: /home/brsd/microros_ws/install/xacro/share/xacro/environment/ament_prefix_path.sh
[1.190s] -- Up-to-date: /home/brsd/microros_ws/install/xacro/share/xacro/environment/ament_prefix_path.dsv
[1.190s] -- Up-to-date: /home/brsd/microros_ws/install/xacro/share/xacro/environment/path.sh
[1.198s] -- Up-to-date: /home/brsd/microros_ws/install/xacro/share/xacro/environment/path.dsv
[1.199s] -- Up-to-date: /home/brsd/microros_ws/install/xacro/share/xacro/local_setup.bash
[1.200s] -- Up-to-date: /home/brsd/microros_ws/install/xacro/share/xacro/local_setup.sh
[1.201s] -- Up-to-date: /home/brsd/microros_ws/install/xacro/share/xacro/local_setup.zsh
[1.201s] -- Up-to-date: /home/brsd/microros_ws/install/xacro/share/xacro/local_setup.dsv
[1.202s] -- Installing: /home/brsd/microros_ws/install/xacro/share/xacro/package.dsv
[1.202s] -- Up-to-date: /home/brsd/microros_ws/install/xacro/share/ament_index/resource_index/packages/xacro
[1.233s] -- Up-to-date: /home/brsd/microros_ws/install/xacro/share/xacro/cmake/xacro-extras.cmake
[1.234s] -- Up-to-date: /home/brsd/microros_ws/install/xacro/share/xacro/cmake/xacroConfig.cmake
[1.234s] -- Up-to-date: /home/brsd/microros_ws/install/xacro/share/xacro/cmake/xacroConfig-version.cmake
[1.235s] -- Up-to-date: /home/brsd/microros_ws/install/xacro/share/xacro/package.xml
[1.236s] Invoked command in '/home/brsd/microros_ws/build/xacro' returned '0': CMAKE_PREFIX_PATH=${CMAKE_PREFIX_PATH}:/home/brsd/microros_ws/install/person_detection:/home/brsd/microros_ws/install/pathfinding:/home/brsd/microros_ws/install/object_detection_pkg:/home/brsd/microros_ws/install/joystick_input:/home/brsd/microros_ws/install/jetson_comm:/home/brsd/microros_ws/install/fsm:/opt/ros/foxy /usr/bin/cmake --install /home/brsd/microros_ws/build/xacro
