[7.646s] Invoking command in '/home/brsd/microros_ws/src/fsm': PYTHONPATH=/home/brsd/microros_ws/build/fsm/prefix_override:/usr/lib/python3/dist-packages/colcon_core/task/python/colcon_distutils_commands:/home/brsd/microros_ws/install/fsm/lib/python3.8/site-packages:${PYTHONPATH} /usr/bin/python3 -W ignore:setup.py install is deprecated setup.py egg_info --egg-base ../../build/fsm build --build-base /home/brsd/microros_ws/build/fsm/build install --record /home/brsd/microros_ws/build/fsm/install.log --install-scripts $base/lib/fsm --single-version-externally-managed install_data
[10.624s] running egg_info
[10.642s] writing ../../build/fsm/fsm.egg-info/PKG-INFO
[10.646s] writing dependency_links to ../../build/fsm/fsm.egg-info/dependency_links.txt
[10.650s] writing entry points to ../../build/fsm/fsm.egg-info/entry_points.txt
[10.658s] writing requirements to ../../build/fsm/fsm.egg-info/requires.txt
[10.660s] writing top-level names to ../../build/fsm/fsm.egg-info/top_level.txt
[11.022s] reading manifest file '../../build/fsm/fsm.egg-info/SOURCES.txt'
[11.030s] writing manifest file '../../build/fsm/fsm.egg-info/SOURCES.txt'
[11.032s] running build
[11.033s] running build_py
[11.045s] running install
[11.048s] running install_lib
[11.064s] running install_data
[11.066s] running install_egg_info
[11.076s] removing '/home/brsd/microros_ws/install/fsm/lib/python3.8/site-packages/fsm-0.0.0-py3.8.egg-info' (and everything under it)
[11.086s] Copying ../../build/fsm/fsm.egg-info to /home/brsd/microros_ws/install/fsm/lib/python3.8/site-packages/fsm-0.0.0-py3.8.egg-info
[11.088s] running install_scripts
[11.175s] Installing brsd_fsm_node script to /home/brsd/microros_ws/install/fsm/lib/fsm
[11.177s] Installing brsd_fsm_node_correction script to /home/brsd/microros_ws/install/fsm/lib/fsm
[11.180s] Installing brsd_fsm_node_metric script to /home/brsd/microros_ws/install/fsm/lib/fsm
[11.180s] Installing brsd_fsm_node_path script to /home/brsd/microros_ws/install/fsm/lib/fsm
[11.183s] writing list of installed files to '/home/brsd/microros_ws/build/fsm/install.log'
[11.527s] Invoked command in '/home/brsd/microros_ws/src/fsm' returned '0': PYTHONPATH=/home/brsd/microros_ws/build/fsm/prefix_override:/usr/lib/python3/dist-packages/colcon_core/task/python/colcon_distutils_commands:/home/brsd/microros_ws/install/fsm/lib/python3.8/site-packages:${PYTHONPATH} /usr/bin/python3 -W ignore:setup.py install is deprecated setup.py egg_info --egg-base ../../build/fsm build --build-base /home/brsd/microros_ws/build/fsm/build install --record /home/brsd/microros_ws/build/fsm/install.log --install-scripts $base/lib/fsm --single-version-externally-managed install_data
