[0.176s] Invoking command in '/home/brsd/microros_ws/build/micro_ros_setup': CMAKE_PREFIX_PATH=${CMAKE_PREFIX_PATH}:/home/brsd/microros_ws/install/person_detection:/home/brsd/microros_ws/install/pathfinding:/home/brsd/microros_ws/install/object_detection_pkg:/home/brsd/microros_ws/install/joystick_input:/home/brsd/microros_ws/install/jetson_comm:/home/brsd/microros_ws/install/fsm:/opt/ros/foxy /usr/bin/cmake --build /home/brsd/microros_ws/build/micro_ros_setup -- -j4 -l4
[2.201s] Invoked command in '/home/brsd/microros_ws/build/micro_ros_setup' returned '0': CMAKE_PREFIX_PATH=${CMAKE_PREFIX_PATH}:/home/brsd/microros_ws/install/person_detection:/home/brsd/microros_ws/install/pathfinding:/home/brsd/microros_ws/install/object_detection_pkg:/home/brsd/microros_ws/install/joystick_input:/home/brsd/microros_ws/install/jetson_comm:/home/brsd/microros_ws/install/fsm:/opt/ros/foxy /usr/bin/cmake --build /home/brsd/microros_ws/build/micro_ros_setup -- -j4 -l4
[2.603s] Invoking command in '/home/brsd/microros_ws/build/micro_ros_setup': CMAKE_PREFIX_PATH=${CMAKE_PREFIX_PATH}:/home/brsd/microros_ws/install/person_detection:/home/brsd/microros_ws/install/pathfinding:/home/brsd/microros_ws/install/object_detection_pkg:/home/brsd/microros_ws/install/joystick_input:/home/brsd/microros_ws/install/jetson_comm:/home/brsd/microros_ws/install/fsm:/opt/ros/foxy /usr/bin/cmake --install /home/brsd/microros_ws/build/micro_ros_setup
[2.714s] -- Install configuration: ""
[2.718s] -- Up-to-date: /home/brsd/microros_ws/install/micro_ros_setup/share/ament_index/resource_index/package_run_dependencies/micro_ros_setup
[2.721s] -- Up-to-date: /home/brsd/microros_ws/install/micro_ros_setup/share/ament_index/resource_index/parent_prefix_path/micro_ros_setup
[2.723s] -- Up-to-date: /home/brsd/microros_ws/install/micro_ros_setup/share/micro_ros_setup/environment/ament_prefix_path.sh
[2.724s] -- Up-to-date: /home/brsd/microros_ws/install/micro_ros_setup/share/micro_ros_setup/environment/ament_prefix_path.dsv
[2.725s] -- Up-to-date: /home/brsd/microros_ws/install/micro_ros_setup/share/micro_ros_setup/environment/path.sh
[2.726s] -- Up-to-date: /home/brsd/microros_ws/install/micro_ros_setup/share/micro_ros_setup/environment/path.dsv
[2.726s] -- Up-to-date: /home/brsd/microros_ws/install/micro_ros_setup/share/micro_ros_setup/local_setup.bash
[2.728s] -- Up-to-date: /home/brsd/microros_ws/install/micro_ros_setup/share/micro_ros_setup/local_setup.sh
[2.730s] -- Up-to-date: /home/brsd/microros_ws/install/micro_ros_setup/share/micro_ros_setup/local_setup.zsh
[2.731s] -- Up-to-date: /home/brsd/microros_ws/install/micro_ros_setup/share/micro_ros_setup/local_setup.dsv
[2.741s] -- Installing: /home/brsd/microros_ws/install/micro_ros_setup/share/micro_ros_setup/package.dsv
[2.743s] -- Up-to-date: /home/brsd/microros_ws/install/micro_ros_setup/share/ament_index/resource_index/packages/micro_ros_setup
[2.751s] -- Up-to-date: /home/brsd/microros_ws/install/micro_ros_setup/share/micro_ros_setup/cmake/micro_ros_setupConfig.cmake
[2.752s] -- Up-to-date: /home/brsd/microros_ws/install/micro_ros_setup/share/micro_ros_setup/cmake/micro_ros_setupConfig-version.cmake
[2.752s] -- Up-to-date: /home/brsd/microros_ws/install/micro_ros_setup/share/micro_ros_setup/package.xml
[2.758s] -- Up-to-date: /home/brsd/microros_ws/install/micro_ros_setup/./config
[2.759s] -- Up-to-date: /home/brsd/microros_ws/install/micro_ros_setup/./config/client_ros2_packages.txt
[2.760s] -- Up-to-date: /home/brsd/microros_ws/install/micro_ros_setup/./config/raspbian
[2.761s] -- Up-to-date: /home/brsd/microros_ws/install/micro_ros_setup/./config/raspbian/generic
[2.767s] -- Up-to-date: /home/brsd/microros_ws/install/micro_ros_setup/./config/raspbian/generic/build.sh
[2.768s] -- Up-to-date: /home/brsd/microros_ws/install/micro_ros_setup/./config/raspbian/generic/configure.sh
[2.768s] -- Up-to-date: /home/brsd/microros_ws/install/micro_ros_setup/./config/raspbian/generic/client_uros_packages.repos
[2.769s] -- Up-to-date: /home/brsd/microros_ws/install/micro_ros_setup/./config/raspbian/generic/create.sh
[2.770s] -- Up-to-date: /home/brsd/microros_ws/install/micro_ros_setup/./config/raspbian/generic/flash.sh
[2.777s] -- Up-to-date: /home/brsd/microros_ws/install/micro_ros_setup/./config/raspbian/generic/client-colcon.meta
[2.787s] -- Up-to-date: /home/brsd/microros_ws/install/micro_ros_setup/./config/raspbian/generic/supported_platforms
[2.788s] -- Up-to-date: /home/brsd/microros_ws/install/micro_ros_setup/./config/raspbian/dev_uros_packages.repos
[2.788s] -- Up-to-date: /home/brsd/microros_ws/install/micro_ros_setup/./config/raspbian/dev_ros2_packages.txt
[2.789s] -- Up-to-date: /home/brsd/microros_ws/install/micro_ros_setup/./config/client_uros_packages.repos
[2.790s] -- Up-to-date: /home/brsd/microros_ws/install/micro_ros_setup/./config/zephyr
[2.791s] -- Up-to-date: /home/brsd/microros_ws/install/micro_ros_setup/./config/zephyr/list_apps.sh
[2.792s] -- Up-to-date: /home/brsd/microros_ws/install/micro_ros_setup/./config/zephyr/generic
[2.793s] -- Up-to-date: /home/brsd/microros_ws/install/micro_ros_setup/./config/zephyr/generic/build.sh
[2.794s] -- Up-to-date: /home/brsd/microros_ws/install/micro_ros_setup/./config/zephyr/generic/configure.sh
[2.794s] -- Up-to-date: /home/brsd/microros_ws/install/micro_ros_setup/./config/zephyr/generic/client_uros_packages.repos
[2.795s] -- Up-to-date: /home/brsd/microros_ws/install/micro_ros_setup/./config/zephyr/generic/package.xml
[2.796s] -- Up-to-date: /home/brsd/microros_ws/install/micro_ros_setup/./config/zephyr/generic/create.sh
[2.796s] -- Up-to-date: /home/brsd/microros_ws/install/micro_ros_setup/./config/zephyr/generic/flash.sh
[2.797s] -- Up-to-date: /home/brsd/microros_ws/install/micro_ros_setup/./config/zephyr/generic/board.repos
[2.797s] -- Up-to-date: /home/brsd/microros_ws/install/micro_ros_setup/./config/zephyr/generic/client-colcon.meta
[2.798s] -- Up-to-date: /home/brsd/microros_ws/install/micro_ros_setup/./config/zephyr/generic/reset.sh
[2.823s] -- Up-to-date: /home/brsd/microros_ws/install/micro_ros_setup/./config/zephyr/generic/supported_platforms
[2.824s] -- Up-to-date: /home/brsd/microros_ws/install/micro_ros_setup/./config/zephyr/dev_uros_packages.repos
[2.824s] -- Up-to-date: /home/brsd/microros_ws/install/micro_ros_setup/./config/zephyr/dev_ros2_packages.txt
[2.825s] -- Up-to-date: /home/brsd/microros_ws/install/micro_ros_setup/./config/renesas_ra
[2.826s] -- Up-to-date: /home/brsd/microros_ws/install/micro_ros_setup/./config/renesas_ra/list_apps.sh
[2.826s] -- Up-to-date: /home/brsd/microros_ws/install/micro_ros_setup/./config/renesas_ra/ra6m5
[2.830s] -- Up-to-date: /home/brsd/microros_ws/install/micro_ros_setup/./config/renesas_ra/ra6m5/build.sh
[2.830s] -- Up-to-date: /home/brsd/microros_ws/install/micro_ros_setup/./config/renesas_ra/ra6m5/configure.sh
[2.831s] -- Up-to-date: /home/brsd/microros_ws/install/micro_ros_setup/./config/renesas_ra/ra6m5/client_uros_packages.repos
[2.832s] -- Up-to-date: /home/brsd/microros_ws/install/micro_ros_setup/./config/renesas_ra/ra6m5/create.sh
[2.832s] -- Up-to-date: /home/brsd/microros_ws/install/micro_ros_setup/./config/renesas_ra/ra6m5/flash.sh
[2.847s] -- Up-to-date: /home/brsd/microros_ws/install/micro_ros_setup/./config/renesas_ra/ra6m5/board.repos
[2.848s] -- Up-to-date: /home/brsd/microros_ws/install/micro_ros_setup/./config/renesas_ra/ra6m5/client-colcon.meta
[2.848s] -- Up-to-date: /home/brsd/microros_ws/install/micro_ros_setup/./config/renesas_ra/dev_uros_packages.repos
[2.849s] -- Up-to-date: /home/brsd/microros_ws/install/micro_ros_setup/./config/renesas_ra/dev_ros2_packages.txt
[2.849s] -- Up-to-date: /home/brsd/microros_ws/install/micro_ros_setup/./config/freertos
[2.850s] -- Up-to-date: /home/brsd/microros_ws/install/micro_ros_setup/./config/freertos/list_apps.sh
[2.850s] -- Up-to-date: /home/brsd/microros_ws/install/micro_ros_setup/./config/freertos/dev_uros_packages.repos
[2.851s] -- Up-to-date: /home/brsd/microros_ws/install/micro_ros_setup/./config/freertos/nucleo_f746zg
[2.851s] -- Up-to-date: /home/brsd/microros_ws/install/micro_ros_setup/./config/freertos/nucleo_f746zg/build.sh
[2.852s] -- Up-to-date: /home/brsd/microros_ws/install/micro_ros_setup/./config/freertos/nucleo_f746zg/configure.sh
[2.853s] -- Up-to-date: /home/brsd/microros_ws/install/micro_ros_setup/./config/freertos/nucleo_f746zg/client_uros_packages.repos
[2.853s] -- Up-to-date: /home/brsd/microros_ws/install/micro_ros_setup/./config/freertos/nucleo_f746zg/package.xml
[2.865s] -- Up-to-date: /home/brsd/microros_ws/install/micro_ros_setup/./config/freertos/nucleo_f746zg/create.sh
[2.867s] -- Up-to-date: /home/brsd/microros_ws/install/micro_ros_setup/./config/freertos/nucleo_f746zg/flash.sh
[2.868s] -- Up-to-date: /home/brsd/microros_ws/install/micro_ros_setup/./config/freertos/nucleo_f746zg/board.repos
[2.890s] -- Up-to-date: /home/brsd/microros_ws/install/micro_ros_setup/./config/freertos/nucleo_f746zg/client-colcon.meta
[2.891s] -- Up-to-date: /home/brsd/microros_ws/install/micro_ros_setup/./config/freertos/nucleo_f746zg/reset.sh
[2.891s] -- Up-to-date: /home/brsd/microros_ws/install/micro_ros_setup/./config/freertos/crazyflie21
[2.892s] -- Up-to-date: /home/brsd/microros_ws/install/micro_ros_setup/./config/freertos/crazyflie21/build.sh
[2.892s] -- Up-to-date: /home/brsd/microros_ws/install/micro_ros_setup/./config/freertos/crazyflie21/configure.sh
[2.893s] -- Up-to-date: /home/brsd/microros_ws/install/micro_ros_setup/./config/freertos/crazyflie21/client_uros_packages.repos
[2.893s] -- Up-to-date: /home/brsd/microros_ws/install/micro_ros_setup/./config/freertos/crazyflie21/package.xml
[2.894s] -- Up-to-date: /home/brsd/microros_ws/install/micro_ros_setup/./config/freertos/crazyflie21/create.sh
[2.894s] -- Up-to-date: /home/brsd/microros_ws/install/micro_ros_setup/./config/freertos/crazyflie21/flash.sh
[2.895s] -- Up-to-date: /home/brsd/microros_ws/install/micro_ros_setup/./config/freertos/crazyflie21/board.repos
[2.896s] -- Up-to-date: /home/brsd/microros_ws/install/micro_ros_setup/./config/freertos/crazyflie21/client-colcon.meta
[2.896s] -- Up-to-date: /home/brsd/microros_ws/install/micro_ros_setup/./config/freertos/nucleo_f446re
[2.897s] -- Up-to-date: /home/brsd/microros_ws/install/micro_ros_setup/./config/freertos/nucleo_f446re/build.sh
[2.897s] -- Up-to-date: /home/brsd/microros_ws/install/micro_ros_setup/./config/freertos/nucleo_f446re/configure.sh
[2.898s] -- Up-to-date: /home/brsd/microros_ws/install/micro_ros_setup/./config/freertos/nucleo_f446re/client_uros_packages.repos
[2.902s] -- Up-to-date: /home/brsd/microros_ws/install/micro_ros_setup/./config/freertos/nucleo_f446re/package.xml
[2.903s] -- Up-to-date: /home/brsd/microros_ws/install/micro_ros_setup/./config/freertos/nucleo_f446re/create.sh
[2.904s] -- Up-to-date: /home/brsd/microros_ws/install/micro_ros_setup/./config/freertos/nucleo_f446re/flash.sh
[2.911s] -- Up-to-date: /home/brsd/microros_ws/install/micro_ros_setup/./config/freertos/nucleo_f446re/board.repos
[2.911s] -- Up-to-date: /home/brsd/microros_ws/install/micro_ros_setup/./config/freertos/nucleo_f446re/client-colcon.meta
[2.912s] -- Up-to-date: /home/brsd/microros_ws/install/micro_ros_setup/./config/freertos/nucleo_f446re/reset.sh
[2.913s] -- Up-to-date: /home/brsd/microros_ws/install/micro_ros_setup/./config/freertos/esp32
[2.913s] -- Up-to-date: /home/brsd/microros_ws/install/micro_ros_setup/./config/freertos/esp32/README.md
[2.914s] -- Up-to-date: /home/brsd/microros_ws/install/micro_ros_setup/./config/freertos/esp32/build.sh
[2.914s] -- Up-to-date: /home/brsd/microros_ws/install/micro_ros_setup/./config/freertos/esp32/configure.sh
[2.915s] -- Up-to-date: /home/brsd/microros_ws/install/micro_ros_setup/./config/freertos/esp32/client_uros_packages.repos
[2.915s] -- Up-to-date: /home/brsd/microros_ws/install/micro_ros_setup/./config/freertos/esp32/package.xml
[2.916s] -- Up-to-date: /home/brsd/microros_ws/install/micro_ros_setup/./config/freertos/esp32/create.sh
[2.916s] -- Up-to-date: /home/brsd/microros_ws/install/micro_ros_setup/./config/freertos/esp32/flash.sh
[2.916s] -- Up-to-date: /home/brsd/microros_ws/install/micro_ros_setup/./config/freertos/esp32/board.repos
[2.930s] -- Up-to-date: /home/brsd/microros_ws/install/micro_ros_setup/./config/freertos/esp32/client-colcon.meta
[2.930s] -- Up-to-date: /home/brsd/microros_ws/install/micro_ros_setup/./config/freertos/nucleo_f767zi
[2.931s] -- Up-to-date: /home/brsd/microros_ws/install/micro_ros_setup/./config/freertos/nucleo_f767zi/build.sh
[2.931s] -- Up-to-date: /home/brsd/microros_ws/install/micro_ros_setup/./config/freertos/nucleo_f767zi/configure.sh
[2.936s] -- Up-to-date: /home/brsd/microros_ws/install/micro_ros_setup/./config/freertos/nucleo_f767zi/client_uros_packages.repos
[2.937s] -- Up-to-date: /home/brsd/microros_ws/install/micro_ros_setup/./config/freertos/nucleo_f767zi/package.xml
[2.937s] -- Up-to-date: /home/brsd/microros_ws/install/micro_ros_setup/./config/freertos/nucleo_f767zi/create.sh
[2.949s] -- Up-to-date: /home/brsd/microros_ws/install/micro_ros_setup/./config/freertos/nucleo_f767zi/flash.sh
[2.950s] -- Up-to-date: /home/brsd/microros_ws/install/micro_ros_setup/./config/freertos/nucleo_f767zi/board.repos
[2.951s] -- Up-to-date: /home/brsd/microros_ws/install/micro_ros_setup/./config/freertos/nucleo_f767zi/client-colcon.meta
[2.952s] -- Up-to-date: /home/brsd/microros_ws/install/micro_ros_setup/./config/freertos/nucleo_f767zi/reset.sh
[2.957s] -- Up-to-date: /home/brsd/microros_ws/install/micro_ros_setup/./config/freertos/olimex-stm32-e407
[2.957s] -- Up-to-date: /home/brsd/microros_ws/install/micro_ros_setup/./config/freertos/olimex-stm32-e407/build.sh
[2.958s] -- Up-to-date: /home/brsd/microros_ws/install/micro_ros_setup/./config/freertos/olimex-stm32-e407/configure.sh
[2.959s] -- Up-to-date: /home/brsd/microros_ws/install/micro_ros_setup/./config/freertos/olimex-stm32-e407/client_uros_packages.repos
[2.960s] -- Up-to-date: /home/brsd/microros_ws/install/micro_ros_setup/./config/freertos/olimex-stm32-e407/package.xml
[2.970s] -- Up-to-date: /home/brsd/microros_ws/install/micro_ros_setup/./config/freertos/olimex-stm32-e407/create.sh
[2.971s] -- Up-to-date: /home/brsd/microros_ws/install/micro_ros_setup/./config/freertos/olimex-stm32-e407/flash.sh
[2.971s] -- Up-to-date: /home/brsd/microros_ws/install/micro_ros_setup/./config/freertos/olimex-stm32-e407/board.repos
[2.972s] -- Up-to-date: /home/brsd/microros_ws/install/micro_ros_setup/./config/freertos/olimex-stm32-e407/client-colcon.meta
[2.978s] -- Up-to-date: /home/brsd/microros_ws/install/micro_ros_setup/./config/freertos/olimex-stm32-e407/reset.sh
[2.978s] -- Up-to-date: /home/brsd/microros_ws/install/micro_ros_setup/./config/freertos/nucleo_f446ze
[2.979s] -- Up-to-date: /home/brsd/microros_ws/install/micro_ros_setup/./config/freertos/nucleo_f446ze/build.sh
[2.979s] -- Up-to-date: /home/brsd/microros_ws/install/micro_ros_setup/./config/freertos/nucleo_f446ze/configure.sh
[2.980s] -- Up-to-date: /home/brsd/microros_ws/install/micro_ros_setup/./config/freertos/nucleo_f446ze/client_uros_packages.repos
[2.980s] -- Up-to-date: /home/brsd/microros_ws/install/micro_ros_setup/./config/freertos/nucleo_f446ze/package.xml
[2.981s] -- Up-to-date: /home/brsd/microros_ws/install/micro_ros_setup/./config/freertos/nucleo_f446ze/create.sh
[2.981s] -- Up-to-date: /home/brsd/microros_ws/install/micro_ros_setup/./config/freertos/nucleo_f446ze/flash.sh
[2.981s] -- Up-to-date: /home/brsd/microros_ws/install/micro_ros_setup/./config/freertos/nucleo_f446ze/board.repos
[2.982s] -- Up-to-date: /home/brsd/microros_ws/install/micro_ros_setup/./config/freertos/nucleo_f446ze/client-colcon.meta
[2.983s] -- Up-to-date: /home/brsd/microros_ws/install/micro_ros_setup/./config/freertos/nucleo_f446ze/reset.sh
[2.983s] -- Up-to-date: /home/brsd/microros_ws/install/micro_ros_setup/./config/freertos/dev_ros2_packages.txt
[2.994s] -- Up-to-date: /home/brsd/microros_ws/install/micro_ros_setup/./config/agent_ros2_packages.txt
[2.995s] -- Up-to-date: /home/brsd/microros_ws/install/micro_ros_setup/./config/utils.sh
[2.995s] -- Up-to-date: /home/brsd/microros_ws/install/micro_ros_setup/./config/nuttx
[2.999s] -- Up-to-date: /home/brsd/microros_ws/install/micro_ros_setup/./config/nuttx/generic
[2.999s] -- Up-to-date: /home/brsd/microros_ws/install/micro_ros_setup/./config/nuttx/generic/build.sh
[3.005s] -- Up-to-date: /home/brsd/microros_ws/install/micro_ros_setup/./config/nuttx/generic/configure.sh
[3.006s] -- Up-to-date: /home/brsd/microros_ws/install/micro_ros_setup/./config/nuttx/generic/client_uros_packages.repos
[3.007s] -- Up-to-date: /home/brsd/microros_ws/install/micro_ros_setup/./config/nuttx/generic/package.xml
[3.007s] -- Up-to-date: /home/brsd/microros_ws/install/micro_ros_setup/./config/nuttx/generic/create.sh
[3.025s] -- Up-to-date: /home/brsd/microros_ws/install/micro_ros_setup/./config/nuttx/generic/flash.sh
[3.027s] -- Up-to-date: /home/brsd/microros_ws/install/micro_ros_setup/./config/nuttx/generic/uros_packages.repos
[3.028s] -- Up-to-date: /home/brsd/microros_ws/install/micro_ros_setup/./config/nuttx/generic/client-colcon.meta
[3.029s] -- Up-to-date: /home/brsd/microros_ws/install/micro_ros_setup/./config/nuttx/generic/reset.sh
[3.029s] -- Up-to-date: /home/brsd/microros_ws/install/micro_ros_setup/./config/nuttx/generic/supported_platforms
[3.030s] -- Up-to-date: /home/brsd/microros_ws/install/micro_ros_setup/./config/nuttx/dev_uros_packages.repos
[3.030s] -- Up-to-date: /home/brsd/microros_ws/install/micro_ros_setup/./config/nuttx/dev_ros2_packages.txt
[3.031s] -- Up-to-date: /home/brsd/microros_ws/install/micro_ros_setup/./config/generate_lib
[3.031s] -- Up-to-date: /home/brsd/microros_ws/install/micro_ros_setup/./config/generate_lib/generic
[3.035s] -- Up-to-date: /home/brsd/microros_ws/install/micro_ros_setup/./config/generate_lib/generic/build.sh
[3.036s] -- Up-to-date: /home/brsd/microros_ws/install/micro_ros_setup/./config/generate_lib/generic/client_uros_packages.repos
[3.036s] -- Up-to-date: /home/brsd/microros_ws/install/micro_ros_setup/./config/generate_lib/generic/package.xml
[3.037s] -- Up-to-date: /home/brsd/microros_ws/install/micro_ros_setup/./config/generate_lib/generic/create.sh
[3.043s] -- Up-to-date: /home/brsd/microros_ws/install/micro_ros_setup/./config/generate_lib/generic/flash.sh
[3.044s] -- Up-to-date: /home/brsd/microros_ws/install/micro_ros_setup/./config/generate_lib/generic/demo_toolchain.cmake
[3.044s] -- Up-to-date: /home/brsd/microros_ws/install/micro_ros_setup/./config/generate_lib/generic/client-colcon.meta
[3.045s] -- Up-to-date: /home/brsd/microros_ws/install/micro_ros_setup/./config/generate_lib/dev_uros_packages.repos
[3.045s] -- Up-to-date: /home/brsd/microros_ws/install/micro_ros_setup/./config/generate_lib/dev_ros2_packages.txt
[3.046s] -- Up-to-date: /home/brsd/microros_ws/install/micro_ros_setup/./config/agent_uros_packages.repos
[3.046s] -- Up-to-date: /home/brsd/microros_ws/install/micro_ros_setup/./config/host
[3.047s] -- Up-to-date: /home/brsd/microros_ws/install/micro_ros_setup/./config/host/client_ros2_packages.txt
[3.047s] -- Up-to-date: /home/brsd/microros_ws/install/micro_ros_setup/./config/host/generic
[3.047s] -- Up-to-date: /home/brsd/microros_ws/install/micro_ros_setup/./config/host/generic/build.sh
[3.048s] -- Up-to-date: /home/brsd/microros_ws/install/micro_ros_setup/./config/host/generic/package.xml
[3.048s] -- Up-to-date: /home/brsd/microros_ws/install/micro_ros_setup/./config/host/generic/create.sh
[3.049s] -- Up-to-date: /home/brsd/microros_ws/install/micro_ros_setup/./config/host/generic/flash.sh
[3.049s] -- Up-to-date: /home/brsd/microros_ws/install/micro_ros_setup/./config/host/generic/client-host-colcon.meta
[3.062s] -- Up-to-date: /home/brsd/microros_ws/install/micro_ros_setup/./config/host/generic/reset.sh
[3.063s] -- Up-to-date: /home/brsd/microros_ws/install/micro_ros_setup/./config/host/generic/client_host_packages.repos
[3.064s] -- Up-to-date: /home/brsd/microros_ws/install/micro_ros_setup/./config/host/dev_uros_packages.repos
[3.064s] -- Up-to-date: /home/brsd/microros_ws/install/micro_ros_setup/./config/host/dev_ros2_packages.txt
[3.065s] -- Up-to-date: /home/brsd/microros_ws/install/micro_ros_setup/lib/micro_ros_setup/create_ws.sh
[3.065s] -- Up-to-date: /home/brsd/microros_ws/install/micro_ros_setup/lib/micro_ros_setup/create_agent_ws.sh
[3.066s] -- Up-to-date: /home/brsd/microros_ws/install/micro_ros_setup/lib/micro_ros_setup/create_firmware_ws.sh
[3.066s] -- Up-to-date: /home/brsd/microros_ws/install/micro_ros_setup/lib/micro_ros_setup/configure_firmware.sh
[3.067s] -- Up-to-date: /home/brsd/microros_ws/install/micro_ros_setup/lib/micro_ros_setup/flash_firmware.sh
[3.084s] -- Up-to-date: /home/brsd/microros_ws/install/micro_ros_setup/lib/micro_ros_setup/reset_firmware.sh
[3.085s] -- Up-to-date: /home/brsd/microros_ws/install/micro_ros_setup/lib/micro_ros_setup/build_firmware.sh
[3.085s] -- Up-to-date: /home/brsd/microros_ws/install/micro_ros_setup/lib/micro_ros_setup/build_agent.sh
[3.086s] -- Up-to-date: /home/brsd/microros_ws/install/micro_ros_setup/lib/micro_ros_setup/yaml_filter.py
[3.086s] -- Up-to-date: /home/brsd/microros_ws/install/micro_ros_setup/lib/micro_ros_setup/clean_env.sh
[3.087s] Invoked command in '/home/brsd/microros_ws/build/micro_ros_setup' returned '0': CMAKE_PREFIX_PATH=${CMAKE_PREFIX_PATH}:/home/brsd/microros_ws/install/person_detection:/home/brsd/microros_ws/install/pathfinding:/home/brsd/microros_ws/install/object_detection_pkg:/home/brsd/microros_ws/install/joystick_input:/home/brsd/microros_ws/install/jetson_comm:/home/brsd/microros_ws/install/fsm:/opt/ros/foxy /usr/bin/cmake --install /home/brsd/microros_ws/build/micro_ros_setup
