[10.370s] Invoking command in '/home/brsd/microros_ws/src/pathfinding': PYTHONPATH=/home/brsd/microros_ws/build/pathfinding/prefix_override:/usr/lib/python3/dist-packages/colcon_core/task/python/colcon_distutils_commands:/home/brsd/microros_ws/install/pathfinding/lib/python3.8/site-packages:${PYTHONPATH} /usr/bin/python3 -W ignore:setup.py install is deprecated setup.py egg_info --egg-base ../../build/pathfinding build --build-base /home/brsd/microros_ws/build/pathfinding/build install --record /home/brsd/microros_ws/build/pathfinding/install.log --install-scripts $base/lib/pathfinding --single-version-externally-managed install_data
[12.641s] running egg_info
[12.642s] writing ../../build/pathfinding/pathfinding.egg-info/PKG-INFO
[12.651s] writing dependency_links to ../../build/pathfinding/pathfinding.egg-info/dependency_links.txt
[12.653s] writing entry points to ../../build/pathfinding/pathfinding.egg-info/entry_points.txt
[12.654s] writing requirements to ../../build/pathfinding/pathfinding.egg-info/requires.txt
[12.655s] writing top-level names to ../../build/pathfinding/pathfinding.egg-info/top_level.txt
[12.992s] reading manifest file '../../build/pathfinding/pathfinding.egg-info/SOURCES.txt'
[13.006s] writing manifest file '../../build/pathfinding/pathfinding.egg-info/SOURCES.txt'
[13.007s] running build
[13.015s] running build_py
[13.016s] copying pathfinding/pathfinding_test.py -> /home/brsd/microros_ws/build/pathfinding/build/lib/pathfinding
[13.016s] running install
[13.017s] running install_lib
[13.025s] copying /home/brsd/microros_ws/build/pathfinding/build/lib/pathfinding/pathfinding_test.py -> /home/brsd/microros_ws/install/pathfinding/lib/python3.8/site-packages/pathfinding
[13.031s] byte-compiling /home/brsd/microros_ws/install/pathfinding/lib/python3.8/site-packages/pathfinding/pathfinding_test.py to pathfinding_test.cpython-38.pyc
[13.054s] running install_data
[13.055s] running install_egg_info
[13.065s] removing '/home/brsd/microros_ws/install/pathfinding/lib/python3.8/site-packages/pathfinding-0.0.0-py3.8.egg-info' (and everything under it)
[13.074s] Copying ../../build/pathfinding/pathfinding.egg-info to /home/brsd/microros_ws/install/pathfinding/lib/python3.8/site-packages/pathfinding-0.0.0-py3.8.egg-info
[13.075s] running install_scripts
[13.212s] Installing image_display_node script to /home/brsd/microros_ws/install/pathfinding/lib/pathfinding
[13.215s] Installing pathfinding_node script to /home/brsd/microros_ws/install/pathfinding/lib/pathfinding
[13.215s] writing list of installed files to '/home/brsd/microros_ws/build/pathfinding/install.log'
[13.456s] Invoked command in '/home/brsd/microros_ws/src/pathfinding' returned '0': PYTHONPATH=/home/brsd/microros_ws/build/pathfinding/prefix_override:/usr/lib/python3/dist-packages/colcon_core/task/python/colcon_distutils_commands:/home/brsd/microros_ws/install/pathfinding/lib/python3.8/site-packages:${PYTHONPATH} /usr/bin/python3 -W ignore:setup.py install is deprecated setup.py egg_info --egg-base ../../build/pathfinding build --build-base /home/brsd/microros_ws/build/pathfinding/build install --record /home/brsd/microros_ws/build/pathfinding/install.log --install-scripts $base/lib/pathfinding --single-version-externally-managed install_data
