[9.240s] Invoking command in '/home/brsd/microros_ws/src/person_detection': PYTHONPATH=/home/brsd/microros_ws/build/person_detection/prefix_override:/usr/lib/python3/dist-packages/colcon_core/task/python/colcon_distutils_commands:/home/brsd/microros_ws/install/person_detection/lib/python3.8/site-packages:${PYTHONPATH} /usr/bin/python3 -W ignore:setup.py install is deprecated setup.py egg_info --egg-base ../../build/person_detection build --build-base /home/brsd/microros_ws/build/person_detection/build install --record /home/brsd/microros_ws/build/person_detection/install.log --install-scripts $base/lib/person_detection --single-version-externally-managed install_data
[12.775s] running egg_info
[12.778s] writing ../../build/person_detection/person_detection.egg-info/PKG-INFO
[12.781s] writing dependency_links to ../../build/person_detection/person_detection.egg-info/dependency_links.txt
[12.784s] writing entry points to ../../build/person_detection/person_detection.egg-info/entry_points.txt
[12.787s] writing requirements to ../../build/person_detection/person_detection.egg-info/requires.txt
[12.795s] writing top-level names to ../../build/person_detection/person_detection.egg-info/top_level.txt
[13.135s] reading manifest file '../../build/person_detection/person_detection.egg-info/SOURCES.txt'
[13.141s] writing manifest file '../../build/person_detection/person_detection.egg-info/SOURCES.txt'
[13.147s] running build
[13.148s] running build_py
[13.148s] running install
[13.151s] running install_lib
[13.159s] running install_data
[13.160s] running install_egg_info
[13.172s] removing '/home/brsd/microros_ws/install/person_detection/lib/python3.8/site-packages/person_detection-0.0.0-py3.8.egg-info' (and everything under it)
[13.173s] Copying ../../build/person_detection/person_detection.egg-info to /home/brsd/microros_ws/install/person_detection/lib/python3.8/site-packages/person_detection-0.0.0-py3.8.egg-info
[13.191s] running install_scripts
[13.347s] Installing color_detector script to /home/brsd/microros_ws/install/person_detection/lib/person_detection
[13.350s] writing list of installed files to '/home/brsd/microros_ws/build/person_detection/install.log'
[13.499s] Invoked command in '/home/brsd/microros_ws/src/person_detection' returned '0': PYTHONPATH=/home/brsd/microros_ws/build/person_detection/prefix_override:/usr/lib/python3/dist-packages/colcon_core/task/python/colcon_distutils_commands:/home/brsd/microros_ws/install/person_detection/lib/python3.8/site-packages:${PYTHONPATH} /usr/bin/python3 -W ignore:setup.py install is deprecated setup.py egg_info --egg-base ../../build/person_detection build --build-base /home/brsd/microros_ws/build/person_detection/build install --record /home/brsd/microros_ws/build/person_detection/install.log --install-scripts $base/lib/person_detection --single-version-externally-managed install_data
