[4.728s] Invoking command in '/home/brsd/microros_ws/src/fsm': PYTHONPATH=/home/brsd/microros_ws/build/fsm/prefix_override:/usr/lib/python3/dist-packages/colcon_core/task/python/colcon_distutils_commands:/home/brsd/microros_ws/install/fsm/lib/python3.8/site-packages:${PYTHONPATH} /usr/bin/python3 -W ignore:setup.py install is deprecated setup.py egg_info --egg-base ../../build/fsm build --build-base /home/brsd/microros_ws/build/fsm/build install --record /home/brsd/microros_ws/build/fsm/install.log --install-scripts $base/lib/fsm --single-version-externally-managed install_data
[6.281s] running egg_info
[6.286s] writing ../../build/fsm/fsm.egg-info/PKG-INFO
[6.288s] writing dependency_links to ../../build/fsm/fsm.egg-info/dependency_links.txt
[6.290s] writing entry points to ../../build/fsm/fsm.egg-info/entry_points.txt
[6.291s] writing requirements to ../../build/fsm/fsm.egg-info/requires.txt
[6.292s] writing top-level names to ../../build/fsm/fsm.egg-info/top_level.txt
[6.576s] reading manifest file '../../build/fsm/fsm.egg-info/SOURCES.txt'
[6.588s] writing manifest file '../../build/fsm/fsm.egg-info/SOURCES.txt'
[6.589s] running build
[6.590s] running build_py
[6.594s] running install
[6.603s] running install_lib
[6.628s] running install_data
[6.630s] running install_egg_info
[6.648s] removing '/home/brsd/microros_ws/install/fsm/lib/python3.8/site-packages/fsm-0.0.0-py3.8.egg-info' (and everything under it)
[6.653s] Copying ../../build/fsm/fsm.egg-info to /home/brsd/microros_ws/install/fsm/lib/python3.8/site-packages/fsm-0.0.0-py3.8.egg-info
[6.668s] running install_scripts
[6.776s] Installing brsd_fsm_node script to /home/brsd/microros_ws/install/fsm/lib/fsm
[6.778s] Installing brsd_fsm_node_correction script to /home/brsd/microros_ws/install/fsm/lib/fsm
[6.780s] Installing brsd_fsm_node_path script to /home/brsd/microros_ws/install/fsm/lib/fsm
[6.783s] writing list of installed files to '/home/brsd/microros_ws/build/fsm/install.log'
[6.911s] Invoked command in '/home/brsd/microros_ws/src/fsm' returned '0': PYTHONPATH=/home/brsd/microros_ws/build/fsm/prefix_override:/usr/lib/python3/dist-packages/colcon_core/task/python/colcon_distutils_commands:/home/brsd/microros_ws/install/fsm/lib/python3.8/site-packages:${PYTHONPATH} /usr/bin/python3 -W ignore:setup.py install is deprecated setup.py egg_info --egg-base ../../build/fsm build --build-base /home/brsd/microros_ws/build/fsm/build install --record /home/brsd/microros_ws/build/fsm/install.log --install-scripts $base/lib/fsm --single-version-externally-managed install_data
