[8.990s] Invoking command in '/home/brsd/microros_ws/src/pathfinding': PYTHONPATH=/home/brsd/microros_ws/build/pathfinding/prefix_override:/usr/lib/python3/dist-packages/colcon_core/task/python/colcon_distutils_commands:/home/brsd/microros_ws/install/pathfinding/lib/python3.8/site-packages:${PYTHONPATH} /usr/bin/python3 -W ignore:setup.py install is deprecated setup.py egg_info --egg-base ../../build/pathfinding build --build-base /home/brsd/microros_ws/build/pathfinding/build install --record /home/brsd/microros_ws/build/pathfinding/install.log --install-scripts $base/lib/pathfinding --single-version-externally-managed install_data
[11.714s] running egg_info
[11.714s] writing ../../build/pathfinding/pathfinding.egg-info/PKG-INFO
[11.718s] writing dependency_links to ../../build/pathfinding/pathfinding.egg-info/dependency_links.txt
[11.728s] writing entry points to ../../build/pathfinding/pathfinding.egg-info/entry_points.txt
[11.728s] writing requirements to ../../build/pathfinding/pathfinding.egg-info/requires.txt
[11.729s] writing top-level names to ../../build/pathfinding/pathfinding.egg-info/top_level.txt
[12.010s] reading manifest file '../../build/pathfinding/pathfinding.egg-info/SOURCES.txt'
[12.028s] writing manifest file '../../build/pathfinding/pathfinding.egg-info/SOURCES.txt'
[12.030s] running build
[12.031s] running build_py
[12.031s] copying pathfinding/pathfinding_final.py -> /home/brsd/microros_ws/build/pathfinding/build/lib/pathfinding
[12.042s] running install
[12.050s] running install_lib
[12.064s] copying /home/brsd/microros_ws/build/pathfinding/build/lib/pathfinding/pathfinding_final.py -> /home/brsd/microros_ws/install/pathfinding/lib/python3.8/site-packages/pathfinding
[12.080s] byte-compiling /home/brsd/microros_ws/install/pathfinding/lib/python3.8/site-packages/pathfinding/pathfinding_final.py to pathfinding_final.cpython-38.pyc
[12.123s] running install_data
[12.126s] running install_egg_info
[12.163s] removing '/home/brsd/microros_ws/install/pathfinding/lib/python3.8/site-packages/pathfinding-0.0.0-py3.8.egg-info' (and everything under it)
[12.164s] Copying ../../build/pathfinding/pathfinding.egg-info to /home/brsd/microros_ws/install/pathfinding/lib/python3.8/site-packages/pathfinding-0.0.0-py3.8.egg-info
[12.172s] running install_scripts
[12.363s] Installing image_display_node script to /home/brsd/microros_ws/install/pathfinding/lib/pathfinding
[12.368s] Installing pathfinding_node script to /home/brsd/microros_ws/install/pathfinding/lib/pathfinding
[12.369s] writing list of installed files to '/home/brsd/microros_ws/build/pathfinding/install.log'
[12.520s] Invoked command in '/home/brsd/microros_ws/src/pathfinding' returned '0': PYTHONPATH=/home/brsd/microros_ws/build/pathfinding/prefix_override:/usr/lib/python3/dist-packages/colcon_core/task/python/colcon_distutils_commands:/home/brsd/microros_ws/install/pathfinding/lib/python3.8/site-packages:${PYTHONPATH} /usr/bin/python3 -W ignore:setup.py install is deprecated setup.py egg_info --egg-base ../../build/pathfinding build --build-base /home/brsd/microros_ws/build/pathfinding/build install --record /home/brsd/microros_ws/build/pathfinding/install.log --install-scripts $base/lib/pathfinding --single-version-externally-managed install_data
