[7.980s] Invoking command in '/home/brsd/microros_ws/src/person_detection': PYTHONPATH=/home/brsd/microros_ws/build/person_detection/prefix_override:/usr/lib/python3/dist-packages/colcon_core/task/python/colcon_distutils_commands:/home/brsd/microros_ws/install/person_detection/lib/python3.8/site-packages:${PYTHONPATH} /usr/bin/python3 -W ignore:setup.py install is deprecated setup.py egg_info --egg-base ../../build/person_detection build --build-base /home/brsd/microros_ws/build/person_detection/build install --record /home/brsd/microros_ws/build/person_detection/install.log --install-scripts $base/lib/person_detection --single-version-externally-managed install_data
[10.307s] running egg_info
[10.312s] writing ../../build/person_detection/person_detection.egg-info/PKG-INFO
[10.313s] writing dependency_links to ../../build/person_detection/person_detection.egg-info/dependency_links.txt
[10.316s] writing entry points to ../../build/person_detection/person_detection.egg-info/entry_points.txt
[10.318s] writing requirements to ../../build/person_detection/person_detection.egg-info/requires.txt
[10.320s] writing top-level names to ../../build/person_detection/person_detection.egg-info/top_level.txt
[10.585s] reading manifest file '../../build/person_detection/person_detection.egg-info/SOURCES.txt'
[10.594s] writing manifest file '../../build/person_detection/person_detection.egg-info/SOURCES.txt'
[10.595s] running build
[10.596s] running build_py
[10.598s] copying person_detection/color_detection.py -> /home/brsd/microros_ws/build/person_detection/build/lib/person_detection
[10.601s] running install
[10.607s] running install_lib
[10.615s] copying /home/brsd/microros_ws/build/person_detection/build/lib/person_detection/color_detection.py -> /home/brsd/microros_ws/install/person_detection/lib/python3.8/site-packages/person_detection
[10.619s] byte-compiling /home/brsd/microros_ws/install/person_detection/lib/python3.8/site-packages/person_detection/color_detection.py to color_detection.cpython-38.pyc
[10.628s] running install_data
[10.629s] running install_egg_info
[10.644s] removing '/home/brsd/microros_ws/install/person_detection/lib/python3.8/site-packages/person_detection-0.0.0-py3.8.egg-info' (and everything under it)
[10.645s] Copying ../../build/person_detection/person_detection.egg-info to /home/brsd/microros_ws/install/person_detection/lib/python3.8/site-packages/person_detection-0.0.0-py3.8.egg-info
[10.657s] running install_scripts
[10.776s] Installing color_detector script to /home/brsd/microros_ws/install/person_detection/lib/person_detection
[10.780s] writing list of installed files to '/home/brsd/microros_ws/build/person_detection/install.log'
[10.925s] Invoked command in '/home/brsd/microros_ws/src/person_detection' returned '0': PYTHONPATH=/home/brsd/microros_ws/build/person_detection/prefix_override:/usr/lib/python3/dist-packages/colcon_core/task/python/colcon_distutils_commands:/home/brsd/microros_ws/install/person_detection/lib/python3.8/site-packages:${PYTHONPATH} /usr/bin/python3 -W ignore:setup.py install is deprecated setup.py egg_info --egg-base ../../build/person_detection build --build-base /home/brsd/microros_ws/build/person_detection/build install --record /home/brsd/microros_ws/build/person_detection/install.log --install-scripts $base/lib/person_detection --single-version-externally-managed install_data
