[6.331s] Invoking command in '/home/brsd/microros_ws/src/jetson_comm': PYTHONPATH=/home/brsd/microros_ws/build/jetson_comm/prefix_override:/usr/lib/python3/dist-packages/colcon_core/task/python/colcon_distutils_commands:/home/brsd/microros_ws/install/jetson_comm/lib/python3.8/site-packages:${PYTHONPATH} /usr/bin/python3 -W ignore:setup.py install is deprecated setup.py egg_info --egg-base ../../build/jetson_comm build --build-base /home/brsd/microros_ws/build/jetson_comm/build install --record /home/brsd/microros_ws/build/jetson_comm/install.log --install-scripts $base/lib/jetson_comm --single-version-externally-managed install_data
[8.547s] running egg_info
[8.573s] writing ../../build/jetson_comm/jetson_comm.egg-info/PKG-INFO
[8.576s] writing dependency_links to ../../build/jetson_comm/jetson_comm.egg-info/dependency_links.txt
[8.580s] writing entry points to ../../build/jetson_comm/jetson_comm.egg-info/entry_points.txt
[8.583s] writing requirements to ../../build/jetson_comm/jetson_comm.egg-info/requires.txt
[8.587s] writing top-level names to ../../build/jetson_comm/jetson_comm.egg-info/top_level.txt
[8.858s] reading manifest file '../../build/jetson_comm/jetson_comm.egg-info/SOURCES.txt'
[8.874s] writing manifest file '../../build/jetson_comm/jetson_comm.egg-info/SOURCES.txt'
[8.876s] running build
[8.877s] running build_py
[8.879s] running install
[8.889s] running install_lib
[8.908s] running install_data
[8.912s] running install_egg_info
[8.926s] removing '/home/brsd/microros_ws/install/jetson_comm/lib/python3.8/site-packages/jetson_comm-0.0.0-py3.8.egg-info' (and everything under it)
[8.943s] Copying ../../build/jetson_comm/jetson_comm.egg-info to /home/brsd/microros_ws/install/jetson_comm/lib/python3.8/site-packages/jetson_comm-0.0.0-py3.8.egg-info
[8.946s] running install_scripts
[9.091s] Installing jetson_node script to /home/brsd/microros_ws/install/jetson_comm/lib/jetson_comm
[9.092s] writing list of installed files to '/home/brsd/microros_ws/build/jetson_comm/install.log'
[9.226s] Invoked command in '/home/brsd/microros_ws/src/jetson_comm' returned '0': PYTHONPATH=/home/brsd/microros_ws/build/jetson_comm/prefix_override:/usr/lib/python3/dist-packages/colcon_core/task/python/colcon_distutils_commands:/home/brsd/microros_ws/install/jetson_comm/lib/python3.8/site-packages:${PYTHONPATH} /usr/bin/python3 -W ignore:setup.py install is deprecated setup.py egg_info --egg-base ../../build/jetson_comm build --build-base /home/brsd/microros_ws/build/jetson_comm/build install --record /home/brsd/microros_ws/build/jetson_comm/install.log --install-scripts $base/lib/jetson_comm --single-version-externally-managed install_data
