[0.586s] Invoking command in '/home/brsd/microros_ws/build/micro_ros_setup': CMAKE_PREFIX_PATH=${CMAKE_PREFIX_PATH}:/home/brsd/microros_ws/install/person_detection:/home/brsd/microros_ws/install/pathfinding:/home/brsd/microros_ws/install/object_detection_pkg:/home/brsd/microros_ws/install/joystick_input:/home/brsd/microros_ws/install/jetson_comm:/home/brsd/microros_ws/install/fsm:/opt/ros/foxy /usr/bin/cmake --build /home/brsd/microros_ws/build/micro_ros_setup -- -j4 -l4
[5.029s] Invoked command in '/home/brsd/microros_ws/build/micro_ros_setup' returned '0': CMAKE_PREFIX_PATH=${CMAKE_PREFIX_PATH}:/home/brsd/microros_ws/install/person_detection:/home/brsd/microros_ws/install/pathfinding:/home/brsd/microros_ws/install/object_detection_pkg:/home/brsd/microros_ws/install/joystick_input:/home/brsd/microros_ws/install/jetson_comm:/home/brsd/microros_ws/install/fsm:/opt/ros/foxy /usr/bin/cmake --build /home/brsd/microros_ws/build/micro_ros_setup -- -j4 -l4
[5.512s] Invoking command in '/home/brsd/microros_ws/build/micro_ros_setup': CMAKE_PREFIX_PATH=${CMAKE_PREFIX_PATH}:/home/brsd/microros_ws/install/person_detection:/home/brsd/microros_ws/install/pathfinding:/home/brsd/microros_ws/install/object_detection_pkg:/home/brsd/microros_ws/install/joystick_input:/home/brsd/microros_ws/install/jetson_comm:/home/brsd/microros_ws/install/fsm:/opt/ros/foxy /usr/bin/cmake --install /home/brsd/microros_ws/build/micro_ros_setup
[5.756s] -- Install configuration: ""
[5.757s] -- Up-to-date: /home/brsd/microros_ws/install/micro_ros_setup/share/ament_index/resource_index/package_run_dependencies/micro_ros_setup
[5.768s] -- Up-to-date: /home/brsd/microros_ws/install/micro_ros_setup/share/ament_index/resource_index/parent_prefix_path/micro_ros_setup
[5.771s] -- Up-to-date: /home/brsd/microros_ws/install/micro_ros_setup/share/micro_ros_setup/environment/ament_prefix_path.sh
[5.778s] -- Up-to-date: /home/brsd/microros_ws/install/micro_ros_setup/share/micro_ros_setup/environment/ament_prefix_path.dsv
[5.781s] -- Up-to-date: /home/brsd/microros_ws/install/micro_ros_setup/share/micro_ros_setup/environment/path.sh
[5.783s] -- Up-to-date: /home/brsd/microros_ws/install/micro_ros_setup/share/micro_ros_setup/environment/path.dsv
[5.787s] -- Up-to-date: /home/brsd/microros_ws/install/micro_ros_setup/share/micro_ros_setup/local_setup.bash
[5.787s] -- Up-to-date: /home/brsd/microros_ws/install/micro_ros_setup/share/micro_ros_setup/local_setup.sh
[5.794s] -- Up-to-date: /home/brsd/microros_ws/install/micro_ros_setup/share/micro_ros_setup/local_setup.zsh
[5.795s] -- Up-to-date: /home/brsd/microros_ws/install/micro_ros_setup/share/micro_ros_setup/local_setup.dsv
[5.796s] -- Installing: /home/brsd/microros_ws/install/micro_ros_setup/share/micro_ros_setup/package.dsv
[5.800s] -- Up-to-date: /home/brsd/microros_ws/install/micro_ros_setup/share/ament_index/resource_index/packages/micro_ros_setup
[5.801s] -- Up-to-date: /home/brsd/microros_ws/install/micro_ros_setup/share/micro_ros_setup/cmake/micro_ros_setupConfig.cmake
[5.802s] -- Up-to-date: /home/brsd/microros_ws/install/micro_ros_setup/share/micro_ros_setup/cmake/micro_ros_setupConfig-version.cmake
[5.807s] -- Up-to-date: /home/brsd/microros_ws/install/micro_ros_setup/share/micro_ros_setup/package.xml
[5.810s] -- Up-to-date: /home/brsd/microros_ws/install/micro_ros_setup/./config
[5.816s] -- Up-to-date: /home/brsd/microros_ws/install/micro_ros_setup/./config/client_ros2_packages.txt
[5.821s] -- Up-to-date: /home/brsd/microros_ws/install/micro_ros_setup/./config/raspbian
[5.823s] -- Up-to-date: /home/brsd/microros_ws/install/micro_ros_setup/./config/raspbian/generic
[5.824s] -- Up-to-date: /home/brsd/microros_ws/install/micro_ros_setup/./config/raspbian/generic/build.sh
[5.825s] -- Up-to-date: /home/brsd/microros_ws/install/micro_ros_setup/./config/raspbian/generic/configure.sh
[5.827s] -- Up-to-date: /home/brsd/microros_ws/install/micro_ros_setup/./config/raspbian/generic/client_uros_packages.repos
[5.828s] -- Up-to-date: /home/brsd/microros_ws/install/micro_ros_setup/./config/raspbian/generic/create.sh
[5.828s] -- Up-to-date: /home/brsd/microros_ws/install/micro_ros_setup/./config/raspbian/generic/flash.sh
[5.829s] -- Up-to-date: /home/brsd/microros_ws/install/micro_ros_setup/./config/raspbian/generic/client-colcon.meta
[5.829s] -- Up-to-date: /home/brsd/microros_ws/install/micro_ros_setup/./config/raspbian/generic/supported_platforms
[5.830s] -- Up-to-date: /home/brsd/microros_ws/install/micro_ros_setup/./config/raspbian/dev_uros_packages.repos
[5.830s] -- Up-to-date: /home/brsd/microros_ws/install/micro_ros_setup/./config/raspbian/dev_ros2_packages.txt
[5.831s] -- Up-to-date: /home/brsd/microros_ws/install/micro_ros_setup/./config/client_uros_packages.repos
[5.831s] -- Up-to-date: /home/brsd/microros_ws/install/micro_ros_setup/./config/zephyr
[5.832s] -- Up-to-date: /home/brsd/microros_ws/install/micro_ros_setup/./config/zephyr/list_apps.sh
[5.832s] -- Up-to-date: /home/brsd/microros_ws/install/micro_ros_setup/./config/zephyr/generic
[5.832s] -- Up-to-date: /home/brsd/microros_ws/install/micro_ros_setup/./config/zephyr/generic/build.sh
[5.833s] -- Up-to-date: /home/brsd/microros_ws/install/micro_ros_setup/./config/zephyr/generic/configure.sh
[5.834s] -- Up-to-date: /home/brsd/microros_ws/install/micro_ros_setup/./config/zephyr/generic/client_uros_packages.repos
[5.834s] -- Up-to-date: /home/brsd/microros_ws/install/micro_ros_setup/./config/zephyr/generic/package.xml
[5.867s] -- Up-to-date: /home/brsd/microros_ws/install/micro_ros_setup/./config/zephyr/generic/create.sh
[5.867s] -- Up-to-date: /home/brsd/microros_ws/install/micro_ros_setup/./config/zephyr/generic/flash.sh
[5.871s] -- Up-to-date: /home/brsd/microros_ws/install/micro_ros_setup/./config/zephyr/generic/board.repos
[5.872s] -- Up-to-date: /home/brsd/microros_ws/install/micro_ros_setup/./config/zephyr/generic/client-colcon.meta
[5.883s] -- Up-to-date: /home/brsd/microros_ws/install/micro_ros_setup/./config/zephyr/generic/reset.sh
[5.884s] -- Up-to-date: /home/brsd/microros_ws/install/micro_ros_setup/./config/zephyr/generic/supported_platforms
[5.885s] -- Up-to-date: /home/brsd/microros_ws/install/micro_ros_setup/./config/zephyr/dev_uros_packages.repos
[5.886s] -- Up-to-date: /home/brsd/microros_ws/install/micro_ros_setup/./config/zephyr/dev_ros2_packages.txt
[5.891s] -- Up-to-date: /home/brsd/microros_ws/install/micro_ros_setup/./config/renesas_ra
[5.892s] -- Up-to-date: /home/brsd/microros_ws/install/micro_ros_setup/./config/renesas_ra/list_apps.sh
[5.892s] -- Up-to-date: /home/brsd/microros_ws/install/micro_ros_setup/./config/renesas_ra/ra6m5
[5.893s] -- Up-to-date: /home/brsd/microros_ws/install/micro_ros_setup/./config/renesas_ra/ra6m5/build.sh
[5.893s] -- Up-to-date: /home/brsd/microros_ws/install/micro_ros_setup/./config/renesas_ra/ra6m5/configure.sh
[5.894s] -- Up-to-date: /home/brsd/microros_ws/install/micro_ros_setup/./config/renesas_ra/ra6m5/client_uros_packages.repos
[5.898s] -- Up-to-date: /home/brsd/microros_ws/install/micro_ros_setup/./config/renesas_ra/ra6m5/create.sh
[5.899s] -- Up-to-date: /home/brsd/microros_ws/install/micro_ros_setup/./config/renesas_ra/ra6m5/flash.sh
[5.900s] -- Up-to-date: /home/brsd/microros_ws/install/micro_ros_setup/./config/renesas_ra/ra6m5/board.repos
[5.900s] -- Up-to-date: /home/brsd/microros_ws/install/micro_ros_setup/./config/renesas_ra/ra6m5/client-colcon.meta
[5.901s] -- Up-to-date: /home/brsd/microros_ws/install/micro_ros_setup/./config/renesas_ra/dev_uros_packages.repos
[5.901s] -- Up-to-date: /home/brsd/microros_ws/install/micro_ros_setup/./config/renesas_ra/dev_ros2_packages.txt
[5.902s] -- Up-to-date: /home/brsd/microros_ws/install/micro_ros_setup/./config/freertos
[5.903s] -- Up-to-date: /home/brsd/microros_ws/install/micro_ros_setup/./config/freertos/list_apps.sh
[5.903s] -- Up-to-date: /home/brsd/microros_ws/install/micro_ros_setup/./config/freertos/dev_uros_packages.repos
[5.922s] -- Up-to-date: /home/brsd/microros_ws/install/micro_ros_setup/./config/freertos/nucleo_f746zg
[5.924s] -- Up-to-date: /home/brsd/microros_ws/install/micro_ros_setup/./config/freertos/nucleo_f746zg/build.sh
[5.924s] -- Up-to-date: /home/brsd/microros_ws/install/micro_ros_setup/./config/freertos/nucleo_f746zg/configure.sh
[5.925s] -- Up-to-date: /home/brsd/microros_ws/install/micro_ros_setup/./config/freertos/nucleo_f746zg/client_uros_packages.repos
[5.926s] -- Up-to-date: /home/brsd/microros_ws/install/micro_ros_setup/./config/freertos/nucleo_f746zg/package.xml
[5.926s] -- Up-to-date: /home/brsd/microros_ws/install/micro_ros_setup/./config/freertos/nucleo_f746zg/create.sh
[5.927s] -- Up-to-date: /home/brsd/microros_ws/install/micro_ros_setup/./config/freertos/nucleo_f746zg/flash.sh
[5.927s] -- Up-to-date: /home/brsd/microros_ws/install/micro_ros_setup/./config/freertos/nucleo_f746zg/board.repos
[5.928s] -- Up-to-date: /home/brsd/microros_ws/install/micro_ros_setup/./config/freertos/nucleo_f746zg/client-colcon.meta
[5.934s] -- Up-to-date: /home/brsd/microros_ws/install/micro_ros_setup/./config/freertos/nucleo_f746zg/reset.sh
[5.937s] -- Up-to-date: /home/brsd/microros_ws/install/micro_ros_setup/./config/freertos/crazyflie21
[5.937s] -- Up-to-date: /home/brsd/microros_ws/install/micro_ros_setup/./config/freertos/crazyflie21/build.sh
[5.938s] -- Up-to-date: /home/brsd/microros_ws/install/micro_ros_setup/./config/freertos/crazyflie21/configure.sh
[5.946s] -- Up-to-date: /home/brsd/microros_ws/install/micro_ros_setup/./config/freertos/crazyflie21/client_uros_packages.repos
[5.947s] -- Up-to-date: /home/brsd/microros_ws/install/micro_ros_setup/./config/freertos/crazyflie21/package.xml
[5.947s] -- Up-to-date: /home/brsd/microros_ws/install/micro_ros_setup/./config/freertos/crazyflie21/create.sh
[5.974s] -- Up-to-date: /home/brsd/microros_ws/install/micro_ros_setup/./config/freertos/crazyflie21/flash.sh
[5.975s] -- Up-to-date: /home/brsd/microros_ws/install/micro_ros_setup/./config/freertos/crazyflie21/board.repos
[5.975s] -- Up-to-date: /home/brsd/microros_ws/install/micro_ros_setup/./config/freertos/crazyflie21/client-colcon.meta
[5.976s] -- Up-to-date: /home/brsd/microros_ws/install/micro_ros_setup/./config/freertos/nucleo_f446re
[5.976s] -- Up-to-date: /home/brsd/microros_ws/install/micro_ros_setup/./config/freertos/nucleo_f446re/build.sh
[5.977s] -- Up-to-date: /home/brsd/microros_ws/install/micro_ros_setup/./config/freertos/nucleo_f446re/configure.sh
[5.977s] -- Up-to-date: /home/brsd/microros_ws/install/micro_ros_setup/./config/freertos/nucleo_f446re/client_uros_packages.repos
[5.978s] -- Up-to-date: /home/brsd/microros_ws/install/micro_ros_setup/./config/freertos/nucleo_f446re/package.xml
[5.978s] -- Up-to-date: /home/brsd/microros_ws/install/micro_ros_setup/./config/freertos/nucleo_f446re/create.sh
[5.979s] -- Up-to-date: /home/brsd/microros_ws/install/micro_ros_setup/./config/freertos/nucleo_f446re/flash.sh
[5.989s] -- Up-to-date: /home/brsd/microros_ws/install/micro_ros_setup/./config/freertos/nucleo_f446re/board.repos
[5.990s] -- Up-to-date: /home/brsd/microros_ws/install/micro_ros_setup/./config/freertos/nucleo_f446re/client-colcon.meta
[5.990s] -- Up-to-date: /home/brsd/microros_ws/install/micro_ros_setup/./config/freertos/nucleo_f446re/reset.sh
[5.991s] -- Up-to-date: /home/brsd/microros_ws/install/micro_ros_setup/./config/freertos/esp32
[5.991s] -- Up-to-date: /home/brsd/microros_ws/install/micro_ros_setup/./config/freertos/esp32/README.md
[5.994s] -- Up-to-date: /home/brsd/microros_ws/install/micro_ros_setup/./config/freertos/esp32/build.sh
[5.994s] -- Up-to-date: /home/brsd/microros_ws/install/micro_ros_setup/./config/freertos/esp32/configure.sh
[5.995s] -- Up-to-date: /home/brsd/microros_ws/install/micro_ros_setup/./config/freertos/esp32/client_uros_packages.repos
[5.995s] -- Up-to-date: /home/brsd/microros_ws/install/micro_ros_setup/./config/freertos/esp32/package.xml
[5.996s] -- Up-to-date: /home/brsd/microros_ws/install/micro_ros_setup/./config/freertos/esp32/create.sh
[5.996s] -- Up-to-date: /home/brsd/microros_ws/install/micro_ros_setup/./config/freertos/esp32/flash.sh
[5.997s] -- Up-to-date: /home/brsd/microros_ws/install/micro_ros_setup/./config/freertos/esp32/board.repos
[5.997s] -- Up-to-date: /home/brsd/microros_ws/install/micro_ros_setup/./config/freertos/esp32/client-colcon.meta
[5.997s] -- Up-to-date: /home/brsd/microros_ws/install/micro_ros_setup/./config/freertos/nucleo_f767zi
[5.998s] -- Up-to-date: /home/brsd/microros_ws/install/micro_ros_setup/./config/freertos/nucleo_f767zi/build.sh
[5.998s] -- Up-to-date: /home/brsd/microros_ws/install/micro_ros_setup/./config/freertos/nucleo_f767zi/configure.sh
[6.003s] -- Up-to-date: /home/brsd/microros_ws/install/micro_ros_setup/./config/freertos/nucleo_f767zi/client_uros_packages.repos
[6.004s] -- Up-to-date: /home/brsd/microros_ws/install/micro_ros_setup/./config/freertos/nucleo_f767zi/package.xml
[6.005s] -- Up-to-date: /home/brsd/microros_ws/install/micro_ros_setup/./config/freertos/nucleo_f767zi/create.sh
[6.008s] -- Up-to-date: /home/brsd/microros_ws/install/micro_ros_setup/./config/freertos/nucleo_f767zi/flash.sh
[6.011s] -- Up-to-date: /home/brsd/microros_ws/install/micro_ros_setup/./config/freertos/nucleo_f767zi/board.repos
[6.012s] -- Up-to-date: /home/brsd/microros_ws/install/micro_ros_setup/./config/freertos/nucleo_f767zi/client-colcon.meta
[6.012s] -- Up-to-date: /home/brsd/microros_ws/install/micro_ros_setup/./config/freertos/nucleo_f767zi/reset.sh
[6.013s] -- Up-to-date: /home/brsd/microros_ws/install/micro_ros_setup/./config/freertos/olimex-stm32-e407
[6.013s] -- Up-to-date: /home/brsd/microros_ws/install/micro_ros_setup/./config/freertos/olimex-stm32-e407/build.sh
[6.014s] -- Up-to-date: /home/brsd/microros_ws/install/micro_ros_setup/./config/freertos/olimex-stm32-e407/configure.sh
[6.015s] -- Up-to-date: /home/brsd/microros_ws/install/micro_ros_setup/./config/freertos/olimex-stm32-e407/client_uros_packages.repos
[6.015s] -- Up-to-date: /home/brsd/microros_ws/install/micro_ros_setup/./config/freertos/olimex-stm32-e407/package.xml
[6.015s] -- Up-to-date: /home/brsd/microros_ws/install/micro_ros_setup/./config/freertos/olimex-stm32-e407/create.sh
[6.016s] -- Up-to-date: /home/brsd/microros_ws/install/micro_ros_setup/./config/freertos/olimex-stm32-e407/flash.sh
[6.016s] -- Up-to-date: /home/brsd/microros_ws/install/micro_ros_setup/./config/freertos/olimex-stm32-e407/board.repos
[6.017s] -- Up-to-date: /home/brsd/microros_ws/install/micro_ros_setup/./config/freertos/olimex-stm32-e407/client-colcon.meta
[6.018s] -- Up-to-date: /home/brsd/microros_ws/install/micro_ros_setup/./config/freertos/olimex-stm32-e407/reset.sh
[6.018s] -- Up-to-date: /home/brsd/microros_ws/install/micro_ros_setup/./config/freertos/nucleo_f446ze
[6.019s] -- Up-to-date: /home/brsd/microros_ws/install/micro_ros_setup/./config/freertos/nucleo_f446ze/build.sh
[6.019s] -- Up-to-date: /home/brsd/microros_ws/install/micro_ros_setup/./config/freertos/nucleo_f446ze/configure.sh
[6.020s] -- Up-to-date: /home/brsd/microros_ws/install/micro_ros_setup/./config/freertos/nucleo_f446ze/client_uros_packages.repos
[6.020s] -- Up-to-date: /home/brsd/microros_ws/install/micro_ros_setup/./config/freertos/nucleo_f446ze/package.xml
[6.021s] -- Up-to-date: /home/brsd/microros_ws/install/micro_ros_setup/./config/freertos/nucleo_f446ze/create.sh
[6.021s] -- Up-to-date: /home/brsd/microros_ws/install/micro_ros_setup/./config/freertos/nucleo_f446ze/flash.sh
[6.022s] -- Up-to-date: /home/brsd/microros_ws/install/micro_ros_setup/./config/freertos/nucleo_f446ze/board.repos
[6.022s] -- Up-to-date: /home/brsd/microros_ws/install/micro_ros_setup/./config/freertos/nucleo_f446ze/client-colcon.meta
[6.029s] -- Up-to-date: /home/brsd/microros_ws/install/micro_ros_setup/./config/freertos/nucleo_f446ze/reset.sh
[6.031s] -- Up-to-date: /home/brsd/microros_ws/install/micro_ros_setup/./config/freertos/dev_ros2_packages.txt
[6.034s] -- Up-to-date: /home/brsd/microros_ws/install/micro_ros_setup/./config/agent_ros2_packages.txt
[6.035s] -- Up-to-date: /home/brsd/microros_ws/install/micro_ros_setup/./config/utils.sh
[6.035s] -- Up-to-date: /home/brsd/microros_ws/install/micro_ros_setup/./config/nuttx
[6.036s] -- Up-to-date: /home/brsd/microros_ws/install/micro_ros_setup/./config/nuttx/generic
[6.036s] -- Up-to-date: /home/brsd/microros_ws/install/micro_ros_setup/./config/nuttx/generic/build.sh
[6.037s] -- Up-to-date: /home/brsd/microros_ws/install/micro_ros_setup/./config/nuttx/generic/configure.sh
[6.039s] -- Up-to-date: /home/brsd/microros_ws/install/micro_ros_setup/./config/nuttx/generic/client_uros_packages.repos
[6.039s] -- Up-to-date: /home/brsd/microros_ws/install/micro_ros_setup/./config/nuttx/generic/package.xml
[6.041s] -- Up-to-date: /home/brsd/microros_ws/install/micro_ros_setup/./config/nuttx/generic/create.sh
[6.049s] -- Up-to-date: /home/brsd/microros_ws/install/micro_ros_setup/./config/nuttx/generic/flash.sh
[6.083s] -- Up-to-date: /home/brsd/microros_ws/install/micro_ros_setup/./config/nuttx/generic/uros_packages.repos
[6.085s] -- Up-to-date: /home/brsd/microros_ws/install/micro_ros_setup/./config/nuttx/generic/client-colcon.meta
[6.086s] -- Up-to-date: /home/brsd/microros_ws/install/micro_ros_setup/./config/nuttx/generic/reset.sh
[6.086s] -- Up-to-date: /home/brsd/microros_ws/install/micro_ros_setup/./config/nuttx/generic/supported_platforms
[6.087s] -- Up-to-date: /home/brsd/microros_ws/install/micro_ros_setup/./config/nuttx/dev_uros_packages.repos
[6.087s] -- Up-to-date: /home/brsd/microros_ws/install/micro_ros_setup/./config/nuttx/dev_ros2_packages.txt
[6.088s] -- Up-to-date: /home/brsd/microros_ws/install/micro_ros_setup/./config/generate_lib
[6.088s] -- Up-to-date: /home/brsd/microros_ws/install/micro_ros_setup/./config/generate_lib/generic
[6.089s] -- Up-to-date: /home/brsd/microros_ws/install/micro_ros_setup/./config/generate_lib/generic/build.sh
[6.090s] -- Up-to-date: /home/brsd/microros_ws/install/micro_ros_setup/./config/generate_lib/generic/client_uros_packages.repos
[6.090s] -- Up-to-date: /home/brsd/microros_ws/install/micro_ros_setup/./config/generate_lib/generic/package.xml
[6.091s] -- Up-to-date: /home/brsd/microros_ws/install/micro_ros_setup/./config/generate_lib/generic/create.sh
[6.091s] -- Up-to-date: /home/brsd/microros_ws/install/micro_ros_setup/./config/generate_lib/generic/flash.sh
[6.102s] -- Up-to-date: /home/brsd/microros_ws/install/micro_ros_setup/./config/generate_lib/generic/demo_toolchain.cmake
[6.103s] -- Up-to-date: /home/brsd/microros_ws/install/micro_ros_setup/./config/generate_lib/generic/client-colcon.meta
[6.104s] -- Up-to-date: /home/brsd/microros_ws/install/micro_ros_setup/./config/generate_lib/dev_uros_packages.repos
[6.104s] -- Up-to-date: /home/brsd/microros_ws/install/micro_ros_setup/./config/generate_lib/dev_ros2_packages.txt
[6.105s] -- Up-to-date: /home/brsd/microros_ws/install/micro_ros_setup/./config/agent_uros_packages.repos
[6.105s] -- Up-to-date: /home/brsd/microros_ws/install/micro_ros_setup/./config/host
[6.106s] -- Up-to-date: /home/brsd/microros_ws/install/micro_ros_setup/./config/host/client_ros2_packages.txt
[6.106s] -- Up-to-date: /home/brsd/microros_ws/install/micro_ros_setup/./config/host/generic
[6.107s] -- Up-to-date: /home/brsd/microros_ws/install/micro_ros_setup/./config/host/generic/build.sh
[6.107s] -- Up-to-date: /home/brsd/microros_ws/install/micro_ros_setup/./config/host/generic/package.xml
[6.108s] -- Up-to-date: /home/brsd/microros_ws/install/micro_ros_setup/./config/host/generic/create.sh
[6.119s] -- Up-to-date: /home/brsd/microros_ws/install/micro_ros_setup/./config/host/generic/flash.sh
[6.119s] -- Up-to-date: /home/brsd/microros_ws/install/micro_ros_setup/./config/host/generic/client-host-colcon.meta
[6.120s] -- Up-to-date: /home/brsd/microros_ws/install/micro_ros_setup/./config/host/generic/reset.sh
[6.121s] -- Up-to-date: /home/brsd/microros_ws/install/micro_ros_setup/./config/host/generic/client_host_packages.repos
[6.121s] -- Up-to-date: /home/brsd/microros_ws/install/micro_ros_setup/./config/host/dev_uros_packages.repos
[6.122s] -- Up-to-date: /home/brsd/microros_ws/install/micro_ros_setup/./config/host/dev_ros2_packages.txt
[6.122s] -- Up-to-date: /home/brsd/microros_ws/install/micro_ros_setup/lib/micro_ros_setup/create_ws.sh
[6.123s] -- Up-to-date: /home/brsd/microros_ws/install/micro_ros_setup/lib/micro_ros_setup/create_agent_ws.sh
[6.123s] -- Up-to-date: /home/brsd/microros_ws/install/micro_ros_setup/lib/micro_ros_setup/create_firmware_ws.sh
[6.124s] -- Up-to-date: /home/brsd/microros_ws/install/micro_ros_setup/lib/micro_ros_setup/configure_firmware.sh
[6.135s] -- Up-to-date: /home/brsd/microros_ws/install/micro_ros_setup/lib/micro_ros_setup/flash_firmware.sh
[6.136s] -- Up-to-date: /home/brsd/microros_ws/install/micro_ros_setup/lib/micro_ros_setup/reset_firmware.sh
[6.137s] -- Up-to-date: /home/brsd/microros_ws/install/micro_ros_setup/lib/micro_ros_setup/build_firmware.sh
[6.137s] -- Up-to-date: /home/brsd/microros_ws/install/micro_ros_setup/lib/micro_ros_setup/build_agent.sh
[6.138s] -- Up-to-date: /home/brsd/microros_ws/install/micro_ros_setup/lib/micro_ros_setup/yaml_filter.py
[6.138s] -- Up-to-date: /home/brsd/microros_ws/install/micro_ros_setup/lib/micro_ros_setup/clean_env.sh
[8.943s] Invoked command in '/home/brsd/microros_ws/build/micro_ros_setup' returned '0': CMAKE_PREFIX_PATH=${CMAKE_PREFIX_PATH}:/home/brsd/microros_ws/install/person_detection:/home/brsd/microros_ws/install/pathfinding:/home/brsd/microros_ws/install/object_detection_pkg:/home/brsd/microros_ws/install/joystick_input:/home/brsd/microros_ws/install/jetson_comm:/home/brsd/microros_ws/install/fsm:/opt/ros/foxy /usr/bin/cmake --install /home/brsd/microros_ws/build/micro_ros_setup
