[3.553s] Invoking command in '/home/brsd/microros_ws/src/pathfinding': PYTHONPATH=/home/brsd/microros_ws/build/pathfinding/prefix_override:/usr/lib/python3/dist-packages/colcon_core/task/python/colcon_distutils_commands:/home/brsd/microros_ws/install/pathfinding/lib/python3.8/site-packages:${PYTHONPATH} /usr/bin/python3 -W ignore:setup.py install is deprecated setup.py egg_info --egg-base ../../build/pathfinding build --build-base /home/brsd/microros_ws/build/pathfinding/build install --record /home/brsd/microros_ws/build/pathfinding/install.log --install-scripts $base/lib/pathfinding --single-version-externally-managed install_data
[4.869s] running egg_info
[4.872s] writing ../../build/pathfinding/pathfinding.egg-info/PKG-INFO
[4.873s] writing dependency_links to ../../build/pathfinding/pathfinding.egg-info/dependency_links.txt
[4.874s] writing entry points to ../../build/pathfinding/pathfinding.egg-info/entry_points.txt
[4.875s] writing requirements to ../../build/pathfinding/pathfinding.egg-info/requires.txt
[4.876s] writing top-level names to ../../build/pathfinding/pathfinding.egg-info/top_level.txt
[5.068s] reading manifest file '../../build/pathfinding/pathfinding.egg-info/SOURCES.txt'
[5.074s] writing manifest file '../../build/pathfinding/pathfinding.egg-info/SOURCES.txt'
[5.075s] running build
[5.076s] running build_py
[5.077s] running install
[5.081s] running install_lib
[5.089s] running install_data
[5.090s] running install_egg_info
[5.098s] removing '/home/brsd/microros_ws/install/pathfinding/lib/python3.8/site-packages/pathfinding-0.0.0-py3.8.egg-info' (and everything under it)
[5.099s] Copying ../../build/pathfinding/pathfinding.egg-info to /home/brsd/microros_ws/install/pathfinding/lib/python3.8/site-packages/pathfinding-0.0.0-py3.8.egg-info
[5.105s] running install_scripts
[5.192s] Installing image_display_node script to /home/brsd/microros_ws/install/pathfinding/lib/pathfinding
[5.193s] Installing pathfinding_node script to /home/brsd/microros_ws/install/pathfinding/lib/pathfinding
[5.194s] writing list of installed files to '/home/brsd/microros_ws/build/pathfinding/install.log'
[5.320s] Invoked command in '/home/brsd/microros_ws/src/pathfinding' returned '0': PYTHONPATH=/home/brsd/microros_ws/build/pathfinding/prefix_override:/usr/lib/python3/dist-packages/colcon_core/task/python/colcon_distutils_commands:/home/brsd/microros_ws/install/pathfinding/lib/python3.8/site-packages:${PYTHONPATH} /usr/bin/python3 -W ignore:setup.py install is deprecated setup.py egg_info --egg-base ../../build/pathfinding build --build-base /home/brsd/microros_ws/build/pathfinding/build install --record /home/brsd/microros_ws/build/pathfinding/install.log --install-scripts $base/lib/pathfinding --single-version-externally-managed install_data
