[6.544s] Invoking command in '/home/brsd/microros_ws/src/fsm': PYTHONPATH=/home/brsd/microros_ws/build/fsm/prefix_override:/usr/lib/python3/dist-packages/colcon_core/task/python/colcon_distutils_commands:/home/brsd/microros_ws/install/fsm/lib/python3.8/site-packages:${PYTHONPATH} /usr/bin/python3 -W ignore:setup.py install is deprecated setup.py egg_info --egg-base ../../build/fsm build --build-base /home/brsd/microros_ws/build/fsm/build install --record /home/brsd/microros_ws/build/fsm/install.log --install-scripts $base/lib/fsm --single-version-externally-managed install_data
[9.591s] running egg_info
[9.612s] writing ../../build/fsm/fsm.egg-info/PKG-INFO
[9.614s] writing dependency_links to ../../build/fsm/fsm.egg-info/dependency_links.txt
[9.616s] writing entry points to ../../build/fsm/fsm.egg-info/entry_points.txt
[9.617s] writing requirements to ../../build/fsm/fsm.egg-info/requires.txt
[9.619s] writing top-level names to ../../build/fsm/fsm.egg-info/top_level.txt
[10.057s] reading manifest file '../../build/fsm/fsm.egg-info/SOURCES.txt'
[10.064s] writing manifest file '../../build/fsm/fsm.egg-info/SOURCES.txt'
[10.073s] running build
[10.078s] running build_py
[10.079s] copying fsm/brsd_fsm_node_correction.py -> /home/brsd/microros_ws/build/fsm/build/lib/fsm
[10.092s] running install
[10.096s] running install_lib
[10.108s] copying /home/brsd/microros_ws/build/fsm/build/lib/fsm/brsd_fsm_node_correction.py -> /home/brsd/microros_ws/install/fsm/lib/python3.8/site-packages/fsm
[10.129s] byte-compiling /home/brsd/microros_ws/install/fsm/lib/python3.8/site-packages/fsm/brsd_fsm_node_correction.py to brsd_fsm_node_correction.cpython-38.pyc
[10.160s] running install_data
[10.166s] running install_egg_info
[10.204s] removing '/home/brsd/microros_ws/install/fsm/lib/python3.8/site-packages/fsm-0.0.0-py3.8.egg-info' (and everything under it)
[10.212s] Copying ../../build/fsm/fsm.egg-info to /home/brsd/microros_ws/install/fsm/lib/python3.8/site-packages/fsm-0.0.0-py3.8.egg-info
[10.224s] running install_scripts
[10.499s] Installing brsd_fsm_node script to /home/brsd/microros_ws/install/fsm/lib/fsm
[10.512s] Installing brsd_fsm_node_correction script to /home/brsd/microros_ws/install/fsm/lib/fsm
[10.517s] Installing brsd_fsm_node_correction_bump script to /home/brsd/microros_ws/install/fsm/lib/fsm
[10.518s] writing list of installed files to '/home/brsd/microros_ws/build/fsm/install.log'
[10.854s] Invoked command in '/home/brsd/microros_ws/src/fsm' returned '0': PYTHONPATH=/home/brsd/microros_ws/build/fsm/prefix_override:/usr/lib/python3/dist-packages/colcon_core/task/python/colcon_distutils_commands:/home/brsd/microros_ws/install/fsm/lib/python3.8/site-packages:${PYTHONPATH} /usr/bin/python3 -W ignore:setup.py install is deprecated setup.py egg_info --egg-base ../../build/fsm build --build-base /home/brsd/microros_ws/build/fsm/build install --record /home/brsd/microros_ws/build/fsm/install.log --install-scripts $base/lib/fsm --single-version-externally-managed install_data
