[4.840s] Invoking command in '/home/brsd/microros_ws/src/fsm': PYTHONPATH=/home/brsd/microros_ws/build/fsm/prefix_override:/usr/lib/python3/dist-packages/colcon_core/task/python/colcon_distutils_commands:/home/brsd/microros_ws/install/fsm/lib/python3.8/site-packages:${PYTHONPATH} /usr/bin/python3 -W ignore:setup.py install is deprecated setup.py egg_info --egg-base ../../build/fsm build --build-base /home/brsd/microros_ws/build/fsm/build install --record /home/brsd/microros_ws/build/fsm/install.log --install-scripts $base/lib/fsm --single-version-externally-managed install_data
[7.339s] running egg_info
[7.346s] writing ../../build/fsm/fsm.egg-info/PKG-INFO
[7.347s] writing dependency_links to ../../build/fsm/fsm.egg-info/dependency_links.txt
[7.352s] writing entry points to ../../build/fsm/fsm.egg-info/entry_points.txt
[7.352s] writing requirements to ../../build/fsm/fsm.egg-info/requires.txt
[7.353s] writing top-level names to ../../build/fsm/fsm.egg-info/top_level.txt
[7.641s] reading manifest file '../../build/fsm/fsm.egg-info/SOURCES.txt'
[7.649s] writing manifest file '../../build/fsm/fsm.egg-info/SOURCES.txt'
[7.651s] running build
[7.652s] running build_py
[7.659s] running install
[7.675s] running install_lib
[7.685s] running install_data
[7.691s] running install_egg_info
[7.714s] removing '/home/brsd/microros_ws/install/fsm/lib/python3.8/site-packages/fsm-0.0.0-py3.8.egg-info' (and everything under it)
[7.718s] Copying ../../build/fsm/fsm.egg-info to /home/brsd/microros_ws/install/fsm/lib/python3.8/site-packages/fsm-0.0.0-py3.8.egg-info
[7.726s] running install_scripts
[7.865s] Installing brsd_fsm_node script to /home/brsd/microros_ws/install/fsm/lib/fsm
[7.869s] Installing brsd_fsm_node_correction script to /home/brsd/microros_ws/install/fsm/lib/fsm
[7.876s] Installing brsd_fsm_node_correction_bump script to /home/brsd/microros_ws/install/fsm/lib/fsm
[7.877s] writing list of installed files to '/home/brsd/microros_ws/build/fsm/install.log'
[8.070s] Invoked command in '/home/brsd/microros_ws/src/fsm' returned '0': PYTHONPATH=/home/brsd/microros_ws/build/fsm/prefix_override:/usr/lib/python3/dist-packages/colcon_core/task/python/colcon_distutils_commands:/home/brsd/microros_ws/install/fsm/lib/python3.8/site-packages:${PYTHONPATH} /usr/bin/python3 -W ignore:setup.py install is deprecated setup.py egg_info --egg-base ../../build/fsm build --build-base /home/brsd/microros_ws/build/fsm/build install --record /home/brsd/microros_ws/build/fsm/install.log --install-scripts $base/lib/fsm --single-version-externally-managed install_data
