[8.390s] Invoking command in '/home/brsd/microros_ws/src/joystick_input': PYTHONPATH=/home/brsd/microros_ws/build/joystick_input/prefix_override:/usr/lib/python3/dist-packages/colcon_core/task/python/colcon_distutils_commands:/home/brsd/microros_ws/install/joystick_input/lib/python3.8/site-packages:${PYTHONPATH} /usr/bin/python3 -W ignore:setup.py install is deprecated setup.py egg_info --egg-base ../../build/joystick_input build --build-base /home/brsd/microros_ws/build/joystick_input/build install --record /home/brsd/microros_ws/build/joystick_input/install.log --install-scripts $base/lib/joystick_input --single-version-externally-managed install_data
[11.177s] running egg_info
[11.203s] writing ../../build/joystick_input/joystick_input.egg-info/PKG-INFO
[11.204s] writing dependency_links to ../../build/joystick_input/joystick_input.egg-info/dependency_links.txt
[11.207s] writing entry points to ../../build/joystick_input/joystick_input.egg-info/entry_points.txt
[11.207s] writing requirements to ../../build/joystick_input/joystick_input.egg-info/requires.txt
[11.209s] writing top-level names to ../../build/joystick_input/joystick_input.egg-info/top_level.txt
[11.623s] reading manifest file '../../build/joystick_input/joystick_input.egg-info/SOURCES.txt'
[11.635s] writing manifest file '../../build/joystick_input/joystick_input.egg-info/SOURCES.txt'
[11.638s] running build
[11.639s] running build_py
[11.642s] running install
[11.653s] running install_lib
[11.673s] running install_data
[11.674s] running install_egg_info
[11.694s] removing '/home/brsd/microros_ws/install/joystick_input/lib/python3.8/site-packages/joystick_input-0.0.0-py3.8.egg-info' (and everything under it)
[11.708s] Copying ../../build/joystick_input/joystick_input.egg-info to /home/brsd/microros_ws/install/joystick_input/lib/python3.8/site-packages/joystick_input-0.0.0-py3.8.egg-info
[11.735s] running install_scripts
[11.975s] Installing joystick_node script to /home/brsd/microros_ws/install/joystick_input/lib/joystick_input
[11.988s] writing list of installed files to '/home/brsd/microros_ws/build/joystick_input/install.log'
[13.812s] Invoked command in '/home/brsd/microros_ws/src/joystick_input' returned '0': PYTHONPATH=/home/brsd/microros_ws/build/joystick_input/prefix_override:/usr/lib/python3/dist-packages/colcon_core/task/python/colcon_distutils_commands:/home/brsd/microros_ws/install/joystick_input/lib/python3.8/site-packages:${PYTHONPATH} /usr/bin/python3 -W ignore:setup.py install is deprecated setup.py egg_info --egg-base ../../build/joystick_input build --build-base /home/brsd/microros_ws/build/joystick_input/build install --record /home/brsd/microros_ws/build/joystick_input/install.log --install-scripts $base/lib/joystick_input --single-version-externally-managed install_data
