[6.175s] Invoking command in '/home/brsd/microros_ws/src/fsm': PYTHONPATH=/home/brsd/microros_ws/build/fsm/prefix_override:/usr/lib/python3/dist-packages/colcon_core/task/python/colcon_distutils_commands:/home/brsd/microros_ws/install/fsm/lib/python3.8/site-packages:${PYTHONPATH} /usr/bin/python3 -W ignore:setup.py install is deprecated setup.py egg_info --egg-base ../../build/fsm build --build-base /home/brsd/microros_ws/build/fsm/build install --record /home/brsd/microros_ws/build/fsm/install.log --install-scripts $base/lib/fsm --single-version-externally-managed install_data
[9.415s] running egg_info
[9.416s] writing ../../build/fsm/fsm.egg-info/PKG-INFO
[9.419s] writing dependency_links to ../../build/fsm/fsm.egg-info/dependency_links.txt
[9.419s] writing entry points to ../../build/fsm/fsm.egg-info/entry_points.txt
[9.420s] writing requirements to ../../build/fsm/fsm.egg-info/requires.txt
[9.420s] writing top-level names to ../../build/fsm/fsm.egg-info/top_level.txt
[9.830s] reading manifest file '../../build/fsm/fsm.egg-info/SOURCES.txt'
[9.843s] writing manifest file '../../build/fsm/fsm.egg-info/SOURCES.txt'
[9.853s] running build
[9.853s] running build_py
[9.866s] running install
[9.875s] running install_lib
[9.910s] running install_data
[9.911s] running install_egg_info
[9.930s] removing '/home/brsd/microros_ws/install/fsm/lib/python3.8/site-packages/fsm-0.0.0-py3.8.egg-info' (and everything under it)
[9.933s] Copying ../../build/fsm/fsm.egg-info to /home/brsd/microros_ws/install/fsm/lib/python3.8/site-packages/fsm-0.0.0-py3.8.egg-info
[9.939s] running install_scripts
[10.129s] Installing brsd_fsm_node script to /home/brsd/microros_ws/install/fsm/lib/fsm
[10.134s] Installing brsd_fsm_node_correction script to /home/brsd/microros_ws/install/fsm/lib/fsm
[10.139s] Installing brsd_fsm_node_metric script to /home/brsd/microros_ws/install/fsm/lib/fsm
[10.145s] Installing brsd_fsm_node_path script to /home/brsd/microros_ws/install/fsm/lib/fsm
[10.148s] writing list of installed files to '/home/brsd/microros_ws/build/fsm/install.log'
[10.452s] Invoked command in '/home/brsd/microros_ws/src/fsm' returned '0': PYTHONPATH=/home/brsd/microros_ws/build/fsm/prefix_override:/usr/lib/python3/dist-packages/colcon_core/task/python/colcon_distutils_commands:/home/brsd/microros_ws/install/fsm/lib/python3.8/site-packages:${PYTHONPATH} /usr/bin/python3 -W ignore:setup.py install is deprecated setup.py egg_info --egg-base ../../build/fsm build --build-base /home/brsd/microros_ws/build/fsm/build install --record /home/brsd/microros_ws/build/fsm/install.log --install-scripts $base/lib/fsm --single-version-externally-managed install_data
