[0.143s] Invoking command in '/home/brsd/microros_ws/build/multisense_lib': CMAKE_PREFIX_PATH=${CMAKE_PREFIX_PATH}:/home/brsd/microros_ws/install/person_detection:/home/brsd/microros_ws/install/pathfinding:/home/brsd/microros_ws/install/object_detection_pkg:/home/brsd/microros_ws/install/joystick_input:/home/brsd/microros_ws/install/jetson_comm:/home/brsd/microros_ws/install/fsm:/opt/ros/foxy /usr/bin/cmake --build /home/brsd/microros_ws/build/multisense_lib -- -j4 -l4
[0.456s] [ 19%] Built target MultiSense
[0.648s] [ 23%] Built target ChangeResolution
[0.722s] [ 27%] Built target ChangeFps
[0.760s] [ 31%] Built target AprilTagTestUtility
[0.804s] [ 36%] Built target ChangeIpUtility
[0.942s] [ 40%] Built target ColorImageUtility
[0.955s] [ 44%] Built target ChangeTransmitDelay
[0.987s] [ 48%] Built target DepthImageUtility
[0.996s] [ 53%] Built target DeviceInfoUtility
[1.116s] [ 57%] Built target ExternalCalUtility
[1.178s] [ 61%] Built target FlashUtility
[1.227s] [ 65%] Built target FeatureDetectorUtility
[1.236s] [ 70%] Built target ImageCalUtility
[1.340s] [ 74%] Built target PointCloudUtility
[1.347s] [ 78%] Built target ImuConfigUtility
[1.354s] [ 82%] Built target ImuTestUtility
[1.430s] [ 87%] Built target LidarCalUtility
[1.456s] [ 91%] Built target RectifiedFocalLengthUtility
[1.483s] [ 95%] Built target SaveImageUtility
[1.525s] [100%] Built target VersionInfoUtility
[1.663s] Invoked command in '/home/brsd/microros_ws/build/multisense_lib' returned '0': CMAKE_PREFIX_PATH=${CMAKE_PREFIX_PATH}:/home/brsd/microros_ws/install/person_detection:/home/brsd/microros_ws/install/pathfinding:/home/brsd/microros_ws/install/object_detection_pkg:/home/brsd/microros_ws/install/joystick_input:/home/brsd/microros_ws/install/jetson_comm:/home/brsd/microros_ws/install/fsm:/opt/ros/foxy /usr/bin/cmake --build /home/brsd/microros_ws/build/multisense_lib -- -j4 -l4
[1.993s] Invoking command in '/home/brsd/microros_ws/build/multisense_lib': CMAKE_PREFIX_PATH=${CMAKE_PREFIX_PATH}:/home/brsd/microros_ws/install/person_detection:/home/brsd/microros_ws/install/pathfinding:/home/brsd/microros_ws/install/object_detection_pkg:/home/brsd/microros_ws/install/joystick_input:/home/brsd/microros_ws/install/jetson_comm:/home/brsd/microros_ws/install/fsm:/opt/ros/foxy /usr/bin/cmake --install /home/brsd/microros_ws/build/multisense_lib
[2.046s] -- Install configuration: "Release"
[2.047s] -- Up-to-date: /home/brsd/microros_ws/install/multisense_lib/share/multisense_lib/environment/library_path.sh
[2.048s] -- Up-to-date: /home/brsd/microros_ws/install/multisense_lib/share/multisense_lib/environment/library_path.dsv
[2.048s] -- Up-to-date: /home/brsd/microros_ws/install/multisense_lib/share/ament_index/resource_index/package_run_dependencies/multisense_lib
[2.049s] -- Up-to-date: /home/brsd/microros_ws/install/multisense_lib/share/ament_index/resource_index/parent_prefix_path/multisense_lib
[2.050s] -- Up-to-date: /home/brsd/microros_ws/install/multisense_lib/share/multisense_lib/environment/ament_prefix_path.sh
[2.051s] -- Up-to-date: /home/brsd/microros_ws/install/multisense_lib/share/multisense_lib/environment/ament_prefix_path.dsv
[2.051s] -- Up-to-date: /home/brsd/microros_ws/install/multisense_lib/share/multisense_lib/environment/path.sh
[2.051s] -- Up-to-date: /home/brsd/microros_ws/install/multisense_lib/share/multisense_lib/environment/path.dsv
[2.052s] -- Up-to-date: /home/brsd/microros_ws/install/multisense_lib/share/multisense_lib/local_setup.bash
[2.052s] -- Up-to-date: /home/brsd/microros_ws/install/multisense_lib/share/multisense_lib/local_setup.sh
[2.053s] -- Up-to-date: /home/brsd/microros_ws/install/multisense_lib/share/multisense_lib/local_setup.zsh
[2.053s] -- Up-to-date: /home/brsd/microros_ws/install/multisense_lib/share/multisense_lib/local_setup.dsv
[2.054s] -- Installing: /home/brsd/microros_ws/install/multisense_lib/share/multisense_lib/package.dsv
[2.054s] -- Up-to-date: /home/brsd/microros_ws/install/multisense_lib/share/ament_index/resource_index/packages/multisense_lib
[2.055s] -- Up-to-date: /home/brsd/microros_ws/install/multisense_lib/share/multisense_lib/cmake/ament_cmake_export_include_directories-extras.cmake
[2.055s] -- Up-to-date: /home/brsd/microros_ws/install/multisense_lib/share/multisense_lib/cmake/ament_cmake_export_libraries-extras.cmake
[2.056s] -- Up-to-date: /home/brsd/microros_ws/install/multisense_lib/share/multisense_lib/cmake/multisense_libConfig.cmake
[2.057s] -- Up-to-date: /home/brsd/microros_ws/install/multisense_lib/share/multisense_lib/cmake/multisense_libConfig-version.cmake
[2.058s] -- Up-to-date: /home/brsd/microros_ws/install/multisense_lib/share/multisense_lib/package.xml
[2.058s] -- Up-to-date: /home/brsd/microros_ws/install/multisense_lib/lib/pkgconfig/LibMultiSense.pc
[2.059s] -- Up-to-date: /home/brsd/microros_ws/install/multisense_lib/lib/libMultiSense.so.6.1.0
[2.064s] -- Up-to-date: /home/brsd/microros_ws/install/multisense_lib/lib/libMultiSense.so
[2.066s] -- Up-to-date: /home/brsd/microros_ws/install/multisense_lib/include/MultiSense/MultiSenseChannel.hh
[2.067s] -- Up-to-date: /home/brsd/microros_ws/install/multisense_lib/include/MultiSense/MultiSenseTypes.hh
[2.067s] -- Up-to-date: /home/brsd/microros_ws/install/multisense_lib/lib/cmake/MultiSense/MultiSenseTargets.cmake
[2.068s] -- Up-to-date: /home/brsd/microros_ws/install/multisense_lib/lib/cmake/MultiSense/MultiSenseTargets-release.cmake
[2.069s] -- Up-to-date: /home/brsd/microros_ws/install/multisense_lib/lib/cmake/MultiSense/MultiSenseConfig.cmake
[2.070s] -- Up-to-date: /home/brsd/microros_ws/install/multisense_lib/lib/cmake/MultiSense/MultiSenseConfigVersion.cmake
[2.070s] -- Up-to-date: /home/brsd/microros_ws/install/multisense_lib/include/MultiSense/MultiSenseChannel.hh
[2.071s] -- Up-to-date: /home/brsd/microros_ws/install/multisense_lib/include/MultiSense/MultiSenseTypes.hh
[2.071s] -- Up-to-date: /home/brsd/microros_ws/install/multisense_lib/bin/AprilTagTestUtility
[2.072s] -- Up-to-date: /home/brsd/microros_ws/install/multisense_lib/bin/ChangeFps
[2.074s] -- Up-to-date: /home/brsd/microros_ws/install/multisense_lib/bin/ChangeIpUtility
[2.076s] -- Up-to-date: /home/brsd/microros_ws/install/multisense_lib/bin/ChangeResolution
[2.078s] -- Up-to-date: /home/brsd/microros_ws/install/multisense_lib/bin/ChangeTransmitDelay
[2.080s] -- Up-to-date: /home/brsd/microros_ws/install/multisense_lib/bin/ColorImageUtility
[2.084s] -- Up-to-date: /home/brsd/microros_ws/install/multisense_lib/bin/DeviceInfoUtility
[2.087s] -- Up-to-date: /home/brsd/microros_ws/install/multisense_lib/bin/DepthImageUtility
[2.090s] -- Up-to-date: /home/brsd/microros_ws/install/multisense_lib/bin/ExternalCalUtility
[2.094s] -- Up-to-date: /home/brsd/microros_ws/install/multisense_lib/bin/FeatureDetectorUtility
[2.096s] -- Up-to-date: /home/brsd/microros_ws/install/multisense_lib/bin/MultiSenseUpdater
[2.101s] -- Up-to-date: /home/brsd/microros_ws/install/multisense_lib/bin/FlashUtility
[2.105s] -- Up-to-date: /home/brsd/microros_ws/install/multisense_lib/bin/ImageCalUtility
[2.108s] -- Up-to-date: /home/brsd/microros_ws/install/multisense_lib/bin/ImuConfigUtility
[2.110s] -- Up-to-date: /home/brsd/microros_ws/install/multisense_lib/bin/ImuTestUtility
[2.113s] -- Up-to-date: /home/brsd/microros_ws/install/multisense_lib/bin/LidarCalUtility
[2.116s] -- Up-to-date: /home/brsd/microros_ws/install/multisense_lib/bin/PointCloudUtility
[2.120s] -- Up-to-date: /home/brsd/microros_ws/install/multisense_lib/bin/RectifiedFocalLengthUtility
[2.123s] -- Up-to-date: /home/brsd/microros_ws/install/multisense_lib/bin/SaveImageUtility
[2.126s] -- Up-to-date: /home/brsd/microros_ws/install/multisense_lib/bin/VersionInfoUtility
[2.138s] Invoked command in '/home/brsd/microros_ws/build/multisense_lib' returned '0': CMAKE_PREFIX_PATH=${CMAKE_PREFIX_PATH}:/home/brsd/microros_ws/install/person_detection:/home/brsd/microros_ws/install/pathfinding:/home/brsd/microros_ws/install/object_detection_pkg:/home/brsd/microros_ws/install/joystick_input:/home/brsd/microros_ws/install/jetson_comm:/home/brsd/microros_ws/install/fsm:/opt/ros/foxy /usr/bin/cmake --install /home/brsd/microros_ws/build/multisense_lib
