[4.456s] Invoking command in '/home/brsd/microros_ws/src/joystick_input': PYTHONPATH=/home/brsd/microros_ws/build/joystick_input/prefix_override:/usr/lib/python3/dist-packages/colcon_core/task/python/colcon_distutils_commands:/home/brsd/microros_ws/install/joystick_input/lib/python3.8/site-packages:${PYTHONPATH} /usr/bin/python3 -W ignore:setup.py install is deprecated setup.py egg_info --egg-base ../../build/joystick_input build --build-base /home/brsd/microros_ws/build/joystick_input/build install --record /home/brsd/microros_ws/build/joystick_input/install.log --install-scripts $base/lib/joystick_input --single-version-externally-managed install_data
[5.662s] running egg_info
[5.666s] writing ../../build/joystick_input/joystick_input.egg-info/PKG-INFO
[5.667s] writing dependency_links to ../../build/joystick_input/joystick_input.egg-info/dependency_links.txt
[5.668s] writing entry points to ../../build/joystick_input/joystick_input.egg-info/entry_points.txt
[5.669s] writing requirements to ../../build/joystick_input/joystick_input.egg-info/requires.txt
[5.669s] writing top-level names to ../../build/joystick_input/joystick_input.egg-info/top_level.txt
[5.846s] reading manifest file '../../build/joystick_input/joystick_input.egg-info/SOURCES.txt'
[5.851s] writing manifest file '../../build/joystick_input/joystick_input.egg-info/SOURCES.txt'
[5.852s] running build
[5.852s] running build_py
[5.855s] running install
[5.861s] running install_lib
[5.867s] running install_data
[5.867s] running install_egg_info
[5.878s] removing '/home/brsd/microros_ws/install/joystick_input/lib/python3.8/site-packages/joystick_input-0.0.0-py3.8.egg-info' (and everything under it)
[5.878s] Copying ../../build/joystick_input/joystick_input.egg-info to /home/brsd/microros_ws/install/joystick_input/lib/python3.8/site-packages/joystick_input-0.0.0-py3.8.egg-info
[5.886s] running install_scripts
[5.966s] Installing joystick_node script to /home/brsd/microros_ws/install/joystick_input/lib/joystick_input
[5.968s] writing list of installed files to '/home/brsd/microros_ws/build/joystick_input/install.log'
[6.086s] Invoked command in '/home/brsd/microros_ws/src/joystick_input' returned '0': PYTHONPATH=/home/brsd/microros_ws/build/joystick_input/prefix_override:/usr/lib/python3/dist-packages/colcon_core/task/python/colcon_distutils_commands:/home/brsd/microros_ws/install/joystick_input/lib/python3.8/site-packages:${PYTHONPATH} /usr/bin/python3 -W ignore:setup.py install is deprecated setup.py egg_info --egg-base ../../build/joystick_input build --build-base /home/brsd/microros_ws/build/joystick_input/build install --record /home/brsd/microros_ws/build/joystick_input/install.log --install-scripts $base/lib/joystick_input --single-version-externally-managed install_data
